[2.763s] Invoking command in '/home/papasav/robot_ws-main/src/tb3_description': PYTHONPATH=/home/papasav/robot_ws-main/build/tb3_description/prefix_override:/home/papasav/robot_ws-main/install/tb3_description/lib/python3.10/site-packages:${PYTHONPATH} /usr/bin/python3 -W ignore:setup.py install is deprecated setup.py egg_info --egg-base ../../build/tb3_description build --build-base /home/papasav/robot_ws-main/build/tb3_description/build install --record /home/papasav/robot_ws-main/build/tb3_description/install.log --single-version-externally-managed install_data
[3.579s] running egg_info
[3.582s] writing ../../build/tb3_description/tb3_description.egg-info/PKG-INFO
[3.583s] writing dependency_links to ../../build/tb3_description/tb3_description.egg-info/dependency_links.txt
[3.584s] writing entry points to ../../build/tb3_description/tb3_description.egg-info/entry_points.txt
[3.585s] writing requirements to ../../build/tb3_description/tb3_description.egg-info/requires.txt
[3.586s] writing top-level names to ../../build/tb3_description/tb3_description.egg-info/top_level.txt
[3.592s] reading manifest file '../../build/tb3_description/tb3_description.egg-info/SOURCES.txt'
[3.596s] writing manifest file '../../build/tb3_description/tb3_description.egg-info/SOURCES.txt'
[3.597s] running build
[3.597s] running build_py
[3.599s] running install
[3.600s] running install_lib
[3.604s] running install_data
[3.605s] copying urdf/turtlebot3_burger_base.urdf.xacro -> /home/papasav/robot_ws-main/install/tb3_description/share/tb3_description/urdf
[3.607s] running install_egg_info
[3.612s] removing '/home/papasav/robot_ws-main/install/tb3_description/lib/python3.10/site-packages/tb3_description-0.0.0-py3.10.egg-info' (and everything under it)
[3.614s] Copying ../../build/tb3_description/tb3_description.egg-info to /home/papasav/robot_ws-main/install/tb3_description/lib/python3.10/site-packages/tb3_description-0.0.0-py3.10.egg-info
[3.618s] running install_scripts
[3.697s] writing list of installed files to '/home/papasav/robot_ws-main/build/tb3_description/install.log'
[4.417s] Invoked command in '/home/papasav/robot_ws-main/src/tb3_description' returned '0': PYTHONPATH=/home/papasav/robot_ws-main/build/tb3_description/prefix_override:/home/papasav/robot_ws-main/install/tb3_description/lib/python3.10/site-packages:${PYTHONPATH} /usr/bin/python3 -W ignore:setup.py install is deprecated setup.py egg_info --egg-base ../../build/tb3_description build --build-base /home/papasav/robot_ws-main/build/tb3_description/build install --record /home/papasav/robot_ws-main/build/tb3_description/install.log --single-version-externally-managed install_data
