[1.895s] Invoking command in '/home/papasav/robot_ws/src/tb3_teleop': PYTHONPATH=/home/papasav/robot_ws/build/tb3_teleop/prefix_override:/home/papasav/robot_ws/install/tb3_teleop/lib/python3.10/site-packages:${PYTHONPATH} /usr/bin/python3 -W ignore:setup.py install is deprecated setup.py egg_info --egg-base ../../build/tb3_teleop build --build-base /home/papasav/robot_ws/build/tb3_teleop/build install --record /home/papasav/robot_ws/build/tb3_teleop/install.log --single-version-externally-managed install_data
[2.471s] running egg_info
[2.474s] writing ../../build/tb3_teleop/tb3_teleop.egg-info/PKG-INFO
[2.476s] writing dependency_links to ../../build/tb3_teleop/tb3_teleop.egg-info/dependency_links.txt
[2.477s] writing entry points to ../../build/tb3_teleop/tb3_teleop.egg-info/entry_points.txt
[2.477s] writing requirements to ../../build/tb3_teleop/tb3_teleop.egg-info/requires.txt
[2.477s] writing top-level names to ../../build/tb3_teleop/tb3_teleop.egg-info/top_level.txt
[2.489s] reading manifest file '../../build/tb3_teleop/tb3_teleop.egg-info/SOURCES.txt'
[2.489s] writing manifest file '../../build/tb3_teleop/tb3_teleop.egg-info/SOURCES.txt'
[2.490s] running build
[2.490s] running build_py
[2.492s] running install
[2.493s] running install_lib
[2.497s] running install_data
[2.497s] running install_egg_info
[2.501s] removing '/home/papasav/robot_ws/install/tb3_teleop/lib/python3.10/site-packages/tb3_teleop-0.0.0-py3.10.egg-info' (and everything under it)
[2.502s] Copying ../../build/tb3_teleop/tb3_teleop.egg-info to /home/papasav/robot_ws/install/tb3_teleop/lib/python3.10/site-packages/tb3_teleop-0.0.0-py3.10.egg-info
[2.504s] running install_scripts
[2.550s] Installing teleop script to /home/papasav/robot_ws/install/tb3_teleop/lib/tb3_teleop
[2.551s] writing list of installed files to '/home/papasav/robot_ws/build/tb3_teleop/install.log'
[2.626s] Invoked command in '/home/papasav/robot_ws/src/tb3_teleop' returned '0': PYTHONPATH=/home/papasav/robot_ws/build/tb3_teleop/prefix_override:/home/papasav/robot_ws/install/tb3_teleop/lib/python3.10/site-packages:${PYTHONPATH} /usr/bin/python3 -W ignore:setup.py install is deprecated setup.py egg_info --egg-base ../../build/tb3_teleop build --build-base /home/papasav/robot_ws/build/tb3_teleop/build install --record /home/papasav/robot_ws/build/tb3_teleop/install.log --single-version-externally-managed install_data
