[1.759s] Invoking command in '/home/papasav/robot_ws-main/src/tb3_teleop': PYTHONPATH=/home/papasav/robot_ws-main/build/tb3_teleop/prefix_override:/home/papasav/robot_ws-main/install/tb3_teleop/lib/python3.10/site-packages:${PYTHONPATH} /usr/bin/python3 -W ignore:setup.py install is deprecated setup.py egg_info --egg-base ../../build/tb3_teleop build --build-base /home/papasav/robot_ws-main/build/tb3_teleop/build install --record /home/papasav/robot_ws-main/build/tb3_teleop/install.log --single-version-externally-managed install_data
[2.301s] running egg_info
[2.306s] writing ../../build/tb3_teleop/tb3_teleop.egg-info/PKG-INFO
[2.306s] writing dependency_links to ../../build/tb3_teleop/tb3_teleop.egg-info/dependency_links.txt
[2.307s] writing entry points to ../../build/tb3_teleop/tb3_teleop.egg-info/entry_points.txt
[2.307s] writing requirements to ../../build/tb3_teleop/tb3_teleop.egg-info/requires.txt
[2.308s] writing top-level names to ../../build/tb3_teleop/tb3_teleop.egg-info/top_level.txt
[2.312s] reading manifest file '../../build/tb3_teleop/tb3_teleop.egg-info/SOURCES.txt'
[2.314s] writing manifest file '../../build/tb3_teleop/tb3_teleop.egg-info/SOURCES.txt'
[2.314s] running build
[2.314s] running build_py
[2.315s] running install
[2.316s] running install_lib
[2.319s] running install_data
[2.319s] running install_egg_info
[2.323s] removing '/home/papasav/robot_ws-main/install/tb3_teleop/lib/python3.10/site-packages/tb3_teleop-0.0.0-py3.10.egg-info' (and everything under it)
[2.324s] Copying ../../build/tb3_teleop/tb3_teleop.egg-info to /home/papasav/robot_ws-main/install/tb3_teleop/lib/python3.10/site-packages/tb3_teleop-0.0.0-py3.10.egg-info
[2.326s] running install_scripts
[2.371s] Installing teleop script to /home/papasav/robot_ws-main/install/tb3_teleop/lib/tb3_teleop
[2.372s] writing list of installed files to '/home/papasav/robot_ws-main/build/tb3_teleop/install.log'
[2.442s] Invoked command in '/home/papasav/robot_ws-main/src/tb3_teleop' returned '0': PYTHONPATH=/home/papasav/robot_ws-main/build/tb3_teleop/prefix_override:/home/papasav/robot_ws-main/install/tb3_teleop/lib/python3.10/site-packages:${PYTHONPATH} /usr/bin/python3 -W ignore:setup.py install is deprecated setup.py egg_info --egg-base ../../build/tb3_teleop build --build-base /home/papasav/robot_ws-main/build/tb3_teleop/build install --record /home/papasav/robot_ws-main/build/tb3_teleop/install.log --single-version-externally-managed install_data
