[7.593s] Invoking command in '/home/bot12/robot_ws/src/robot_bringup': PYTHONPATH=/home/bot12/robot_ws/build/robot_bringup/prefix_override:/home/bot12/robot_ws/install/robot_bringup/lib/python3.10/site-packages:${PYTHONPATH} /usr/bin/python3 -W ignore:setup.py install is deprecated setup.py egg_info --egg-base ../../build/robot_bringup build --build-base /home/bot12/robot_ws/build/robot_bringup/build install --record /home/bot12/robot_ws/build/robot_bringup/install.log --single-version-externally-managed install_data
[9.883s] running egg_info
[9.893s] writing ../../build/robot_bringup/robot_bringup.egg-info/PKG-INFO
[9.895s] writing dependency_links to ../../build/robot_bringup/robot_bringup.egg-info/dependency_links.txt
[9.896s] writing entry points to ../../build/robot_bringup/robot_bringup.egg-info/entry_points.txt
[9.900s] writing requirements to ../../build/robot_bringup/robot_bringup.egg-info/requires.txt
[9.903s] writing top-level names to ../../build/robot_bringup/robot_bringup.egg-info/top_level.txt
[9.944s] reading manifest file '../../build/robot_bringup/robot_bringup.egg-info/SOURCES.txt'
[9.948s] writing manifest file '../../build/robot_bringup/robot_bringup.egg-info/SOURCES.txt'
[9.950s] running build
[9.952s] running build_py
[9.953s] running install
[9.957s] running install_lib
[9.962s] running install_data
[9.964s] copying launch/turtlebot3_tf.launch.yaml -> /home/bot12/robot_ws/install/robot_bringup/share/robot_bringup/launch
[9.966s] running install_egg_info
[9.989s] removing '/home/bot12/robot_ws/install/robot_bringup/lib/python3.10/site-packages/robot_bringup-0.0.0-py3.10.egg-info' (and everything under it)
[10.002s] Copying ../../build/robot_bringup/robot_bringup.egg-info to /home/bot12/robot_ws/install/robot_bringup/lib/python3.10/site-packages/robot_bringup-0.0.0-py3.10.egg-info
[10.020s] running install_scripts
[10.186s] writing list of installed files to '/home/bot12/robot_ws/build/robot_bringup/install.log'
[10.370s] Invoked command in '/home/bot12/robot_ws/src/robot_bringup' returned '0': PYTHONPATH=/home/bot12/robot_ws/build/robot_bringup/prefix_override:/home/bot12/robot_ws/install/robot_bringup/lib/python3.10/site-packages:${PYTHONPATH} /usr/bin/python3 -W ignore:setup.py install is deprecated setup.py egg_info --egg-base ../../build/robot_bringup build --build-base /home/bot12/robot_ws/build/robot_bringup/build install --record /home/bot12/robot_ws/build/robot_bringup/install.log --single-version-externally-managed install_data
