[2.807s] Invoking command in '/home/papasav/robot_ws/src/tf_listener': PYTHONPATH=/home/papasav/robot_ws/build/tf_listener/prefix_override:/home/papasav/robot_ws/install/tf_listener/lib/python3.10/site-packages:${PYTHONPATH} /usr/bin/python3 -W ignore:setup.py install is deprecated setup.py egg_info --egg-base ../../build/tf_listener build --build-base /home/papasav/robot_ws/build/tf_listener/build install --record /home/papasav/robot_ws/build/tf_listener/install.log --single-version-externally-managed install_data
[3.623s] running egg_info
[3.626s] writing ../../build/tf_listener/tf_listener.egg-info/PKG-INFO
[3.628s] writing dependency_links to ../../build/tf_listener/tf_listener.egg-info/dependency_links.txt
[3.630s] writing entry points to ../../build/tf_listener/tf_listener.egg-info/entry_points.txt
[3.631s] writing requirements to ../../build/tf_listener/tf_listener.egg-info/requires.txt
[3.632s] writing top-level names to ../../build/tf_listener/tf_listener.egg-info/top_level.txt
[3.641s] reading manifest file '../../build/tf_listener/tf_listener.egg-info/SOURCES.txt'
[3.641s] writing manifest file '../../build/tf_listener/tf_listener.egg-info/SOURCES.txt'
[3.642s] running build
[3.642s] running build_py
[3.644s] running install
[3.646s] running install_lib
[3.650s] running install_data
[3.651s] running install_egg_info
[3.659s] removing '/home/papasav/robot_ws/install/tf_listener/lib/python3.10/site-packages/tf_listener-0.0.0-py3.10.egg-info' (and everything under it)
[3.661s] Copying ../../build/tf_listener/tf_listener.egg-info to /home/papasav/robot_ws/install/tf_listener/lib/python3.10/site-packages/tf_listener-0.0.0-py3.10.egg-info
[3.665s] running install_scripts
[3.734s] Installing tf_listener script to /home/papasav/robot_ws/install/tf_listener/lib/tf_listener
[3.736s] writing list of installed files to '/home/papasav/robot_ws/build/tf_listener/install.log'
[3.831s] Invoked command in '/home/papasav/robot_ws/src/tf_listener' returned '0': PYTHONPATH=/home/papasav/robot_ws/build/tf_listener/prefix_override:/home/papasav/robot_ws/install/tf_listener/lib/python3.10/site-packages:${PYTHONPATH} /usr/bin/python3 -W ignore:setup.py install is deprecated setup.py egg_info --egg-base ../../build/tf_listener build --build-base /home/papasav/robot_ws/build/tf_listener/build install --record /home/papasav/robot_ws/build/tf_listener/install.log --single-version-externally-managed install_data
