[7.200s] Invoking command in '/home/bot12/robot_ws/src/tb3_teleop': PYTHONPATH=/home/bot12/robot_ws/build/tb3_teleop/prefix_override:/home/bot12/robot_ws/install/tb3_teleop/lib/python3.10/site-packages:${PYTHONPATH} /usr/bin/python3 -W ignore:setup.py install is deprecated setup.py egg_info --egg-base ../../build/tb3_teleop build --build-base /home/bot12/robot_ws/build/tb3_teleop/build install --record /home/bot12/robot_ws/build/tb3_teleop/install.log --single-version-externally-managed install_data
[9.497s] running egg_info
[9.500s] writing ../../build/tb3_teleop/tb3_teleop.egg-info/PKG-INFO
[9.501s] writing dependency_links to ../../build/tb3_teleop/tb3_teleop.egg-info/dependency_links.txt
[9.503s] writing entry points to ../../build/tb3_teleop/tb3_teleop.egg-info/entry_points.txt
[9.504s] writing requirements to ../../build/tb3_teleop/tb3_teleop.egg-info/requires.txt
[9.505s] writing top-level names to ../../build/tb3_teleop/tb3_teleop.egg-info/top_level.txt
[9.521s] reading manifest file '../../build/tb3_teleop/tb3_teleop.egg-info/SOURCES.txt'
[9.529s] writing manifest file '../../build/tb3_teleop/tb3_teleop.egg-info/SOURCES.txt'
[9.530s] running build
[9.532s] running build_py
[9.533s] running install
[9.534s] running install_lib
[9.541s] running install_data
[9.542s] running install_egg_info
[9.551s] removing '/home/bot12/robot_ws/install/tb3_teleop/lib/python3.10/site-packages/tb3_teleop-0.0.0-py3.10.egg-info' (and everything under it)
[9.554s] Copying ../../build/tb3_teleop/tb3_teleop.egg-info to /home/bot12/robot_ws/install/tb3_teleop/lib/python3.10/site-packages/tb3_teleop-0.0.0-py3.10.egg-info
[9.567s] running install_scripts
[9.711s] Installing teleop script to /home/bot12/robot_ws/install/tb3_teleop/lib/tb3_teleop
[9.716s] writing list of installed files to '/home/bot12/robot_ws/build/tb3_teleop/install.log'
[9.948s] Invoked command in '/home/bot12/robot_ws/src/tb3_teleop' returned '0': PYTHONPATH=/home/bot12/robot_ws/build/tb3_teleop/prefix_override:/home/bot12/robot_ws/install/tb3_teleop/lib/python3.10/site-packages:${PYTHONPATH} /usr/bin/python3 -W ignore:setup.py install is deprecated setup.py egg_info --egg-base ../../build/tb3_teleop build --build-base /home/bot12/robot_ws/build/tb3_teleop/build install --record /home/bot12/robot_ws/build/tb3_teleop/install.log --single-version-externally-managed install_data
