[1.134s] DEBUG:colcon:Command line arguments: ['/usr/bin/colcon', 'build']
[1.135s] DEBUG:colcon:Parsed command line arguments: Namespace(log_base=None, log_level=None, verb_name='build', build_base='build', install_base='install', merge_install=False, symlink_install=False, test_result_base=None, continue_on_error=False, executor='parallel', parallel_workers=4, event_handlers=None, ignore_user_meta=False, metas=['./colcon.meta'], base_paths=['.'], packages_ignore=None, packages_ignore_regex=None, paths=None, packages_up_to=None, packages_up_to_regex=None, packages_above=None, packages_above_and_dependencies=None, packages_above_depth=None, packages_select_by_dep=None, packages_skip_by_dep=None, packages_skip_up_to=None, packages_select_build_failed=False, packages_skip_build_finished=False, packages_select_test_failures=False, packages_skip_test_passed=False, packages_select=None, packages_skip=None, packages_select_regex=None, packages_skip_regex=None, packages_start=None, packages_end=None, allow_overriding=[], cmake_args=None, cmake_target=None, cmake_target_skip_unavailable=False, cmake_clean_cache=False, cmake_clean_first=False, cmake_force_configure=False, ament_cmake_args=None, catkin_cmake_args=None, catkin_skip_building_tests=False, mixin_files=None, mixin=None, verb_parser=<colcon_mixin.mixin.mixin_argument.MixinArgumentDecorator object at 0xffff96441ba0>, verb_extension=<colcon_core.verb.build.BuildVerb object at 0xffff9657a2c0>, main=<bound method BuildVerb.main of <colcon_core.verb.build.BuildVerb object at 0xffff9657a2c0>>, mixin_verb=('build',))
[2.332s] Level 1:colcon.colcon_core.package_discovery:discover_packages(colcon_meta) check parameters
[2.333s] Level 1:colcon.colcon_core.package_discovery:discover_packages(recursive) check parameters
[2.333s] Level 1:colcon.colcon_core.package_discovery:discover_packages(ignore) check parameters
[2.333s] Level 1:colcon.colcon_core.package_discovery:discover_packages(path) check parameters
[2.333s] Level 1:colcon.colcon_core.package_discovery:discover_packages(colcon_meta) discover
[2.333s] Level 1:colcon.colcon_core.package_discovery:discover_packages(recursive) discover
[2.334s] INFO:colcon.colcon_core.package_discovery:Crawling recursively for packages in '/home/bot12/robot_ws'
[2.334s] Level 1:colcon.colcon_core.package_identification:_identify(.) by extensions ['ignore', 'ignore_ament_install']
[2.334s] Level 1:colcon.colcon_core.package_identification:_identify(.) by extension 'ignore'
[2.335s] Level 1:colcon.colcon_core.package_identification:_identify(.) by extension 'ignore_ament_install'
[2.335s] Level 1:colcon.colcon_core.package_identification:_identify(.) by extensions ['colcon_pkg']
[2.335s] Level 1:colcon.colcon_core.package_identification:_identify(.) by extension 'colcon_pkg'
[2.335s] Level 1:colcon.colcon_core.package_identification:_identify(.) by extensions ['colcon_meta']
[2.336s] Level 1:colcon.colcon_core.package_identification:_identify(.) by extension 'colcon_meta'
[2.336s] Level 1:colcon.colcon_core.package_identification:_identify(.) by extensions ['ros']
[2.336s] Level 1:colcon.colcon_core.package_identification:_identify(.) by extension 'ros'
[2.404s] Level 1:colcon.colcon_core.package_identification:_identify(.) by extensions ['cmake', 'python']
[2.405s] Level 1:colcon.colcon_core.package_identification:_identify(.) by extension 'cmake'
[2.405s] Level 1:colcon.colcon_core.package_identification:_identify(.) by extension 'python'
[2.405s] Level 1:colcon.colcon_core.package_identification:_identify(.) by extensions ['python_setup_py']
[2.405s] Level 1:colcon.colcon_core.package_identification:_identify(.) by extension 'python_setup_py'
[2.406s] Level 1:colcon.colcon_core.package_identification:_identify(build) by extensions ['ignore', 'ignore_ament_install']
[2.406s] Level 1:colcon.colcon_core.package_identification:_identify(build) by extension 'ignore'
[2.406s] Level 1:colcon.colcon_core.package_identification:_identify(build) ignored
[2.407s] Level 1:colcon.colcon_core.package_identification:_identify(install) by extensions ['ignore', 'ignore_ament_install']
[2.407s] Level 1:colcon.colcon_core.package_identification:_identify(install) by extension 'ignore'
[2.407s] Level 1:colcon.colcon_core.package_identification:_identify(install) ignored
[2.408s] Level 1:colcon.colcon_core.package_identification:_identify(log) by extensions ['ignore', 'ignore_ament_install']
[2.408s] Level 1:colcon.colcon_core.package_identification:_identify(log) by extension 'ignore'
[2.408s] Level 1:colcon.colcon_core.package_identification:_identify(log) ignored
[2.409s] Level 1:colcon.colcon_core.package_identification:_identify(src) by extensions ['ignore', 'ignore_ament_install']
[2.409s] Level 1:colcon.colcon_core.package_identification:_identify(src) by extension 'ignore'
[2.409s] Level 1:colcon.colcon_core.package_identification:_identify(src) by extension 'ignore_ament_install'
[2.409s] Level 1:colcon.colcon_core.package_identification:_identify(src) by extensions ['colcon_pkg']
[2.409s] Level 1:colcon.colcon_core.package_identification:_identify(src) by extension 'colcon_pkg'
[2.410s] Level 1:colcon.colcon_core.package_identification:_identify(src) by extensions ['colcon_meta']
[2.410s] Level 1:colcon.colcon_core.package_identification:_identify(src) by extension 'colcon_meta'
[2.410s] Level 1:colcon.colcon_core.package_identification:_identify(src) by extensions ['ros']
[2.410s] Level 1:colcon.colcon_core.package_identification:_identify(src) by extension 'ros'
[2.410s] Level 1:colcon.colcon_core.package_identification:_identify(src) by extensions ['cmake', 'python']
[2.410s] Level 1:colcon.colcon_core.package_identification:_identify(src) by extension 'cmake'
[2.411s] Level 1:colcon.colcon_core.package_identification:_identify(src) by extension 'python'
[2.411s] Level 1:colcon.colcon_core.package_identification:_identify(src) by extensions ['python_setup_py']
[2.411s] Level 1:colcon.colcon_core.package_identification:_identify(src) by extension 'python_setup_py'
[2.411s] Level 1:colcon.colcon_core.package_discovery:discover_packages(recursive) using defaults
[2.411s] Level 1:colcon.colcon_core.package_discovery:discover_packages(ignore) discover
[2.411s] Level 1:colcon.colcon_core.package_discovery:discover_packages(ignore) using defaults
[2.411s] Level 1:colcon.colcon_core.package_discovery:discover_packages(path) discover
[2.412s] Level 1:colcon.colcon_core.package_discovery:discover_packages(path) using defaults
[2.539s] Level 1:colcon.colcon_core.package_discovery:discover_packages(prefix_path) check parameters
[2.540s] Level 1:colcon.colcon_core.package_discovery:discover_packages(prefix_path) discover
[2.563s] DEBUG:colcon.colcon_installed_package_information.package_discovery:Found 7 installed packages in /home/bot12/turtlebot3_ws/install
[2.572s] DEBUG:colcon.colcon_installed_package_information.package_discovery:Found 273 installed packages in /opt/ros/humble
[2.616s] Level 1:colcon.colcon_core.package_discovery:discover_packages(prefix_path) using defaults
[2.817s] INFO:colcon.colcon_core.executor:Executing jobs using 'parallel' executor
[2.821s] DEBUG:colcon.colcon_parallel_executor.executor.parallel:run_until_complete
[2.822s] DEBUG:colcon.colcon_parallel_executor.executor.parallel:closing loop
[2.822s] DEBUG:colcon.colcon_parallel_executor.executor.parallel:loop closed
[2.822s] DEBUG:colcon.colcon_parallel_executor.executor.parallel:run_until_complete finished with '0'
[2.823s] DEBUG:colcon.colcon_core.event_reactor:joining thread
[2.853s] INFO:colcon.colcon_core.plugin_system:Skipping extension 'colcon_notification.desktop_notification.terminal_notifier': Not used on non-Darwin systems
[2.853s] INFO:colcon.colcon_core.plugin_system:Skipping extension 'colcon_notification.desktop_notification.win32': Not used on non-Windows systems
[2.853s] INFO:colcon.colcon_notification.desktop_notification:Sending desktop notification using 'notify2'
[2.925s] DEBUG:colcon.colcon_core.event_reactor:joined thread
[2.951s] INFO:colcon.colcon_core.plugin_system:Skipping extension 'colcon_core.shell.bat': Not used on non-Windows systems
[2.953s] INFO:colcon.colcon_core.shell:Creating prefix script '/home/bot12/robot_ws/install/local_setup.ps1'
[2.958s] INFO:colcon.colcon_core.shell:Creating prefix util module '/home/bot12/robot_ws/install/_local_setup_util_ps1.py'
[2.965s] INFO:colcon.colcon_core.shell:Creating prefix chain script '/home/bot12/robot_ws/install/setup.ps1'
[2.974s] INFO:colcon.colcon_core.shell:Creating prefix script '/home/bot12/robot_ws/install/local_setup.sh'
[2.978s] INFO:colcon.colcon_core.shell:Creating prefix util module '/home/bot12/robot_ws/install/_local_setup_util_sh.py'
[2.981s] INFO:colcon.colcon_core.shell:Creating prefix chain script '/home/bot12/robot_ws/install/setup.sh'
[2.990s] INFO:colcon.colcon_core.shell:Creating prefix script '/home/bot12/robot_ws/install/local_setup.bash'
[2.993s] INFO:colcon.colcon_core.shell:Creating prefix chain script '/home/bot12/robot_ws/install/setup.bash'
[3.001s] INFO:colcon.colcon_core.shell:Creating prefix script '/home/bot12/robot_ws/install/local_setup.zsh'
[3.005s] INFO:colcon.colcon_core.shell:Creating prefix chain script '/home/bot12/robot_ws/install/setup.zsh'
