[10.392s] Invoking command in '/home/bot12/robot_ws/src/tb3_description': PYTHONPATH=/home/bot12/robot_ws/build/tb3_description/prefix_override:/home/bot12/robot_ws/install/tb3_description/lib/python3.10/site-packages:${PYTHONPATH} /usr/bin/python3 -W ignore:setup.py install is deprecated setup.py egg_info --egg-base ../../build/tb3_description build --build-base /home/bot12/robot_ws/build/tb3_description/build install --record /home/bot12/robot_ws/build/tb3_description/install.log --single-version-externally-managed install_data
[12.305s] running egg_info
[12.308s] writing ../../build/tb3_description/tb3_description.egg-info/PKG-INFO
[12.310s] writing dependency_links to ../../build/tb3_description/tb3_description.egg-info/dependency_links.txt
[12.311s] writing entry points to ../../build/tb3_description/tb3_description.egg-info/entry_points.txt
[12.312s] writing requirements to ../../build/tb3_description/tb3_description.egg-info/requires.txt
[12.313s] writing top-level names to ../../build/tb3_description/tb3_description.egg-info/top_level.txt
[12.323s] reading manifest file '../../build/tb3_description/tb3_description.egg-info/SOURCES.txt'
[12.330s] writing manifest file '../../build/tb3_description/tb3_description.egg-info/SOURCES.txt'
[12.331s] running build
[12.331s] running build_py
[12.332s] running install
[12.334s] running install_lib
[12.345s] running install_data
[12.349s] running install_egg_info
[12.361s] removing '/home/bot12/robot_ws/install/tb3_description/lib/python3.10/site-packages/tb3_description-0.0.0-py3.10.egg-info' (and everything under it)
[12.363s] Copying ../../build/tb3_description/tb3_description.egg-info to /home/bot12/robot_ws/install/tb3_description/lib/python3.10/site-packages/tb3_description-0.0.0-py3.10.egg-info
[12.374s] running install_scripts
[12.517s] writing list of installed files to '/home/bot12/robot_ws/build/tb3_description/install.log'
[12.908s] Invoked command in '/home/bot12/robot_ws/src/tb3_description' returned '0': PYTHONPATH=/home/bot12/robot_ws/build/tb3_description/prefix_override:/home/bot12/robot_ws/install/tb3_description/lib/python3.10/site-packages:${PYTHONPATH} /usr/bin/python3 -W ignore:setup.py install is deprecated setup.py egg_info --egg-base ../../build/tb3_description build --build-base /home/bot12/robot_ws/build/tb3_description/build install --record /home/bot12/robot_ws/build/tb3_description/install.log --single-version-externally-managed install_data
