[9.801s] Invoking command in '/home/bot12/robot_ws/src/tb3_hardware': PYTHONPATH=/home/bot12/robot_ws/build/tb3_hardware/prefix_override:/home/bot12/robot_ws/install/tb3_hardware/lib/python3.10/site-packages:${PYTHONPATH} /usr/bin/python3 -W ignore:setup.py install is deprecated setup.py egg_info --egg-base ../../build/tb3_hardware build --build-base /home/bot12/robot_ws/build/tb3_hardware/build install --record /home/bot12/robot_ws/build/tb3_hardware/install.log --single-version-externally-managed install_data
[11.844s] running egg_info
[11.849s] writing ../../build/tb3_hardware/tb3_hardware.egg-info/PKG-INFO
[11.851s] writing dependency_links to ../../build/tb3_hardware/tb3_hardware.egg-info/dependency_links.txt
[11.852s] writing entry points to ../../build/tb3_hardware/tb3_hardware.egg-info/entry_points.txt
[11.854s] writing requirements to ../../build/tb3_hardware/tb3_hardware.egg-info/requires.txt
[11.856s] writing top-level names to ../../build/tb3_hardware/tb3_hardware.egg-info/top_level.txt
[11.871s] reading manifest file '../../build/tb3_hardware/tb3_hardware.egg-info/SOURCES.txt'
[11.878s] writing manifest file '../../build/tb3_hardware/tb3_hardware.egg-info/SOURCES.txt'
[11.880s] running build
[11.883s] running build_py
[11.886s] running install
[11.888s] running install_lib
[11.896s] running install_data
[11.899s] running install_egg_info
[11.910s] removing '/home/bot12/robot_ws/install/tb3_hardware/lib/python3.10/site-packages/tb3_hardware-0.0.0-py3.10.egg-info' (and everything under it)
[11.913s] Copying ../../build/tb3_hardware/tb3_hardware.egg-info to /home/bot12/robot_ws/install/tb3_hardware/lib/python3.10/site-packages/tb3_hardware-0.0.0-py3.10.egg-info
[11.925s] running install_scripts
[12.044s] Installing config script to /home/bot12/robot_ws/install/tb3_hardware/lib/tb3_hardware
[12.047s] writing list of installed files to '/home/bot12/robot_ws/build/tb3_hardware/install.log'
[12.172s] Invoked command in '/home/bot12/robot_ws/src/tb3_hardware' returned '0': PYTHONPATH=/home/bot12/robot_ws/build/tb3_hardware/prefix_override:/home/bot12/robot_ws/install/tb3_hardware/lib/python3.10/site-packages:${PYTHONPATH} /usr/bin/python3 -W ignore:setup.py install is deprecated setup.py egg_info --egg-base ../../build/tb3_hardware build --build-base /home/bot12/robot_ws/build/tb3_hardware/build install --record /home/bot12/robot_ws/build/tb3_hardware/install.log --single-version-externally-managed install_data
