[0.491s] DEBUG:colcon:Command line arguments: ['/usr/bin/colcon', 'build']
[0.492s] DEBUG:colcon:Parsed command line arguments: Namespace(log_base=None, log_level=None, verb_name='build', build_base='build', install_base='install', merge_install=False, symlink_install=False, test_result_base=None, continue_on_error=False, executor='parallel', parallel_workers=4, event_handlers=None, ignore_user_meta=False, metas=['./colcon.meta'], base_paths=['.'], packages_ignore=None, packages_ignore_regex=None, paths=None, packages_up_to=None, packages_up_to_regex=None, packages_above=None, packages_above_and_dependencies=None, packages_above_depth=None, packages_select_by_dep=None, packages_skip_by_dep=None, packages_skip_up_to=None, packages_select_build_failed=False, packages_skip_build_finished=False, packages_select_test_failures=False, packages_skip_test_passed=False, packages_select=None, packages_skip=None, packages_select_regex=None, packages_skip_regex=None, packages_start=None, packages_end=None, allow_overriding=[], cmake_args=None, cmake_target=None, cmake_target_skip_unavailable=False, cmake_clean_cache=False, cmake_clean_first=False, cmake_force_configure=False, ament_cmake_args=None, catkin_cmake_args=None, catkin_skip_building_tests=False, mixin_files=None, mixin=None, verb_parser=<colcon_mixin.mixin.mixin_argument.MixinArgumentDecorator object at 0xffffab1de8f0>, verb_extension=<colcon_core.verb.build.BuildVerb object at 0xffffab316f80>, main=<bound method BuildVerb.main of <colcon_core.verb.build.BuildVerb object at 0xffffab316f80>>, mixin_verb=('build',))
[1.329s] Level 1:colcon.colcon_core.package_discovery:discover_packages(colcon_meta) check parameters
[1.329s] Level 1:colcon.colcon_core.package_discovery:discover_packages(recursive) check parameters
[1.330s] Level 1:colcon.colcon_core.package_discovery:discover_packages(ignore) check parameters
[1.330s] Level 1:colcon.colcon_core.package_discovery:discover_packages(path) check parameters
[1.330s] Level 1:colcon.colcon_core.package_discovery:discover_packages(colcon_meta) discover
[1.330s] Level 1:colcon.colcon_core.package_discovery:discover_packages(recursive) discover
[1.330s] INFO:colcon.colcon_core.package_discovery:Crawling recursively for packages in '/home/bot12/robot_ws'
[1.331s] Level 1:colcon.colcon_core.package_identification:_identify(.) by extensions ['ignore', 'ignore_ament_install']
[1.331s] Level 1:colcon.colcon_core.package_identification:_identify(.) by extension 'ignore'
[1.331s] Level 1:colcon.colcon_core.package_identification:_identify(.) by extension 'ignore_ament_install'
[1.332s] Level 1:colcon.colcon_core.package_identification:_identify(.) by extensions ['colcon_pkg']
[1.332s] Level 1:colcon.colcon_core.package_identification:_identify(.) by extension 'colcon_pkg'
[1.332s] Level 1:colcon.colcon_core.package_identification:_identify(.) by extensions ['colcon_meta']
[1.332s] Level 1:colcon.colcon_core.package_identification:_identify(.) by extension 'colcon_meta'
[1.332s] Level 1:colcon.colcon_core.package_identification:_identify(.) by extensions ['ros']
[1.332s] Level 1:colcon.colcon_core.package_identification:_identify(.) by extension 'ros'
[1.376s] Level 1:colcon.colcon_core.package_identification:_identify(.) by extensions ['cmake', 'python']
[1.377s] Level 1:colcon.colcon_core.package_identification:_identify(.) by extension 'cmake'
[1.377s] Level 1:colcon.colcon_core.package_identification:_identify(.) by extension 'python'
[1.377s] Level 1:colcon.colcon_core.package_identification:_identify(.) by extensions ['python_setup_py']
[1.377s] Level 1:colcon.colcon_core.package_identification:_identify(.) by extension 'python_setup_py'
[1.378s] Level 1:colcon.colcon_core.package_identification:_identify(build) by extensions ['ignore', 'ignore_ament_install']
[1.378s] Level 1:colcon.colcon_core.package_identification:_identify(build) by extension 'ignore'
[1.378s] Level 1:colcon.colcon_core.package_identification:_identify(build) ignored
[1.379s] Level 1:colcon.colcon_core.package_identification:_identify(install) by extensions ['ignore', 'ignore_ament_install']
[1.379s] Level 1:colcon.colcon_core.package_identification:_identify(install) by extension 'ignore'
[1.379s] Level 1:colcon.colcon_core.package_identification:_identify(install) ignored
[1.380s] Level 1:colcon.colcon_core.package_identification:_identify(log) by extensions ['ignore', 'ignore_ament_install']
[1.381s] Level 1:colcon.colcon_core.package_identification:_identify(log) by extension 'ignore'
[1.381s] Level 1:colcon.colcon_core.package_identification:_identify(log) ignored
[1.381s] Level 1:colcon.colcon_core.package_identification:_identify(src) by extensions ['ignore', 'ignore_ament_install']
[1.382s] Level 1:colcon.colcon_core.package_identification:_identify(src) by extension 'ignore'
[1.382s] Level 1:colcon.colcon_core.package_identification:_identify(src) by extension 'ignore_ament_install'
[1.382s] Level 1:colcon.colcon_core.package_identification:_identify(src) by extensions ['colcon_pkg']
[1.382s] Level 1:colcon.colcon_core.package_identification:_identify(src) by extension 'colcon_pkg'
[1.382s] Level 1:colcon.colcon_core.package_identification:_identify(src) by extensions ['colcon_meta']
[1.382s] Level 1:colcon.colcon_core.package_identification:_identify(src) by extension 'colcon_meta'
[1.383s] Level 1:colcon.colcon_core.package_identification:_identify(src) by extensions ['ros']
[1.383s] Level 1:colcon.colcon_core.package_identification:_identify(src) by extension 'ros'
[1.383s] Level 1:colcon.colcon_core.package_identification:_identify(src) by extensions ['cmake', 'python']
[1.383s] Level 1:colcon.colcon_core.package_identification:_identify(src) by extension 'cmake'
[1.383s] Level 1:colcon.colcon_core.package_identification:_identify(src) by extension 'python'
[1.384s] Level 1:colcon.colcon_core.package_identification:_identify(src) by extensions ['python_setup_py']
[1.384s] Level 1:colcon.colcon_core.package_identification:_identify(src) by extension 'python_setup_py'
[1.384s] Level 1:colcon.colcon_core.package_identification:_identify(src/robot_bringup) by extensions ['ignore', 'ignore_ament_install']
[1.385s] Level 1:colcon.colcon_core.package_identification:_identify(src/robot_bringup) by extension 'ignore'
[1.385s] Level 1:colcon.colcon_core.package_identification:_identify(src/robot_bringup) by extension 'ignore_ament_install'
[1.385s] Level 1:colcon.colcon_core.package_identification:_identify(src/robot_bringup) by extensions ['colcon_pkg']
[1.385s] Level 1:colcon.colcon_core.package_identification:_identify(src/robot_bringup) by extension 'colcon_pkg'
[1.385s] Level 1:colcon.colcon_core.package_identification:_identify(src/robot_bringup) by extensions ['colcon_meta']
[1.385s] Level 1:colcon.colcon_core.package_identification:_identify(src/robot_bringup) by extension 'colcon_meta'
[1.385s] Level 1:colcon.colcon_core.package_identification:_identify(src/robot_bringup) by extensions ['ros']
[1.386s] Level 1:colcon.colcon_core.package_identification:_identify(src/robot_bringup) by extension 'ros'
[1.394s] DEBUG:colcon.colcon_core.package_identification:Package 'src/robot_bringup' with type 'ros.ament_python' and name 'robot_bringup'
[1.394s] Level 1:colcon.colcon_core.package_identification:_identify(src/tb3_description) by extensions ['ignore', 'ignore_ament_install']
[1.395s] Level 1:colcon.colcon_core.package_identification:_identify(src/tb3_description) by extension 'ignore'
[1.396s] Level 1:colcon.colcon_core.package_identification:_identify(src/tb3_description) by extension 'ignore_ament_install'
[1.396s] Level 1:colcon.colcon_core.package_identification:_identify(src/tb3_description) by extensions ['colcon_pkg']
[1.396s] Level 1:colcon.colcon_core.package_identification:_identify(src/tb3_description) by extension 'colcon_pkg'
[1.396s] Level 1:colcon.colcon_core.package_identification:_identify(src/tb3_description) by extensions ['colcon_meta']
[1.396s] Level 1:colcon.colcon_core.package_identification:_identify(src/tb3_description) by extension 'colcon_meta'
[1.397s] Level 1:colcon.colcon_core.package_identification:_identify(src/tb3_description) by extensions ['ros']
[1.397s] Level 1:colcon.colcon_core.package_identification:_identify(src/tb3_description) by extension 'ros'
[1.399s] DEBUG:colcon.colcon_core.package_identification:Package 'src/tb3_description' with type 'ros.ament_python' and name 'tb3_description'
[1.399s] Level 1:colcon.colcon_core.package_identification:_identify(src/tb3_hardware) by extensions ['ignore', 'ignore_ament_install']
[1.400s] Level 1:colcon.colcon_core.package_identification:_identify(src/tb3_hardware) by extension 'ignore'
[1.400s] Level 1:colcon.colcon_core.package_identification:_identify(src/tb3_hardware) by extension 'ignore_ament_install'
[1.400s] Level 1:colcon.colcon_core.package_identification:_identify(src/tb3_hardware) by extensions ['colcon_pkg']
[1.400s] Level 1:colcon.colcon_core.package_identification:_identify(src/tb3_hardware) by extension 'colcon_pkg'
[1.400s] Level 1:colcon.colcon_core.package_identification:_identify(src/tb3_hardware) by extensions ['colcon_meta']
[1.400s] Level 1:colcon.colcon_core.package_identification:_identify(src/tb3_hardware) by extension 'colcon_meta'
[1.401s] Level 1:colcon.colcon_core.package_identification:_identify(src/tb3_hardware) by extensions ['ros']
[1.401s] Level 1:colcon.colcon_core.package_identification:_identify(src/tb3_hardware) by extension 'ros'
[1.403s] DEBUG:colcon.colcon_core.package_identification:Package 'src/tb3_hardware' with type 'ros.ament_python' and name 'tb3_hardware'
[1.403s] Level 1:colcon.colcon_core.package_identification:_identify(src/tb3_teleop) by extensions ['ignore', 'ignore_ament_install']
[1.404s] Level 1:colcon.colcon_core.package_identification:_identify(src/tb3_teleop) by extension 'ignore'
[1.404s] Level 1:colcon.colcon_core.package_identification:_identify(src/tb3_teleop) by extension 'ignore_ament_install'
[1.404s] Level 1:colcon.colcon_core.package_identification:_identify(src/tb3_teleop) by extensions ['colcon_pkg']
[1.404s] Level 1:colcon.colcon_core.package_identification:_identify(src/tb3_teleop) by extension 'colcon_pkg'
[1.404s] Level 1:colcon.colcon_core.package_identification:_identify(src/tb3_teleop) by extensions ['colcon_meta']
[1.404s] Level 1:colcon.colcon_core.package_identification:_identify(src/tb3_teleop) by extension 'colcon_meta'
[1.405s] Level 1:colcon.colcon_core.package_identification:_identify(src/tb3_teleop) by extensions ['ros']
[1.405s] Level 1:colcon.colcon_core.package_identification:_identify(src/tb3_teleop) by extension 'ros'
[1.407s] DEBUG:colcon.colcon_core.package_identification:Package 'src/tb3_teleop' with type 'ros.ament_python' and name 'tb3_teleop'
[1.407s] Level 1:colcon.colcon_core.package_discovery:discover_packages(recursive) using defaults
[1.408s] Level 1:colcon.colcon_core.package_discovery:discover_packages(ignore) discover
[1.408s] Level 1:colcon.colcon_core.package_discovery:discover_packages(ignore) using defaults
[1.408s] Level 1:colcon.colcon_core.package_discovery:discover_packages(path) discover
[1.408s] Level 1:colcon.colcon_core.package_discovery:discover_packages(path) using defaults
[1.532s] Level 1:colcon.colcon_core.package_discovery:discover_packages(prefix_path) check parameters
[1.532s] Level 1:colcon.colcon_core.package_discovery:discover_packages(prefix_path) discover
[1.542s] DEBUG:colcon.colcon_installed_package_information.package_discovery:Found 3 installed packages in /home/bot12/robot_ws/install
[1.545s] DEBUG:colcon.colcon_installed_package_information.package_discovery:Found 7 installed packages in /home/bot12/turtlebot3_ws/install
[1.555s] DEBUG:colcon.colcon_installed_package_information.package_discovery:Found 284 installed packages in /opt/ros/humble
[1.561s] Level 1:colcon.colcon_core.package_discovery:discover_packages(prefix_path) using defaults
[1.736s] Level 5:colcon.colcon_core.verb:set package 'robot_bringup' build argument 'cmake_args' from command line to 'None'
[1.737s] Level 5:colcon.colcon_core.verb:set package 'robot_bringup' build argument 'cmake_target' from command line to 'None'
[1.737s] Level 5:colcon.colcon_core.verb:set package 'robot_bringup' build argument 'cmake_target_skip_unavailable' from command line to 'False'
[1.737s] Level 5:colcon.colcon_core.verb:set package 'robot_bringup' build argument 'cmake_clean_cache' from command line to 'False'
[1.737s] Level 5:colcon.colcon_core.verb:set package 'robot_bringup' build argument 'cmake_clean_first' from command line to 'False'
[1.737s] Level 5:colcon.colcon_core.verb:set package 'robot_bringup' build argument 'cmake_force_configure' from command line to 'False'
[1.737s] Level 5:colcon.colcon_core.verb:set package 'robot_bringup' build argument 'ament_cmake_args' from command line to 'None'
[1.737s] Level 5:colcon.colcon_core.verb:set package 'robot_bringup' build argument 'catkin_cmake_args' from command line to 'None'
[1.737s] Level 5:colcon.colcon_core.verb:set package 'robot_bringup' build argument 'catkin_skip_building_tests' from command line to 'False'
[1.738s] DEBUG:colcon.colcon_core.verb:Building package 'robot_bringup' with the following arguments: {'ament_cmake_args': None, 'build_base': '/home/bot12/robot_ws/build/robot_bringup', 'catkin_cmake_args': None, 'catkin_skip_building_tests': False, 'cmake_args': None, 'cmake_clean_cache': False, 'cmake_clean_first': False, 'cmake_force_configure': False, 'cmake_target': None, 'cmake_target_skip_unavailable': False, 'install_base': '/home/bot12/robot_ws/install/robot_bringup', 'merge_install': False, 'path': '/home/bot12/robot_ws/src/robot_bringup', 'symlink_install': False, 'test_result_base': None}
[1.739s] Level 5:colcon.colcon_core.verb:set package 'tb3_description' build argument 'cmake_args' from command line to 'None'
[1.739s] Level 5:colcon.colcon_core.verb:set package 'tb3_description' build argument 'cmake_target' from command line to 'None'
[1.739s] Level 5:colcon.colcon_core.verb:set package 'tb3_description' build argument 'cmake_target_skip_unavailable' from command line to 'False'
[1.739s] Level 5:colcon.colcon_core.verb:set package 'tb3_description' build argument 'cmake_clean_cache' from command line to 'False'
[1.740s] Level 5:colcon.colcon_core.verb:set package 'tb3_description' build argument 'cmake_clean_first' from command line to 'False'
[1.740s] Level 5:colcon.colcon_core.verb:set package 'tb3_description' build argument 'cmake_force_configure' from command line to 'False'
[1.740s] Level 5:colcon.colcon_core.verb:set package 'tb3_description' build argument 'ament_cmake_args' from command line to 'None'
[1.740s] Level 5:colcon.colcon_core.verb:set package 'tb3_description' build argument 'catkin_cmake_args' from command line to 'None'
[1.740s] Level 5:colcon.colcon_core.verb:set package 'tb3_description' build argument 'catkin_skip_building_tests' from command line to 'False'
[1.740s] DEBUG:colcon.colcon_core.verb:Building package 'tb3_description' with the following arguments: {'ament_cmake_args': None, 'build_base': '/home/bot12/robot_ws/build/tb3_description', 'catkin_cmake_args': None, 'catkin_skip_building_tests': False, 'cmake_args': None, 'cmake_clean_cache': False, 'cmake_clean_first': False, 'cmake_force_configure': False, 'cmake_target': None, 'cmake_target_skip_unavailable': False, 'install_base': '/home/bot12/robot_ws/install/tb3_description', 'merge_install': False, 'path': '/home/bot12/robot_ws/src/tb3_description', 'symlink_install': False, 'test_result_base': None}
[1.741s] Level 5:colcon.colcon_core.verb:set package 'tb3_hardware' build argument 'cmake_args' from command line to 'None'
[1.742s] Level 5:colcon.colcon_core.verb:set package 'tb3_hardware' build argument 'cmake_target' from command line to 'None'
[1.742s] Level 5:colcon.colcon_core.verb:set package 'tb3_hardware' build argument 'cmake_target_skip_unavailable' from command line to 'False'
[1.742s] Level 5:colcon.colcon_core.verb:set package 'tb3_hardware' build argument 'cmake_clean_cache' from command line to 'False'
[1.742s] Level 5:colcon.colcon_core.verb:set package 'tb3_hardware' build argument 'cmake_clean_first' from command line to 'False'
[1.742s] Level 5:colcon.colcon_core.verb:set package 'tb3_hardware' build argument 'cmake_force_configure' from command line to 'False'
[1.742s] Level 5:colcon.colcon_core.verb:set package 'tb3_hardware' build argument 'ament_cmake_args' from command line to 'None'
[1.742s] Level 5:colcon.colcon_core.verb:set package 'tb3_hardware' build argument 'catkin_cmake_args' from command line to 'None'
[1.742s] Level 5:colcon.colcon_core.verb:set package 'tb3_hardware' build argument 'catkin_skip_building_tests' from command line to 'False'
[1.742s] DEBUG:colcon.colcon_core.verb:Building package 'tb3_hardware' with the following arguments: {'ament_cmake_args': None, 'build_base': '/home/bot12/robot_ws/build/tb3_hardware', 'catkin_cmake_args': None, 'catkin_skip_building_tests': False, 'cmake_args': None, 'cmake_clean_cache': False, 'cmake_clean_first': False, 'cmake_force_configure': False, 'cmake_target': None, 'cmake_target_skip_unavailable': False, 'install_base': '/home/bot12/robot_ws/install/tb3_hardware', 'merge_install': False, 'path': '/home/bot12/robot_ws/src/tb3_hardware', 'symlink_install': False, 'test_result_base': None}
[1.744s] Level 5:colcon.colcon_core.verb:set package 'tb3_teleop' build argument 'cmake_args' from command line to 'None'
[1.744s] Level 5:colcon.colcon_core.verb:set package 'tb3_teleop' build argument 'cmake_target' from command line to 'None'
[1.744s] Level 5:colcon.colcon_core.verb:set package 'tb3_teleop' build argument 'cmake_target_skip_unavailable' from command line to 'False'
[1.744s] Level 5:colcon.colcon_core.verb:set package 'tb3_teleop' build argument 'cmake_clean_cache' from command line to 'False'
[1.744s] Level 5:colcon.colcon_core.verb:set package 'tb3_teleop' build argument 'cmake_clean_first' from command line to 'False'
[1.745s] Level 5:colcon.colcon_core.verb:set package 'tb3_teleop' build argument 'cmake_force_configure' from command line to 'False'
[1.745s] Level 5:colcon.colcon_core.verb:set package 'tb3_teleop' build argument 'ament_cmake_args' from command line to 'None'
[1.745s] Level 5:colcon.colcon_core.verb:set package 'tb3_teleop' build argument 'catkin_cmake_args' from command line to 'None'
[1.745s] Level 5:colcon.colcon_core.verb:set package 'tb3_teleop' build argument 'catkin_skip_building_tests' from command line to 'False'
[1.745s] DEBUG:colcon.colcon_core.verb:Building package 'tb3_teleop' with the following arguments: {'ament_cmake_args': None, 'build_base': '/home/bot12/robot_ws/build/tb3_teleop', 'catkin_cmake_args': None, 'catkin_skip_building_tests': False, 'cmake_args': None, 'cmake_clean_cache': False, 'cmake_clean_first': False, 'cmake_force_configure': False, 'cmake_target': None, 'cmake_target_skip_unavailable': False, 'install_base': '/home/bot12/robot_ws/install/tb3_teleop', 'merge_install': False, 'path': '/home/bot12/robot_ws/src/tb3_teleop', 'symlink_install': False, 'test_result_base': None}
[1.745s] INFO:colcon.colcon_core.executor:Executing jobs using 'parallel' executor
[1.749s] DEBUG:colcon.colcon_parallel_executor.executor.parallel:run_until_complete
[1.750s] INFO:colcon.colcon_ros.task.ament_python.build:Building ROS package in '/home/bot12/robot_ws/src/robot_bringup' with build type 'ament_python'
[1.750s] Level 1:colcon.colcon_core.shell:create_environment_hook('robot_bringup', 'ament_prefix_path')
[1.760s] INFO:colcon.colcon_core.plugin_system:Skipping extension 'colcon_core.shell.bat': Not used on non-Windows systems
[1.761s] INFO:colcon.colcon_core.shell:Creating environment hook '/home/bot12/robot_ws/install/robot_bringup/share/robot_bringup/hook/ament_prefix_path.ps1'
[1.764s] INFO:colcon.colcon_core.shell:Creating environment descriptor '/home/bot12/robot_ws/install/robot_bringup/share/robot_bringup/hook/ament_prefix_path.dsv'
[1.766s] INFO:colcon.colcon_core.shell:Creating environment hook '/home/bot12/robot_ws/install/robot_bringup/share/robot_bringup/hook/ament_prefix_path.sh'
[1.770s] INFO:colcon.colcon_core.shell:Skip shell extension 'powershell' for command environment: Not usable outside of PowerShell
[1.770s] DEBUG:colcon.colcon_core.shell:Skip shell extension 'dsv' for command environment
[1.793s] INFO:colcon.colcon_ros.task.ament_python.build:Building ROS package in '/home/bot12/robot_ws/src/tb3_description' with build type 'ament_python'
[1.793s] Level 1:colcon.colcon_core.shell:create_environment_hook('tb3_description', 'ament_prefix_path')
[1.795s] INFO:colcon.colcon_core.shell:Creating environment hook '/home/bot12/robot_ws/install/tb3_description/share/tb3_description/hook/ament_prefix_path.ps1'
[1.797s] INFO:colcon.colcon_core.shell:Creating environment descriptor '/home/bot12/robot_ws/install/tb3_description/share/tb3_description/hook/ament_prefix_path.dsv'
[1.799s] INFO:colcon.colcon_core.shell:Creating environment hook '/home/bot12/robot_ws/install/tb3_description/share/tb3_description/hook/ament_prefix_path.sh'
[1.802s] INFO:colcon.colcon_core.shell:Skip shell extension 'powershell' for command environment: Not usable outside of PowerShell
[1.802s] DEBUG:colcon.colcon_core.shell:Skip shell extension 'dsv' for command environment
[1.825s] INFO:colcon.colcon_ros.task.ament_python.build:Building ROS package in '/home/bot12/robot_ws/src/tb3_hardware' with build type 'ament_python'
[1.826s] Level 1:colcon.colcon_core.shell:create_environment_hook('tb3_hardware', 'ament_prefix_path')
[1.827s] INFO:colcon.colcon_core.shell:Creating environment hook '/home/bot12/robot_ws/install/tb3_hardware/share/tb3_hardware/hook/ament_prefix_path.ps1'
[1.830s] INFO:colcon.colcon_core.shell:Creating environment descriptor '/home/bot12/robot_ws/install/tb3_hardware/share/tb3_hardware/hook/ament_prefix_path.dsv'
[1.832s] INFO:colcon.colcon_core.shell:Creating environment hook '/home/bot12/robot_ws/install/tb3_hardware/share/tb3_hardware/hook/ament_prefix_path.sh'
[1.835s] INFO:colcon.colcon_core.shell:Skip shell extension 'powershell' for command environment: Not usable outside of PowerShell
[1.835s] DEBUG:colcon.colcon_core.shell:Skip shell extension 'dsv' for command environment
[1.858s] INFO:colcon.colcon_ros.task.ament_python.build:Building ROS package in '/home/bot12/robot_ws/src/tb3_teleop' with build type 'ament_python'
[1.858s] Level 1:colcon.colcon_core.shell:create_environment_hook('tb3_teleop', 'ament_prefix_path')
[1.860s] INFO:colcon.colcon_core.shell:Creating environment hook '/home/bot12/robot_ws/install/tb3_teleop/share/tb3_teleop/hook/ament_prefix_path.ps1'
[1.862s] INFO:colcon.colcon_core.shell:Creating environment descriptor '/home/bot12/robot_ws/install/tb3_teleop/share/tb3_teleop/hook/ament_prefix_path.dsv'
[1.864s] INFO:colcon.colcon_core.shell:Creating environment hook '/home/bot12/robot_ws/install/tb3_teleop/share/tb3_teleop/hook/ament_prefix_path.sh'
[1.868s] INFO:colcon.colcon_core.shell:Skip shell extension 'powershell' for command environment: Not usable outside of PowerShell
[1.868s] DEBUG:colcon.colcon_core.shell:Skip shell extension 'dsv' for command environment
[3.124s] INFO:colcon.colcon_core.task.python.build:Building Python package in '/home/bot12/robot_ws/src/robot_bringup'
[3.125s] INFO:colcon.colcon_core.shell:Skip shell extension 'powershell' for command environment: Not usable outside of PowerShell
[3.125s] DEBUG:colcon.colcon_core.shell:Skip shell extension 'dsv' for command environment
[4.373s] INFO:colcon.colcon_core.task.python.build:Building Python package in '/home/bot12/robot_ws/src/tb3_description'
[4.374s] INFO:colcon.colcon_core.shell:Skip shell extension 'powershell' for command environment: Not usable outside of PowerShell
[4.374s] DEBUG:colcon.colcon_core.shell:Skip shell extension 'dsv' for command environment
[5.627s] INFO:colcon.colcon_core.task.python.build:Building Python package in '/home/bot12/robot_ws/src/tb3_hardware'
[5.628s] INFO:colcon.colcon_core.shell:Skip shell extension 'powershell' for command environment: Not usable outside of PowerShell
[5.628s] DEBUG:colcon.colcon_core.shell:Skip shell extension 'dsv' for command environment
[6.893s] INFO:colcon.colcon_core.task.python.build:Building Python package in '/home/bot12/robot_ws/src/tb3_teleop'
[6.894s] INFO:colcon.colcon_core.shell:Skip shell extension 'powershell' for command environment: Not usable outside of PowerShell
[6.894s] DEBUG:colcon.colcon_core.shell:Skip shell extension 'dsv' for command environment
[10.416s] DEBUG:colcon.colcon_core.event_handler.log_command:Invoking command in '/home/bot12/robot_ws/src/tb3_description': PYTHONPATH=/home/bot12/robot_ws/build/tb3_description/prefix_override:/home/bot12/robot_ws/install/tb3_description/lib/python3.10/site-packages:${PYTHONPATH} /usr/bin/python3 -W ignore:setup.py install is deprecated setup.py egg_info --egg-base ../../build/tb3_description build --build-base /home/bot12/robot_ws/build/tb3_description/build install --record /home/bot12/robot_ws/build/tb3_description/install.log --single-version-externally-managed install_data
[10.469s] DEBUG:colcon.colcon_core.event_handler.log_command:Invoking command in '/home/bot12/robot_ws/src/robot_bringup': PYTHONPATH=/home/bot12/robot_ws/build/robot_bringup/prefix_override:/home/bot12/robot_ws/install/robot_bringup/lib/python3.10/site-packages:${PYTHONPATH} /usr/bin/python3 -W ignore:setup.py install is deprecated setup.py egg_info --egg-base ../../build/robot_bringup build --build-base /home/bot12/robot_ws/build/robot_bringup/build install --record /home/bot12/robot_ws/build/robot_bringup/install.log --single-version-externally-managed install_data
[10.485s] DEBUG:colcon.colcon_core.event_handler.log_command:Invoking command in '/home/bot12/robot_ws/src/tb3_teleop': PYTHONPATH=/home/bot12/robot_ws/build/tb3_teleop/prefix_override:/home/bot12/robot_ws/install/tb3_teleop/lib/python3.10/site-packages:${PYTHONPATH} /usr/bin/python3 -W ignore:setup.py install is deprecated setup.py egg_info --egg-base ../../build/tb3_teleop build --build-base /home/bot12/robot_ws/build/tb3_teleop/build install --record /home/bot12/robot_ws/build/tb3_teleop/install.log --single-version-externally-managed install_data
[10.501s] DEBUG:colcon.colcon_core.event_handler.log_command:Invoking command in '/home/bot12/robot_ws/src/tb3_hardware': PYTHONPATH=/home/bot12/robot_ws/build/tb3_hardware/prefix_override:/home/bot12/robot_ws/install/tb3_hardware/lib/python3.10/site-packages:${PYTHONPATH} /usr/bin/python3 -W ignore:setup.py install is deprecated setup.py egg_info --egg-base ../../build/tb3_hardware build --build-base /home/bot12/robot_ws/build/tb3_hardware/build install --record /home/bot12/robot_ws/build/tb3_hardware/install.log --single-version-externally-managed install_data
[12.701s] DEBUG:colcon.colcon_core.event_handler.log_command:Invoked command in '/home/bot12/robot_ws/src/tb3_teleop' returned '0': PYTHONPATH=/home/bot12/robot_ws/build/tb3_teleop/prefix_override:/home/bot12/robot_ws/install/tb3_teleop/lib/python3.10/site-packages:${PYTHONPATH} /usr/bin/python3 -W ignore:setup.py install is deprecated setup.py egg_info --egg-base ../../build/tb3_teleop build --build-base /home/bot12/robot_ws/build/tb3_teleop/build install --record /home/bot12/robot_ws/build/tb3_teleop/install.log --single-version-externally-managed install_data
[12.734s] Level 1:colcon.colcon_core.environment:checking '/home/bot12/robot_ws/install/tb3_teleop' for CMake module files
[12.738s] Level 1:colcon.colcon_core.environment:checking '/home/bot12/robot_ws/install/tb3_teleop' for CMake config files
[12.745s] Level 1:colcon.colcon_core.environment:checking '/home/bot12/robot_ws/install/tb3_teleop/lib'
[12.746s] Level 1:colcon.colcon_core.environment:checking '/home/bot12/robot_ws/install/tb3_teleop/bin'
[12.747s] Level 1:colcon.colcon_core.environment:checking '/home/bot12/robot_ws/install/tb3_teleop/lib/pkgconfig/tb3_teleop.pc'
[12.749s] Level 1:colcon.colcon_core.environment:checking '/home/bot12/robot_ws/install/tb3_teleop/lib/python3.10/site-packages'
[12.749s] Level 1:colcon.colcon_core.shell:create_environment_hook('tb3_teleop', 'pythonpath')
[12.751s] INFO:colcon.colcon_core.shell:Creating environment hook '/home/bot12/robot_ws/install/tb3_teleop/share/tb3_teleop/hook/pythonpath.ps1'
[12.755s] INFO:colcon.colcon_core.shell:Creating environment descriptor '/home/bot12/robot_ws/install/tb3_teleop/share/tb3_teleop/hook/pythonpath.dsv'
[12.759s] INFO:colcon.colcon_core.shell:Creating environment hook '/home/bot12/robot_ws/install/tb3_teleop/share/tb3_teleop/hook/pythonpath.sh'
[12.765s] Level 1:colcon.colcon_core.environment:checking '/home/bot12/robot_ws/install/tb3_teleop/bin'
[12.766s] Level 1:colcon.colcon_core.environment:create_environment_scripts_only(tb3_teleop)
[12.769s] INFO:colcon.colcon_core.shell:Creating package script '/home/bot12/robot_ws/install/tb3_teleop/share/tb3_teleop/package.ps1'
[12.774s] INFO:colcon.colcon_core.shell:Creating package descriptor '/home/bot12/robot_ws/install/tb3_teleop/share/tb3_teleop/package.dsv'
[12.779s] INFO:colcon.colcon_core.shell:Creating package script '/home/bot12/robot_ws/install/tb3_teleop/share/tb3_teleop/package.sh'
[12.784s] INFO:colcon.colcon_core.shell:Creating package script '/home/bot12/robot_ws/install/tb3_teleop/share/tb3_teleop/package.bash'
[12.789s] INFO:colcon.colcon_core.shell:Creating package script '/home/bot12/robot_ws/install/tb3_teleop/share/tb3_teleop/package.zsh'
[12.793s] Level 1:colcon.colcon_core.environment:create_file_with_runtime_dependencies(/home/bot12/robot_ws/install/tb3_teleop/share/colcon-core/packages/tb3_teleop)
[12.803s] Level 1:colcon.colcon_core.environment:checking '/home/bot12/robot_ws/install/robot_bringup' for CMake module files
[12.809s] DEBUG:colcon.colcon_core.event_handler.log_command:Invoked command in '/home/bot12/robot_ws/src/robot_bringup' returned '0': PYTHONPATH=/home/bot12/robot_ws/build/robot_bringup/prefix_override:/home/bot12/robot_ws/install/robot_bringup/lib/python3.10/site-packages:${PYTHONPATH} /usr/bin/python3 -W ignore:setup.py install is deprecated setup.py egg_info --egg-base ../../build/robot_bringup build --build-base /home/bot12/robot_ws/build/robot_bringup/build install --record /home/bot12/robot_ws/build/robot_bringup/install.log --single-version-externally-managed install_data
[12.811s] Level 1:colcon.colcon_core.environment:checking '/home/bot12/robot_ws/install/robot_bringup' for CMake config files
[12.819s] Level 1:colcon.colcon_core.environment:checking '/home/bot12/robot_ws/install/robot_bringup/lib'
[12.820s] Level 1:colcon.colcon_core.environment:checking '/home/bot12/robot_ws/install/robot_bringup/bin'
[12.821s] Level 1:colcon.colcon_core.environment:checking '/home/bot12/robot_ws/install/robot_bringup/lib/pkgconfig/robot_bringup.pc'
[12.823s] Level 1:colcon.colcon_core.environment:checking '/home/bot12/robot_ws/install/robot_bringup/lib/python3.10/site-packages'
[12.824s] Level 1:colcon.colcon_core.shell:create_environment_hook('robot_bringup', 'pythonpath')
[12.825s] INFO:colcon.colcon_core.shell:Creating environment hook '/home/bot12/robot_ws/install/robot_bringup/share/robot_bringup/hook/pythonpath.ps1'
[12.828s] INFO:colcon.colcon_core.shell:Creating environment descriptor '/home/bot12/robot_ws/install/robot_bringup/share/robot_bringup/hook/pythonpath.dsv'
[12.831s] INFO:colcon.colcon_core.shell:Creating environment hook '/home/bot12/robot_ws/install/robot_bringup/share/robot_bringup/hook/pythonpath.sh'
[12.835s] Level 1:colcon.colcon_core.environment:checking '/home/bot12/robot_ws/install/robot_bringup/bin'
[12.835s] Level 1:colcon.colcon_core.environment:create_environment_scripts_only(robot_bringup)
[12.837s] INFO:colcon.colcon_core.shell:Creating package script '/home/bot12/robot_ws/install/robot_bringup/share/robot_bringup/package.ps1'
[12.842s] INFO:colcon.colcon_core.shell:Creating package descriptor '/home/bot12/robot_ws/install/robot_bringup/share/robot_bringup/package.dsv'
[12.846s] INFO:colcon.colcon_core.shell:Creating package script '/home/bot12/robot_ws/install/robot_bringup/share/robot_bringup/package.sh'
[12.849s] INFO:colcon.colcon_core.shell:Creating package script '/home/bot12/robot_ws/install/robot_bringup/share/robot_bringup/package.bash'
[12.852s] INFO:colcon.colcon_core.shell:Creating package script '/home/bot12/robot_ws/install/robot_bringup/share/robot_bringup/package.zsh'
[12.854s] Level 1:colcon.colcon_core.environment:create_file_with_runtime_dependencies(/home/bot12/robot_ws/install/robot_bringup/share/colcon-core/packages/robot_bringup)
[12.856s] Level 1:colcon.colcon_core.environment:checking '/home/bot12/robot_ws/install/tb3_description' for CMake module files
[12.860s] DEBUG:colcon.colcon_core.event_handler.log_command:Invoked command in '/home/bot12/robot_ws/src/tb3_description' returned '0': PYTHONPATH=/home/bot12/robot_ws/build/tb3_description/prefix_override:/home/bot12/robot_ws/install/tb3_description/lib/python3.10/site-packages:${PYTHONPATH} /usr/bin/python3 -W ignore:setup.py install is deprecated setup.py egg_info --egg-base ../../build/tb3_description build --build-base /home/bot12/robot_ws/build/tb3_description/build install --record /home/bot12/robot_ws/build/tb3_description/install.log --single-version-externally-managed install_data
[12.861s] Level 1:colcon.colcon_core.environment:checking '/home/bot12/robot_ws/install/tb3_description' for CMake config files
[12.865s] Level 1:colcon.colcon_core.environment:checking '/home/bot12/robot_ws/install/tb3_description/lib'
[12.865s] Level 1:colcon.colcon_core.environment:checking '/home/bot12/robot_ws/install/tb3_description/bin'
[12.866s] Level 1:colcon.colcon_core.environment:checking '/home/bot12/robot_ws/install/tb3_description/lib/pkgconfig/tb3_description.pc'
[12.867s] Level 1:colcon.colcon_core.environment:checking '/home/bot12/robot_ws/install/tb3_description/lib/python3.10/site-packages'
[12.867s] Level 1:colcon.colcon_core.shell:create_environment_hook('tb3_description', 'pythonpath')
[12.868s] INFO:colcon.colcon_core.shell:Creating environment hook '/home/bot12/robot_ws/install/tb3_description/share/tb3_description/hook/pythonpath.ps1'
[12.870s] INFO:colcon.colcon_core.shell:Creating environment descriptor '/home/bot12/robot_ws/install/tb3_description/share/tb3_description/hook/pythonpath.dsv'
[12.872s] INFO:colcon.colcon_core.shell:Creating environment hook '/home/bot12/robot_ws/install/tb3_description/share/tb3_description/hook/pythonpath.sh'
[12.875s] Level 1:colcon.colcon_core.environment:checking '/home/bot12/robot_ws/install/tb3_description/bin'
[12.875s] Level 1:colcon.colcon_core.environment:create_environment_scripts_only(tb3_description)
[12.877s] INFO:colcon.colcon_core.shell:Creating package script '/home/bot12/robot_ws/install/tb3_description/share/tb3_description/package.ps1'
[12.879s] INFO:colcon.colcon_core.shell:Creating package descriptor '/home/bot12/robot_ws/install/tb3_description/share/tb3_description/package.dsv'
[12.881s] INFO:colcon.colcon_core.shell:Creating package script '/home/bot12/robot_ws/install/tb3_description/share/tb3_description/package.sh'
[12.883s] INFO:colcon.colcon_core.shell:Creating package script '/home/bot12/robot_ws/install/tb3_description/share/tb3_description/package.bash'
[12.885s] INFO:colcon.colcon_core.shell:Creating package script '/home/bot12/robot_ws/install/tb3_description/share/tb3_description/package.zsh'
[12.886s] Level 1:colcon.colcon_core.environment:create_file_with_runtime_dependencies(/home/bot12/robot_ws/install/tb3_description/share/colcon-core/packages/tb3_description)
[12.891s] Level 1:colcon.colcon_core.environment:checking '/home/bot12/robot_ws/install/tb3_hardware' for CMake module files
[12.893s] DEBUG:colcon.colcon_core.event_handler.log_command:Invoked command in '/home/bot12/robot_ws/src/tb3_hardware' returned '0': PYTHONPATH=/home/bot12/robot_ws/build/tb3_hardware/prefix_override:/home/bot12/robot_ws/install/tb3_hardware/lib/python3.10/site-packages:${PYTHONPATH} /usr/bin/python3 -W ignore:setup.py install is deprecated setup.py egg_info --egg-base ../../build/tb3_hardware build --build-base /home/bot12/robot_ws/build/tb3_hardware/build install --record /home/bot12/robot_ws/build/tb3_hardware/install.log --single-version-externally-managed install_data
[12.894s] Level 1:colcon.colcon_core.environment:checking '/home/bot12/robot_ws/install/tb3_hardware' for CMake config files
[12.898s] Level 1:colcon.colcon_core.environment:checking '/home/bot12/robot_ws/install/tb3_hardware/lib'
[12.898s] Level 1:colcon.colcon_core.environment:checking '/home/bot12/robot_ws/install/tb3_hardware/bin'
[12.898s] Level 1:colcon.colcon_core.environment:checking '/home/bot12/robot_ws/install/tb3_hardware/lib/pkgconfig/tb3_hardware.pc'
[12.900s] Level 1:colcon.colcon_core.environment:checking '/home/bot12/robot_ws/install/tb3_hardware/lib/python3.10/site-packages'
[12.900s] Level 1:colcon.colcon_core.shell:create_environment_hook('tb3_hardware', 'pythonpath')
[12.901s] INFO:colcon.colcon_core.shell:Creating environment hook '/home/bot12/robot_ws/install/tb3_hardware/share/tb3_hardware/hook/pythonpath.ps1'
[12.903s] INFO:colcon.colcon_core.shell:Creating environment descriptor '/home/bot12/robot_ws/install/tb3_hardware/share/tb3_hardware/hook/pythonpath.dsv'
[12.904s] INFO:colcon.colcon_core.shell:Creating environment hook '/home/bot12/robot_ws/install/tb3_hardware/share/tb3_hardware/hook/pythonpath.sh'
[12.907s] Level 1:colcon.colcon_core.environment:checking '/home/bot12/robot_ws/install/tb3_hardware/bin'
[12.907s] Level 1:colcon.colcon_core.environment:create_environment_scripts_only(tb3_hardware)
[12.908s] INFO:colcon.colcon_core.shell:Creating package script '/home/bot12/robot_ws/install/tb3_hardware/share/tb3_hardware/package.ps1'
[12.910s] INFO:colcon.colcon_core.shell:Creating package descriptor '/home/bot12/robot_ws/install/tb3_hardware/share/tb3_hardware/package.dsv'
[12.912s] INFO:colcon.colcon_core.shell:Creating package script '/home/bot12/robot_ws/install/tb3_hardware/share/tb3_hardware/package.sh'
[12.913s] INFO:colcon.colcon_core.shell:Creating package script '/home/bot12/robot_ws/install/tb3_hardware/share/tb3_hardware/package.bash'
[12.915s] INFO:colcon.colcon_core.shell:Creating package script '/home/bot12/robot_ws/install/tb3_hardware/share/tb3_hardware/package.zsh'
[12.916s] Level 1:colcon.colcon_core.environment:create_file_with_runtime_dependencies(/home/bot12/robot_ws/install/tb3_hardware/share/colcon-core/packages/tb3_hardware)
[12.918s] DEBUG:colcon.colcon_parallel_executor.executor.parallel:closing loop
[12.919s] DEBUG:colcon.colcon_parallel_executor.executor.parallel:loop closed
[12.919s] DEBUG:colcon.colcon_parallel_executor.executor.parallel:run_until_complete finished with '0'
[12.920s] DEBUG:colcon.colcon_core.event_reactor:joining thread
[12.943s] INFO:colcon.colcon_core.plugin_system:Skipping extension 'colcon_notification.desktop_notification.terminal_notifier': Not used on non-Darwin systems
[12.943s] INFO:colcon.colcon_core.plugin_system:Skipping extension 'colcon_notification.desktop_notification.win32': Not used on non-Windows systems
[12.943s] INFO:colcon.colcon_notification.desktop_notification:Sending desktop notification using 'notify2'
[12.995s] DEBUG:colcon.colcon_core.event_reactor:joined thread
[12.996s] INFO:colcon.colcon_core.shell:Creating prefix script '/home/bot12/robot_ws/install/local_setup.ps1'
[13.000s] INFO:colcon.colcon_core.shell:Creating prefix util module '/home/bot12/robot_ws/install/_local_setup_util_ps1.py'
[13.008s] INFO:colcon.colcon_core.shell:Creating prefix chain script '/home/bot12/robot_ws/install/setup.ps1'
[13.020s] INFO:colcon.colcon_core.shell:Creating prefix script '/home/bot12/robot_ws/install/local_setup.sh'
[13.023s] INFO:colcon.colcon_core.shell:Creating prefix util module '/home/bot12/robot_ws/install/_local_setup_util_sh.py'
[13.026s] INFO:colcon.colcon_core.shell:Creating prefix chain script '/home/bot12/robot_ws/install/setup.sh'
[13.035s] INFO:colcon.colcon_core.shell:Creating prefix script '/home/bot12/robot_ws/install/local_setup.bash'
[13.038s] INFO:colcon.colcon_core.shell:Creating prefix chain script '/home/bot12/robot_ws/install/setup.bash'
[13.047s] INFO:colcon.colcon_core.shell:Creating prefix script '/home/bot12/robot_ws/install/local_setup.zsh'
[13.050s] INFO:colcon.colcon_core.shell:Creating prefix chain script '/home/bot12/robot_ws/install/setup.zsh'
