[3.959s] DEBUG:colcon:Command line arguments: ['/usr/bin/colcon', 'build']
[3.959s] DEBUG:colcon:Parsed command line arguments: Namespace(log_base=None, log_level=None, verb_name='build', build_base='build', install_base='install', merge_install=False, symlink_install=False, test_result_base=None, continue_on_error=False, executor='parallel', parallel_workers=2, event_handlers=None, ignore_user_meta=False, metas=['./colcon.meta'], base_paths=['.'], packages_ignore=None, packages_ignore_regex=None, paths=None, packages_up_to=None, packages_up_to_regex=None, packages_above=None, packages_above_and_dependencies=None, packages_above_depth=None, packages_select_by_dep=None, packages_skip_by_dep=None, packages_skip_up_to=None, packages_select_build_failed=False, packages_skip_build_finished=False, packages_select_test_failures=False, packages_skip_test_passed=False, packages_select=None, packages_skip=None, packages_select_regex=None, packages_skip_regex=None, packages_start=None, packages_end=None, allow_overriding=[], cmake_args=None, cmake_target=None, cmake_target_skip_unavailable=False, cmake_clean_cache=False, cmake_clean_first=False, cmake_force_configure=False, ament_cmake_args=None, catkin_cmake_args=None, catkin_skip_building_tests=False, mixin_files=None, mixin=None, verb_parser=<colcon_mixin.mixin.mixin_argument.MixinArgumentDecorator object at 0x75626252dc60>, verb_extension=<colcon_core.verb.build.BuildVerb object at 0x75626252d5d0>, main=<bound method BuildVerb.main of <colcon_core.verb.build.BuildVerb object at 0x75626252d5d0>>, mixin_verb=('build',))
[8.116s] Level 1:colcon.colcon_core.package_discovery:discover_packages(colcon_meta) check parameters
[8.117s] Level 1:colcon.colcon_core.package_discovery:discover_packages(recursive) check parameters
[8.117s] Level 1:colcon.colcon_core.package_discovery:discover_packages(ignore) check parameters
[8.117s] Level 1:colcon.colcon_core.package_discovery:discover_packages(path) check parameters
[8.117s] Level 1:colcon.colcon_core.package_discovery:discover_packages(colcon_meta) discover
[8.117s] Level 1:colcon.colcon_core.package_discovery:discover_packages(recursive) discover
[8.117s] INFO:colcon.colcon_core.package_discovery:Crawling recursively for packages in '/home/papasav/robot_ws'
[8.117s] Level 1:colcon.colcon_core.package_identification:_identify(.) by extensions ['ignore', 'ignore_ament_install']
[8.118s] Level 1:colcon.colcon_core.package_identification:_identify(.) by extension 'ignore'
[8.118s] Level 1:colcon.colcon_core.package_identification:_identify(.) by extension 'ignore_ament_install'
[8.118s] Level 1:colcon.colcon_core.package_identification:_identify(.) by extensions ['colcon_pkg']
[8.118s] Level 1:colcon.colcon_core.package_identification:_identify(.) by extension 'colcon_pkg'
[8.118s] Level 1:colcon.colcon_core.package_identification:_identify(.) by extensions ['colcon_meta']
[8.118s] Level 1:colcon.colcon_core.package_identification:_identify(.) by extension 'colcon_meta'
[8.118s] Level 1:colcon.colcon_core.package_identification:_identify(.) by extensions ['ros']
[8.118s] Level 1:colcon.colcon_core.package_identification:_identify(.) by extension 'ros'
[8.180s] Level 1:colcon.colcon_core.package_identification:_identify(.) by extensions ['cmake', 'python']
[8.180s] Level 1:colcon.colcon_core.package_identification:_identify(.) by extension 'cmake'
[8.181s] Level 1:colcon.colcon_core.package_identification:_identify(.) by extension 'python'
[8.181s] Level 1:colcon.colcon_core.package_identification:_identify(.) by extensions ['python_setup_py']
[8.181s] Level 1:colcon.colcon_core.package_identification:_identify(.) by extension 'python_setup_py'
[8.181s] Level 1:colcon.colcon_core.package_identification:_identify(build) by extensions ['ignore', 'ignore_ament_install']
[8.182s] Level 1:colcon.colcon_core.package_identification:_identify(build) by extension 'ignore'
[8.182s] Level 1:colcon.colcon_core.package_identification:_identify(build) ignored
[8.182s] Level 1:colcon.colcon_core.package_identification:_identify(install) by extensions ['ignore', 'ignore_ament_install']
[8.183s] Level 1:colcon.colcon_core.package_identification:_identify(install) by extension 'ignore'
[8.183s] Level 1:colcon.colcon_core.package_identification:_identify(install) ignored
[8.183s] Level 1:colcon.colcon_core.package_identification:_identify(log) by extensions ['ignore', 'ignore_ament_install']
[8.184s] Level 1:colcon.colcon_core.package_identification:_identify(log) by extension 'ignore'
[8.184s] Level 1:colcon.colcon_core.package_identification:_identify(log) ignored
[8.199s] Level 1:colcon.colcon_core.package_identification:_identify(src) by extensions ['ignore', 'ignore_ament_install']
[8.199s] Level 1:colcon.colcon_core.package_identification:_identify(src) by extension 'ignore'
[8.199s] Level 1:colcon.colcon_core.package_identification:_identify(src) by extension 'ignore_ament_install'
[8.200s] Level 1:colcon.colcon_core.package_identification:_identify(src) by extensions ['colcon_pkg']
[8.200s] Level 1:colcon.colcon_core.package_identification:_identify(src) by extension 'colcon_pkg'
[8.200s] Level 1:colcon.colcon_core.package_identification:_identify(src) by extensions ['colcon_meta']
[8.200s] Level 1:colcon.colcon_core.package_identification:_identify(src) by extension 'colcon_meta'
[8.200s] Level 1:colcon.colcon_core.package_identification:_identify(src) by extensions ['ros']
[8.200s] Level 1:colcon.colcon_core.package_identification:_identify(src) by extension 'ros'
[8.201s] Level 1:colcon.colcon_core.package_identification:_identify(src) by extensions ['cmake', 'python']
[8.201s] Level 1:colcon.colcon_core.package_identification:_identify(src) by extension 'cmake'
[8.201s] Level 1:colcon.colcon_core.package_identification:_identify(src) by extension 'python'
[8.201s] Level 1:colcon.colcon_core.package_identification:_identify(src) by extensions ['python_setup_py']
[8.201s] Level 1:colcon.colcon_core.package_identification:_identify(src) by extension 'python_setup_py'
[8.202s] Level 1:colcon.colcon_core.package_identification:_identify(src/robot_bringup) by extensions ['ignore', 'ignore_ament_install']
[8.202s] Level 1:colcon.colcon_core.package_identification:_identify(src/robot_bringup) by extension 'ignore'
[8.203s] Level 1:colcon.colcon_core.package_identification:_identify(src/robot_bringup) by extension 'ignore_ament_install'
[8.203s] Level 1:colcon.colcon_core.package_identification:_identify(src/robot_bringup) by extensions ['colcon_pkg']
[8.203s] Level 1:colcon.colcon_core.package_identification:_identify(src/robot_bringup) by extension 'colcon_pkg'
[8.203s] Level 1:colcon.colcon_core.package_identification:_identify(src/robot_bringup) by extensions ['colcon_meta']
[8.203s] Level 1:colcon.colcon_core.package_identification:_identify(src/robot_bringup) by extension 'colcon_meta'
[8.204s] Level 1:colcon.colcon_core.package_identification:_identify(src/robot_bringup) by extensions ['ros']
[8.204s] Level 1:colcon.colcon_core.package_identification:_identify(src/robot_bringup) by extension 'ros'
[8.249s] DEBUG:colcon.colcon_core.package_identification:Package 'src/robot_bringup' with type 'ros.ament_python' and name 'robot_bringup'
[8.250s] Level 1:colcon.colcon_core.package_identification:_identify(src/tb3_description) by extensions ['ignore', 'ignore_ament_install']
[8.250s] Level 1:colcon.colcon_core.package_identification:_identify(src/tb3_description) by extension 'ignore'
[8.250s] Level 1:colcon.colcon_core.package_identification:_identify(src/tb3_description) by extension 'ignore_ament_install'
[8.251s] Level 1:colcon.colcon_core.package_identification:_identify(src/tb3_description) by extensions ['colcon_pkg']
[8.251s] Level 1:colcon.colcon_core.package_identification:_identify(src/tb3_description) by extension 'colcon_pkg'
[8.251s] Level 1:colcon.colcon_core.package_identification:_identify(src/tb3_description) by extensions ['colcon_meta']
[8.251s] Level 1:colcon.colcon_core.package_identification:_identify(src/tb3_description) by extension 'colcon_meta'
[8.251s] Level 1:colcon.colcon_core.package_identification:_identify(src/tb3_description) by extensions ['ros']
[8.251s] Level 1:colcon.colcon_core.package_identification:_identify(src/tb3_description) by extension 'ros'
[8.253s] DEBUG:colcon.colcon_core.package_identification:Package 'src/tb3_description' with type 'ros.ament_python' and name 'tb3_description'
[8.254s] Level 1:colcon.colcon_core.package_identification:_identify(src/tb3_teleop) by extensions ['ignore', 'ignore_ament_install']
[8.255s] Level 1:colcon.colcon_core.package_identification:_identify(src/tb3_teleop) by extension 'ignore'
[8.255s] Level 1:colcon.colcon_core.package_identification:_identify(src/tb3_teleop) by extension 'ignore_ament_install'
[8.255s] Level 1:colcon.colcon_core.package_identification:_identify(src/tb3_teleop) by extensions ['colcon_pkg']
[8.255s] Level 1:colcon.colcon_core.package_identification:_identify(src/tb3_teleop) by extension 'colcon_pkg'
[8.255s] Level 1:colcon.colcon_core.package_identification:_identify(src/tb3_teleop) by extensions ['colcon_meta']
[8.255s] Level 1:colcon.colcon_core.package_identification:_identify(src/tb3_teleop) by extension 'colcon_meta'
[8.256s] Level 1:colcon.colcon_core.package_identification:_identify(src/tb3_teleop) by extensions ['ros']
[8.256s] Level 1:colcon.colcon_core.package_identification:_identify(src/tb3_teleop) by extension 'ros'
[8.259s] DEBUG:colcon.colcon_core.package_identification:Package 'src/tb3_teleop' with type 'ros.ament_python' and name 'tb3_teleop'
[8.259s] Level 1:colcon.colcon_core.package_discovery:discover_packages(recursive) using defaults
[8.259s] Level 1:colcon.colcon_core.package_discovery:discover_packages(ignore) discover
[8.259s] Level 1:colcon.colcon_core.package_discovery:discover_packages(ignore) using defaults
[8.259s] Level 1:colcon.colcon_core.package_discovery:discover_packages(path) discover
[8.259s] Level 1:colcon.colcon_core.package_discovery:discover_packages(path) using defaults
[8.510s] Level 1:colcon.colcon_core.package_discovery:discover_packages(prefix_path) check parameters
[8.510s] Level 1:colcon.colcon_core.package_discovery:discover_packages(prefix_path) discover
[8.519s] DEBUG:colcon.colcon_installed_package_information.package_discovery:Found 3 installed packages in /home/papasav/robot_ws/install
[8.524s] DEBUG:colcon.colcon_installed_package_information.package_discovery:Found 273 installed packages in /opt/ros/humble
[8.559s] Level 1:colcon.colcon_core.package_discovery:discover_packages(prefix_path) using defaults
[8.664s] Level 5:colcon.colcon_core.verb:set package 'robot_bringup' build argument 'cmake_args' from command line to 'None'
[8.664s] Level 5:colcon.colcon_core.verb:set package 'robot_bringup' build argument 'cmake_target' from command line to 'None'
[8.664s] Level 5:colcon.colcon_core.verb:set package 'robot_bringup' build argument 'cmake_target_skip_unavailable' from command line to 'False'
[8.664s] Level 5:colcon.colcon_core.verb:set package 'robot_bringup' build argument 'cmake_clean_cache' from command line to 'False'
[8.664s] Level 5:colcon.colcon_core.verb:set package 'robot_bringup' build argument 'cmake_clean_first' from command line to 'False'
[8.664s] Level 5:colcon.colcon_core.verb:set package 'robot_bringup' build argument 'cmake_force_configure' from command line to 'False'
[8.664s] Level 5:colcon.colcon_core.verb:set package 'robot_bringup' build argument 'ament_cmake_args' from command line to 'None'
[8.664s] Level 5:colcon.colcon_core.verb:set package 'robot_bringup' build argument 'catkin_cmake_args' from command line to 'None'
[8.665s] Level 5:colcon.colcon_core.verb:set package 'robot_bringup' build argument 'catkin_skip_building_tests' from command line to 'False'
[8.665s] DEBUG:colcon.colcon_core.verb:Building package 'robot_bringup' with the following arguments: {'ament_cmake_args': None, 'build_base': '/home/papasav/robot_ws/build/robot_bringup', 'catkin_cmake_args': None, 'catkin_skip_building_tests': False, 'cmake_args': None, 'cmake_clean_cache': False, 'cmake_clean_first': False, 'cmake_force_configure': False, 'cmake_target': None, 'cmake_target_skip_unavailable': False, 'install_base': '/home/papasav/robot_ws/install/robot_bringup', 'merge_install': False, 'path': '/home/papasav/robot_ws/src/robot_bringup', 'symlink_install': False, 'test_result_base': None}
[8.666s] Level 5:colcon.colcon_core.verb:set package 'tb3_description' build argument 'cmake_args' from command line to 'None'
[8.666s] Level 5:colcon.colcon_core.verb:set package 'tb3_description' build argument 'cmake_target' from command line to 'None'
[8.666s] Level 5:colcon.colcon_core.verb:set package 'tb3_description' build argument 'cmake_target_skip_unavailable' from command line to 'False'
[8.666s] Level 5:colcon.colcon_core.verb:set package 'tb3_description' build argument 'cmake_clean_cache' from command line to 'False'
[8.666s] Level 5:colcon.colcon_core.verb:set package 'tb3_description' build argument 'cmake_clean_first' from command line to 'False'
[8.666s] Level 5:colcon.colcon_core.verb:set package 'tb3_description' build argument 'cmake_force_configure' from command line to 'False'
[8.666s] Level 5:colcon.colcon_core.verb:set package 'tb3_description' build argument 'ament_cmake_args' from command line to 'None'
[8.666s] Level 5:colcon.colcon_core.verb:set package 'tb3_description' build argument 'catkin_cmake_args' from command line to 'None'
[8.666s] Level 5:colcon.colcon_core.verb:set package 'tb3_description' build argument 'catkin_skip_building_tests' from command line to 'False'
[8.666s] DEBUG:colcon.colcon_core.verb:Building package 'tb3_description' with the following arguments: {'ament_cmake_args': None, 'build_base': '/home/papasav/robot_ws/build/tb3_description', 'catkin_cmake_args': None, 'catkin_skip_building_tests': False, 'cmake_args': None, 'cmake_clean_cache': False, 'cmake_clean_first': False, 'cmake_force_configure': False, 'cmake_target': None, 'cmake_target_skip_unavailable': False, 'install_base': '/home/papasav/robot_ws/install/tb3_description', 'merge_install': False, 'path': '/home/papasav/robot_ws/src/tb3_description', 'symlink_install': False, 'test_result_base': None}
[8.667s] Level 5:colcon.colcon_core.verb:set package 'tb3_teleop' build argument 'cmake_args' from command line to 'None'
[8.667s] Level 5:colcon.colcon_core.verb:set package 'tb3_teleop' build argument 'cmake_target' from command line to 'None'
[8.667s] Level 5:colcon.colcon_core.verb:set package 'tb3_teleop' build argument 'cmake_target_skip_unavailable' from command line to 'False'
[8.667s] Level 5:colcon.colcon_core.verb:set package 'tb3_teleop' build argument 'cmake_clean_cache' from command line to 'False'
[8.667s] Level 5:colcon.colcon_core.verb:set package 'tb3_teleop' build argument 'cmake_clean_first' from command line to 'False'
[8.667s] Level 5:colcon.colcon_core.verb:set package 'tb3_teleop' build argument 'cmake_force_configure' from command line to 'False'
[8.667s] Level 5:colcon.colcon_core.verb:set package 'tb3_teleop' build argument 'ament_cmake_args' from command line to 'None'
[8.667s] Level 5:colcon.colcon_core.verb:set package 'tb3_teleop' build argument 'catkin_cmake_args' from command line to 'None'
[8.667s] Level 5:colcon.colcon_core.verb:set package 'tb3_teleop' build argument 'catkin_skip_building_tests' from command line to 'False'
[8.668s] DEBUG:colcon.colcon_core.verb:Building package 'tb3_teleop' with the following arguments: {'ament_cmake_args': None, 'build_base': '/home/papasav/robot_ws/build/tb3_teleop', 'catkin_cmake_args': None, 'catkin_skip_building_tests': False, 'cmake_args': None, 'cmake_clean_cache': False, 'cmake_clean_first': False, 'cmake_force_configure': False, 'cmake_target': None, 'cmake_target_skip_unavailable': False, 'install_base': '/home/papasav/robot_ws/install/tb3_teleop', 'merge_install': False, 'path': '/home/papasav/robot_ws/src/tb3_teleop', 'symlink_install': False, 'test_result_base': None}
[8.668s] INFO:colcon.colcon_core.executor:Executing jobs using 'parallel' executor
[8.670s] DEBUG:colcon.colcon_parallel_executor.executor.parallel:run_until_complete
[8.670s] INFO:colcon.colcon_ros.task.ament_python.build:Building ROS package in '/home/papasav/robot_ws/src/robot_bringup' with build type 'ament_python'
[8.671s] Level 1:colcon.colcon_core.shell:create_environment_hook('robot_bringup', 'ament_prefix_path')
[8.695s] INFO:colcon.colcon_core.plugin_system:Skipping extension 'colcon_core.shell.bat': Not used on non-Windows systems
[8.696s] INFO:colcon.colcon_core.shell:Creating environment hook '/home/papasav/robot_ws/install/robot_bringup/share/robot_bringup/hook/ament_prefix_path.ps1'
[8.717s] INFO:colcon.colcon_core.shell:Creating environment descriptor '/home/papasav/robot_ws/install/robot_bringup/share/robot_bringup/hook/ament_prefix_path.dsv'
[8.734s] INFO:colcon.colcon_core.shell:Creating environment hook '/home/papasav/robot_ws/install/robot_bringup/share/robot_bringup/hook/ament_prefix_path.sh'
[8.737s] INFO:colcon.colcon_core.shell:Skip shell extension 'powershell' for command environment: Not usable outside of PowerShell
[8.738s] DEBUG:colcon.colcon_core.shell:Skip shell extension 'dsv' for command environment
[8.756s] INFO:colcon.colcon_ros.task.ament_python.build:Building ROS package in '/home/papasav/robot_ws/src/tb3_description' with build type 'ament_python'
[8.756s] Level 1:colcon.colcon_core.shell:create_environment_hook('tb3_description', 'ament_prefix_path')
[8.757s] INFO:colcon.colcon_core.shell:Creating environment hook '/home/papasav/robot_ws/install/tb3_description/share/tb3_description/hook/ament_prefix_path.ps1'
[8.760s] INFO:colcon.colcon_core.shell:Creating environment descriptor '/home/papasav/robot_ws/install/tb3_description/share/tb3_description/hook/ament_prefix_path.dsv'
[8.761s] INFO:colcon.colcon_core.shell:Creating environment hook '/home/papasav/robot_ws/install/tb3_description/share/tb3_description/hook/ament_prefix_path.sh'
[8.762s] INFO:colcon.colcon_core.shell:Skip shell extension 'powershell' for command environment: Not usable outside of PowerShell
[8.762s] DEBUG:colcon.colcon_core.shell:Skip shell extension 'dsv' for command environment
[9.542s] INFO:colcon.colcon_core.task.python.build:Building Python package in '/home/papasav/robot_ws/src/robot_bringup'
[9.543s] INFO:colcon.colcon_core.shell:Skip shell extension 'powershell' for command environment: Not usable outside of PowerShell
[9.543s] DEBUG:colcon.colcon_core.shell:Skip shell extension 'dsv' for command environment
[10.190s] INFO:colcon.colcon_core.task.python.build:Building Python package in '/home/papasav/robot_ws/src/tb3_description'
[10.191s] INFO:colcon.colcon_core.shell:Skip shell extension 'powershell' for command environment: Not usable outside of PowerShell
[10.191s] DEBUG:colcon.colcon_core.shell:Skip shell extension 'dsv' for command environment
[13.071s] DEBUG:colcon.colcon_core.event_handler.log_command:Invoking command in '/home/papasav/robot_ws/src/robot_bringup': PYTHONPATH=/home/papasav/robot_ws/build/robot_bringup/prefix_override:/home/papasav/robot_ws/install/robot_bringup/lib/python3.10/site-packages:${PYTHONPATH} /usr/bin/python3 -W ignore:setup.py install is deprecated setup.py egg_info --egg-base ../../build/robot_bringup build --build-base /home/papasav/robot_ws/build/robot_bringup/build install --record /home/papasav/robot_ws/build/robot_bringup/install.log --single-version-externally-managed install_data
[13.149s] DEBUG:colcon.colcon_core.event_handler.log_command:Invoking command in '/home/papasav/robot_ws/src/tb3_description': PYTHONPATH=/home/papasav/robot_ws/build/tb3_description/prefix_override:/home/papasav/robot_ws/install/tb3_description/lib/python3.10/site-packages:${PYTHONPATH} /usr/bin/python3 -W ignore:setup.py install is deprecated setup.py egg_info --egg-base ../../build/tb3_description build --build-base /home/papasav/robot_ws/build/tb3_description/build install --record /home/papasav/robot_ws/build/tb3_description/install.log --single-version-externally-managed install_data
[14.260s] DEBUG:colcon.colcon_core.event_handler.log_command:Invoked command in '/home/papasav/robot_ws/src/tb3_description' returned '0': PYTHONPATH=/home/papasav/robot_ws/build/tb3_description/prefix_override:/home/papasav/robot_ws/install/tb3_description/lib/python3.10/site-packages:${PYTHONPATH} /usr/bin/python3 -W ignore:setup.py install is deprecated setup.py egg_info --egg-base ../../build/tb3_description build --build-base /home/papasav/robot_ws/build/tb3_description/build install --record /home/papasav/robot_ws/build/tb3_description/install.log --single-version-externally-managed install_data
[14.315s] Level 1:colcon.colcon_core.environment:checking '/home/papasav/robot_ws/install/tb3_description' for CMake module files
[14.316s] Level 1:colcon.colcon_core.environment:checking '/home/papasav/robot_ws/install/tb3_description' for CMake config files
[14.334s] Level 1:colcon.colcon_core.environment:checking '/home/papasav/robot_ws/install/tb3_description/lib'
[14.336s] Level 1:colcon.colcon_core.environment:checking '/home/papasav/robot_ws/install/tb3_description/bin'
[14.337s] Level 1:colcon.colcon_core.environment:checking '/home/papasav/robot_ws/install/tb3_description/lib/pkgconfig/tb3_description.pc'
[14.338s] Level 1:colcon.colcon_core.environment:checking '/home/papasav/robot_ws/install/tb3_description/lib/python3.10/site-packages'
[14.339s] Level 1:colcon.colcon_core.shell:create_environment_hook('tb3_description', 'pythonpath')
[14.340s] INFO:colcon.colcon_core.shell:Creating environment hook '/home/papasav/robot_ws/install/tb3_description/share/tb3_description/hook/pythonpath.ps1'
[14.342s] INFO:colcon.colcon_core.shell:Creating environment descriptor '/home/papasav/robot_ws/install/tb3_description/share/tb3_description/hook/pythonpath.dsv'
[14.344s] INFO:colcon.colcon_core.shell:Creating environment hook '/home/papasav/robot_ws/install/tb3_description/share/tb3_description/hook/pythonpath.sh'
[14.345s] Level 1:colcon.colcon_core.environment:checking '/home/papasav/robot_ws/install/tb3_description/bin'
[14.345s] Level 1:colcon.colcon_core.environment:create_environment_scripts_only(tb3_description)
[14.346s] INFO:colcon.colcon_core.shell:Creating package script '/home/papasav/robot_ws/install/tb3_description/share/tb3_description/package.ps1'
[14.364s] INFO:colcon.colcon_core.shell:Creating package descriptor '/home/papasav/robot_ws/install/tb3_description/share/tb3_description/package.dsv'
[14.370s] INFO:colcon.colcon_core.shell:Creating package script '/home/papasav/robot_ws/install/tb3_description/share/tb3_description/package.sh'
[14.373s] INFO:colcon.colcon_core.shell:Creating package script '/home/papasav/robot_ws/install/tb3_description/share/tb3_description/package.bash'
[14.377s] INFO:colcon.colcon_core.shell:Creating package script '/home/papasav/robot_ws/install/tb3_description/share/tb3_description/package.zsh'
[14.457s] Level 1:colcon.colcon_core.environment:create_file_with_runtime_dependencies(/home/papasav/robot_ws/install/tb3_description/share/colcon-core/packages/tb3_description)
[14.460s] INFO:colcon.colcon_ros.task.ament_python.build:Building ROS package in '/home/papasav/robot_ws/src/tb3_teleop' with build type 'ament_python'
[14.460s] Level 1:colcon.colcon_core.shell:create_environment_hook('tb3_teleop', 'ament_prefix_path')
[14.461s] INFO:colcon.colcon_core.shell:Creating environment hook '/home/papasav/robot_ws/install/tb3_teleop/share/tb3_teleop/hook/ament_prefix_path.ps1'
[14.463s] INFO:colcon.colcon_core.shell:Creating environment descriptor '/home/papasav/robot_ws/install/tb3_teleop/share/tb3_teleop/hook/ament_prefix_path.dsv'
[14.466s] INFO:colcon.colcon_core.shell:Creating environment hook '/home/papasav/robot_ws/install/tb3_teleop/share/tb3_teleop/hook/ament_prefix_path.sh'
[14.471s] INFO:colcon.colcon_core.shell:Skip shell extension 'powershell' for command environment: Not usable outside of PowerShell
[14.471s] DEBUG:colcon.colcon_core.shell:Skip shell extension 'dsv' for command environment
[14.486s] Level 1:colcon.colcon_core.environment:checking '/home/papasav/robot_ws/install/robot_bringup' for CMake module files
[14.487s] DEBUG:colcon.colcon_core.event_handler.log_command:Invoked command in '/home/papasav/robot_ws/src/robot_bringup' returned '0': PYTHONPATH=/home/papasav/robot_ws/build/robot_bringup/prefix_override:/home/papasav/robot_ws/install/robot_bringup/lib/python3.10/site-packages:${PYTHONPATH} /usr/bin/python3 -W ignore:setup.py install is deprecated setup.py egg_info --egg-base ../../build/robot_bringup build --build-base /home/papasav/robot_ws/build/robot_bringup/build install --record /home/papasav/robot_ws/build/robot_bringup/install.log --single-version-externally-managed install_data
[14.488s] Level 1:colcon.colcon_core.environment:checking '/home/papasav/robot_ws/install/robot_bringup' for CMake config files
[14.489s] Level 1:colcon.colcon_core.environment:checking '/home/papasav/robot_ws/install/robot_bringup/lib'
[14.490s] Level 1:colcon.colcon_core.environment:checking '/home/papasav/robot_ws/install/robot_bringup/bin'
[14.490s] Level 1:colcon.colcon_core.environment:checking '/home/papasav/robot_ws/install/robot_bringup/lib/pkgconfig/robot_bringup.pc'
[14.490s] Level 1:colcon.colcon_core.environment:checking '/home/papasav/robot_ws/install/robot_bringup/lib/python3.10/site-packages'
[14.490s] Level 1:colcon.colcon_core.shell:create_environment_hook('robot_bringup', 'pythonpath')
[14.491s] INFO:colcon.colcon_core.shell:Creating environment hook '/home/papasav/robot_ws/install/robot_bringup/share/robot_bringup/hook/pythonpath.ps1'
[14.492s] INFO:colcon.colcon_core.shell:Creating environment descriptor '/home/papasav/robot_ws/install/robot_bringup/share/robot_bringup/hook/pythonpath.dsv'
[14.493s] INFO:colcon.colcon_core.shell:Creating environment hook '/home/papasav/robot_ws/install/robot_bringup/share/robot_bringup/hook/pythonpath.sh'
[14.494s] Level 1:colcon.colcon_core.environment:checking '/home/papasav/robot_ws/install/robot_bringup/bin'
[14.495s] Level 1:colcon.colcon_core.environment:create_environment_scripts_only(robot_bringup)
[14.496s] INFO:colcon.colcon_core.shell:Creating package script '/home/papasav/robot_ws/install/robot_bringup/share/robot_bringup/package.ps1'
[14.498s] INFO:colcon.colcon_core.shell:Creating package descriptor '/home/papasav/robot_ws/install/robot_bringup/share/robot_bringup/package.dsv'
[14.500s] INFO:colcon.colcon_core.shell:Creating package script '/home/papasav/robot_ws/install/robot_bringup/share/robot_bringup/package.sh'
[14.502s] INFO:colcon.colcon_core.shell:Creating package script '/home/papasav/robot_ws/install/robot_bringup/share/robot_bringup/package.bash'
[14.505s] INFO:colcon.colcon_core.shell:Creating package script '/home/papasav/robot_ws/install/robot_bringup/share/robot_bringup/package.zsh'
[14.508s] Level 1:colcon.colcon_core.environment:create_file_with_runtime_dependencies(/home/papasav/robot_ws/install/robot_bringup/share/colcon-core/packages/robot_bringup)
[15.217s] INFO:colcon.colcon_core.task.python.build:Building Python package in '/home/papasav/robot_ws/src/tb3_teleop'
[15.218s] INFO:colcon.colcon_core.shell:Skip shell extension 'powershell' for command environment: Not usable outside of PowerShell
[15.218s] DEBUG:colcon.colcon_core.shell:Skip shell extension 'dsv' for command environment
[16.362s] DEBUG:colcon.colcon_core.event_handler.log_command:Invoking command in '/home/papasav/robot_ws/src/tb3_teleop': PYTHONPATH=/home/papasav/robot_ws/build/tb3_teleop/prefix_override:/home/papasav/robot_ws/install/tb3_teleop/lib/python3.10/site-packages:${PYTHONPATH} /usr/bin/python3 -W ignore:setup.py install is deprecated setup.py egg_info --egg-base ../../build/tb3_teleop build --build-base /home/papasav/robot_ws/build/tb3_teleop/build install --record /home/papasav/robot_ws/build/tb3_teleop/install.log --single-version-externally-managed install_data
[17.092s] Level 1:colcon.colcon_core.environment:checking '/home/papasav/robot_ws/install/tb3_teleop' for CMake module files
[17.094s] DEBUG:colcon.colcon_core.event_handler.log_command:Invoked command in '/home/papasav/robot_ws/src/tb3_teleop' returned '0': PYTHONPATH=/home/papasav/robot_ws/build/tb3_teleop/prefix_override:/home/papasav/robot_ws/install/tb3_teleop/lib/python3.10/site-packages:${PYTHONPATH} /usr/bin/python3 -W ignore:setup.py install is deprecated setup.py egg_info --egg-base ../../build/tb3_teleop build --build-base /home/papasav/robot_ws/build/tb3_teleop/build install --record /home/papasav/robot_ws/build/tb3_teleop/install.log --single-version-externally-managed install_data
[17.095s] Level 1:colcon.colcon_core.environment:checking '/home/papasav/robot_ws/install/tb3_teleop' for CMake config files
[17.096s] Level 1:colcon.colcon_core.environment:checking '/home/papasav/robot_ws/install/tb3_teleop/lib'
[17.096s] Level 1:colcon.colcon_core.environment:checking '/home/papasav/robot_ws/install/tb3_teleop/bin'
[17.096s] Level 1:colcon.colcon_core.environment:checking '/home/papasav/robot_ws/install/tb3_teleop/lib/pkgconfig/tb3_teleop.pc'
[17.097s] Level 1:colcon.colcon_core.environment:checking '/home/papasav/robot_ws/install/tb3_teleop/lib/python3.10/site-packages'
[17.097s] Level 1:colcon.colcon_core.shell:create_environment_hook('tb3_teleop', 'pythonpath')
[17.098s] INFO:colcon.colcon_core.shell:Creating environment hook '/home/papasav/robot_ws/install/tb3_teleop/share/tb3_teleop/hook/pythonpath.ps1'
[17.099s] INFO:colcon.colcon_core.shell:Creating environment descriptor '/home/papasav/robot_ws/install/tb3_teleop/share/tb3_teleop/hook/pythonpath.dsv'
[17.100s] INFO:colcon.colcon_core.shell:Creating environment hook '/home/papasav/robot_ws/install/tb3_teleop/share/tb3_teleop/hook/pythonpath.sh'
[17.101s] Level 1:colcon.colcon_core.environment:checking '/home/papasav/robot_ws/install/tb3_teleop/bin'
[17.101s] Level 1:colcon.colcon_core.environment:create_environment_scripts_only(tb3_teleop)
[17.102s] INFO:colcon.colcon_core.shell:Creating package script '/home/papasav/robot_ws/install/tb3_teleop/share/tb3_teleop/package.ps1'
[17.104s] INFO:colcon.colcon_core.shell:Creating package descriptor '/home/papasav/robot_ws/install/tb3_teleop/share/tb3_teleop/package.dsv'
[17.105s] INFO:colcon.colcon_core.shell:Creating package script '/home/papasav/robot_ws/install/tb3_teleop/share/tb3_teleop/package.sh'
[17.106s] INFO:colcon.colcon_core.shell:Creating package script '/home/papasav/robot_ws/install/tb3_teleop/share/tb3_teleop/package.bash'
[17.107s] INFO:colcon.colcon_core.shell:Creating package script '/home/papasav/robot_ws/install/tb3_teleop/share/tb3_teleop/package.zsh'
[17.108s] Level 1:colcon.colcon_core.environment:create_file_with_runtime_dependencies(/home/papasav/robot_ws/install/tb3_teleop/share/colcon-core/packages/tb3_teleop)
[17.109s] DEBUG:colcon.colcon_parallel_executor.executor.parallel:closing loop
[17.110s] DEBUG:colcon.colcon_parallel_executor.executor.parallel:loop closed
[17.111s] DEBUG:colcon.colcon_parallel_executor.executor.parallel:run_until_complete finished with '0'
[17.111s] DEBUG:colcon.colcon_core.event_reactor:joining thread
[17.127s] INFO:colcon.colcon_core.plugin_system:Skipping extension 'colcon_notification.desktop_notification.terminal_notifier': Not used on non-Darwin systems
[17.128s] INFO:colcon.colcon_core.plugin_system:Skipping extension 'colcon_notification.desktop_notification.win32': Not used on non-Windows systems
[17.128s] INFO:colcon.colcon_notification.desktop_notification:Sending desktop notification using 'notify2'
[17.164s] DEBUG:colcon.colcon_core.event_reactor:joined thread
[17.165s] INFO:colcon.colcon_core.shell:Creating prefix script '/home/papasav/robot_ws/install/local_setup.ps1'
[17.169s] INFO:colcon.colcon_core.shell:Creating prefix util module '/home/papasav/robot_ws/install/_local_setup_util_ps1.py'
[17.174s] INFO:colcon.colcon_core.shell:Creating prefix chain script '/home/papasav/robot_ws/install/setup.ps1'
[17.188s] INFO:colcon.colcon_core.shell:Creating prefix script '/home/papasav/robot_ws/install/local_setup.sh'
[17.190s] INFO:colcon.colcon_core.shell:Creating prefix util module '/home/papasav/robot_ws/install/_local_setup_util_sh.py'
[17.191s] INFO:colcon.colcon_core.shell:Creating prefix chain script '/home/papasav/robot_ws/install/setup.sh'
[17.194s] INFO:colcon.colcon_core.shell:Creating prefix script '/home/papasav/robot_ws/install/local_setup.bash'
[17.196s] INFO:colcon.colcon_core.shell:Creating prefix chain script '/home/papasav/robot_ws/install/setup.bash'
[17.199s] INFO:colcon.colcon_core.shell:Creating prefix script '/home/papasav/robot_ws/install/local_setup.zsh'
[17.201s] INFO:colcon.colcon_core.shell:Creating prefix chain script '/home/papasav/robot_ws/install/setup.zsh'
