[2.822s] Invoking command in '/home/papasav/robot_ws/src/tb3_teleop': PYTHONPATH=/home/papasav/robot_ws/build/tb3_teleop/prefix_override:/home/papasav/robot_ws/install/tb3_teleop/lib/python3.10/site-packages:${PYTHONPATH} /usr/bin/python3 -W ignore:setup.py install is deprecated setup.py egg_info --egg-base ../../build/tb3_teleop build --build-base /home/papasav/robot_ws/build/tb3_teleop/build install --record /home/papasav/robot_ws/build/tb3_teleop/install.log --single-version-externally-managed install_data
[3.680s] running egg_info
[3.683s] writing ../../build/tb3_teleop/tb3_teleop.egg-info/PKG-INFO
[3.685s] writing dependency_links to ../../build/tb3_teleop/tb3_teleop.egg-info/dependency_links.txt
[3.686s] writing entry points to ../../build/tb3_teleop/tb3_teleop.egg-info/entry_points.txt
[3.687s] writing requirements to ../../build/tb3_teleop/tb3_teleop.egg-info/requires.txt
[3.687s] writing top-level names to ../../build/tb3_teleop/tb3_teleop.egg-info/top_level.txt
[3.693s] reading manifest file '../../build/tb3_teleop/tb3_teleop.egg-info/SOURCES.txt'
[3.696s] writing manifest file '../../build/tb3_teleop/tb3_teleop.egg-info/SOURCES.txt'
[3.697s] running build
[3.697s] running build_py
[3.699s] running install
[3.700s] running install_lib
[3.704s] running install_data
[3.705s] running install_egg_info
[3.717s] removing '/home/papasav/robot_ws/install/tb3_teleop/lib/python3.10/site-packages/tb3_teleop-0.0.0-py3.10.egg-info' (and everything under it)
[3.718s] Copying ../../build/tb3_teleop/tb3_teleop.egg-info to /home/papasav/robot_ws/install/tb3_teleop/lib/python3.10/site-packages/tb3_teleop-0.0.0-py3.10.egg-info
[3.721s] running install_scripts
[3.792s] Installing teleop script to /home/papasav/robot_ws/install/tb3_teleop/lib/tb3_teleop
[3.793s] writing list of installed files to '/home/papasav/robot_ws/build/tb3_teleop/install.log'
[3.890s] Invoked command in '/home/papasav/robot_ws/src/tb3_teleop' returned '0': PYTHONPATH=/home/papasav/robot_ws/build/tb3_teleop/prefix_override:/home/papasav/robot_ws/install/tb3_teleop/lib/python3.10/site-packages:${PYTHONPATH} /usr/bin/python3 -W ignore:setup.py install is deprecated setup.py egg_info --egg-base ../../build/tb3_teleop build --build-base /home/papasav/robot_ws/build/tb3_teleop/build install --record /home/papasav/robot_ws/build/tb3_teleop/install.log --single-version-externally-managed install_data
