[12.461s] Invoking command in '/home/bot12/robot_ws/src/tb3_description': PYTHONPATH=/home/bot12/robot_ws/build/tb3_description/prefix_override:/home/bot12/robot_ws/install/tb3_description/lib/python3.10/site-packages:${PYTHONPATH} /usr/bin/python3 -W ignore:setup.py install is deprecated setup.py egg_info --egg-base ../../build/tb3_description build --build-base /home/bot12/robot_ws/build/tb3_description/build install --record /home/bot12/robot_ws/build/tb3_description/install.log --single-version-externally-managed install_data
[15.552s] running egg_info
[15.559s] writing ../../build/tb3_description/tb3_description.egg-info/PKG-INFO
[15.563s] writing dependency_links to ../../build/tb3_description/tb3_description.egg-info/dependency_links.txt
[15.568s] writing entry points to ../../build/tb3_description/tb3_description.egg-info/entry_points.txt
[15.573s] writing requirements to ../../build/tb3_description/tb3_description.egg-info/requires.txt
[15.578s] writing top-level names to ../../build/tb3_description/tb3_description.egg-info/top_level.txt
[15.593s] reading manifest file '../../build/tb3_description/tb3_description.egg-info/SOURCES.txt'
[15.602s] writing manifest file '../../build/tb3_description/tb3_description.egg-info/SOURCES.txt'
[15.603s] running build
[15.603s] running build_py
[15.608s] running install
[15.609s] running install_lib
[15.631s] running install_data
[15.644s] running install_egg_info
[15.655s] removing '/home/bot12/robot_ws/install/tb3_description/lib/python3.10/site-packages/tb3_description-0.0.0-py3.10.egg-info' (and everything under it)
[15.656s] Copying ../../build/tb3_description/tb3_description.egg-info to /home/bot12/robot_ws/install/tb3_description/lib/python3.10/site-packages/tb3_description-0.0.0-py3.10.egg-info
[15.657s] running install_scripts
[15.848s] writing list of installed files to '/home/bot12/robot_ws/build/tb3_description/install.log'
[16.137s] Invoked command in '/home/bot12/robot_ws/src/tb3_description' returned '0': PYTHONPATH=/home/bot12/robot_ws/build/tb3_description/prefix_override:/home/bot12/robot_ws/install/tb3_description/lib/python3.10/site-packages:${PYTHONPATH} /usr/bin/python3 -W ignore:setup.py install is deprecated setup.py egg_info --egg-base ../../build/tb3_description build --build-base /home/bot12/robot_ws/build/tb3_description/build install --record /home/bot12/robot_ws/build/tb3_description/install.log --single-version-externally-managed install_data
