[0.337s] DEBUG:colcon:Command line arguments: ['/usr/bin/colcon', 'build']
[0.338s] DEBUG:colcon:Parsed command line arguments: Namespace(log_base=None, log_level=None, verb_name='build', build_base='build', install_base='install', merge_install=False, symlink_install=False, test_result_base=None, continue_on_error=False, executor='parallel', parallel_workers=2, event_handlers=None, ignore_user_meta=False, metas=['./colcon.meta'], base_paths=['.'], packages_ignore=None, packages_ignore_regex=None, paths=None, packages_up_to=None, packages_up_to_regex=None, packages_above=None, packages_above_and_dependencies=None, packages_above_depth=None, packages_select_by_dep=None, packages_skip_by_dep=None, packages_skip_up_to=None, packages_select_build_failed=False, packages_skip_build_finished=False, packages_select_test_failures=False, packages_skip_test_passed=False, packages_select=None, packages_skip=None, packages_select_regex=None, packages_skip_regex=None, packages_start=None, packages_end=None, allow_overriding=[], cmake_args=None, cmake_target=None, cmake_target_skip_unavailable=False, cmake_clean_cache=False, cmake_clean_first=False, cmake_force_configure=False, ament_cmake_args=None, catkin_cmake_args=None, catkin_skip_building_tests=False, mixin_files=None, mixin=None, verb_parser=<colcon_mixin.mixin.mixin_argument.MixinArgumentDecorator object at 0x7c9a0fd41ae0>, verb_extension=<colcon_core.verb.build.BuildVerb object at 0x7c9a0fd41450>, main=<bound method BuildVerb.main of <colcon_core.verb.build.BuildVerb object at 0x7c9a0fd41450>>, mixin_verb=('build',))
[0.867s] Level 1:colcon.colcon_core.package_discovery:discover_packages(colcon_meta) check parameters
[0.868s] Level 1:colcon.colcon_core.package_discovery:discover_packages(recursive) check parameters
[0.868s] Level 1:colcon.colcon_core.package_discovery:discover_packages(ignore) check parameters
[0.868s] Level 1:colcon.colcon_core.package_discovery:discover_packages(path) check parameters
[0.868s] Level 1:colcon.colcon_core.package_discovery:discover_packages(colcon_meta) discover
[0.868s] Level 1:colcon.colcon_core.package_discovery:discover_packages(recursive) discover
[0.868s] INFO:colcon.colcon_core.package_discovery:Crawling recursively for packages in '/home/papasav/robot_ws-main'
[0.870s] Level 1:colcon.colcon_core.package_identification:_identify(.) by extensions ['ignore', 'ignore_ament_install']
[0.871s] Level 1:colcon.colcon_core.package_identification:_identify(.) by extension 'ignore'
[0.871s] Level 1:colcon.colcon_core.package_identification:_identify(.) by extension 'ignore_ament_install'
[0.871s] Level 1:colcon.colcon_core.package_identification:_identify(.) by extensions ['colcon_pkg']
[0.871s] Level 1:colcon.colcon_core.package_identification:_identify(.) by extension 'colcon_pkg'
[0.871s] Level 1:colcon.colcon_core.package_identification:_identify(.) by extensions ['colcon_meta']
[0.871s] Level 1:colcon.colcon_core.package_identification:_identify(.) by extension 'colcon_meta'
[0.872s] Level 1:colcon.colcon_core.package_identification:_identify(.) by extensions ['ros']
[0.872s] Level 1:colcon.colcon_core.package_identification:_identify(.) by extension 'ros'
[0.906s] Level 1:colcon.colcon_core.package_identification:_identify(.) by extensions ['cmake', 'python']
[0.907s] Level 1:colcon.colcon_core.package_identification:_identify(.) by extension 'cmake'
[0.907s] Level 1:colcon.colcon_core.package_identification:_identify(.) by extension 'python'
[0.907s] Level 1:colcon.colcon_core.package_identification:_identify(.) by extensions ['python_setup_py']
[0.907s] Level 1:colcon.colcon_core.package_identification:_identify(.) by extension 'python_setup_py'
[0.908s] Level 1:colcon.colcon_core.package_identification:_identify(build) by extensions ['ignore', 'ignore_ament_install']
[0.908s] Level 1:colcon.colcon_core.package_identification:_identify(build) by extension 'ignore'
[0.908s] Level 1:colcon.colcon_core.package_identification:_identify(build) ignored
[0.909s] Level 1:colcon.colcon_core.package_identification:_identify(install) by extensions ['ignore', 'ignore_ament_install']
[0.909s] Level 1:colcon.colcon_core.package_identification:_identify(install) by extension 'ignore'
[0.909s] Level 1:colcon.colcon_core.package_identification:_identify(install) ignored
[0.910s] Level 1:colcon.colcon_core.package_identification:_identify(log) by extensions ['ignore', 'ignore_ament_install']
[0.910s] Level 1:colcon.colcon_core.package_identification:_identify(log) by extension 'ignore'
[0.910s] Level 1:colcon.colcon_core.package_identification:_identify(log) ignored
[0.910s] Level 1:colcon.colcon_core.package_identification:_identify(src) by extensions ['ignore', 'ignore_ament_install']
[0.911s] Level 1:colcon.colcon_core.package_identification:_identify(src) by extension 'ignore'
[0.911s] Level 1:colcon.colcon_core.package_identification:_identify(src) by extension 'ignore_ament_install'
[0.911s] Level 1:colcon.colcon_core.package_identification:_identify(src) by extensions ['colcon_pkg']
[0.911s] Level 1:colcon.colcon_core.package_identification:_identify(src) by extension 'colcon_pkg'
[0.912s] Level 1:colcon.colcon_core.package_identification:_identify(src) by extensions ['colcon_meta']
[0.912s] Level 1:colcon.colcon_core.package_identification:_identify(src) by extension 'colcon_meta'
[0.912s] Level 1:colcon.colcon_core.package_identification:_identify(src) by extensions ['ros']
[0.912s] Level 1:colcon.colcon_core.package_identification:_identify(src) by extension 'ros'
[0.912s] Level 1:colcon.colcon_core.package_identification:_identify(src) by extensions ['cmake', 'python']
[0.912s] Level 1:colcon.colcon_core.package_identification:_identify(src) by extension 'cmake'
[0.913s] Level 1:colcon.colcon_core.package_identification:_identify(src) by extension 'python'
[0.913s] Level 1:colcon.colcon_core.package_identification:_identify(src) by extensions ['python_setup_py']
[0.913s] Level 1:colcon.colcon_core.package_identification:_identify(src) by extension 'python_setup_py'
[0.913s] Level 1:colcon.colcon_core.package_identification:_identify(src/robot_bringup) by extensions ['ignore', 'ignore_ament_install']
[0.914s] Level 1:colcon.colcon_core.package_identification:_identify(src/robot_bringup) by extension 'ignore'
[0.914s] Level 1:colcon.colcon_core.package_identification:_identify(src/robot_bringup) by extension 'ignore_ament_install'
[0.914s] Level 1:colcon.colcon_core.package_identification:_identify(src/robot_bringup) by extensions ['colcon_pkg']
[0.914s] Level 1:colcon.colcon_core.package_identification:_identify(src/robot_bringup) by extension 'colcon_pkg'
[0.914s] Level 1:colcon.colcon_core.package_identification:_identify(src/robot_bringup) by extensions ['colcon_meta']
[0.914s] Level 1:colcon.colcon_core.package_identification:_identify(src/robot_bringup) by extension 'colcon_meta'
[0.915s] Level 1:colcon.colcon_core.package_identification:_identify(src/robot_bringup) by extensions ['ros']
[0.915s] Level 1:colcon.colcon_core.package_identification:_identify(src/robot_bringup) by extension 'ros'
[0.921s] DEBUG:colcon.colcon_core.package_identification:Package 'src/robot_bringup' with type 'ros.ament_python' and name 'robot_bringup'
[0.922s] Level 1:colcon.colcon_core.package_identification:_identify(src/tb3_description) by extensions ['ignore', 'ignore_ament_install']
[0.922s] Level 1:colcon.colcon_core.package_identification:_identify(src/tb3_description) by extension 'ignore'
[0.922s] Level 1:colcon.colcon_core.package_identification:_identify(src/tb3_description) by extension 'ignore_ament_install'
[0.923s] Level 1:colcon.colcon_core.package_identification:_identify(src/tb3_description) by extensions ['colcon_pkg']
[0.923s] Level 1:colcon.colcon_core.package_identification:_identify(src/tb3_description) by extension 'colcon_pkg'
[0.923s] Level 1:colcon.colcon_core.package_identification:_identify(src/tb3_description) by extensions ['colcon_meta']
[0.923s] Level 1:colcon.colcon_core.package_identification:_identify(src/tb3_description) by extension 'colcon_meta'
[0.923s] Level 1:colcon.colcon_core.package_identification:_identify(src/tb3_description) by extensions ['ros']
[0.923s] Level 1:colcon.colcon_core.package_identification:_identify(src/tb3_description) by extension 'ros'
[0.925s] DEBUG:colcon.colcon_core.package_identification:Package 'src/tb3_description' with type 'ros.ament_python' and name 'tb3_description'
[0.925s] Level 1:colcon.colcon_core.package_identification:_identify(src/tb3_teleop) by extensions ['ignore', 'ignore_ament_install']
[0.926s] Level 1:colcon.colcon_core.package_identification:_identify(src/tb3_teleop) by extension 'ignore'
[0.926s] Level 1:colcon.colcon_core.package_identification:_identify(src/tb3_teleop) by extension 'ignore_ament_install'
[0.926s] Level 1:colcon.colcon_core.package_identification:_identify(src/tb3_teleop) by extensions ['colcon_pkg']
[0.926s] Level 1:colcon.colcon_core.package_identification:_identify(src/tb3_teleop) by extension 'colcon_pkg'
[0.926s] Level 1:colcon.colcon_core.package_identification:_identify(src/tb3_teleop) by extensions ['colcon_meta']
[0.926s] Level 1:colcon.colcon_core.package_identification:_identify(src/tb3_teleop) by extension 'colcon_meta'
[0.927s] Level 1:colcon.colcon_core.package_identification:_identify(src/tb3_teleop) by extensions ['ros']
[0.927s] Level 1:colcon.colcon_core.package_identification:_identify(src/tb3_teleop) by extension 'ros'
[0.929s] DEBUG:colcon.colcon_core.package_identification:Package 'src/tb3_teleop' with type 'ros.ament_python' and name 'tb3_teleop'
[0.929s] Level 1:colcon.colcon_core.package_discovery:discover_packages(recursive) using defaults
[0.929s] Level 1:colcon.colcon_core.package_discovery:discover_packages(ignore) discover
[0.929s] Level 1:colcon.colcon_core.package_discovery:discover_packages(ignore) using defaults
[0.929s] Level 1:colcon.colcon_core.package_discovery:discover_packages(path) discover
[0.929s] Level 1:colcon.colcon_core.package_discovery:discover_packages(path) using defaults
[0.992s] Level 1:colcon.colcon_core.package_discovery:discover_packages(prefix_path) check parameters
[0.993s] Level 1:colcon.colcon_core.package_discovery:discover_packages(prefix_path) discover
[0.999s] DEBUG:colcon.colcon_installed_package_information.package_discovery:Found 3 installed packages in /home/papasav/robot_ws-main/install
[1.002s] DEBUG:colcon.colcon_installed_package_information.package_discovery:Found 273 installed packages in /opt/ros/humble
[1.035s] Level 1:colcon.colcon_core.package_discovery:discover_packages(prefix_path) using defaults
[1.158s] Level 5:colcon.colcon_core.verb:set package 'robot_bringup' build argument 'cmake_args' from command line to 'None'
[1.158s] Level 5:colcon.colcon_core.verb:set package 'robot_bringup' build argument 'cmake_target' from command line to 'None'
[1.158s] Level 5:colcon.colcon_core.verb:set package 'robot_bringup' build argument 'cmake_target_skip_unavailable' from command line to 'False'
[1.158s] Level 5:colcon.colcon_core.verb:set package 'robot_bringup' build argument 'cmake_clean_cache' from command line to 'False'
[1.158s] Level 5:colcon.colcon_core.verb:set package 'robot_bringup' build argument 'cmake_clean_first' from command line to 'False'
[1.158s] Level 5:colcon.colcon_core.verb:set package 'robot_bringup' build argument 'cmake_force_configure' from command line to 'False'
[1.158s] Level 5:colcon.colcon_core.verb:set package 'robot_bringup' build argument 'ament_cmake_args' from command line to 'None'
[1.158s] Level 5:colcon.colcon_core.verb:set package 'robot_bringup' build argument 'catkin_cmake_args' from command line to 'None'
[1.158s] Level 5:colcon.colcon_core.verb:set package 'robot_bringup' build argument 'catkin_skip_building_tests' from command line to 'False'
[1.159s] DEBUG:colcon.colcon_core.verb:Building package 'robot_bringup' with the following arguments: {'ament_cmake_args': None, 'build_base': '/home/papasav/robot_ws-main/build/robot_bringup', 'catkin_cmake_args': None, 'catkin_skip_building_tests': False, 'cmake_args': None, 'cmake_clean_cache': False, 'cmake_clean_first': False, 'cmake_force_configure': False, 'cmake_target': None, 'cmake_target_skip_unavailable': False, 'install_base': '/home/papasav/robot_ws-main/install/robot_bringup', 'merge_install': False, 'path': '/home/papasav/robot_ws-main/src/robot_bringup', 'symlink_install': False, 'test_result_base': None}
[1.160s] Level 5:colcon.colcon_core.verb:set package 'tb3_description' build argument 'cmake_args' from command line to 'None'
[1.160s] Level 5:colcon.colcon_core.verb:set package 'tb3_description' build argument 'cmake_target' from command line to 'None'
[1.160s] Level 5:colcon.colcon_core.verb:set package 'tb3_description' build argument 'cmake_target_skip_unavailable' from command line to 'False'
[1.160s] Level 5:colcon.colcon_core.verb:set package 'tb3_description' build argument 'cmake_clean_cache' from command line to 'False'
[1.160s] Level 5:colcon.colcon_core.verb:set package 'tb3_description' build argument 'cmake_clean_first' from command line to 'False'
[1.160s] Level 5:colcon.colcon_core.verb:set package 'tb3_description' build argument 'cmake_force_configure' from command line to 'False'
[1.160s] Level 5:colcon.colcon_core.verb:set package 'tb3_description' build argument 'ament_cmake_args' from command line to 'None'
[1.161s] Level 5:colcon.colcon_core.verb:set package 'tb3_description' build argument 'catkin_cmake_args' from command line to 'None'
[1.161s] Level 5:colcon.colcon_core.verb:set package 'tb3_description' build argument 'catkin_skip_building_tests' from command line to 'False'
[1.161s] DEBUG:colcon.colcon_core.verb:Building package 'tb3_description' with the following arguments: {'ament_cmake_args': None, 'build_base': '/home/papasav/robot_ws-main/build/tb3_description', 'catkin_cmake_args': None, 'catkin_skip_building_tests': False, 'cmake_args': None, 'cmake_clean_cache': False, 'cmake_clean_first': False, 'cmake_force_configure': False, 'cmake_target': None, 'cmake_target_skip_unavailable': False, 'install_base': '/home/papasav/robot_ws-main/install/tb3_description', 'merge_install': False, 'path': '/home/papasav/robot_ws-main/src/tb3_description', 'symlink_install': False, 'test_result_base': None}
[1.162s] Level 5:colcon.colcon_core.verb:set package 'tb3_teleop' build argument 'cmake_args' from command line to 'None'
[1.162s] Level 5:colcon.colcon_core.verb:set package 'tb3_teleop' build argument 'cmake_target' from command line to 'None'
[1.162s] Level 5:colcon.colcon_core.verb:set package 'tb3_teleop' build argument 'cmake_target_skip_unavailable' from command line to 'False'
[1.162s] Level 5:colcon.colcon_core.verb:set package 'tb3_teleop' build argument 'cmake_clean_cache' from command line to 'False'
[1.162s] Level 5:colcon.colcon_core.verb:set package 'tb3_teleop' build argument 'cmake_clean_first' from command line to 'False'
[1.162s] Level 5:colcon.colcon_core.verb:set package 'tb3_teleop' build argument 'cmake_force_configure' from command line to 'False'
[1.162s] Level 5:colcon.colcon_core.verb:set package 'tb3_teleop' build argument 'ament_cmake_args' from command line to 'None'
[1.162s] Level 5:colcon.colcon_core.verb:set package 'tb3_teleop' build argument 'catkin_cmake_args' from command line to 'None'
[1.162s] Level 5:colcon.colcon_core.verb:set package 'tb3_teleop' build argument 'catkin_skip_building_tests' from command line to 'False'
[1.163s] DEBUG:colcon.colcon_core.verb:Building package 'tb3_teleop' with the following arguments: {'ament_cmake_args': None, 'build_base': '/home/papasav/robot_ws-main/build/tb3_teleop', 'catkin_cmake_args': None, 'catkin_skip_building_tests': False, 'cmake_args': None, 'cmake_clean_cache': False, 'cmake_clean_first': False, 'cmake_force_configure': False, 'cmake_target': None, 'cmake_target_skip_unavailable': False, 'install_base': '/home/papasav/robot_ws-main/install/tb3_teleop', 'merge_install': False, 'path': '/home/papasav/robot_ws-main/src/tb3_teleop', 'symlink_install': False, 'test_result_base': None}
[1.163s] INFO:colcon.colcon_core.executor:Executing jobs using 'parallel' executor
[1.165s] DEBUG:colcon.colcon_parallel_executor.executor.parallel:run_until_complete
[1.166s] INFO:colcon.colcon_ros.task.ament_python.build:Building ROS package in '/home/papasav/robot_ws-main/src/robot_bringup' with build type 'ament_python'
[1.166s] Level 1:colcon.colcon_core.shell:create_environment_hook('robot_bringup', 'ament_prefix_path')
[1.173s] INFO:colcon.colcon_core.plugin_system:Skipping extension 'colcon_core.shell.bat': Not used on non-Windows systems
[1.173s] INFO:colcon.colcon_core.shell:Creating environment hook '/home/papasav/robot_ws-main/install/robot_bringup/share/robot_bringup/hook/ament_prefix_path.ps1'
[1.175s] INFO:colcon.colcon_core.shell:Creating environment descriptor '/home/papasav/robot_ws-main/install/robot_bringup/share/robot_bringup/hook/ament_prefix_path.dsv'
[1.178s] INFO:colcon.colcon_core.shell:Creating environment hook '/home/papasav/robot_ws-main/install/robot_bringup/share/robot_bringup/hook/ament_prefix_path.sh'
[1.181s] INFO:colcon.colcon_core.shell:Skip shell extension 'powershell' for command environment: Not usable outside of PowerShell
[1.181s] DEBUG:colcon.colcon_core.shell:Skip shell extension 'dsv' for command environment
[1.194s] INFO:colcon.colcon_ros.task.ament_python.build:Building ROS package in '/home/papasav/robot_ws-main/src/tb3_description' with build type 'ament_python'
[1.195s] Level 1:colcon.colcon_core.shell:create_environment_hook('tb3_description', 'ament_prefix_path')
[1.195s] INFO:colcon.colcon_core.shell:Creating environment hook '/home/papasav/robot_ws-main/install/tb3_description/share/tb3_description/hook/ament_prefix_path.ps1'
[1.197s] INFO:colcon.colcon_core.shell:Creating environment descriptor '/home/papasav/robot_ws-main/install/tb3_description/share/tb3_description/hook/ament_prefix_path.dsv'
[1.198s] INFO:colcon.colcon_core.shell:Creating environment hook '/home/papasav/robot_ws-main/install/tb3_description/share/tb3_description/hook/ament_prefix_path.sh'
[1.200s] INFO:colcon.colcon_core.shell:Skip shell extension 'powershell' for command environment: Not usable outside of PowerShell
[1.200s] DEBUG:colcon.colcon_core.shell:Skip shell extension 'dsv' for command environment
[2.028s] INFO:colcon.colcon_core.task.python.build:Building Python package in '/home/papasav/robot_ws-main/src/robot_bringup'
[2.029s] INFO:colcon.colcon_core.shell:Skip shell extension 'powershell' for command environment: Not usable outside of PowerShell
[2.029s] DEBUG:colcon.colcon_core.shell:Skip shell extension 'dsv' for command environment
[2.853s] INFO:colcon.colcon_core.task.python.build:Building Python package in '/home/papasav/robot_ws-main/src/tb3_description'
[2.853s] INFO:colcon.colcon_core.shell:Skip shell extension 'powershell' for command environment: Not usable outside of PowerShell
[2.854s] DEBUG:colcon.colcon_core.shell:Skip shell extension 'dsv' for command environment
[5.711s] DEBUG:colcon.colcon_core.event_handler.log_command:Invoking command in '/home/papasav/robot_ws-main/src/tb3_description': PYTHONPATH=/home/papasav/robot_ws-main/build/tb3_description/prefix_override:/home/papasav/robot_ws-main/install/tb3_description/lib/python3.10/site-packages:${PYTHONPATH} /usr/bin/python3 -W ignore:setup.py install is deprecated setup.py egg_info --egg-base ../../build/tb3_description build --build-base /home/papasav/robot_ws-main/build/tb3_description/build install --record /home/papasav/robot_ws-main/build/tb3_description/install.log --single-version-externally-managed install_data
[5.746s] DEBUG:colcon.colcon_core.event_handler.log_command:Invoking command in '/home/papasav/robot_ws-main/src/robot_bringup': PYTHONPATH=/home/papasav/robot_ws-main/build/robot_bringup/prefix_override:/home/papasav/robot_ws-main/install/robot_bringup/lib/python3.10/site-packages:${PYTHONPATH} /usr/bin/python3 -W ignore:setup.py install is deprecated setup.py egg_info --egg-base ../../build/robot_bringup build --build-base /home/papasav/robot_ws-main/build/robot_bringup/build install --record /home/papasav/robot_ws-main/build/robot_bringup/install.log --single-version-externally-managed install_data
[7.480s] DEBUG:colcon.colcon_core.event_handler.log_command:Invoked command in '/home/papasav/robot_ws-main/src/robot_bringup' returned '0': PYTHONPATH=/home/papasav/robot_ws-main/build/robot_bringup/prefix_override:/home/papasav/robot_ws-main/install/robot_bringup/lib/python3.10/site-packages:${PYTHONPATH} /usr/bin/python3 -W ignore:setup.py install is deprecated setup.py egg_info --egg-base ../../build/robot_bringup build --build-base /home/papasav/robot_ws-main/build/robot_bringup/build install --record /home/papasav/robot_ws-main/build/robot_bringup/install.log --single-version-externally-managed install_data
[7.484s] Level 1:colcon.colcon_core.environment:checking '/home/papasav/robot_ws-main/install/robot_bringup' for CMake module files
[7.485s] Level 1:colcon.colcon_core.environment:checking '/home/papasav/robot_ws-main/install/robot_bringup' for CMake config files
[7.495s] Level 1:colcon.colcon_core.environment:checking '/home/papasav/robot_ws-main/install/robot_bringup/lib'
[7.496s] Level 1:colcon.colcon_core.environment:checking '/home/papasav/robot_ws-main/install/robot_bringup/bin'
[7.496s] Level 1:colcon.colcon_core.environment:checking '/home/papasav/robot_ws-main/install/robot_bringup/lib/pkgconfig/robot_bringup.pc'
[7.497s] Level 1:colcon.colcon_core.environment:checking '/home/papasav/robot_ws-main/install/robot_bringup/lib/python3.10/site-packages'
[7.498s] Level 1:colcon.colcon_core.shell:create_environment_hook('robot_bringup', 'pythonpath')
[7.498s] INFO:colcon.colcon_core.shell:Creating environment hook '/home/papasav/robot_ws-main/install/robot_bringup/share/robot_bringup/hook/pythonpath.ps1'
[7.506s] INFO:colcon.colcon_core.shell:Creating environment descriptor '/home/papasav/robot_ws-main/install/robot_bringup/share/robot_bringup/hook/pythonpath.dsv'
[7.508s] INFO:colcon.colcon_core.shell:Creating environment hook '/home/papasav/robot_ws-main/install/robot_bringup/share/robot_bringup/hook/pythonpath.sh'
[7.511s] Level 1:colcon.colcon_core.environment:checking '/home/papasav/robot_ws-main/install/robot_bringup/bin'
[7.511s] Level 1:colcon.colcon_core.environment:create_environment_scripts_only(robot_bringup)
[7.512s] INFO:colcon.colcon_core.shell:Creating package script '/home/papasav/robot_ws-main/install/robot_bringup/share/robot_bringup/package.ps1'
[7.514s] INFO:colcon.colcon_core.shell:Creating package descriptor '/home/papasav/robot_ws-main/install/robot_bringup/share/robot_bringup/package.dsv'
[7.516s] INFO:colcon.colcon_core.shell:Creating package script '/home/papasav/robot_ws-main/install/robot_bringup/share/robot_bringup/package.sh'
[7.518s] INFO:colcon.colcon_core.shell:Creating package script '/home/papasav/robot_ws-main/install/robot_bringup/share/robot_bringup/package.bash'
[7.537s] INFO:colcon.colcon_core.shell:Creating package script '/home/papasav/robot_ws-main/install/robot_bringup/share/robot_bringup/package.zsh'
[7.539s] Level 1:colcon.colcon_core.environment:create_file_with_runtime_dependencies(/home/papasav/robot_ws-main/install/robot_bringup/share/colcon-core/packages/robot_bringup)
[7.545s] INFO:colcon.colcon_ros.task.ament_python.build:Building ROS package in '/home/papasav/robot_ws-main/src/tb3_teleop' with build type 'ament_python'
[7.546s] Level 1:colcon.colcon_core.shell:create_environment_hook('tb3_teleop', 'ament_prefix_path')
[7.546s] INFO:colcon.colcon_core.shell:Creating environment hook '/home/papasav/robot_ws-main/install/tb3_teleop/share/tb3_teleop/hook/ament_prefix_path.ps1'
[7.548s] INFO:colcon.colcon_core.shell:Creating environment descriptor '/home/papasav/robot_ws-main/install/tb3_teleop/share/tb3_teleop/hook/ament_prefix_path.dsv'
[7.549s] INFO:colcon.colcon_core.shell:Creating environment hook '/home/papasav/robot_ws-main/install/tb3_teleop/share/tb3_teleop/hook/ament_prefix_path.sh'
[7.550s] INFO:colcon.colcon_core.shell:Skip shell extension 'powershell' for command environment: Not usable outside of PowerShell
[7.550s] DEBUG:colcon.colcon_core.shell:Skip shell extension 'dsv' for command environment
[8.481s] INFO:colcon.colcon_core.task.python.build:Building Python package in '/home/papasav/robot_ws-main/src/tb3_teleop'
[8.482s] INFO:colcon.colcon_core.shell:Skip shell extension 'powershell' for command environment: Not usable outside of PowerShell
[8.482s] DEBUG:colcon.colcon_core.shell:Skip shell extension 'dsv' for command environment
[8.494s] Level 1:colcon.colcon_core.environment:checking '/home/papasav/robot_ws-main/install/tb3_description' for CMake module files
[8.495s] Level 1:colcon.colcon_core.environment:checking '/home/papasav/robot_ws-main/install/tb3_description' for CMake config files
[8.497s] Level 1:colcon.colcon_core.environment:checking '/home/papasav/robot_ws-main/install/tb3_description/lib'
[8.497s] Level 1:colcon.colcon_core.environment:checking '/home/papasav/robot_ws-main/install/tb3_description/bin'
[8.498s] Level 1:colcon.colcon_core.environment:checking '/home/papasav/robot_ws-main/install/tb3_description/lib/pkgconfig/tb3_description.pc'
[8.498s] Level 1:colcon.colcon_core.environment:checking '/home/papasav/robot_ws-main/install/tb3_description/lib/python3.10/site-packages'
[8.499s] Level 1:colcon.colcon_core.shell:create_environment_hook('tb3_description', 'pythonpath')
[8.501s] INFO:colcon.colcon_core.shell:Creating environment hook '/home/papasav/robot_ws-main/install/tb3_description/share/tb3_description/hook/pythonpath.ps1'
[8.502s] INFO:colcon.colcon_core.shell:Creating environment descriptor '/home/papasav/robot_ws-main/install/tb3_description/share/tb3_description/hook/pythonpath.dsv'
[8.503s] INFO:colcon.colcon_core.shell:Creating environment hook '/home/papasav/robot_ws-main/install/tb3_description/share/tb3_description/hook/pythonpath.sh'
[8.506s] Level 1:colcon.colcon_core.environment:checking '/home/papasav/robot_ws-main/install/tb3_description/bin'
[8.507s] DEBUG:colcon.colcon_core.event_handler.log_command:Invoked command in '/home/papasav/robot_ws-main/src/tb3_description' returned '0': PYTHONPATH=/home/papasav/robot_ws-main/build/tb3_description/prefix_override:/home/papasav/robot_ws-main/install/tb3_description/lib/python3.10/site-packages:${PYTHONPATH} /usr/bin/python3 -W ignore:setup.py install is deprecated setup.py egg_info --egg-base ../../build/tb3_description build --build-base /home/papasav/robot_ws-main/build/tb3_description/build install --record /home/papasav/robot_ws-main/build/tb3_description/install.log --single-version-externally-managed install_data
[8.508s] Level 1:colcon.colcon_core.environment:create_environment_scripts_only(tb3_description)
[8.509s] INFO:colcon.colcon_core.shell:Creating package script '/home/papasav/robot_ws-main/install/tb3_description/share/tb3_description/package.ps1'
[8.511s] INFO:colcon.colcon_core.shell:Creating package descriptor '/home/papasav/robot_ws-main/install/tb3_description/share/tb3_description/package.dsv'
[8.513s] INFO:colcon.colcon_core.shell:Creating package script '/home/papasav/robot_ws-main/install/tb3_description/share/tb3_description/package.sh'
[8.514s] INFO:colcon.colcon_core.shell:Creating package script '/home/papasav/robot_ws-main/install/tb3_description/share/tb3_description/package.bash'
[8.515s] INFO:colcon.colcon_core.shell:Creating package script '/home/papasav/robot_ws-main/install/tb3_description/share/tb3_description/package.zsh'
[8.517s] Level 1:colcon.colcon_core.environment:create_file_with_runtime_dependencies(/home/papasav/robot_ws-main/install/tb3_description/share/colcon-core/packages/tb3_description)
[10.006s] DEBUG:colcon.colcon_core.event_handler.log_command:Invoking command in '/home/papasav/robot_ws-main/src/tb3_teleop': PYTHONPATH=/home/papasav/robot_ws-main/build/tb3_teleop/prefix_override:/home/papasav/robot_ws-main/install/tb3_teleop/lib/python3.10/site-packages:${PYTHONPATH} /usr/bin/python3 -W ignore:setup.py install is deprecated setup.py egg_info --egg-base ../../build/tb3_teleop build --build-base /home/papasav/robot_ws-main/build/tb3_teleop/build install --record /home/papasav/robot_ws-main/build/tb3_teleop/install.log --single-version-externally-managed install_data
[10.960s] Level 1:colcon.colcon_core.environment:checking '/home/papasav/robot_ws-main/install/tb3_teleop' for CMake module files
[10.961s] Level 1:colcon.colcon_core.environment:checking '/home/papasav/robot_ws-main/install/tb3_teleop' for CMake config files
[10.964s] DEBUG:colcon.colcon_core.event_handler.log_command:Invoked command in '/home/papasav/robot_ws-main/src/tb3_teleop' returned '0': PYTHONPATH=/home/papasav/robot_ws-main/build/tb3_teleop/prefix_override:/home/papasav/robot_ws-main/install/tb3_teleop/lib/python3.10/site-packages:${PYTHONPATH} /usr/bin/python3 -W ignore:setup.py install is deprecated setup.py egg_info --egg-base ../../build/tb3_teleop build --build-base /home/papasav/robot_ws-main/build/tb3_teleop/build install --record /home/papasav/robot_ws-main/build/tb3_teleop/install.log --single-version-externally-managed install_data
[10.966s] Level 1:colcon.colcon_core.environment:checking '/home/papasav/robot_ws-main/install/tb3_teleop/lib'
[10.967s] Level 1:colcon.colcon_core.environment:checking '/home/papasav/robot_ws-main/install/tb3_teleop/bin'
[10.967s] Level 1:colcon.colcon_core.environment:checking '/home/papasav/robot_ws-main/install/tb3_teleop/lib/pkgconfig/tb3_teleop.pc'
[10.967s] Level 1:colcon.colcon_core.environment:checking '/home/papasav/robot_ws-main/install/tb3_teleop/lib/python3.10/site-packages'
[10.968s] Level 1:colcon.colcon_core.shell:create_environment_hook('tb3_teleop', 'pythonpath')
[10.968s] INFO:colcon.colcon_core.shell:Creating environment hook '/home/papasav/robot_ws-main/install/tb3_teleop/share/tb3_teleop/hook/pythonpath.ps1'
[10.970s] INFO:colcon.colcon_core.shell:Creating environment descriptor '/home/papasav/robot_ws-main/install/tb3_teleop/share/tb3_teleop/hook/pythonpath.dsv'
[10.971s] INFO:colcon.colcon_core.shell:Creating environment hook '/home/papasav/robot_ws-main/install/tb3_teleop/share/tb3_teleop/hook/pythonpath.sh'
[10.973s] Level 1:colcon.colcon_core.environment:checking '/home/papasav/robot_ws-main/install/tb3_teleop/bin'
[10.973s] Level 1:colcon.colcon_core.environment:create_environment_scripts_only(tb3_teleop)
[10.974s] INFO:colcon.colcon_core.shell:Creating package script '/home/papasav/robot_ws-main/install/tb3_teleop/share/tb3_teleop/package.ps1'
[10.975s] INFO:colcon.colcon_core.shell:Creating package descriptor '/home/papasav/robot_ws-main/install/tb3_teleop/share/tb3_teleop/package.dsv'
[10.977s] INFO:colcon.colcon_core.shell:Creating package script '/home/papasav/robot_ws-main/install/tb3_teleop/share/tb3_teleop/package.sh'
[10.978s] INFO:colcon.colcon_core.shell:Creating package script '/home/papasav/robot_ws-main/install/tb3_teleop/share/tb3_teleop/package.bash'
[10.980s] INFO:colcon.colcon_core.shell:Creating package script '/home/papasav/robot_ws-main/install/tb3_teleop/share/tb3_teleop/package.zsh'
[10.981s] Level 1:colcon.colcon_core.environment:create_file_with_runtime_dependencies(/home/papasav/robot_ws-main/install/tb3_teleop/share/colcon-core/packages/tb3_teleop)
[10.984s] DEBUG:colcon.colcon_parallel_executor.executor.parallel:closing loop
[10.984s] DEBUG:colcon.colcon_parallel_executor.executor.parallel:loop closed
[10.985s] DEBUG:colcon.colcon_parallel_executor.executor.parallel:run_until_complete finished with '0'
[10.985s] DEBUG:colcon.colcon_core.event_reactor:joining thread
[11.021s] INFO:colcon.colcon_core.plugin_system:Skipping extension 'colcon_notification.desktop_notification.terminal_notifier': Not used on non-Darwin systems
[11.022s] INFO:colcon.colcon_core.plugin_system:Skipping extension 'colcon_notification.desktop_notification.win32': Not used on non-Windows systems
[11.022s] INFO:colcon.colcon_notification.desktop_notification:Sending desktop notification using 'notify2'
[11.066s] DEBUG:colcon.colcon_core.event_reactor:joined thread
[11.067s] INFO:colcon.colcon_core.shell:Creating prefix script '/home/papasav/robot_ws-main/install/local_setup.ps1'
[11.069s] INFO:colcon.colcon_core.shell:Creating prefix util module '/home/papasav/robot_ws-main/install/_local_setup_util_ps1.py'
[11.082s] INFO:colcon.colcon_core.shell:Creating prefix chain script '/home/papasav/robot_ws-main/install/setup.ps1'
[11.086s] INFO:colcon.colcon_core.shell:Creating prefix script '/home/papasav/robot_ws-main/install/local_setup.sh'
[11.088s] INFO:colcon.colcon_core.shell:Creating prefix util module '/home/papasav/robot_ws-main/install/_local_setup_util_sh.py'
[11.090s] INFO:colcon.colcon_core.shell:Creating prefix chain script '/home/papasav/robot_ws-main/install/setup.sh'
[11.093s] INFO:colcon.colcon_core.shell:Creating prefix script '/home/papasav/robot_ws-main/install/local_setup.bash'
[11.095s] INFO:colcon.colcon_core.shell:Creating prefix chain script '/home/papasav/robot_ws-main/install/setup.bash'
[11.098s] INFO:colcon.colcon_core.shell:Creating prefix script '/home/papasav/robot_ws-main/install/local_setup.zsh'
[11.100s] INFO:colcon.colcon_core.shell:Creating prefix chain script '/home/papasav/robot_ws-main/install/setup.zsh'
