[7.877s] Invoking command in '/home/bot12/robot_ws/src/tb3_description': PYTHONPATH=/home/bot12/robot_ws/build/tb3_description/prefix_override:/home/bot12/robot_ws/install/tb3_description/lib/python3.10/site-packages:${PYTHONPATH} /usr/bin/python3 -W ignore:setup.py install is deprecated setup.py egg_info --egg-base ../../build/tb3_description build --build-base /home/bot12/robot_ws/build/tb3_description/build install --record /home/bot12/robot_ws/build/tb3_description/install.log --single-version-externally-managed install_data
[9.705s] running egg_info
[9.708s] writing ../../build/tb3_description/tb3_description.egg-info/PKG-INFO
[9.711s] writing dependency_links to ../../build/tb3_description/tb3_description.egg-info/dependency_links.txt
[9.712s] writing entry points to ../../build/tb3_description/tb3_description.egg-info/entry_points.txt
[9.714s] writing requirements to ../../build/tb3_description/tb3_description.egg-info/requires.txt
[9.715s] writing top-level names to ../../build/tb3_description/tb3_description.egg-info/top_level.txt
[9.730s] reading manifest file '../../build/tb3_description/tb3_description.egg-info/SOURCES.txt'
[9.736s] writing manifest file '../../build/tb3_description/tb3_description.egg-info/SOURCES.txt'
[9.737s] running build
[9.738s] running build_py
[9.739s] running install
[9.743s] running install_lib
[9.750s] running install_data
[9.752s] copying urdf/laser.urdf.xacro -> /home/bot12/robot_ws/install/tb3_description/share/tb3_description/urdf
[9.753s] copying urdf/turtlebot3_burger_base.urdf.xacro -> /home/bot12/robot_ws/install/tb3_description/share/tb3_description/urdf
[9.754s] copying urdf/camera.urdf.xacro -> /home/bot12/robot_ws/install/tb3_description/share/tb3_description/urdf
[9.757s] running install_egg_info
[9.765s] removing '/home/bot12/robot_ws/install/tb3_description/lib/python3.10/site-packages/tb3_description-0.0.0-py3.10.egg-info' (and everything under it)
[9.767s] Copying ../../build/tb3_description/tb3_description.egg-info to /home/bot12/robot_ws/install/tb3_description/lib/python3.10/site-packages/tb3_description-0.0.0-py3.10.egg-info
[9.775s] running install_scripts
[9.893s] writing list of installed files to '/home/bot12/robot_ws/build/tb3_description/install.log'
[10.269s] Invoked command in '/home/bot12/robot_ws/src/tb3_description' returned '0': PYTHONPATH=/home/bot12/robot_ws/build/tb3_description/prefix_override:/home/bot12/robot_ws/install/tb3_description/lib/python3.10/site-packages:${PYTHONPATH} /usr/bin/python3 -W ignore:setup.py install is deprecated setup.py egg_info --egg-base ../../build/tb3_description build --build-base /home/bot12/robot_ws/build/tb3_description/build install --record /home/bot12/robot_ws/build/tb3_description/install.log --single-version-externally-managed install_data
