[9.791s] Invoking command in '/home/bot12/robot_ws/src/robot_bringup': PYTHONPATH=/home/bot12/robot_ws/build/robot_bringup/prefix_override:/home/bot12/robot_ws/install/robot_bringup/lib/python3.10/site-packages:${PYTHONPATH} /usr/bin/python3 -W ignore:setup.py install is deprecated setup.py egg_info --egg-base ../../build/robot_bringup build --build-base /home/bot12/robot_ws/build/robot_bringup/build install --record /home/bot12/robot_ws/build/robot_bringup/install.log --single-version-externally-managed install_data
[12.516s] running egg_info
[12.525s] writing ../../build/robot_bringup/robot_bringup.egg-info/PKG-INFO
[12.527s] writing dependency_links to ../../build/robot_bringup/robot_bringup.egg-info/dependency_links.txt
[12.531s] writing entry points to ../../build/robot_bringup/robot_bringup.egg-info/entry_points.txt
[12.538s] writing requirements to ../../build/robot_bringup/robot_bringup.egg-info/requires.txt
[12.539s] writing top-level names to ../../build/robot_bringup/robot_bringup.egg-info/top_level.txt
[12.555s] reading manifest file '../../build/robot_bringup/robot_bringup.egg-info/SOURCES.txt'
[12.566s] writing manifest file '../../build/robot_bringup/robot_bringup.egg-info/SOURCES.txt'
[12.570s] running build
[12.572s] running build_py
[12.575s] running install
[12.581s] running install_lib
[12.593s] running install_data
[12.595s] running install_egg_info
[12.611s] removing '/home/bot12/robot_ws/install/robot_bringup/lib/python3.10/site-packages/robot_bringup-0.0.0-py3.10.egg-info' (and everything under it)
[12.615s] Copying ../../build/robot_bringup/robot_bringup.egg-info to /home/bot12/robot_ws/install/robot_bringup/lib/python3.10/site-packages/robot_bringup-0.0.0-py3.10.egg-info
[12.637s] running install_scripts
[12.862s] Installing robmove script to /home/bot12/robot_ws/install/robot_bringup/lib/robot_bringup
[12.874s] writing list of installed files to '/home/bot12/robot_ws/build/robot_bringup/install.log'
[13.221s] Invoked command in '/home/bot12/robot_ws/src/robot_bringup' returned '0': PYTHONPATH=/home/bot12/robot_ws/build/robot_bringup/prefix_override:/home/bot12/robot_ws/install/robot_bringup/lib/python3.10/site-packages:${PYTHONPATH} /usr/bin/python3 -W ignore:setup.py install is deprecated setup.py egg_info --egg-base ../../build/robot_bringup build --build-base /home/bot12/robot_ws/build/robot_bringup/build install --record /home/bot12/robot_ws/build/robot_bringup/install.log --single-version-externally-managed install_data
