[8.338s] Invoking command in '/home/bot12/robot_ws/src/robot_bringup': PYTHONPATH=/home/bot12/robot_ws/build/robot_bringup/prefix_override:/home/bot12/robot_ws/install/robot_bringup/lib/python3.10/site-packages:${PYTHONPATH} /usr/bin/python3 -W ignore:setup.py install is deprecated setup.py egg_info --egg-base ../../build/robot_bringup build --build-base /home/bot12/robot_ws/build/robot_bringup/build install --record /home/bot12/robot_ws/build/robot_bringup/install.log --single-version-externally-managed install_data
[10.218s] running egg_info
[10.223s] writing ../../build/robot_bringup/robot_bringup.egg-info/PKG-INFO
[10.223s] writing dependency_links to ../../build/robot_bringup/robot_bringup.egg-info/dependency_links.txt
[10.225s] writing entry points to ../../build/robot_bringup/robot_bringup.egg-info/entry_points.txt
[10.227s] writing requirements to ../../build/robot_bringup/robot_bringup.egg-info/requires.txt
[10.233s] writing top-level names to ../../build/robot_bringup/robot_bringup.egg-info/top_level.txt
[10.237s] reading manifest file '../../build/robot_bringup/robot_bringup.egg-info/SOURCES.txt'
[10.247s] writing manifest file '../../build/robot_bringup/robot_bringup.egg-info/SOURCES.txt'
[10.248s] running build
[10.259s] running build_py
[10.283s] running install
[10.285s] running install_lib
[10.286s] running install_data
[10.289s] running install_egg_info
[10.289s] removing '/home/bot12/robot_ws/install/robot_bringup/lib/python3.10/site-packages/robot_bringup-0.0.0-py3.10.egg-info' (and everything under it)
[10.290s] Copying ../../build/robot_bringup/robot_bringup.egg-info to /home/bot12/robot_ws/install/robot_bringup/lib/python3.10/site-packages/robot_bringup-0.0.0-py3.10.egg-info
[10.292s] running install_scripts
[10.425s] Installing robmove script to /home/bot12/robot_ws/install/robot_bringup/lib/robot_bringup
[10.430s] writing list of installed files to '/home/bot12/robot_ws/build/robot_bringup/install.log'
[10.810s] Invoked command in '/home/bot12/robot_ws/src/robot_bringup' returned '0': PYTHONPATH=/home/bot12/robot_ws/build/robot_bringup/prefix_override:/home/bot12/robot_ws/install/robot_bringup/lib/python3.10/site-packages:${PYTHONPATH} /usr/bin/python3 -W ignore:setup.py install is deprecated setup.py egg_info --egg-base ../../build/robot_bringup build --build-base /home/bot12/robot_ws/build/robot_bringup/build install --record /home/bot12/robot_ws/build/robot_bringup/install.log --single-version-externally-managed install_data
