[0.604s] DEBUG:colcon:Command line arguments: ['/usr/bin/colcon', 'build']
[0.604s] DEBUG:colcon:Parsed command line arguments: Namespace(log_base=None, log_level=None, verb_name='build', build_base='build', install_base='install', merge_install=False, symlink_install=False, test_result_base=None, continue_on_error=False, executor='parallel', parallel_workers=4, event_handlers=None, ignore_user_meta=False, metas=['./colcon.meta'], base_paths=['.'], packages_ignore=None, packages_ignore_regex=None, paths=None, packages_up_to=None, packages_up_to_regex=None, packages_above=None, packages_above_and_dependencies=None, packages_above_depth=None, packages_select_by_dep=None, packages_skip_by_dep=None, packages_skip_up_to=None, packages_select_build_failed=False, packages_skip_build_finished=False, packages_select_test_failures=False, packages_skip_test_passed=False, packages_select=None, packages_skip=None, packages_select_regex=None, packages_skip_regex=None, packages_start=None, packages_end=None, allow_overriding=[], cmake_args=None, cmake_target=None, cmake_target_skip_unavailable=False, cmake_clean_cache=False, cmake_clean_first=False, cmake_force_configure=False, ament_cmake_args=None, catkin_cmake_args=None, catkin_skip_building_tests=False, mixin_files=None, mixin=None, verb_parser=<colcon_mixin.mixin.mixin_argument.MixinArgumentDecorator object at 0xffff9899dea0>, verb_extension=<colcon_core.verb.build.BuildVerb object at 0xffff98ada4a0>, main=<bound method BuildVerb.main of <colcon_core.verb.build.BuildVerb object at 0xffff98ada4a0>>, mixin_verb=('build',))
[1.765s] Level 1:colcon.colcon_core.package_discovery:discover_packages(colcon_meta) check parameters
[1.766s] Level 1:colcon.colcon_core.package_discovery:discover_packages(recursive) check parameters
[1.766s] Level 1:colcon.colcon_core.package_discovery:discover_packages(ignore) check parameters
[1.766s] Level 1:colcon.colcon_core.package_discovery:discover_packages(path) check parameters
[1.766s] Level 1:colcon.colcon_core.package_discovery:discover_packages(colcon_meta) discover
[1.767s] Level 1:colcon.colcon_core.package_discovery:discover_packages(recursive) discover
[1.767s] INFO:colcon.colcon_core.package_discovery:Crawling recursively for packages in '/home/bot12/robot_ws'
[1.767s] Level 1:colcon.colcon_core.package_identification:_identify(.) by extensions ['ignore', 'ignore_ament_install']
[1.768s] Level 1:colcon.colcon_core.package_identification:_identify(.) by extension 'ignore'
[1.768s] Level 1:colcon.colcon_core.package_identification:_identify(.) by extension 'ignore_ament_install'
[1.769s] Level 1:colcon.colcon_core.package_identification:_identify(.) by extensions ['colcon_pkg']
[1.769s] Level 1:colcon.colcon_core.package_identification:_identify(.) by extension 'colcon_pkg'
[1.769s] Level 1:colcon.colcon_core.package_identification:_identify(.) by extensions ['colcon_meta']
[1.770s] Level 1:colcon.colcon_core.package_identification:_identify(.) by extension 'colcon_meta'
[1.770s] Level 1:colcon.colcon_core.package_identification:_identify(.) by extensions ['ros']
[1.770s] Level 1:colcon.colcon_core.package_identification:_identify(.) by extension 'ros'
[1.835s] Level 1:colcon.colcon_core.package_identification:_identify(.) by extensions ['cmake', 'python']
[1.836s] Level 1:colcon.colcon_core.package_identification:_identify(.) by extension 'cmake'
[1.837s] Level 1:colcon.colcon_core.package_identification:_identify(.) by extension 'python'
[1.837s] Level 1:colcon.colcon_core.package_identification:_identify(.) by extensions ['python_setup_py']
[1.837s] Level 1:colcon.colcon_core.package_identification:_identify(.) by extension 'python_setup_py'
[1.838s] Level 1:colcon.colcon_core.package_identification:_identify(build) by extensions ['ignore', 'ignore_ament_install']
[1.838s] Level 1:colcon.colcon_core.package_identification:_identify(build) by extension 'ignore'
[1.838s] Level 1:colcon.colcon_core.package_identification:_identify(build) ignored
[1.839s] Level 1:colcon.colcon_core.package_identification:_identify(install) by extensions ['ignore', 'ignore_ament_install']
[1.840s] Level 1:colcon.colcon_core.package_identification:_identify(install) by extension 'ignore'
[1.840s] Level 1:colcon.colcon_core.package_identification:_identify(install) ignored
[1.843s] Level 1:colcon.colcon_core.package_identification:_identify(log) by extensions ['ignore', 'ignore_ament_install']
[1.844s] Level 1:colcon.colcon_core.package_identification:_identify(log) by extension 'ignore'
[1.845s] Level 1:colcon.colcon_core.package_identification:_identify(log) ignored
[1.846s] Level 1:colcon.colcon_core.package_identification:_identify(src) by extensions ['ignore', 'ignore_ament_install']
[1.846s] Level 1:colcon.colcon_core.package_identification:_identify(src) by extension 'ignore'
[1.846s] Level 1:colcon.colcon_core.package_identification:_identify(src) by extension 'ignore_ament_install'
[1.847s] Level 1:colcon.colcon_core.package_identification:_identify(src) by extensions ['colcon_pkg']
[1.847s] Level 1:colcon.colcon_core.package_identification:_identify(src) by extension 'colcon_pkg'
[1.847s] Level 1:colcon.colcon_core.package_identification:_identify(src) by extensions ['colcon_meta']
[1.847s] Level 1:colcon.colcon_core.package_identification:_identify(src) by extension 'colcon_meta'
[1.847s] Level 1:colcon.colcon_core.package_identification:_identify(src) by extensions ['ros']
[1.847s] Level 1:colcon.colcon_core.package_identification:_identify(src) by extension 'ros'
[1.848s] Level 1:colcon.colcon_core.package_identification:_identify(src) by extensions ['cmake', 'python']
[1.848s] Level 1:colcon.colcon_core.package_identification:_identify(src) by extension 'cmake'
[1.848s] Level 1:colcon.colcon_core.package_identification:_identify(src) by extension 'python'
[1.848s] Level 1:colcon.colcon_core.package_identification:_identify(src) by extensions ['python_setup_py']
[1.849s] Level 1:colcon.colcon_core.package_identification:_identify(src) by extension 'python_setup_py'
[1.849s] Level 1:colcon.colcon_core.package_identification:_identify(src/tb3_teleop) by extensions ['ignore', 'ignore_ament_install']
[1.850s] Level 1:colcon.colcon_core.package_identification:_identify(src/tb3_teleop) by extension 'ignore'
[1.850s] Level 1:colcon.colcon_core.package_identification:_identify(src/tb3_teleop) by extension 'ignore_ament_install'
[1.851s] Level 1:colcon.colcon_core.package_identification:_identify(src/tb3_teleop) by extensions ['colcon_pkg']
[1.851s] Level 1:colcon.colcon_core.package_identification:_identify(src/tb3_teleop) by extension 'colcon_pkg'
[1.851s] Level 1:colcon.colcon_core.package_identification:_identify(src/tb3_teleop) by extensions ['colcon_meta']
[1.851s] Level 1:colcon.colcon_core.package_identification:_identify(src/tb3_teleop) by extension 'colcon_meta'
[1.851s] Level 1:colcon.colcon_core.package_identification:_identify(src/tb3_teleop) by extensions ['ros']
[1.851s] Level 1:colcon.colcon_core.package_identification:_identify(src/tb3_teleop) by extension 'ros'
[1.863s] DEBUG:colcon.colcon_core.package_identification:Package 'src/tb3_teleop' with type 'ros.ament_python' and name 'tb3_teleop'
[1.863s] Level 1:colcon.colcon_core.package_discovery:discover_packages(recursive) using defaults
[1.864s] Level 1:colcon.colcon_core.package_discovery:discover_packages(ignore) discover
[1.864s] Level 1:colcon.colcon_core.package_discovery:discover_packages(ignore) using defaults
[1.864s] Level 1:colcon.colcon_core.package_discovery:discover_packages(path) discover
[1.864s] Level 1:colcon.colcon_core.package_discovery:discover_packages(path) using defaults
[1.984s] Level 1:colcon.colcon_core.package_discovery:discover_packages(prefix_path) check parameters
[1.985s] Level 1:colcon.colcon_core.package_discovery:discover_packages(prefix_path) discover
[1.995s] DEBUG:colcon.colcon_installed_package_information.package_discovery:Found 1 installed packages in /home/bot12/robot_ws/install
[2.039s] DEBUG:colcon.colcon_installed_package_information.package_discovery:Found 7 installed packages in /home/bot12/turtlebot3_ws/install
[2.048s] DEBUG:colcon.colcon_installed_package_information.package_discovery:Found 273 installed packages in /opt/ros/humble
[2.055s] Level 1:colcon.colcon_core.package_discovery:discover_packages(prefix_path) using defaults
[2.294s] Level 5:colcon.colcon_core.verb:set package 'tb3_teleop' build argument 'cmake_args' from command line to 'None'
[2.295s] Level 5:colcon.colcon_core.verb:set package 'tb3_teleop' build argument 'cmake_target' from command line to 'None'
[2.295s] Level 5:colcon.colcon_core.verb:set package 'tb3_teleop' build argument 'cmake_target_skip_unavailable' from command line to 'False'
[2.296s] Level 5:colcon.colcon_core.verb:set package 'tb3_teleop' build argument 'cmake_clean_cache' from command line to 'False'
[2.296s] Level 5:colcon.colcon_core.verb:set package 'tb3_teleop' build argument 'cmake_clean_first' from command line to 'False'
[2.296s] Level 5:colcon.colcon_core.verb:set package 'tb3_teleop' build argument 'cmake_force_configure' from command line to 'False'
[2.296s] Level 5:colcon.colcon_core.verb:set package 'tb3_teleop' build argument 'ament_cmake_args' from command line to 'None'
[2.296s] Level 5:colcon.colcon_core.verb:set package 'tb3_teleop' build argument 'catkin_cmake_args' from command line to 'None'
[2.297s] Level 5:colcon.colcon_core.verb:set package 'tb3_teleop' build argument 'catkin_skip_building_tests' from command line to 'False'
[2.297s] DEBUG:colcon.colcon_core.verb:Building package 'tb3_teleop' with the following arguments: {'ament_cmake_args': None, 'build_base': '/home/bot12/robot_ws/build/tb3_teleop', 'catkin_cmake_args': None, 'catkin_skip_building_tests': False, 'cmake_args': None, 'cmake_clean_cache': False, 'cmake_clean_first': False, 'cmake_force_configure': False, 'cmake_target': None, 'cmake_target_skip_unavailable': False, 'install_base': '/home/bot12/robot_ws/install/tb3_teleop', 'merge_install': False, 'path': '/home/bot12/robot_ws/src/tb3_teleop', 'symlink_install': False, 'test_result_base': None}
[2.298s] INFO:colcon.colcon_core.executor:Executing jobs using 'parallel' executor
[2.304s] DEBUG:colcon.colcon_parallel_executor.executor.parallel:run_until_complete
[2.306s] INFO:colcon.colcon_ros.task.ament_python.build:Building ROS package in '/home/bot12/robot_ws/src/tb3_teleop' with build type 'ament_python'
[2.306s] Level 1:colcon.colcon_core.shell:create_environment_hook('tb3_teleop', 'ament_prefix_path')
[2.319s] INFO:colcon.colcon_core.plugin_system:Skipping extension 'colcon_core.shell.bat': Not used on non-Windows systems
[2.320s] INFO:colcon.colcon_core.shell:Creating environment hook '/home/bot12/robot_ws/install/tb3_teleop/share/tb3_teleop/hook/ament_prefix_path.ps1'
[2.324s] INFO:colcon.colcon_core.shell:Creating environment descriptor '/home/bot12/robot_ws/install/tb3_teleop/share/tb3_teleop/hook/ament_prefix_path.dsv'
[2.330s] INFO:colcon.colcon_core.shell:Creating environment hook '/home/bot12/robot_ws/install/tb3_teleop/share/tb3_teleop/hook/ament_prefix_path.sh'
[2.334s] INFO:colcon.colcon_core.shell:Skip shell extension 'powershell' for command environment: Not usable outside of PowerShell
[2.334s] DEBUG:colcon.colcon_core.shell:Skip shell extension 'dsv' for command environment
[4.056s] INFO:colcon.colcon_core.task.python.build:Building Python package in '/home/bot12/robot_ws/src/tb3_teleop'
[4.058s] INFO:colcon.colcon_core.shell:Skip shell extension 'powershell' for command environment: Not usable outside of PowerShell
[4.058s] DEBUG:colcon.colcon_core.shell:Skip shell extension 'dsv' for command environment
[6.423s] DEBUG:colcon.colcon_core.event_handler.log_command:Invoking command in '/home/bot12/robot_ws/src/tb3_teleop': PYTHONPATH=/home/bot12/robot_ws/build/tb3_teleop/prefix_override:/home/bot12/robot_ws/install/tb3_teleop/lib/python3.10/site-packages:${PYTHONPATH} /usr/bin/python3 -W ignore:setup.py install is deprecated setup.py egg_info --egg-base ../../build/tb3_teleop build --build-base /home/bot12/robot_ws/build/tb3_teleop/build install --record /home/bot12/robot_ws/build/tb3_teleop/install.log --single-version-externally-managed install_data
[8.396s] DEBUG:colcon.colcon_core.event_handler.log_command:Invoked command in '/home/bot12/robot_ws/src/tb3_teleop' returned '0': PYTHONPATH=/home/bot12/robot_ws/build/tb3_teleop/prefix_override:/home/bot12/robot_ws/install/tb3_teleop/lib/python3.10/site-packages:${PYTHONPATH} /usr/bin/python3 -W ignore:setup.py install is deprecated setup.py egg_info --egg-base ../../build/tb3_teleop build --build-base /home/bot12/robot_ws/build/tb3_teleop/build install --record /home/bot12/robot_ws/build/tb3_teleop/install.log --single-version-externally-managed install_data
[8.415s] Level 1:colcon.colcon_core.environment:checking '/home/bot12/robot_ws/install/tb3_teleop' for CMake module files
[8.419s] Level 1:colcon.colcon_core.environment:checking '/home/bot12/robot_ws/install/tb3_teleop' for CMake config files
[8.424s] Level 1:colcon.colcon_core.environment:checking '/home/bot12/robot_ws/install/tb3_teleop/lib'
[8.425s] Level 1:colcon.colcon_core.environment:checking '/home/bot12/robot_ws/install/tb3_teleop/bin'
[8.425s] Level 1:colcon.colcon_core.environment:checking '/home/bot12/robot_ws/install/tb3_teleop/lib/pkgconfig/tb3_teleop.pc'
[8.427s] Level 1:colcon.colcon_core.environment:checking '/home/bot12/robot_ws/install/tb3_teleop/lib/python3.10/site-packages'
[8.427s] Level 1:colcon.colcon_core.shell:create_environment_hook('tb3_teleop', 'pythonpath')
[8.428s] INFO:colcon.colcon_core.shell:Creating environment hook '/home/bot12/robot_ws/install/tb3_teleop/share/tb3_teleop/hook/pythonpath.ps1'
[8.430s] INFO:colcon.colcon_core.shell:Creating environment descriptor '/home/bot12/robot_ws/install/tb3_teleop/share/tb3_teleop/hook/pythonpath.dsv'
[8.432s] INFO:colcon.colcon_core.shell:Creating environment hook '/home/bot12/robot_ws/install/tb3_teleop/share/tb3_teleop/hook/pythonpath.sh'
[8.436s] Level 1:colcon.colcon_core.environment:checking '/home/bot12/robot_ws/install/tb3_teleop/bin'
[8.436s] Level 1:colcon.colcon_core.environment:create_environment_scripts_only(tb3_teleop)
[8.438s] INFO:colcon.colcon_core.shell:Creating package script '/home/bot12/robot_ws/install/tb3_teleop/share/tb3_teleop/package.ps1'
[8.442s] INFO:colcon.colcon_core.shell:Creating package descriptor '/home/bot12/robot_ws/install/tb3_teleop/share/tb3_teleop/package.dsv'
[8.450s] INFO:colcon.colcon_core.shell:Creating package script '/home/bot12/robot_ws/install/tb3_teleop/share/tb3_teleop/package.sh'
[8.454s] INFO:colcon.colcon_core.shell:Creating package script '/home/bot12/robot_ws/install/tb3_teleop/share/tb3_teleop/package.bash'
[8.457s] INFO:colcon.colcon_core.shell:Creating package script '/home/bot12/robot_ws/install/tb3_teleop/share/tb3_teleop/package.zsh'
[8.464s] Level 1:colcon.colcon_core.environment:create_file_with_runtime_dependencies(/home/bot12/robot_ws/install/tb3_teleop/share/colcon-core/packages/tb3_teleop)
[8.467s] DEBUG:colcon.colcon_parallel_executor.executor.parallel:closing loop
[8.469s] DEBUG:colcon.colcon_parallel_executor.executor.parallel:loop closed
[8.470s] DEBUG:colcon.colcon_parallel_executor.executor.parallel:run_until_complete finished with '0'
[8.470s] DEBUG:colcon.colcon_core.event_reactor:joining thread
[8.505s] INFO:colcon.colcon_core.plugin_system:Skipping extension 'colcon_notification.desktop_notification.terminal_notifier': Not used on non-Darwin systems
[8.506s] INFO:colcon.colcon_core.plugin_system:Skipping extension 'colcon_notification.desktop_notification.win32': Not used on non-Windows systems
[8.506s] INFO:colcon.colcon_notification.desktop_notification:Sending desktop notification using 'notify2'
[8.570s] DEBUG:colcon.colcon_core.event_reactor:joined thread
[8.571s] INFO:colcon.colcon_core.shell:Creating prefix script '/home/bot12/robot_ws/install/local_setup.ps1'
[8.575s] INFO:colcon.colcon_core.shell:Creating prefix util module '/home/bot12/robot_ws/install/_local_setup_util_ps1.py'
[8.584s] INFO:colcon.colcon_core.shell:Creating prefix chain script '/home/bot12/robot_ws/install/setup.ps1'
[8.597s] INFO:colcon.colcon_core.shell:Creating prefix script '/home/bot12/robot_ws/install/local_setup.sh'
[8.602s] INFO:colcon.colcon_core.shell:Creating prefix util module '/home/bot12/robot_ws/install/_local_setup_util_sh.py'
[8.608s] INFO:colcon.colcon_core.shell:Creating prefix chain script '/home/bot12/robot_ws/install/setup.sh'
[8.620s] INFO:colcon.colcon_core.shell:Creating prefix script '/home/bot12/robot_ws/install/local_setup.bash'
[8.624s] INFO:colcon.colcon_core.shell:Creating prefix chain script '/home/bot12/robot_ws/install/setup.bash'
[8.631s] INFO:colcon.colcon_core.shell:Creating prefix script '/home/bot12/robot_ws/install/local_setup.zsh'
[8.637s] INFO:colcon.colcon_core.shell:Creating prefix chain script '/home/bot12/robot_ws/install/setup.zsh'
