[10.399s] Invoking command in '/home/bot12/robot_ws/src/tb3_hardware': PYTHONPATH=/home/bot12/robot_ws/build/tb3_hardware/prefix_override:/home/bot12/robot_ws/install/tb3_hardware/lib/python3.10/site-packages:${PYTHONPATH} /usr/bin/python3 -W ignore:setup.py install is deprecated setup.py egg_info --egg-base ../../build/tb3_hardware build --build-base /home/bot12/robot_ws/build/tb3_hardware/build install --record /home/bot12/robot_ws/build/tb3_hardware/install.log --single-version-externally-managed install_data
[12.370s] running egg_info
[12.377s] writing ../../build/tb3_hardware/tb3_hardware.egg-info/PKG-INFO
[12.380s] writing dependency_links to ../../build/tb3_hardware/tb3_hardware.egg-info/dependency_links.txt
[12.383s] writing entry points to ../../build/tb3_hardware/tb3_hardware.egg-info/entry_points.txt
[12.386s] writing requirements to ../../build/tb3_hardware/tb3_hardware.egg-info/requires.txt
[12.389s] writing top-level names to ../../build/tb3_hardware/tb3_hardware.egg-info/top_level.txt
[12.402s] reading manifest file '../../build/tb3_hardware/tb3_hardware.egg-info/SOURCES.txt'
[12.407s] writing manifest file '../../build/tb3_hardware/tb3_hardware.egg-info/SOURCES.txt'
[12.409s] running build
[12.410s] running build_py
[12.411s] running install
[12.412s] running install_lib
[12.420s] running install_data
[12.422s] running install_egg_info
[12.432s] removing '/home/bot12/robot_ws/install/tb3_hardware/lib/python3.10/site-packages/tb3_hardware-0.0.0-py3.10.egg-info' (and everything under it)
[12.435s] Copying ../../build/tb3_hardware/tb3_hardware.egg-info to /home/bot12/robot_ws/install/tb3_hardware/lib/python3.10/site-packages/tb3_hardware-0.0.0-py3.10.egg-info
[12.445s] running install_scripts
[12.651s] Installing config script to /home/bot12/robot_ws/install/tb3_hardware/lib/tb3_hardware
[12.656s] writing list of installed files to '/home/bot12/robot_ws/build/tb3_hardware/install.log'
[12.920s] Invoked command in '/home/bot12/robot_ws/src/tb3_hardware' returned '0': PYTHONPATH=/home/bot12/robot_ws/build/tb3_hardware/prefix_override:/home/bot12/robot_ws/install/tb3_hardware/lib/python3.10/site-packages:${PYTHONPATH} /usr/bin/python3 -W ignore:setup.py install is deprecated setup.py egg_info --egg-base ../../build/tb3_hardware build --build-base /home/bot12/robot_ws/build/tb3_hardware/build install --record /home/bot12/robot_ws/build/tb3_hardware/install.log --single-version-externally-managed install_data
