[6.905s] Invoking command in '/home/bot12/robot_ws/src/tb3_description': PYTHONPATH=/home/bot12/robot_ws/build/tb3_description/prefix_override:/home/bot12/robot_ws/install/tb3_description/lib/python3.10/site-packages:${PYTHONPATH} /usr/bin/python3 -W ignore:setup.py install is deprecated setup.py egg_info --egg-base ../../build/tb3_description build --build-base /home/bot12/robot_ws/build/tb3_description/build install --record /home/bot12/robot_ws/build/tb3_description/install.log --single-version-externally-managed install_data
[8.540s] running egg_info
[8.544s] writing ../../build/tb3_description/tb3_description.egg-info/PKG-INFO
[8.545s] writing dependency_links to ../../build/tb3_description/tb3_description.egg-info/dependency_links.txt
[8.546s] writing entry points to ../../build/tb3_description/tb3_description.egg-info/entry_points.txt
[8.547s] writing requirements to ../../build/tb3_description/tb3_description.egg-info/requires.txt
[8.548s] writing top-level names to ../../build/tb3_description/tb3_description.egg-info/top_level.txt
[8.559s] reading manifest file '../../build/tb3_description/tb3_description.egg-info/SOURCES.txt'
[8.565s] writing manifest file '../../build/tb3_description/tb3_description.egg-info/SOURCES.txt'
[8.567s] running build
[8.571s] running build_py
[8.571s] running install
[8.572s] running install_lib
[8.579s] running install_data
[8.582s] running install_egg_info
[8.591s] removing '/home/bot12/robot_ws/install/tb3_description/lib/python3.10/site-packages/tb3_description-0.0.0-py3.10.egg-info' (and everything under it)
[8.594s] Copying ../../build/tb3_description/tb3_description.egg-info to /home/bot12/robot_ws/install/tb3_description/lib/python3.10/site-packages/tb3_description-0.0.0-py3.10.egg-info
[8.602s] running install_scripts
[8.732s] writing list of installed files to '/home/bot12/robot_ws/build/tb3_description/install.log'
[8.944s] Invoked command in '/home/bot12/robot_ws/src/tb3_description' returned '0': PYTHONPATH=/home/bot12/robot_ws/build/tb3_description/prefix_override:/home/bot12/robot_ws/install/tb3_description/lib/python3.10/site-packages:${PYTHONPATH} /usr/bin/python3 -W ignore:setup.py install is deprecated setup.py egg_info --egg-base ../../build/tb3_description build --build-base /home/bot12/robot_ws/build/tb3_description/build install --record /home/bot12/robot_ws/build/tb3_description/install.log --single-version-externally-managed install_data
