[0.266s] DEBUG:colcon:Command line arguments: ['/usr/bin/colcon', 'build']
[0.266s] DEBUG:colcon:Parsed command line arguments: Namespace(log_base=None, log_level=None, verb_name='build', build_base='build', install_base='install', merge_install=False, symlink_install=False, test_result_base=None, continue_on_error=False, executor='parallel', parallel_workers=2, event_handlers=None, ignore_user_meta=False, metas=['./colcon.meta'], base_paths=['.'], packages_ignore=None, packages_ignore_regex=None, paths=None, packages_up_to=None, packages_up_to_regex=None, packages_above=None, packages_above_and_dependencies=None, packages_above_depth=None, packages_select_by_dep=None, packages_skip_by_dep=None, packages_skip_up_to=None, packages_select_build_failed=False, packages_skip_build_finished=False, packages_select_test_failures=False, packages_skip_test_passed=False, packages_select=None, packages_skip=None, packages_select_regex=None, packages_skip_regex=None, packages_start=None, packages_end=None, allow_overriding=[], cmake_args=None, cmake_target=None, cmake_target_skip_unavailable=False, cmake_clean_cache=False, cmake_clean_first=False, cmake_force_configure=False, ament_cmake_args=None, catkin_cmake_args=None, catkin_skip_building_tests=False, mixin_files=None, mixin=None, verb_parser=<colcon_mixin.mixin.mixin_argument.MixinArgumentDecorator object at 0x702e81b1e560>, verb_extension=<colcon_core.verb.build.BuildVerb object at 0x702e81b1ded0>, main=<bound method BuildVerb.main of <colcon_core.verb.build.BuildVerb object at 0x702e81b1ded0>>, mixin_verb=('build',))
[0.671s] Level 1:colcon.colcon_core.package_discovery:discover_packages(colcon_meta) check parameters
[0.671s] Level 1:colcon.colcon_core.package_discovery:discover_packages(recursive) check parameters
[0.671s] Level 1:colcon.colcon_core.package_discovery:discover_packages(ignore) check parameters
[0.671s] Level 1:colcon.colcon_core.package_discovery:discover_packages(path) check parameters
[0.671s] Level 1:colcon.colcon_core.package_discovery:discover_packages(colcon_meta) discover
[0.671s] Level 1:colcon.colcon_core.package_discovery:discover_packages(recursive) discover
[0.671s] INFO:colcon.colcon_core.package_discovery:Crawling recursively for packages in '/home/papasav/robot_ws'
[0.672s] Level 1:colcon.colcon_core.package_identification:_identify(.) by extensions ['ignore', 'ignore_ament_install']
[0.672s] Level 1:colcon.colcon_core.package_identification:_identify(.) by extension 'ignore'
[0.672s] Level 1:colcon.colcon_core.package_identification:_identify(.) by extension 'ignore_ament_install'
[0.672s] Level 1:colcon.colcon_core.package_identification:_identify(.) by extensions ['colcon_pkg']
[0.672s] Level 1:colcon.colcon_core.package_identification:_identify(.) by extension 'colcon_pkg'
[0.672s] Level 1:colcon.colcon_core.package_identification:_identify(.) by extensions ['colcon_meta']
[0.672s] Level 1:colcon.colcon_core.package_identification:_identify(.) by extension 'colcon_meta'
[0.672s] Level 1:colcon.colcon_core.package_identification:_identify(.) by extensions ['ros']
[0.673s] Level 1:colcon.colcon_core.package_identification:_identify(.) by extension 'ros'
[0.700s] Level 1:colcon.colcon_core.package_identification:_identify(.) by extensions ['cmake', 'python']
[0.700s] Level 1:colcon.colcon_core.package_identification:_identify(.) by extension 'cmake'
[0.700s] Level 1:colcon.colcon_core.package_identification:_identify(.) by extension 'python'
[0.700s] Level 1:colcon.colcon_core.package_identification:_identify(.) by extensions ['python_setup_py']
[0.700s] Level 1:colcon.colcon_core.package_identification:_identify(.) by extension 'python_setup_py'
[0.701s] Level 1:colcon.colcon_core.package_identification:_identify(build) by extensions ['ignore', 'ignore_ament_install']
[0.701s] Level 1:colcon.colcon_core.package_identification:_identify(build) by extension 'ignore'
[0.701s] Level 1:colcon.colcon_core.package_identification:_identify(build) ignored
[0.701s] Level 1:colcon.colcon_core.package_identification:_identify(install) by extensions ['ignore', 'ignore_ament_install']
[0.702s] Level 1:colcon.colcon_core.package_identification:_identify(install) by extension 'ignore'
[0.702s] Level 1:colcon.colcon_core.package_identification:_identify(install) ignored
[0.702s] Level 1:colcon.colcon_core.package_identification:_identify(log) by extensions ['ignore', 'ignore_ament_install']
[0.702s] Level 1:colcon.colcon_core.package_identification:_identify(log) by extension 'ignore'
[0.702s] Level 1:colcon.colcon_core.package_identification:_identify(log) ignored
[0.703s] Level 1:colcon.colcon_core.package_identification:_identify(src) by extensions ['ignore', 'ignore_ament_install']
[0.703s] Level 1:colcon.colcon_core.package_identification:_identify(src) by extension 'ignore'
[0.703s] Level 1:colcon.colcon_core.package_identification:_identify(src) by extension 'ignore_ament_install'
[0.703s] Level 1:colcon.colcon_core.package_identification:_identify(src) by extensions ['colcon_pkg']
[0.703s] Level 1:colcon.colcon_core.package_identification:_identify(src) by extension 'colcon_pkg'
[0.703s] Level 1:colcon.colcon_core.package_identification:_identify(src) by extensions ['colcon_meta']
[0.703s] Level 1:colcon.colcon_core.package_identification:_identify(src) by extension 'colcon_meta'
[0.703s] Level 1:colcon.colcon_core.package_identification:_identify(src) by extensions ['ros']
[0.703s] Level 1:colcon.colcon_core.package_identification:_identify(src) by extension 'ros'
[0.704s] Level 1:colcon.colcon_core.package_identification:_identify(src) by extensions ['cmake', 'python']
[0.704s] Level 1:colcon.colcon_core.package_identification:_identify(src) by extension 'cmake'
[0.704s] Level 1:colcon.colcon_core.package_identification:_identify(src) by extension 'python'
[0.704s] Level 1:colcon.colcon_core.package_identification:_identify(src) by extensions ['python_setup_py']
[0.704s] Level 1:colcon.colcon_core.package_identification:_identify(src) by extension 'python_setup_py'
[0.704s] Level 1:colcon.colcon_core.package_identification:_identify(src/robot_bringup) by extensions ['ignore', 'ignore_ament_install']
[0.704s] Level 1:colcon.colcon_core.package_identification:_identify(src/robot_bringup) by extension 'ignore'
[0.704s] Level 1:colcon.colcon_core.package_identification:_identify(src/robot_bringup) by extension 'ignore_ament_install'
[0.704s] Level 1:colcon.colcon_core.package_identification:_identify(src/robot_bringup) by extensions ['colcon_pkg']
[0.705s] Level 1:colcon.colcon_core.package_identification:_identify(src/robot_bringup) by extension 'colcon_pkg'
[0.705s] Level 1:colcon.colcon_core.package_identification:_identify(src/robot_bringup) by extensions ['colcon_meta']
[0.705s] Level 1:colcon.colcon_core.package_identification:_identify(src/robot_bringup) by extension 'colcon_meta'
[0.705s] Level 1:colcon.colcon_core.package_identification:_identify(src/robot_bringup) by extensions ['ros']
[0.705s] Level 1:colcon.colcon_core.package_identification:_identify(src/robot_bringup) by extension 'ros'
[0.710s] DEBUG:colcon.colcon_core.package_identification:Package 'src/robot_bringup' with type 'ros.ament_python' and name 'robot_bringup'
[0.710s] Level 1:colcon.colcon_core.package_identification:_identify(src/tb3_description) by extensions ['ignore', 'ignore_ament_install']
[0.711s] Level 1:colcon.colcon_core.package_identification:_identify(src/tb3_description) by extension 'ignore'
[0.711s] Level 1:colcon.colcon_core.package_identification:_identify(src/tb3_description) by extension 'ignore_ament_install'
[0.711s] Level 1:colcon.colcon_core.package_identification:_identify(src/tb3_description) by extensions ['colcon_pkg']
[0.711s] Level 1:colcon.colcon_core.package_identification:_identify(src/tb3_description) by extension 'colcon_pkg'
[0.711s] Level 1:colcon.colcon_core.package_identification:_identify(src/tb3_description) by extensions ['colcon_meta']
[0.711s] Level 1:colcon.colcon_core.package_identification:_identify(src/tb3_description) by extension 'colcon_meta'
[0.711s] Level 1:colcon.colcon_core.package_identification:_identify(src/tb3_description) by extensions ['ros']
[0.711s] Level 1:colcon.colcon_core.package_identification:_identify(src/tb3_description) by extension 'ros'
[0.712s] DEBUG:colcon.colcon_core.package_identification:Package 'src/tb3_description' with type 'ros.ament_python' and name 'tb3_description'
[0.713s] Level 1:colcon.colcon_core.package_identification:_identify(src/tb3_teleop) by extensions ['ignore', 'ignore_ament_install']
[0.713s] Level 1:colcon.colcon_core.package_identification:_identify(src/tb3_teleop) by extension 'ignore'
[0.713s] Level 1:colcon.colcon_core.package_identification:_identify(src/tb3_teleop) by extension 'ignore_ament_install'
[0.713s] Level 1:colcon.colcon_core.package_identification:_identify(src/tb3_teleop) by extensions ['colcon_pkg']
[0.713s] Level 1:colcon.colcon_core.package_identification:_identify(src/tb3_teleop) by extension 'colcon_pkg'
[0.713s] Level 1:colcon.colcon_core.package_identification:_identify(src/tb3_teleop) by extensions ['colcon_meta']
[0.714s] Level 1:colcon.colcon_core.package_identification:_identify(src/tb3_teleop) by extension 'colcon_meta'
[0.714s] Level 1:colcon.colcon_core.package_identification:_identify(src/tb3_teleop) by extensions ['ros']
[0.714s] Level 1:colcon.colcon_core.package_identification:_identify(src/tb3_teleop) by extension 'ros'
[0.715s] DEBUG:colcon.colcon_core.package_identification:Package 'src/tb3_teleop' with type 'ros.ament_python' and name 'tb3_teleop'
[0.716s] Level 1:colcon.colcon_core.package_identification:_identify(src/tf_listener) by extensions ['ignore', 'ignore_ament_install']
[0.716s] Level 1:colcon.colcon_core.package_identification:_identify(src/tf_listener) by extension 'ignore'
[0.716s] Level 1:colcon.colcon_core.package_identification:_identify(src/tf_listener) by extension 'ignore_ament_install'
[0.716s] Level 1:colcon.colcon_core.package_identification:_identify(src/tf_listener) by extensions ['colcon_pkg']
[0.716s] Level 1:colcon.colcon_core.package_identification:_identify(src/tf_listener) by extension 'colcon_pkg'
[0.716s] Level 1:colcon.colcon_core.package_identification:_identify(src/tf_listener) by extensions ['colcon_meta']
[0.716s] Level 1:colcon.colcon_core.package_identification:_identify(src/tf_listener) by extension 'colcon_meta'
[0.716s] Level 1:colcon.colcon_core.package_identification:_identify(src/tf_listener) by extensions ['ros']
[0.716s] Level 1:colcon.colcon_core.package_identification:_identify(src/tf_listener) by extension 'ros'
[0.718s] DEBUG:colcon.colcon_core.package_identification:Package 'src/tf_listener' with type 'ros.ament_python' and name 'tf_listener'
[0.718s] Level 1:colcon.colcon_core.package_discovery:discover_packages(recursive) using defaults
[0.718s] Level 1:colcon.colcon_core.package_discovery:discover_packages(ignore) discover
[0.718s] Level 1:colcon.colcon_core.package_discovery:discover_packages(ignore) using defaults
[0.718s] Level 1:colcon.colcon_core.package_discovery:discover_packages(path) discover
[0.718s] Level 1:colcon.colcon_core.package_discovery:discover_packages(path) using defaults
[0.791s] Level 1:colcon.colcon_core.package_discovery:discover_packages(prefix_path) check parameters
[0.791s] Level 1:colcon.colcon_core.package_discovery:discover_packages(prefix_path) discover
[0.796s] DEBUG:colcon.colcon_installed_package_information.package_discovery:Found 6 installed packages in /home/papasav/robot_ws/install
[0.799s] DEBUG:colcon.colcon_installed_package_information.package_discovery:Found 280 installed packages in /opt/ros/humble
[0.804s] Level 1:colcon.colcon_core.package_discovery:discover_packages(prefix_path) using defaults
[0.897s] Level 5:colcon.colcon_core.verb:set package 'robot_bringup' build argument 'cmake_args' from command line to 'None'
[0.897s] Level 5:colcon.colcon_core.verb:set package 'robot_bringup' build argument 'cmake_target' from command line to 'None'
[0.897s] Level 5:colcon.colcon_core.verb:set package 'robot_bringup' build argument 'cmake_target_skip_unavailable' from command line to 'False'
[0.897s] Level 5:colcon.colcon_core.verb:set package 'robot_bringup' build argument 'cmake_clean_cache' from command line to 'False'
[0.898s] Level 5:colcon.colcon_core.verb:set package 'robot_bringup' build argument 'cmake_clean_first' from command line to 'False'
[0.898s] Level 5:colcon.colcon_core.verb:set package 'robot_bringup' build argument 'cmake_force_configure' from command line to 'False'
[0.898s] Level 5:colcon.colcon_core.verb:set package 'robot_bringup' build argument 'ament_cmake_args' from command line to 'None'
[0.898s] Level 5:colcon.colcon_core.verb:set package 'robot_bringup' build argument 'catkin_cmake_args' from command line to 'None'
[0.898s] Level 5:colcon.colcon_core.verb:set package 'robot_bringup' build argument 'catkin_skip_building_tests' from command line to 'False'
[0.898s] DEBUG:colcon.colcon_core.verb:Building package 'robot_bringup' with the following arguments: {'ament_cmake_args': None, 'build_base': '/home/papasav/robot_ws/build/robot_bringup', 'catkin_cmake_args': None, 'catkin_skip_building_tests': False, 'cmake_args': None, 'cmake_clean_cache': False, 'cmake_clean_first': False, 'cmake_force_configure': False, 'cmake_target': None, 'cmake_target_skip_unavailable': False, 'install_base': '/home/papasav/robot_ws/install/robot_bringup', 'merge_install': False, 'path': '/home/papasav/robot_ws/src/robot_bringup', 'symlink_install': False, 'test_result_base': None}
[0.899s] Level 5:colcon.colcon_core.verb:set package 'tb3_description' build argument 'cmake_args' from command line to 'None'
[0.899s] Level 5:colcon.colcon_core.verb:set package 'tb3_description' build argument 'cmake_target' from command line to 'None'
[0.899s] Level 5:colcon.colcon_core.verb:set package 'tb3_description' build argument 'cmake_target_skip_unavailable' from command line to 'False'
[0.899s] Level 5:colcon.colcon_core.verb:set package 'tb3_description' build argument 'cmake_clean_cache' from command line to 'False'
[0.899s] Level 5:colcon.colcon_core.verb:set package 'tb3_description' build argument 'cmake_clean_first' from command line to 'False'
[0.899s] Level 5:colcon.colcon_core.verb:set package 'tb3_description' build argument 'cmake_force_configure' from command line to 'False'
[0.899s] Level 5:colcon.colcon_core.verb:set package 'tb3_description' build argument 'ament_cmake_args' from command line to 'None'
[0.899s] Level 5:colcon.colcon_core.verb:set package 'tb3_description' build argument 'catkin_cmake_args' from command line to 'None'
[0.899s] Level 5:colcon.colcon_core.verb:set package 'tb3_description' build argument 'catkin_skip_building_tests' from command line to 'False'
[0.899s] DEBUG:colcon.colcon_core.verb:Building package 'tb3_description' with the following arguments: {'ament_cmake_args': None, 'build_base': '/home/papasav/robot_ws/build/tb3_description', 'catkin_cmake_args': None, 'catkin_skip_building_tests': False, 'cmake_args': None, 'cmake_clean_cache': False, 'cmake_clean_first': False, 'cmake_force_configure': False, 'cmake_target': None, 'cmake_target_skip_unavailable': False, 'install_base': '/home/papasav/robot_ws/install/tb3_description', 'merge_install': False, 'path': '/home/papasav/robot_ws/src/tb3_description', 'symlink_install': False, 'test_result_base': None}
[0.900s] Level 5:colcon.colcon_core.verb:set package 'tb3_teleop' build argument 'cmake_args' from command line to 'None'
[0.900s] Level 5:colcon.colcon_core.verb:set package 'tb3_teleop' build argument 'cmake_target' from command line to 'None'
[0.901s] Level 5:colcon.colcon_core.verb:set package 'tb3_teleop' build argument 'cmake_target_skip_unavailable' from command line to 'False'
[0.901s] Level 5:colcon.colcon_core.verb:set package 'tb3_teleop' build argument 'cmake_clean_cache' from command line to 'False'
[0.901s] Level 5:colcon.colcon_core.verb:set package 'tb3_teleop' build argument 'cmake_clean_first' from command line to 'False'
[0.901s] Level 5:colcon.colcon_core.verb:set package 'tb3_teleop' build argument 'cmake_force_configure' from command line to 'False'
[0.901s] Level 5:colcon.colcon_core.verb:set package 'tb3_teleop' build argument 'ament_cmake_args' from command line to 'None'
[0.901s] Level 5:colcon.colcon_core.verb:set package 'tb3_teleop' build argument 'catkin_cmake_args' from command line to 'None'
[0.901s] Level 5:colcon.colcon_core.verb:set package 'tb3_teleop' build argument 'catkin_skip_building_tests' from command line to 'False'
[0.901s] DEBUG:colcon.colcon_core.verb:Building package 'tb3_teleop' with the following arguments: {'ament_cmake_args': None, 'build_base': '/home/papasav/robot_ws/build/tb3_teleop', 'catkin_cmake_args': None, 'catkin_skip_building_tests': False, 'cmake_args': None, 'cmake_clean_cache': False, 'cmake_clean_first': False, 'cmake_force_configure': False, 'cmake_target': None, 'cmake_target_skip_unavailable': False, 'install_base': '/home/papasav/robot_ws/install/tb3_teleop', 'merge_install': False, 'path': '/home/papasav/robot_ws/src/tb3_teleop', 'symlink_install': False, 'test_result_base': None}
[0.902s] Level 5:colcon.colcon_core.verb:set package 'tf_listener' build argument 'cmake_args' from command line to 'None'
[0.902s] Level 5:colcon.colcon_core.verb:set package 'tf_listener' build argument 'cmake_target' from command line to 'None'
[0.902s] Level 5:colcon.colcon_core.verb:set package 'tf_listener' build argument 'cmake_target_skip_unavailable' from command line to 'False'
[0.902s] Level 5:colcon.colcon_core.verb:set package 'tf_listener' build argument 'cmake_clean_cache' from command line to 'False'
[0.902s] Level 5:colcon.colcon_core.verb:set package 'tf_listener' build argument 'cmake_clean_first' from command line to 'False'
[0.902s] Level 5:colcon.colcon_core.verb:set package 'tf_listener' build argument 'cmake_force_configure' from command line to 'False'
[0.902s] Level 5:colcon.colcon_core.verb:set package 'tf_listener' build argument 'ament_cmake_args' from command line to 'None'
[0.902s] Level 5:colcon.colcon_core.verb:set package 'tf_listener' build argument 'catkin_cmake_args' from command line to 'None'
[0.902s] Level 5:colcon.colcon_core.verb:set package 'tf_listener' build argument 'catkin_skip_building_tests' from command line to 'False'
[0.903s] DEBUG:colcon.colcon_core.verb:Building package 'tf_listener' with the following arguments: {'ament_cmake_args': None, 'build_base': '/home/papasav/robot_ws/build/tf_listener', 'catkin_cmake_args': None, 'catkin_skip_building_tests': False, 'cmake_args': None, 'cmake_clean_cache': False, 'cmake_clean_first': False, 'cmake_force_configure': False, 'cmake_target': None, 'cmake_target_skip_unavailable': False, 'install_base': '/home/papasav/robot_ws/install/tf_listener', 'merge_install': False, 'path': '/home/papasav/robot_ws/src/tf_listener', 'symlink_install': False, 'test_result_base': None}
[0.903s] INFO:colcon.colcon_core.executor:Executing jobs using 'parallel' executor
[0.905s] DEBUG:colcon.colcon_parallel_executor.executor.parallel:run_until_complete
[0.906s] INFO:colcon.colcon_ros.task.ament_python.build:Building ROS package in '/home/papasav/robot_ws/src/robot_bringup' with build type 'ament_python'
[0.906s] Level 1:colcon.colcon_core.shell:create_environment_hook('robot_bringup', 'ament_prefix_path')
[0.911s] INFO:colcon.colcon_core.plugin_system:Skipping extension 'colcon_core.shell.bat': Not used on non-Windows systems
[0.911s] INFO:colcon.colcon_core.shell:Creating environment hook '/home/papasav/robot_ws/install/robot_bringup/share/robot_bringup/hook/ament_prefix_path.ps1'
[0.913s] INFO:colcon.colcon_core.shell:Creating environment descriptor '/home/papasav/robot_ws/install/robot_bringup/share/robot_bringup/hook/ament_prefix_path.dsv'
[0.914s] INFO:colcon.colcon_core.shell:Creating environment hook '/home/papasav/robot_ws/install/robot_bringup/share/robot_bringup/hook/ament_prefix_path.sh'
[0.916s] INFO:colcon.colcon_core.shell:Skip shell extension 'powershell' for command environment: Not usable outside of PowerShell
[0.917s] DEBUG:colcon.colcon_core.shell:Skip shell extension 'dsv' for command environment
[0.925s] INFO:colcon.colcon_ros.task.ament_python.build:Building ROS package in '/home/papasav/robot_ws/src/tb3_description' with build type 'ament_python'
[0.926s] Level 1:colcon.colcon_core.shell:create_environment_hook('tb3_description', 'ament_prefix_path')
[0.926s] INFO:colcon.colcon_core.shell:Creating environment hook '/home/papasav/robot_ws/install/tb3_description/share/tb3_description/hook/ament_prefix_path.ps1'
[0.928s] INFO:colcon.colcon_core.shell:Creating environment descriptor '/home/papasav/robot_ws/install/tb3_description/share/tb3_description/hook/ament_prefix_path.dsv'
[0.929s] INFO:colcon.colcon_core.shell:Creating environment hook '/home/papasav/robot_ws/install/tb3_description/share/tb3_description/hook/ament_prefix_path.sh'
[0.931s] INFO:colcon.colcon_core.shell:Skip shell extension 'powershell' for command environment: Not usable outside of PowerShell
[0.931s] DEBUG:colcon.colcon_core.shell:Skip shell extension 'dsv' for command environment
[1.581s] INFO:colcon.colcon_core.task.python.build:Building Python package in '/home/papasav/robot_ws/src/robot_bringup'
[1.581s] INFO:colcon.colcon_core.shell:Skip shell extension 'powershell' for command environment: Not usable outside of PowerShell
[1.581s] DEBUG:colcon.colcon_core.shell:Skip shell extension 'dsv' for command environment
[2.235s] INFO:colcon.colcon_core.task.python.build:Building Python package in '/home/papasav/robot_ws/src/tb3_description'
[2.236s] INFO:colcon.colcon_core.shell:Skip shell extension 'powershell' for command environment: Not usable outside of PowerShell
[2.236s] DEBUG:colcon.colcon_core.shell:Skip shell extension 'dsv' for command environment
[3.731s] DEBUG:colcon.colcon_core.event_handler.log_command:Invoking command in '/home/papasav/robot_ws/src/tb3_description': PYTHONPATH=/home/papasav/robot_ws/build/tb3_description/prefix_override:/home/papasav/robot_ws/install/tb3_description/lib/python3.10/site-packages:${PYTHONPATH} /usr/bin/python3 -W ignore:setup.py install is deprecated setup.py egg_info --egg-base ../../build/tb3_description build --build-base /home/papasav/robot_ws/build/tb3_description/build install --record /home/papasav/robot_ws/build/tb3_description/install.log --single-version-externally-managed install_data
[3.841s] DEBUG:colcon.colcon_core.event_handler.log_command:Invoking command in '/home/papasav/robot_ws/src/robot_bringup': PYTHONPATH=/home/papasav/robot_ws/build/robot_bringup/prefix_override:/home/papasav/robot_ws/install/robot_bringup/lib/python3.10/site-packages:${PYTHONPATH} /usr/bin/python3 -W ignore:setup.py install is deprecated setup.py egg_info --egg-base ../../build/robot_bringup build --build-base /home/papasav/robot_ws/build/robot_bringup/build install --record /home/papasav/robot_ws/build/robot_bringup/install.log --single-version-externally-managed install_data
[4.822s] DEBUG:colcon.colcon_core.event_handler.log_command:Invoked command in '/home/papasav/robot_ws/src/tb3_description' returned '0': PYTHONPATH=/home/papasav/robot_ws/build/tb3_description/prefix_override:/home/papasav/robot_ws/install/tb3_description/lib/python3.10/site-packages:${PYTHONPATH} /usr/bin/python3 -W ignore:setup.py install is deprecated setup.py egg_info --egg-base ../../build/tb3_description build --build-base /home/papasav/robot_ws/build/tb3_description/build install --record /home/papasav/robot_ws/build/tb3_description/install.log --single-version-externally-managed install_data
[4.826s] Level 1:colcon.colcon_core.environment:checking '/home/papasav/robot_ws/install/tb3_description' for CMake module files
[4.827s] Level 1:colcon.colcon_core.environment:checking '/home/papasav/robot_ws/install/tb3_description' for CMake config files
[4.829s] Level 1:colcon.colcon_core.environment:checking '/home/papasav/robot_ws/install/tb3_description/lib'
[4.830s] Level 1:colcon.colcon_core.environment:checking '/home/papasav/robot_ws/install/tb3_description/bin'
[4.830s] Level 1:colcon.colcon_core.environment:checking '/home/papasav/robot_ws/install/tb3_description/lib/pkgconfig/tb3_description.pc'
[4.831s] Level 1:colcon.colcon_core.environment:checking '/home/papasav/robot_ws/install/tb3_description/lib/python3.10/site-packages'
[4.831s] Level 1:colcon.colcon_core.shell:create_environment_hook('tb3_description', 'pythonpath')
[4.832s] INFO:colcon.colcon_core.shell:Creating environment hook '/home/papasav/robot_ws/install/tb3_description/share/tb3_description/hook/pythonpath.ps1'
[4.833s] INFO:colcon.colcon_core.shell:Creating environment descriptor '/home/papasav/robot_ws/install/tb3_description/share/tb3_description/hook/pythonpath.dsv'
[4.834s] INFO:colcon.colcon_core.shell:Creating environment hook '/home/papasav/robot_ws/install/tb3_description/share/tb3_description/hook/pythonpath.sh'
[4.835s] Level 1:colcon.colcon_core.environment:checking '/home/papasav/robot_ws/install/tb3_description/bin'
[4.836s] Level 1:colcon.colcon_core.environment:create_environment_scripts_only(tb3_description)
[4.837s] INFO:colcon.colcon_core.shell:Creating package script '/home/papasav/robot_ws/install/tb3_description/share/tb3_description/package.ps1'
[4.839s] INFO:colcon.colcon_core.shell:Creating package descriptor '/home/papasav/robot_ws/install/tb3_description/share/tb3_description/package.dsv'
[4.841s] INFO:colcon.colcon_core.shell:Creating package script '/home/papasav/robot_ws/install/tb3_description/share/tb3_description/package.sh'
[4.843s] INFO:colcon.colcon_core.shell:Creating package script '/home/papasav/robot_ws/install/tb3_description/share/tb3_description/package.bash'
[4.845s] INFO:colcon.colcon_core.shell:Creating package script '/home/papasav/robot_ws/install/tb3_description/share/tb3_description/package.zsh'
[4.847s] Level 1:colcon.colcon_core.environment:create_file_with_runtime_dependencies(/home/papasav/robot_ws/install/tb3_description/share/colcon-core/packages/tb3_description)
[4.848s] INFO:colcon.colcon_ros.task.ament_python.build:Building ROS package in '/home/papasav/robot_ws/src/tb3_teleop' with build type 'ament_python'
[4.849s] Level 1:colcon.colcon_core.shell:create_environment_hook('tb3_teleop', 'ament_prefix_path')
[4.850s] INFO:colcon.colcon_core.shell:Creating environment hook '/home/papasav/robot_ws/install/tb3_teleop/share/tb3_teleop/hook/ament_prefix_path.ps1'
[4.851s] INFO:colcon.colcon_core.shell:Creating environment descriptor '/home/papasav/robot_ws/install/tb3_teleop/share/tb3_teleop/hook/ament_prefix_path.dsv'
[4.852s] INFO:colcon.colcon_core.shell:Creating environment hook '/home/papasav/robot_ws/install/tb3_teleop/share/tb3_teleop/hook/ament_prefix_path.sh'
[4.854s] INFO:colcon.colcon_core.shell:Skip shell extension 'powershell' for command environment: Not usable outside of PowerShell
[4.854s] DEBUG:colcon.colcon_core.shell:Skip shell extension 'dsv' for command environment
[4.869s] Level 1:colcon.colcon_core.environment:checking '/home/papasav/robot_ws/install/robot_bringup' for CMake module files
[4.871s] DEBUG:colcon.colcon_core.event_handler.log_command:Invoked command in '/home/papasav/robot_ws/src/robot_bringup' returned '0': PYTHONPATH=/home/papasav/robot_ws/build/robot_bringup/prefix_override:/home/papasav/robot_ws/install/robot_bringup/lib/python3.10/site-packages:${PYTHONPATH} /usr/bin/python3 -W ignore:setup.py install is deprecated setup.py egg_info --egg-base ../../build/robot_bringup build --build-base /home/papasav/robot_ws/build/robot_bringup/build install --record /home/papasav/robot_ws/build/robot_bringup/install.log --single-version-externally-managed install_data
[4.872s] Level 1:colcon.colcon_core.environment:checking '/home/papasav/robot_ws/install/robot_bringup' for CMake config files
[4.874s] Level 1:colcon.colcon_core.environment:checking '/home/papasav/robot_ws/install/robot_bringup/lib'
[4.874s] Level 1:colcon.colcon_core.environment:checking '/home/papasav/robot_ws/install/robot_bringup/bin'
[4.874s] Level 1:colcon.colcon_core.environment:checking '/home/papasav/robot_ws/install/robot_bringup/lib/pkgconfig/robot_bringup.pc'
[4.875s] Level 1:colcon.colcon_core.environment:checking '/home/papasav/robot_ws/install/robot_bringup/lib/python3.10/site-packages'
[4.875s] Level 1:colcon.colcon_core.shell:create_environment_hook('robot_bringup', 'pythonpath')
[4.875s] INFO:colcon.colcon_core.shell:Creating environment hook '/home/papasav/robot_ws/install/robot_bringup/share/robot_bringup/hook/pythonpath.ps1'
[4.876s] INFO:colcon.colcon_core.shell:Creating environment descriptor '/home/papasav/robot_ws/install/robot_bringup/share/robot_bringup/hook/pythonpath.dsv'
[4.877s] INFO:colcon.colcon_core.shell:Creating environment hook '/home/papasav/robot_ws/install/robot_bringup/share/robot_bringup/hook/pythonpath.sh'
[4.879s] Level 1:colcon.colcon_core.environment:checking '/home/papasav/robot_ws/install/robot_bringup/bin'
[4.879s] Level 1:colcon.colcon_core.environment:create_environment_scripts_only(robot_bringup)
[4.880s] INFO:colcon.colcon_core.shell:Creating package script '/home/papasav/robot_ws/install/robot_bringup/share/robot_bringup/package.ps1'
[4.881s] INFO:colcon.colcon_core.shell:Creating package descriptor '/home/papasav/robot_ws/install/robot_bringup/share/robot_bringup/package.dsv'
[4.882s] INFO:colcon.colcon_core.shell:Creating package script '/home/papasav/robot_ws/install/robot_bringup/share/robot_bringup/package.sh'
[4.884s] INFO:colcon.colcon_core.shell:Creating package script '/home/papasav/robot_ws/install/robot_bringup/share/robot_bringup/package.bash'
[4.885s] INFO:colcon.colcon_core.shell:Creating package script '/home/papasav/robot_ws/install/robot_bringup/share/robot_bringup/package.zsh'
[4.886s] Level 1:colcon.colcon_core.environment:create_file_with_runtime_dependencies(/home/papasav/robot_ws/install/robot_bringup/share/colcon-core/packages/robot_bringup)
[4.888s] INFO:colcon.colcon_ros.task.ament_python.build:Building ROS package in '/home/papasav/robot_ws/src/tf_listener' with build type 'ament_python'
[4.889s] Level 1:colcon.colcon_core.shell:create_environment_hook('tf_listener', 'ament_prefix_path')
[4.896s] INFO:colcon.colcon_core.shell:Creating environment hook '/home/papasav/robot_ws/install/tf_listener/share/tf_listener/hook/ament_prefix_path.ps1'
[4.898s] INFO:colcon.colcon_core.shell:Creating environment descriptor '/home/papasav/robot_ws/install/tf_listener/share/tf_listener/hook/ament_prefix_path.dsv'
[4.900s] INFO:colcon.colcon_core.shell:Creating environment hook '/home/papasav/robot_ws/install/tf_listener/share/tf_listener/hook/ament_prefix_path.sh'
[4.902s] INFO:colcon.colcon_core.shell:Skip shell extension 'powershell' for command environment: Not usable outside of PowerShell
[4.902s] DEBUG:colcon.colcon_core.shell:Skip shell extension 'dsv' for command environment
[5.545s] INFO:colcon.colcon_core.task.python.build:Building Python package in '/home/papasav/robot_ws/src/tb3_teleop'
[5.546s] INFO:colcon.colcon_core.shell:Skip shell extension 'powershell' for command environment: Not usable outside of PowerShell
[5.546s] DEBUG:colcon.colcon_core.shell:Skip shell extension 'dsv' for command environment
[6.155s] INFO:colcon.colcon_core.task.python.build:Building Python package in '/home/papasav/robot_ws/src/tf_listener'
[6.155s] INFO:colcon.colcon_core.shell:Skip shell extension 'powershell' for command environment: Not usable outside of PowerShell
[6.156s] DEBUG:colcon.colcon_core.shell:Skip shell extension 'dsv' for command environment
[7.636s] DEBUG:colcon.colcon_core.event_handler.log_command:Invoking command in '/home/papasav/robot_ws/src/tf_listener': PYTHONPATH=/home/papasav/robot_ws/build/tf_listener/prefix_override:/home/papasav/robot_ws/install/tf_listener/lib/python3.10/site-packages:${PYTHONPATH} /usr/bin/python3 -W ignore:setup.py install is deprecated setup.py egg_info --egg-base ../../build/tf_listener build --build-base /home/papasav/robot_ws/build/tf_listener/build install --record /home/papasav/robot_ws/build/tf_listener/install.log --single-version-externally-managed install_data
[7.814s] DEBUG:colcon.colcon_core.event_handler.log_command:Invoking command in '/home/papasav/robot_ws/src/tb3_teleop': PYTHONPATH=/home/papasav/robot_ws/build/tb3_teleop/prefix_override:/home/papasav/robot_ws/install/tb3_teleop/lib/python3.10/site-packages:${PYTHONPATH} /usr/bin/python3 -W ignore:setup.py install is deprecated setup.py egg_info --egg-base ../../build/tb3_teleop build --build-base /home/papasav/robot_ws/build/tb3_teleop/build install --record /home/papasav/robot_ws/build/tb3_teleop/install.log --single-version-externally-managed install_data
[8.724s] Level 1:colcon.colcon_core.environment:checking '/home/papasav/robot_ws/install/tf_listener' for CMake module files
[8.725s] Level 1:colcon.colcon_core.environment:checking '/home/papasav/robot_ws/install/tf_listener' for CMake config files
[8.726s] Level 1:colcon.colcon_core.environment:checking '/home/papasav/robot_ws/install/tf_listener/lib'
[8.727s] Level 1:colcon.colcon_core.environment:checking '/home/papasav/robot_ws/install/tf_listener/bin'
[8.727s] Level 1:colcon.colcon_core.environment:checking '/home/papasav/robot_ws/install/tf_listener/lib/pkgconfig/tf_listener.pc'
[8.728s] Level 1:colcon.colcon_core.environment:checking '/home/papasav/robot_ws/install/tf_listener/lib/python3.10/site-packages'
[8.728s] Level 1:colcon.colcon_core.shell:create_environment_hook('tf_listener', 'pythonpath')
[8.729s] INFO:colcon.colcon_core.shell:Creating environment hook '/home/papasav/robot_ws/install/tf_listener/share/tf_listener/hook/pythonpath.ps1'
[8.730s] DEBUG:colcon.colcon_core.event_handler.log_command:Invoked command in '/home/papasav/robot_ws/src/tf_listener' returned '0': PYTHONPATH=/home/papasav/robot_ws/build/tf_listener/prefix_override:/home/papasav/robot_ws/install/tf_listener/lib/python3.10/site-packages:${PYTHONPATH} /usr/bin/python3 -W ignore:setup.py install is deprecated setup.py egg_info --egg-base ../../build/tf_listener build --build-base /home/papasav/robot_ws/build/tf_listener/build install --record /home/papasav/robot_ws/build/tf_listener/install.log --single-version-externally-managed install_data
[8.731s] INFO:colcon.colcon_core.shell:Creating environment descriptor '/home/papasav/robot_ws/install/tf_listener/share/tf_listener/hook/pythonpath.dsv'
[8.732s] INFO:colcon.colcon_core.shell:Creating environment hook '/home/papasav/robot_ws/install/tf_listener/share/tf_listener/hook/pythonpath.sh'
[8.734s] Level 1:colcon.colcon_core.environment:checking '/home/papasav/robot_ws/install/tf_listener/bin'
[8.735s] Level 1:colcon.colcon_core.environment:create_environment_scripts_only(tf_listener)
[8.736s] INFO:colcon.colcon_core.shell:Creating package script '/home/papasav/robot_ws/install/tf_listener/share/tf_listener/package.ps1'
[8.738s] INFO:colcon.colcon_core.shell:Creating package descriptor '/home/papasav/robot_ws/install/tf_listener/share/tf_listener/package.dsv'
[8.739s] INFO:colcon.colcon_core.shell:Creating package script '/home/papasav/robot_ws/install/tf_listener/share/tf_listener/package.sh'
[8.741s] INFO:colcon.colcon_core.shell:Creating package script '/home/papasav/robot_ws/install/tf_listener/share/tf_listener/package.bash'
[8.742s] INFO:colcon.colcon_core.shell:Creating package script '/home/papasav/robot_ws/install/tf_listener/share/tf_listener/package.zsh'
[8.744s] Level 1:colcon.colcon_core.environment:create_file_with_runtime_dependencies(/home/papasav/robot_ws/install/tf_listener/share/colcon-core/packages/tf_listener)
[8.824s] Level 1:colcon.colcon_core.environment:checking '/home/papasav/robot_ws/install/tb3_teleop' for CMake module files
[8.825s] DEBUG:colcon.colcon_core.event_handler.log_command:Invoked command in '/home/papasav/robot_ws/src/tb3_teleop' returned '0': PYTHONPATH=/home/papasav/robot_ws/build/tb3_teleop/prefix_override:/home/papasav/robot_ws/install/tb3_teleop/lib/python3.10/site-packages:${PYTHONPATH} /usr/bin/python3 -W ignore:setup.py install is deprecated setup.py egg_info --egg-base ../../build/tb3_teleop build --build-base /home/papasav/robot_ws/build/tb3_teleop/build install --record /home/papasav/robot_ws/build/tb3_teleop/install.log --single-version-externally-managed install_data
[8.826s] Level 1:colcon.colcon_core.environment:checking '/home/papasav/robot_ws/install/tb3_teleop' for CMake config files
[8.827s] Level 1:colcon.colcon_core.environment:checking '/home/papasav/robot_ws/install/tb3_teleop/lib'
[8.828s] Level 1:colcon.colcon_core.environment:checking '/home/papasav/robot_ws/install/tb3_teleop/bin'
[8.828s] Level 1:colcon.colcon_core.environment:checking '/home/papasav/robot_ws/install/tb3_teleop/lib/pkgconfig/tb3_teleop.pc'
[8.828s] Level 1:colcon.colcon_core.environment:checking '/home/papasav/robot_ws/install/tb3_teleop/lib/python3.10/site-packages'
[8.829s] Level 1:colcon.colcon_core.shell:create_environment_hook('tb3_teleop', 'pythonpath')
[8.829s] INFO:colcon.colcon_core.shell:Creating environment hook '/home/papasav/robot_ws/install/tb3_teleop/share/tb3_teleop/hook/pythonpath.ps1'
[8.830s] INFO:colcon.colcon_core.shell:Creating environment descriptor '/home/papasav/robot_ws/install/tb3_teleop/share/tb3_teleop/hook/pythonpath.dsv'
[8.831s] INFO:colcon.colcon_core.shell:Creating environment hook '/home/papasav/robot_ws/install/tb3_teleop/share/tb3_teleop/hook/pythonpath.sh'
[8.833s] Level 1:colcon.colcon_core.environment:checking '/home/papasav/robot_ws/install/tb3_teleop/bin'
[8.833s] Level 1:colcon.colcon_core.environment:create_environment_scripts_only(tb3_teleop)
[8.834s] INFO:colcon.colcon_core.shell:Creating package script '/home/papasav/robot_ws/install/tb3_teleop/share/tb3_teleop/package.ps1'
[8.836s] INFO:colcon.colcon_core.shell:Creating package descriptor '/home/papasav/robot_ws/install/tb3_teleop/share/tb3_teleop/package.dsv'
[8.837s] INFO:colcon.colcon_core.shell:Creating package script '/home/papasav/robot_ws/install/tb3_teleop/share/tb3_teleop/package.sh'
[8.838s] INFO:colcon.colcon_core.shell:Creating package script '/home/papasav/robot_ws/install/tb3_teleop/share/tb3_teleop/package.bash'
[8.839s] INFO:colcon.colcon_core.shell:Creating package script '/home/papasav/robot_ws/install/tb3_teleop/share/tb3_teleop/package.zsh'
[8.840s] Level 1:colcon.colcon_core.environment:create_file_with_runtime_dependencies(/home/papasav/robot_ws/install/tb3_teleop/share/colcon-core/packages/tb3_teleop)
[8.841s] DEBUG:colcon.colcon_parallel_executor.executor.parallel:closing loop
[8.842s] DEBUG:colcon.colcon_parallel_executor.executor.parallel:loop closed
[8.843s] DEBUG:colcon.colcon_parallel_executor.executor.parallel:run_until_complete finished with '0'
[8.843s] DEBUG:colcon.colcon_core.event_reactor:joining thread
[8.858s] INFO:colcon.colcon_core.plugin_system:Skipping extension 'colcon_notification.desktop_notification.terminal_notifier': Not used on non-Darwin systems
[8.858s] INFO:colcon.colcon_core.plugin_system:Skipping extension 'colcon_notification.desktop_notification.win32': Not used on non-Windows systems
[8.858s] INFO:colcon.colcon_notification.desktop_notification:Sending desktop notification using 'notify2'
[8.894s] DEBUG:colcon.colcon_core.event_reactor:joined thread
[8.895s] INFO:colcon.colcon_core.shell:Creating prefix script '/home/papasav/robot_ws/install/local_setup.ps1'
[8.899s] INFO:colcon.colcon_core.shell:Creating prefix util module '/home/papasav/robot_ws/install/_local_setup_util_ps1.py'
[8.905s] INFO:colcon.colcon_core.shell:Creating prefix chain script '/home/papasav/robot_ws/install/setup.ps1'
[8.908s] INFO:colcon.colcon_core.shell:Creating prefix script '/home/papasav/robot_ws/install/local_setup.sh'
[8.910s] INFO:colcon.colcon_core.shell:Creating prefix util module '/home/papasav/robot_ws/install/_local_setup_util_sh.py'
[8.912s] INFO:colcon.colcon_core.shell:Creating prefix chain script '/home/papasav/robot_ws/install/setup.sh'
[8.916s] INFO:colcon.colcon_core.shell:Creating prefix script '/home/papasav/robot_ws/install/local_setup.bash'
[8.918s] INFO:colcon.colcon_core.shell:Creating prefix chain script '/home/papasav/robot_ws/install/setup.bash'
[8.921s] INFO:colcon.colcon_core.shell:Creating prefix script '/home/papasav/robot_ws/install/local_setup.zsh'
[8.923s] INFO:colcon.colcon_core.shell:Creating prefix chain script '/home/papasav/robot_ws/install/setup.zsh'
