[5.733s] Invoking command in '/home/bot12/robot_ws/src/robot_bringup': PYTHONPATH=/home/bot12/robot_ws/build/robot_bringup/prefix_override:/home/bot12/robot_ws/install/robot_bringup/lib/python3.10/site-packages:${PYTHONPATH} /usr/bin/python3 -W ignore:setup.py install is deprecated setup.py egg_info --egg-base ../../build/robot_bringup build --build-base /home/bot12/robot_ws/build/robot_bringup/build install --record /home/bot12/robot_ws/build/robot_bringup/install.log --single-version-externally-managed install_data
[7.232s] running egg_info
[7.235s] writing ../../build/robot_bringup/robot_bringup.egg-info/PKG-INFO
[7.236s] writing dependency_links to ../../build/robot_bringup/robot_bringup.egg-info/dependency_links.txt
[7.237s] writing entry points to ../../build/robot_bringup/robot_bringup.egg-info/entry_points.txt
[7.238s] writing requirements to ../../build/robot_bringup/robot_bringup.egg-info/requires.txt
[7.239s] writing top-level names to ../../build/robot_bringup/robot_bringup.egg-info/top_level.txt
[7.248s] reading manifest file '../../build/robot_bringup/robot_bringup.egg-info/SOURCES.txt'
[7.253s] writing manifest file '../../build/robot_bringup/robot_bringup.egg-info/SOURCES.txt'
[7.254s] running build
[7.254s] running build_py
[7.256s] running install
[7.258s] running install_lib
[7.264s] running install_data
[7.265s] running install_egg_info
[7.274s] removing '/home/bot12/robot_ws/install/robot_bringup/lib/python3.10/site-packages/robot_bringup-0.0.0-py3.10.egg-info' (and everything under it)
[7.277s] Copying ../../build/robot_bringup/robot_bringup.egg-info to /home/bot12/robot_ws/install/robot_bringup/lib/python3.10/site-packages/robot_bringup-0.0.0-py3.10.egg-info
[7.283s] running install_scripts
[7.392s] Installing robmove script to /home/bot12/robot_ws/install/robot_bringup/lib/robot_bringup
[7.395s] writing list of installed files to '/home/bot12/robot_ws/build/robot_bringup/install.log'
[7.610s] Invoked command in '/home/bot12/robot_ws/src/robot_bringup' returned '0': PYTHONPATH=/home/bot12/robot_ws/build/robot_bringup/prefix_override:/home/bot12/robot_ws/install/robot_bringup/lib/python3.10/site-packages:${PYTHONPATH} /usr/bin/python3 -W ignore:setup.py install is deprecated setup.py egg_info --egg-base ../../build/robot_bringup build --build-base /home/bot12/robot_ws/build/robot_bringup/build install --record /home/bot12/robot_ws/build/robot_bringup/install.log --single-version-externally-managed install_data
