[0.000000] (-) TimerEvent: {}
[0.001734] (robot_bringup) JobQueued: {'identifier': 'robot_bringup', 'dependencies': OrderedDict()}
[0.002361] (tb3_teleop) JobQueued: {'identifier': 'tb3_teleop', 'dependencies': OrderedDict()}
[0.002453] (robot_bringup) JobStarted: {'identifier': 'robot_bringup'}
[0.066120] (tb3_teleop) JobStarted: {'identifier': 'tb3_teleop'}
[0.099339] (-) TimerEvent: {}
[0.200636] (-) TimerEvent: {}
[0.301577] (-) TimerEvent: {}
[0.402747] (-) TimerEvent: {}
[0.503792] (-) TimerEvent: {}
[0.604732] (-) TimerEvent: {}
[0.705736] (-) TimerEvent: {}
[0.806856] (-) TimerEvent: {}
[0.907757] (-) TimerEvent: {}
[1.008900] (-) TimerEvent: {}
[1.110704] (-) TimerEvent: {}
[1.216085] (-) TimerEvent: {}
[1.316755] (-) TimerEvent: {}
[1.417402] (-) TimerEvent: {}
[1.518063] (-) TimerEvent: {}
[1.618728] (-) TimerEvent: {}
[1.719529] (-) TimerEvent: {}
[1.820791] (-) TimerEvent: {}
[1.931341] (-) TimerEvent: {}
[2.012145] (robot_bringup) StderrLine: {'line': b'Traceback (most recent call last):\n  File "/usr/lib/python3/dist-packages/colcon_core/executor/__init__.py", line 91, in __call__\n    rc = await self.task(*args, **kwargs)\n  File "/usr/lib/python3/dist-packages/colcon_core/task/__init__.py", line 93, in __call__\n    return await task_method(*args, **kwargs)\n  File "/usr/lib/python3/dist-packages/colcon_ros/task/ament_python/build.py", line 51, in build\n    setup_py_data = get_setup_data(self.context.pkg, env)\n  File "/usr/lib/python3/dist-packages/colcon_core/task/python/__init__.py", line 20, in get_setup_data\n    return dict(pkg.metadata[key](env))\n  File "/usr/lib/python3/dist-packages/colcon_ros/package_augmentation/ros_ament_python.py", line 57, in getter\n    return get_setup_information(\n  File "/usr/lib/python3/dist-packages/colcon_python_setup_py/package_identification/python_setup_py.py", line 241, in get_setup_information\n    _setup_information_cache[hashable_env] = _get_setup_information(\n  File "/usr/lib/python3/dist-packages/colcon_python_setup_py/package_identification/python_setup_py.py", line 288, in _get_setup_information\n    result = subprocess.run(\n  File "/usr/lib/python3.10/subprocess.py", line 526, in run\n    raise CalledProcessError(retcode, process.args,\nsubprocess.CalledProcessError: Command \'[\'/usr/bin/python3\', \'-c\', \'import sys;from contextlib import suppress;exec("with suppress(ImportError):    from setuptools.extern.packaging.specifiers    import SpecifierSet");exec("with suppress(ImportError):    from packaging.specifiers import SpecifierSet");from distutils.core import run_setup;dist = run_setup(    \\\'setup.py\\\', script_args=(\\\'--dry-run\\\',), stop_after=\\\'config\\\');skip_keys = (\\\'cmdclass\\\', \\\'distclass\\\', \\\'ext_modules\\\', \\\'metadata\\\');data = {    key: value for key, value in dist.__dict__.items()     if (        not key.startswith(\\\'_\\\') and         not callable(value) and         key not in skip_keys and         key not in dist.display_option_names    )};data[\\\'metadata\\\'] = {    k: v for k, v in dist.metadata.__dict__.items()     if k not in (\\\'license_files\\\', \\\'provides_extras\\\')};sys.stdout.buffer.write(repr(data).encode(\\\'utf-8\\\'))\']\' returned non-zero exit status 1.\n'}
[2.017795] (robot_bringup) JobEnded: {'identifier': 'robot_bringup', 'rc': 1}
[2.020541] (tb3_teleop) JobEnded: {'identifier': 'tb3_teleop', 'rc': 'SIGINT'}
[2.028033] (-) EventReactorShutdown: {}
