[10.270s] Invoking command in '/home/bot12/robot_ws/src/robot_bringup': PYTHONPATH=/home/bot12/robot_ws/build/robot_bringup/prefix_override:/home/bot12/robot_ws/install/robot_bringup/lib/python3.10/site-packages:${PYTHONPATH} /usr/bin/python3 -W ignore:setup.py install is deprecated setup.py egg_info --egg-base ../../build/robot_bringup build --build-base /home/bot12/robot_ws/build/robot_bringup/build install --record /home/bot12/robot_ws/build/robot_bringup/install.log --single-version-externally-managed install_data
[12.266s] running egg_info
[12.271s] writing ../../build/robot_bringup/robot_bringup.egg-info/PKG-INFO
[12.272s] writing dependency_links to ../../build/robot_bringup/robot_bringup.egg-info/dependency_links.txt
[12.274s] writing entry points to ../../build/robot_bringup/robot_bringup.egg-info/entry_points.txt
[12.276s] writing requirements to ../../build/robot_bringup/robot_bringup.egg-info/requires.txt
[12.277s] writing top-level names to ../../build/robot_bringup/robot_bringup.egg-info/top_level.txt
[12.289s] reading manifest file '../../build/robot_bringup/robot_bringup.egg-info/SOURCES.txt'
[12.299s] writing manifest file '../../build/robot_bringup/robot_bringup.egg-info/SOURCES.txt'
[12.301s] running build
[12.301s] running build_py
[12.304s] running install
[12.307s] running install_lib
[12.315s] running install_data
[12.318s] copying launch/webcam.launch.yaml -> /home/bot12/robot_ws/install/robot_bringup/share/robot_bringup/launch
[12.331s] running install_egg_info
[12.343s] removing '/home/bot12/robot_ws/install/robot_bringup/lib/python3.10/site-packages/robot_bringup-0.0.0-py3.10.egg-info' (and everything under it)
[12.346s] Copying ../../build/robot_bringup/robot_bringup.egg-info to /home/bot12/robot_ws/install/robot_bringup/lib/python3.10/site-packages/robot_bringup-0.0.0-py3.10.egg-info
[12.362s] running install_scripts
[12.525s] Installing robmove script to /home/bot12/robot_ws/install/robot_bringup/lib/robot_bringup
[12.529s] writing list of installed files to '/home/bot12/robot_ws/build/robot_bringup/install.log'
[12.820s] Invoked command in '/home/bot12/robot_ws/src/robot_bringup' returned '0': PYTHONPATH=/home/bot12/robot_ws/build/robot_bringup/prefix_override:/home/bot12/robot_ws/install/robot_bringup/lib/python3.10/site-packages:${PYTHONPATH} /usr/bin/python3 -W ignore:setup.py install is deprecated setup.py egg_info --egg-base ../../build/robot_bringup build --build-base /home/bot12/robot_ws/build/robot_bringup/build install --record /home/bot12/robot_ws/build/robot_bringup/install.log --single-version-externally-managed install_data
