[7.718s] Invoking command in '/home/bot12/robot_ws/src/tb3_description': PYTHONPATH=/home/bot12/robot_ws/build/tb3_description/prefix_override:/home/bot12/robot_ws/install/tb3_description/lib/python3.10/site-packages:${PYTHONPATH} /usr/bin/python3 -W ignore:setup.py install is deprecated setup.py egg_info --egg-base ../../build/tb3_description build --build-base /home/bot12/robot_ws/build/tb3_description/build install --record /home/bot12/robot_ws/build/tb3_description/install.log --single-version-externally-managed install_data
[9.452s] running egg_info
[9.456s] writing ../../build/tb3_description/tb3_description.egg-info/PKG-INFO
[9.459s] writing dependency_links to ../../build/tb3_description/tb3_description.egg-info/dependency_links.txt
[9.459s] writing entry points to ../../build/tb3_description/tb3_description.egg-info/entry_points.txt
[9.460s] writing requirements to ../../build/tb3_description/tb3_description.egg-info/requires.txt
[9.461s] writing top-level names to ../../build/tb3_description/tb3_description.egg-info/top_level.txt
[9.495s] reading manifest file '../../build/tb3_description/tb3_description.egg-info/SOURCES.txt'
[9.496s] writing manifest file '../../build/tb3_description/tb3_description.egg-info/SOURCES.txt'
[9.497s] running build
[9.497s] running build_py
[9.498s] running install
[9.498s] running install_lib
[9.500s] running install_data
[9.509s] copying launch/tb3_description.launch.py -> /home/bot12/robot_ws/install/tb3_description/share/tb3_description/launch
[9.510s] copying urdf/turtlebot3_burger_base.urdf.xacro -> /home/bot12/robot_ws/install/tb3_description/share/tb3_description/urdf
[9.512s] running install_egg_info
[9.526s] removing '/home/bot12/robot_ws/install/tb3_description/lib/python3.10/site-packages/tb3_description-0.0.0-py3.10.egg-info' (and everything under it)
[9.531s] Copying ../../build/tb3_description/tb3_description.egg-info to /home/bot12/robot_ws/install/tb3_description/lib/python3.10/site-packages/tb3_description-0.0.0-py3.10.egg-info
[9.545s] running install_scripts
[9.760s] writing list of installed files to '/home/bot12/robot_ws/build/tb3_description/install.log'
[9.997s] Invoked command in '/home/bot12/robot_ws/src/tb3_description' returned '0': PYTHONPATH=/home/bot12/robot_ws/build/tb3_description/prefix_override:/home/bot12/robot_ws/install/tb3_description/lib/python3.10/site-packages:${PYTHONPATH} /usr/bin/python3 -W ignore:setup.py install is deprecated setup.py egg_info --egg-base ../../build/tb3_description build --build-base /home/bot12/robot_ws/build/tb3_description/build install --record /home/bot12/robot_ws/build/tb3_description/install.log --single-version-externally-managed install_data
