[2.768s] Invoking command in '/home/papasav/robot_ws-main/src/robot_bringup': PYTHONPATH=/home/papasav/robot_ws-main/build/robot_bringup/prefix_override:/home/papasav/robot_ws-main/install/robot_bringup/lib/python3.10/site-packages:${PYTHONPATH} /usr/bin/python3 -W ignore:setup.py install is deprecated setup.py egg_info --egg-base ../../build/robot_bringup build --build-base /home/papasav/robot_ws-main/build/robot_bringup/build install --record /home/papasav/robot_ws-main/build/robot_bringup/install.log --single-version-externally-managed install_data
[3.545s] running egg_info
[3.547s] writing ../../build/robot_bringup/robot_bringup.egg-info/PKG-INFO
[3.548s] writing dependency_links to ../../build/robot_bringup/robot_bringup.egg-info/dependency_links.txt
[3.548s] writing entry points to ../../build/robot_bringup/robot_bringup.egg-info/entry_points.txt
[3.549s] writing requirements to ../../build/robot_bringup/robot_bringup.egg-info/requires.txt
[3.550s] writing top-level names to ../../build/robot_bringup/robot_bringup.egg-info/top_level.txt
[3.556s] reading manifest file '../../build/robot_bringup/robot_bringup.egg-info/SOURCES.txt'
[3.559s] writing manifest file '../../build/robot_bringup/robot_bringup.egg-info/SOURCES.txt'
[3.560s] running build
[3.560s] running build_py
[3.560s] running install
[3.562s] running install_lib
[3.568s] running install_data
[3.569s] running install_egg_info
[3.575s] removing '/home/papasav/robot_ws-main/install/robot_bringup/lib/python3.10/site-packages/robot_bringup-0.0.0-py3.10.egg-info' (and everything under it)
[3.576s] Copying ../../build/robot_bringup/robot_bringup.egg-info to /home/papasav/robot_ws-main/install/robot_bringup/lib/python3.10/site-packages/robot_bringup-0.0.0-py3.10.egg-info
[3.579s] running install_scripts
[3.651s] Installing robmove script to /home/papasav/robot_ws-main/install/robot_bringup/lib/robot_bringup
[3.652s] writing list of installed files to '/home/papasav/robot_ws-main/build/robot_bringup/install.log'
[4.356s] Invoked command in '/home/papasav/robot_ws-main/src/robot_bringup' returned '0': PYTHONPATH=/home/papasav/robot_ws-main/build/robot_bringup/prefix_override:/home/papasav/robot_ws-main/install/robot_bringup/lib/python3.10/site-packages:${PYTHONPATH} /usr/bin/python3 -W ignore:setup.py install is deprecated setup.py egg_info --egg-base ../../build/robot_bringup build --build-base /home/papasav/robot_ws-main/build/robot_bringup/build install --record /home/papasav/robot_ws-main/build/robot_bringup/install.log --single-version-externally-managed install_data
