[9.641s] Invoking command in '/home/bot12/robot_ws/src/robot_bringup': PYTHONPATH=/home/bot12/robot_ws/build/robot_bringup/prefix_override:/home/bot12/robot_ws/install/robot_bringup/lib/python3.10/site-packages:${PYTHONPATH} /usr/bin/python3 -W ignore:setup.py install is deprecated setup.py egg_info --egg-base ../../build/robot_bringup build --build-base /home/bot12/robot_ws/build/robot_bringup/build install --record /home/bot12/robot_ws/build/robot_bringup/install.log --single-version-externally-managed install_data
[12.637s] running egg_info
[12.643s] writing ../../build/robot_bringup/robot_bringup.egg-info/PKG-INFO
[12.646s] writing dependency_links to ../../build/robot_bringup/robot_bringup.egg-info/dependency_links.txt
[12.650s] writing entry points to ../../build/robot_bringup/robot_bringup.egg-info/entry_points.txt
[12.652s] writing requirements to ../../build/robot_bringup/robot_bringup.egg-info/requires.txt
[12.654s] writing top-level names to ../../build/robot_bringup/robot_bringup.egg-info/top_level.txt
[12.672s] reading manifest file '../../build/robot_bringup/robot_bringup.egg-info/SOURCES.txt'
[12.682s] writing manifest file '../../build/robot_bringup/robot_bringup.egg-info/SOURCES.txt'
[12.685s] running build
[12.686s] running build_py
[12.689s] running install
[12.692s] running install_lib
[12.707s] running install_data
[12.711s] copying launch/turtlebot3_tf.launch.yaml -> /home/bot12/robot_ws/install/robot_bringup/share/robot_bringup/launch
[12.716s] running install_egg_info
[12.733s] removing '/home/bot12/robot_ws/install/robot_bringup/lib/python3.10/site-packages/robot_bringup-0.0.0-py3.10.egg-info' (and everything under it)
[12.737s] Copying ../../build/robot_bringup/robot_bringup.egg-info to /home/bot12/robot_ws/install/robot_bringup/lib/python3.10/site-packages/robot_bringup-0.0.0-py3.10.egg-info
[12.751s] running install_scripts
[12.999s] Installing robmove script to /home/bot12/robot_ws/install/robot_bringup/lib/robot_bringup
[13.015s] writing list of installed files to '/home/bot12/robot_ws/build/robot_bringup/install.log'
[13.406s] Invoked command in '/home/bot12/robot_ws/src/robot_bringup' returned '0': PYTHONPATH=/home/bot12/robot_ws/build/robot_bringup/prefix_override:/home/bot12/robot_ws/install/robot_bringup/lib/python3.10/site-packages:${PYTHONPATH} /usr/bin/python3 -W ignore:setup.py install is deprecated setup.py egg_info --egg-base ../../build/robot_bringup build --build-base /home/bot12/robot_ws/build/robot_bringup/build install --record /home/bot12/robot_ws/build/robot_bringup/install.log --single-version-externally-managed install_data
