[2.805s] Invoking command in '/home/papasav/robot_ws-main/src/robot_bringup': PYTHONPATH=/home/papasav/robot_ws-main/build/robot_bringup/prefix_override:/home/papasav/robot_ws-main/install/robot_bringup/lib/python3.10/site-packages:${PYTHONPATH} /usr/bin/python3 -W ignore:setup.py install is deprecated setup.py egg_info --egg-base ../../build/robot_bringup build --build-base /home/papasav/robot_ws-main/build/robot_bringup/build install --record /home/papasav/robot_ws-main/build/robot_bringup/install.log --single-version-externally-managed install_data
[3.656s] running egg_info
[3.661s] writing ../../build/robot_bringup/robot_bringup.egg-info/PKG-INFO
[3.664s] writing dependency_links to ../../build/robot_bringup/robot_bringup.egg-info/dependency_links.txt
[3.665s] writing entry points to ../../build/robot_bringup/robot_bringup.egg-info/entry_points.txt
[3.667s] writing requirements to ../../build/robot_bringup/robot_bringup.egg-info/requires.txt
[3.668s] writing top-level names to ../../build/robot_bringup/robot_bringup.egg-info/top_level.txt
[3.674s] reading manifest file '../../build/robot_bringup/robot_bringup.egg-info/SOURCES.txt'
[3.678s] writing manifest file '../../build/robot_bringup/robot_bringup.egg-info/SOURCES.txt'
[3.679s] running build
[3.680s] running build_py
[3.682s] running install
[3.684s] running install_lib
[3.688s] running install_data
[3.690s] running install_egg_info
[3.696s] removing '/home/papasav/robot_ws-main/install/robot_bringup/lib/python3.10/site-packages/robot_bringup-0.0.0-py3.10.egg-info' (and everything under it)
[3.698s] Copying ../../build/robot_bringup/robot_bringup.egg-info to /home/papasav/robot_ws-main/install/robot_bringup/lib/python3.10/site-packages/robot_bringup-0.0.0-py3.10.egg-info
[3.706s] running install_scripts
[3.786s] Installing robmove script to /home/papasav/robot_ws-main/install/robot_bringup/lib/robot_bringup
[3.787s] writing list of installed files to '/home/papasav/robot_ws-main/build/robot_bringup/install.log'
[4.477s] Invoked command in '/home/papasav/robot_ws-main/src/robot_bringup' returned '0': PYTHONPATH=/home/papasav/robot_ws-main/build/robot_bringup/prefix_override:/home/papasav/robot_ws-main/install/robot_bringup/lib/python3.10/site-packages:${PYTHONPATH} /usr/bin/python3 -W ignore:setup.py install is deprecated setup.py egg_info --egg-base ../../build/robot_bringup build --build-base /home/papasav/robot_ws-main/build/robot_bringup/build install --record /home/papasav/robot_ws-main/build/robot_bringup/install.log --single-version-externally-managed install_data
