[7.456s] Invoking command in '/home/bot12/robot_ws/src/robot_bringup': PYTHONPATH=/home/bot12/robot_ws/build/robot_bringup/prefix_override:/home/bot12/robot_ws/install/robot_bringup/lib/python3.10/site-packages:${PYTHONPATH} /usr/bin/python3 -W ignore:setup.py install is deprecated setup.py egg_info --egg-base ../../build/robot_bringup build --build-base /home/bot12/robot_ws/build/robot_bringup/build install --record /home/bot12/robot_ws/build/robot_bringup/install.log --single-version-externally-managed install_data
[9.508s] running egg_info
[9.511s] creating ../../build/robot_bringup/robot_bringup.egg-info
[9.512s] writing ../../build/robot_bringup/robot_bringup.egg-info/PKG-INFO
[9.516s] writing dependency_links to ../../build/robot_bringup/robot_bringup.egg-info/dependency_links.txt
[9.519s] writing entry points to ../../build/robot_bringup/robot_bringup.egg-info/entry_points.txt
[9.520s] writing requirements to ../../build/robot_bringup/robot_bringup.egg-info/requires.txt
[9.527s] writing top-level names to ../../build/robot_bringup/robot_bringup.egg-info/top_level.txt
[9.535s] writing manifest file '../../build/robot_bringup/robot_bringup.egg-info/SOURCES.txt'
[9.538s] reading manifest file '../../build/robot_bringup/robot_bringup.egg-info/SOURCES.txt'
[9.546s] writing manifest file '../../build/robot_bringup/robot_bringup.egg-info/SOURCES.txt'
[9.549s] running build
[9.550s] running build_py
[9.552s] creating /home/bot12/robot_ws/build/robot_bringup/build
[9.553s] creating /home/bot12/robot_ws/build/robot_bringup/build/lib
[9.554s] creating /home/bot12/robot_ws/build/robot_bringup/build/lib/robot_bringup
[9.555s] copying robot_bringup/__init__.py -> /home/bot12/robot_ws/build/robot_bringup/build/lib/robot_bringup
[9.557s] running install
[9.561s] running install_lib
[9.565s] creating /home/bot12/robot_ws/install/robot_bringup/lib/python3.10/site-packages/robot_bringup
[9.566s] copying /home/bot12/robot_ws/build/robot_bringup/build/lib/robot_bringup/__init__.py -> /home/bot12/robot_ws/install/robot_bringup/lib/python3.10/site-packages/robot_bringup
[9.569s] byte-compiling /home/bot12/robot_ws/install/robot_bringup/lib/python3.10/site-packages/robot_bringup/__init__.py to __init__.cpython-310.pyc
[9.572s] running install_data
[9.575s] creating /home/bot12/robot_ws/install/robot_bringup/share/ament_index
[9.585s] creating /home/bot12/robot_ws/install/robot_bringup/share/ament_index/resource_index
[9.586s] creating /home/bot12/robot_ws/install/robot_bringup/share/ament_index/resource_index/packages
[9.587s] copying resource/robot_bringup -> /home/bot12/robot_ws/install/robot_bringup/share/ament_index/resource_index/packages
[9.588s] copying package.xml -> /home/bot12/robot_ws/install/robot_bringup/share/robot_bringup
[9.589s] creating /home/bot12/robot_ws/install/robot_bringup/share/robot_bringup/launch
[9.599s] copying launch/turtlebot3_tf.launch.yaml -> /home/bot12/robot_ws/install/robot_bringup/share/robot_bringup/launch
[9.600s] running install_egg_info
[9.601s] Copying ../../build/robot_bringup/robot_bringup.egg-info to /home/bot12/robot_ws/install/robot_bringup/lib/python3.10/site-packages/robot_bringup-0.0.0-py3.10.egg-info
[9.608s] running install_scripts
[9.812s] writing list of installed files to '/home/bot12/robot_ws/build/robot_bringup/install.log'
[10.066s] Invoked command in '/home/bot12/robot_ws/src/robot_bringup' returned '0': PYTHONPATH=/home/bot12/robot_ws/build/robot_bringup/prefix_override:/home/bot12/robot_ws/install/robot_bringup/lib/python3.10/site-packages:${PYTHONPATH} /usr/bin/python3 -W ignore:setup.py install is deprecated setup.py egg_info --egg-base ../../build/robot_bringup build --build-base /home/bot12/robot_ws/build/robot_bringup/build install --record /home/bot12/robot_ws/build/robot_bringup/install.log --single-version-externally-managed install_data
