[9.086s] Invoking command in '/home/bot12/robot_ws/src/tb3_description': PYTHONPATH=/home/bot12/robot_ws/build/tb3_description/prefix_override:/home/bot12/robot_ws/install/tb3_description/lib/python3.10/site-packages:${PYTHONPATH} /usr/bin/python3 -W ignore:setup.py install is deprecated setup.py egg_info --egg-base ../../build/tb3_description build --build-base /home/bot12/robot_ws/build/tb3_description/build install --record /home/bot12/robot_ws/build/tb3_description/install.log --single-version-externally-managed install_data
[12.444s] running egg_info
[12.452s] writing ../../build/tb3_description/tb3_description.egg-info/PKG-INFO
[12.455s] writing dependency_links to ../../build/tb3_description/tb3_description.egg-info/dependency_links.txt
[12.457s] writing entry points to ../../build/tb3_description/tb3_description.egg-info/entry_points.txt
[12.461s] writing requirements to ../../build/tb3_description/tb3_description.egg-info/requires.txt
[12.463s] writing top-level names to ../../build/tb3_description/tb3_description.egg-info/top_level.txt
[12.484s] reading manifest file '../../build/tb3_description/tb3_description.egg-info/SOURCES.txt'
[12.494s] writing manifest file '../../build/tb3_description/tb3_description.egg-info/SOURCES.txt'
[12.496s] running build
[12.497s] running build_py
[12.500s] running install
[12.502s] running install_lib
[12.517s] running install_data
[12.523s] running install_egg_info
[12.534s] removing '/home/bot12/robot_ws/install/tb3_description/lib/python3.10/site-packages/tb3_description-0.0.0-py3.10.egg-info' (and everything under it)
[12.537s] Copying ../../build/tb3_description/tb3_description.egg-info to /home/bot12/robot_ws/install/tb3_description/lib/python3.10/site-packages/tb3_description-0.0.0-py3.10.egg-info
[12.545s] running install_scripts
[12.657s] writing list of installed files to '/home/bot12/robot_ws/build/tb3_description/install.log'
[12.808s] Invoked command in '/home/bot12/robot_ws/src/tb3_description' returned '0': PYTHONPATH=/home/bot12/robot_ws/build/tb3_description/prefix_override:/home/bot12/robot_ws/install/tb3_description/lib/python3.10/site-packages:${PYTHONPATH} /usr/bin/python3 -W ignore:setup.py install is deprecated setup.py egg_info --egg-base ../../build/tb3_description build --build-base /home/bot12/robot_ws/build/tb3_description/build install --record /home/bot12/robot_ws/build/tb3_description/install.log --single-version-externally-managed install_data
