[0.491s] DEBUG:colcon:Command line arguments: ['/usr/bin/colcon', 'build']
[0.491s] DEBUG:colcon:Parsed command line arguments: Namespace(log_base=None, log_level=None, verb_name='build', build_base='build', install_base='install', merge_install=False, symlink_install=False, test_result_base=None, continue_on_error=False, executor='parallel', parallel_workers=4, event_handlers=None, ignore_user_meta=False, metas=['./colcon.meta'], base_paths=['.'], packages_ignore=None, packages_ignore_regex=None, paths=None, packages_up_to=None, packages_up_to_regex=None, packages_above=None, packages_above_and_dependencies=None, packages_above_depth=None, packages_select_by_dep=None, packages_skip_by_dep=None, packages_skip_up_to=None, packages_select_build_failed=False, packages_skip_build_finished=False, packages_select_test_failures=False, packages_skip_test_passed=False, packages_select=None, packages_skip=None, packages_select_regex=None, packages_skip_regex=None, packages_start=None, packages_end=None, allow_overriding=[], cmake_args=None, cmake_target=None, cmake_target_skip_unavailable=False, cmake_clean_cache=False, cmake_clean_first=False, cmake_force_configure=False, ament_cmake_args=None, catkin_cmake_args=None, catkin_skip_building_tests=False, mixin_files=None, mixin=None, verb_parser=<colcon_mixin.mixin.mixin_argument.MixinArgumentDecorator object at 0xffffb8a9ee60>, verb_extension=<colcon_core.verb.build.BuildVerb object at 0xffffb8bcb460>, main=<bound method BuildVerb.main of <colcon_core.verb.build.BuildVerb object at 0xffffb8bcb460>>, mixin_verb=('build',))
[1.335s] Level 1:colcon.colcon_core.package_discovery:discover_packages(colcon_meta) check parameters
[1.335s] Level 1:colcon.colcon_core.package_discovery:discover_packages(recursive) check parameters
[1.335s] Level 1:colcon.colcon_core.package_discovery:discover_packages(ignore) check parameters
[1.335s] Level 1:colcon.colcon_core.package_discovery:discover_packages(path) check parameters
[1.335s] Level 1:colcon.colcon_core.package_discovery:discover_packages(colcon_meta) discover
[1.336s] Level 1:colcon.colcon_core.package_discovery:discover_packages(recursive) discover
[1.336s] INFO:colcon.colcon_core.package_discovery:Crawling recursively for packages in '/home/bot12/robot_ws'
[1.336s] Level 1:colcon.colcon_core.package_identification:_identify(.) by extensions ['ignore', 'ignore_ament_install']
[1.337s] Level 1:colcon.colcon_core.package_identification:_identify(.) by extension 'ignore'
[1.337s] Level 1:colcon.colcon_core.package_identification:_identify(.) by extension 'ignore_ament_install'
[1.337s] Level 1:colcon.colcon_core.package_identification:_identify(.) by extensions ['colcon_pkg']
[1.337s] Level 1:colcon.colcon_core.package_identification:_identify(.) by extension 'colcon_pkg'
[1.337s] Level 1:colcon.colcon_core.package_identification:_identify(.) by extensions ['colcon_meta']
[1.337s] Level 1:colcon.colcon_core.package_identification:_identify(.) by extension 'colcon_meta'
[1.338s] Level 1:colcon.colcon_core.package_identification:_identify(.) by extensions ['ros']
[1.338s] Level 1:colcon.colcon_core.package_identification:_identify(.) by extension 'ros'
[1.382s] Level 1:colcon.colcon_core.package_identification:_identify(.) by extensions ['cmake', 'python']
[1.382s] Level 1:colcon.colcon_core.package_identification:_identify(.) by extension 'cmake'
[1.382s] Level 1:colcon.colcon_core.package_identification:_identify(.) by extension 'python'
[1.383s] Level 1:colcon.colcon_core.package_identification:_identify(.) by extensions ['python_setup_py']
[1.383s] Level 1:colcon.colcon_core.package_identification:_identify(.) by extension 'python_setup_py'
[1.383s] Level 1:colcon.colcon_core.package_identification:_identify(build) by extensions ['ignore', 'ignore_ament_install']
[1.384s] Level 1:colcon.colcon_core.package_identification:_identify(build) by extension 'ignore'
[1.384s] Level 1:colcon.colcon_core.package_identification:_identify(build) ignored
[1.384s] Level 1:colcon.colcon_core.package_identification:_identify(install) by extensions ['ignore', 'ignore_ament_install']
[1.385s] Level 1:colcon.colcon_core.package_identification:_identify(install) by extension 'ignore'
[1.385s] Level 1:colcon.colcon_core.package_identification:_identify(install) ignored
[1.386s] Level 1:colcon.colcon_core.package_identification:_identify(log) by extensions ['ignore', 'ignore_ament_install']
[1.386s] Level 1:colcon.colcon_core.package_identification:_identify(log) by extension 'ignore'
[1.386s] Level 1:colcon.colcon_core.package_identification:_identify(log) ignored
[1.387s] Level 1:colcon.colcon_core.package_identification:_identify(src) by extensions ['ignore', 'ignore_ament_install']
[1.387s] Level 1:colcon.colcon_core.package_identification:_identify(src) by extension 'ignore'
[1.387s] Level 1:colcon.colcon_core.package_identification:_identify(src) by extension 'ignore_ament_install'
[1.387s] Level 1:colcon.colcon_core.package_identification:_identify(src) by extensions ['colcon_pkg']
[1.388s] Level 1:colcon.colcon_core.package_identification:_identify(src) by extension 'colcon_pkg'
[1.388s] Level 1:colcon.colcon_core.package_identification:_identify(src) by extensions ['colcon_meta']
[1.388s] Level 1:colcon.colcon_core.package_identification:_identify(src) by extension 'colcon_meta'
[1.388s] Level 1:colcon.colcon_core.package_identification:_identify(src) by extensions ['ros']
[1.388s] Level 1:colcon.colcon_core.package_identification:_identify(src) by extension 'ros'
[1.388s] Level 1:colcon.colcon_core.package_identification:_identify(src) by extensions ['cmake', 'python']
[1.389s] Level 1:colcon.colcon_core.package_identification:_identify(src) by extension 'cmake'
[1.389s] Level 1:colcon.colcon_core.package_identification:_identify(src) by extension 'python'
[1.389s] Level 1:colcon.colcon_core.package_identification:_identify(src) by extensions ['python_setup_py']
[1.389s] Level 1:colcon.colcon_core.package_identification:_identify(src) by extension 'python_setup_py'
[1.389s] Level 1:colcon.colcon_core.package_identification:_identify(src/robot_bringup) by extensions ['ignore', 'ignore_ament_install']
[1.390s] Level 1:colcon.colcon_core.package_identification:_identify(src/robot_bringup) by extension 'ignore'
[1.390s] Level 1:colcon.colcon_core.package_identification:_identify(src/robot_bringup) by extension 'ignore_ament_install'
[1.390s] Level 1:colcon.colcon_core.package_identification:_identify(src/robot_bringup) by extensions ['colcon_pkg']
[1.390s] Level 1:colcon.colcon_core.package_identification:_identify(src/robot_bringup) by extension 'colcon_pkg'
[1.390s] Level 1:colcon.colcon_core.package_identification:_identify(src/robot_bringup) by extensions ['colcon_meta']
[1.391s] Level 1:colcon.colcon_core.package_identification:_identify(src/robot_bringup) by extension 'colcon_meta'
[1.391s] Level 1:colcon.colcon_core.package_identification:_identify(src/robot_bringup) by extensions ['ros']
[1.391s] Level 1:colcon.colcon_core.package_identification:_identify(src/robot_bringup) by extension 'ros'
[1.399s] DEBUG:colcon.colcon_core.package_identification:Package 'src/robot_bringup' with type 'ros.ament_python' and name 'robot_bringup'
[1.400s] Level 1:colcon.colcon_core.package_identification:_identify(src/tb3_description) by extensions ['ignore', 'ignore_ament_install']
[1.400s] Level 1:colcon.colcon_core.package_identification:_identify(src/tb3_description) by extension 'ignore'
[1.400s] Level 1:colcon.colcon_core.package_identification:_identify(src/tb3_description) by extension 'ignore_ament_install'
[1.401s] Level 1:colcon.colcon_core.package_identification:_identify(src/tb3_description) by extensions ['colcon_pkg']
[1.401s] Level 1:colcon.colcon_core.package_identification:_identify(src/tb3_description) by extension 'colcon_pkg'
[1.401s] Level 1:colcon.colcon_core.package_identification:_identify(src/tb3_description) by extensions ['colcon_meta']
[1.401s] Level 1:colcon.colcon_core.package_identification:_identify(src/tb3_description) by extension 'colcon_meta'
[1.401s] Level 1:colcon.colcon_core.package_identification:_identify(src/tb3_description) by extensions ['ros']
[1.401s] Level 1:colcon.colcon_core.package_identification:_identify(src/tb3_description) by extension 'ros'
[1.404s] DEBUG:colcon.colcon_core.package_identification:Package 'src/tb3_description' with type 'ros.ament_python' and name 'tb3_description'
[1.404s] Level 1:colcon.colcon_core.package_identification:_identify(src/tb3_teleop) by extensions ['ignore', 'ignore_ament_install']
[1.405s] Level 1:colcon.colcon_core.package_identification:_identify(src/tb3_teleop) by extension 'ignore'
[1.405s] Level 1:colcon.colcon_core.package_identification:_identify(src/tb3_teleop) by extension 'ignore_ament_install'
[1.405s] Level 1:colcon.colcon_core.package_identification:_identify(src/tb3_teleop) by extensions ['colcon_pkg']
[1.405s] Level 1:colcon.colcon_core.package_identification:_identify(src/tb3_teleop) by extension 'colcon_pkg'
[1.405s] Level 1:colcon.colcon_core.package_identification:_identify(src/tb3_teleop) by extensions ['colcon_meta']
[1.406s] Level 1:colcon.colcon_core.package_identification:_identify(src/tb3_teleop) by extension 'colcon_meta'
[1.406s] Level 1:colcon.colcon_core.package_identification:_identify(src/tb3_teleop) by extensions ['ros']
[1.406s] Level 1:colcon.colcon_core.package_identification:_identify(src/tb3_teleop) by extension 'ros'
[1.408s] DEBUG:colcon.colcon_core.package_identification:Package 'src/tb3_teleop' with type 'ros.ament_python' and name 'tb3_teleop'
[1.409s] Level 1:colcon.colcon_core.package_discovery:discover_packages(recursive) using defaults
[1.409s] Level 1:colcon.colcon_core.package_discovery:discover_packages(ignore) discover
[1.409s] Level 1:colcon.colcon_core.package_discovery:discover_packages(ignore) using defaults
[1.409s] Level 1:colcon.colcon_core.package_discovery:discover_packages(path) discover
[1.409s] Level 1:colcon.colcon_core.package_discovery:discover_packages(path) using defaults
[1.533s] Level 1:colcon.colcon_core.package_discovery:discover_packages(prefix_path) check parameters
[1.533s] Level 1:colcon.colcon_core.package_discovery:discover_packages(prefix_path) discover
[1.543s] DEBUG:colcon.colcon_installed_package_information.package_discovery:Found 3 installed packages in /home/bot12/robot_ws/install
[1.547s] DEBUG:colcon.colcon_installed_package_information.package_discovery:Found 7 installed packages in /home/bot12/turtlebot3_ws/install
[1.556s] DEBUG:colcon.colcon_installed_package_information.package_discovery:Found 276 installed packages in /opt/ros/humble
[1.562s] Level 1:colcon.colcon_core.package_discovery:discover_packages(prefix_path) using defaults
[1.729s] Level 5:colcon.colcon_core.verb:set package 'robot_bringup' build argument 'cmake_args' from command line to 'None'
[1.729s] Level 5:colcon.colcon_core.verb:set package 'robot_bringup' build argument 'cmake_target' from command line to 'None'
[1.729s] Level 5:colcon.colcon_core.verb:set package 'robot_bringup' build argument 'cmake_target_skip_unavailable' from command line to 'False'
[1.729s] Level 5:colcon.colcon_core.verb:set package 'robot_bringup' build argument 'cmake_clean_cache' from command line to 'False'
[1.729s] Level 5:colcon.colcon_core.verb:set package 'robot_bringup' build argument 'cmake_clean_first' from command line to 'False'
[1.729s] Level 5:colcon.colcon_core.verb:set package 'robot_bringup' build argument 'cmake_force_configure' from command line to 'False'
[1.729s] Level 5:colcon.colcon_core.verb:set package 'robot_bringup' build argument 'ament_cmake_args' from command line to 'None'
[1.729s] Level 5:colcon.colcon_core.verb:set package 'robot_bringup' build argument 'catkin_cmake_args' from command line to 'None'
[1.730s] Level 5:colcon.colcon_core.verb:set package 'robot_bringup' build argument 'catkin_skip_building_tests' from command line to 'False'
[1.730s] DEBUG:colcon.colcon_core.verb:Building package 'robot_bringup' with the following arguments: {'ament_cmake_args': None, 'build_base': '/home/bot12/robot_ws/build/robot_bringup', 'catkin_cmake_args': None, 'catkin_skip_building_tests': False, 'cmake_args': None, 'cmake_clean_cache': False, 'cmake_clean_first': False, 'cmake_force_configure': False, 'cmake_target': None, 'cmake_target_skip_unavailable': False, 'install_base': '/home/bot12/robot_ws/install/robot_bringup', 'merge_install': False, 'path': '/home/bot12/robot_ws/src/robot_bringup', 'symlink_install': False, 'test_result_base': None}
[1.731s] Level 5:colcon.colcon_core.verb:set package 'tb3_description' build argument 'cmake_args' from command line to 'None'
[1.732s] Level 5:colcon.colcon_core.verb:set package 'tb3_description' build argument 'cmake_target' from command line to 'None'
[1.732s] Level 5:colcon.colcon_core.verb:set package 'tb3_description' build argument 'cmake_target_skip_unavailable' from command line to 'False'
[1.732s] Level 5:colcon.colcon_core.verb:set package 'tb3_description' build argument 'cmake_clean_cache' from command line to 'False'
[1.732s] Level 5:colcon.colcon_core.verb:set package 'tb3_description' build argument 'cmake_clean_first' from command line to 'False'
[1.732s] Level 5:colcon.colcon_core.verb:set package 'tb3_description' build argument 'cmake_force_configure' from command line to 'False'
[1.732s] Level 5:colcon.colcon_core.verb:set package 'tb3_description' build argument 'ament_cmake_args' from command line to 'None'
[1.732s] Level 5:colcon.colcon_core.verb:set package 'tb3_description' build argument 'catkin_cmake_args' from command line to 'None'
[1.732s] Level 5:colcon.colcon_core.verb:set package 'tb3_description' build argument 'catkin_skip_building_tests' from command line to 'False'
[1.732s] DEBUG:colcon.colcon_core.verb:Building package 'tb3_description' with the following arguments: {'ament_cmake_args': None, 'build_base': '/home/bot12/robot_ws/build/tb3_description', 'catkin_cmake_args': None, 'catkin_skip_building_tests': False, 'cmake_args': None, 'cmake_clean_cache': False, 'cmake_clean_first': False, 'cmake_force_configure': False, 'cmake_target': None, 'cmake_target_skip_unavailable': False, 'install_base': '/home/bot12/robot_ws/install/tb3_description', 'merge_install': False, 'path': '/home/bot12/robot_ws/src/tb3_description', 'symlink_install': False, 'test_result_base': None}
[1.734s] Level 5:colcon.colcon_core.verb:set package 'tb3_teleop' build argument 'cmake_args' from command line to 'None'
[1.734s] Level 5:colcon.colcon_core.verb:set package 'tb3_teleop' build argument 'cmake_target' from command line to 'None'
[1.734s] Level 5:colcon.colcon_core.verb:set package 'tb3_teleop' build argument 'cmake_target_skip_unavailable' from command line to 'False'
[1.734s] Level 5:colcon.colcon_core.verb:set package 'tb3_teleop' build argument 'cmake_clean_cache' from command line to 'False'
[1.734s] Level 5:colcon.colcon_core.verb:set package 'tb3_teleop' build argument 'cmake_clean_first' from command line to 'False'
[1.734s] Level 5:colcon.colcon_core.verb:set package 'tb3_teleop' build argument 'cmake_force_configure' from command line to 'False'
[1.734s] Level 5:colcon.colcon_core.verb:set package 'tb3_teleop' build argument 'ament_cmake_args' from command line to 'None'
[1.735s] Level 5:colcon.colcon_core.verb:set package 'tb3_teleop' build argument 'catkin_cmake_args' from command line to 'None'
[1.735s] Level 5:colcon.colcon_core.verb:set package 'tb3_teleop' build argument 'catkin_skip_building_tests' from command line to 'False'
[1.735s] DEBUG:colcon.colcon_core.verb:Building package 'tb3_teleop' with the following arguments: {'ament_cmake_args': None, 'build_base': '/home/bot12/robot_ws/build/tb3_teleop', 'catkin_cmake_args': None, 'catkin_skip_building_tests': False, 'cmake_args': None, 'cmake_clean_cache': False, 'cmake_clean_first': False, 'cmake_force_configure': False, 'cmake_target': None, 'cmake_target_skip_unavailable': False, 'install_base': '/home/bot12/robot_ws/install/tb3_teleop', 'merge_install': False, 'path': '/home/bot12/robot_ws/src/tb3_teleop', 'symlink_install': False, 'test_result_base': None}
[1.735s] INFO:colcon.colcon_core.executor:Executing jobs using 'parallel' executor
[1.739s] DEBUG:colcon.colcon_parallel_executor.executor.parallel:run_until_complete
[1.740s] INFO:colcon.colcon_ros.task.ament_python.build:Building ROS package in '/home/bot12/robot_ws/src/robot_bringup' with build type 'ament_python'
[1.741s] Level 1:colcon.colcon_core.shell:create_environment_hook('robot_bringup', 'ament_prefix_path')
[1.751s] INFO:colcon.colcon_core.plugin_system:Skipping extension 'colcon_core.shell.bat': Not used on non-Windows systems
[1.752s] INFO:colcon.colcon_core.shell:Creating environment hook '/home/bot12/robot_ws/install/robot_bringup/share/robot_bringup/hook/ament_prefix_path.ps1'
[1.757s] INFO:colcon.colcon_core.shell:Creating environment descriptor '/home/bot12/robot_ws/install/robot_bringup/share/robot_bringup/hook/ament_prefix_path.dsv'
[1.759s] INFO:colcon.colcon_core.shell:Creating environment hook '/home/bot12/robot_ws/install/robot_bringup/share/robot_bringup/hook/ament_prefix_path.sh'
[1.762s] INFO:colcon.colcon_core.shell:Skip shell extension 'powershell' for command environment: Not usable outside of PowerShell
[1.763s] DEBUG:colcon.colcon_core.shell:Skip shell extension 'dsv' for command environment
[1.790s] INFO:colcon.colcon_ros.task.ament_python.build:Building ROS package in '/home/bot12/robot_ws/src/tb3_description' with build type 'ament_python'
[1.791s] Level 1:colcon.colcon_core.shell:create_environment_hook('tb3_description', 'ament_prefix_path')
[1.793s] INFO:colcon.colcon_core.shell:Creating environment hook '/home/bot12/robot_ws/install/tb3_description/share/tb3_description/hook/ament_prefix_path.ps1'
[1.796s] INFO:colcon.colcon_core.shell:Creating environment descriptor '/home/bot12/robot_ws/install/tb3_description/share/tb3_description/hook/ament_prefix_path.dsv'
[1.800s] INFO:colcon.colcon_core.shell:Creating environment hook '/home/bot12/robot_ws/install/tb3_description/share/tb3_description/hook/ament_prefix_path.sh'
[1.804s] INFO:colcon.colcon_core.shell:Skip shell extension 'powershell' for command environment: Not usable outside of PowerShell
[1.804s] DEBUG:colcon.colcon_core.shell:Skip shell extension 'dsv' for command environment
[1.832s] INFO:colcon.colcon_ros.task.ament_python.build:Building ROS package in '/home/bot12/robot_ws/src/tb3_teleop' with build type 'ament_python'
[1.832s] Level 1:colcon.colcon_core.shell:create_environment_hook('tb3_teleop', 'ament_prefix_path')
[1.834s] INFO:colcon.colcon_core.shell:Creating environment hook '/home/bot12/robot_ws/install/tb3_teleop/share/tb3_teleop/hook/ament_prefix_path.ps1'
[1.837s] INFO:colcon.colcon_core.shell:Creating environment descriptor '/home/bot12/robot_ws/install/tb3_teleop/share/tb3_teleop/hook/ament_prefix_path.dsv'
[1.840s] INFO:colcon.colcon_core.shell:Creating environment hook '/home/bot12/robot_ws/install/tb3_teleop/share/tb3_teleop/hook/ament_prefix_path.sh'
[1.844s] INFO:colcon.colcon_core.shell:Skip shell extension 'powershell' for command environment: Not usable outside of PowerShell
[1.844s] DEBUG:colcon.colcon_core.shell:Skip shell extension 'dsv' for command environment
[3.239s] INFO:colcon.colcon_core.task.python.build:Building Python package in '/home/bot12/robot_ws/src/robot_bringup'
[3.240s] INFO:colcon.colcon_core.shell:Skip shell extension 'powershell' for command environment: Not usable outside of PowerShell
[3.240s] DEBUG:colcon.colcon_core.shell:Skip shell extension 'dsv' for command environment
[4.699s] INFO:colcon.colcon_core.task.python.build:Building Python package in '/home/bot12/robot_ws/src/tb3_description'
[4.700s] INFO:colcon.colcon_core.shell:Skip shell extension 'powershell' for command environment: Not usable outside of PowerShell
[4.701s] DEBUG:colcon.colcon_core.shell:Skip shell extension 'dsv' for command environment
[6.146s] INFO:colcon.colcon_core.task.python.build:Building Python package in '/home/bot12/robot_ws/src/tb3_teleop'
[6.148s] INFO:colcon.colcon_core.shell:Skip shell extension 'powershell' for command environment: Not usable outside of PowerShell
[6.148s] DEBUG:colcon.colcon_core.shell:Skip shell extension 'dsv' for command environment
[9.670s] DEBUG:colcon.colcon_core.event_handler.log_command:Invoking command in '/home/bot12/robot_ws/src/tb3_description': PYTHONPATH=/home/bot12/robot_ws/build/tb3_description/prefix_override:/home/bot12/robot_ws/install/tb3_description/lib/python3.10/site-packages:${PYTHONPATH} /usr/bin/python3 -W ignore:setup.py install is deprecated setup.py egg_info --egg-base ../../build/tb3_description build --build-base /home/bot12/robot_ws/build/tb3_description/build install --record /home/bot12/robot_ws/build/tb3_description/install.log --single-version-externally-managed install_data
[9.733s] DEBUG:colcon.colcon_core.event_handler.log_command:Invoking command in '/home/bot12/robot_ws/src/robot_bringup': PYTHONPATH=/home/bot12/robot_ws/build/robot_bringup/prefix_override:/home/bot12/robot_ws/install/robot_bringup/lib/python3.10/site-packages:${PYTHONPATH} /usr/bin/python3 -W ignore:setup.py install is deprecated setup.py egg_info --egg-base ../../build/robot_bringup build --build-base /home/bot12/robot_ws/build/robot_bringup/build install --record /home/bot12/robot_ws/build/robot_bringup/install.log --single-version-externally-managed install_data
[9.897s] DEBUG:colcon.colcon_core.event_handler.log_command:Invoking command in '/home/bot12/robot_ws/src/tb3_teleop': PYTHONPATH=/home/bot12/robot_ws/build/tb3_teleop/prefix_override:/home/bot12/robot_ws/install/tb3_teleop/lib/python3.10/site-packages:${PYTHONPATH} /usr/bin/python3 -W ignore:setup.py install is deprecated setup.py egg_info --egg-base ../../build/tb3_teleop build --build-base /home/bot12/robot_ws/build/tb3_teleop/build install --record /home/bot12/robot_ws/build/tb3_teleop/install.log --single-version-externally-managed install_data
[11.981s] DEBUG:colcon.colcon_core.event_handler.log_command:Invoked command in '/home/bot12/robot_ws/src/robot_bringup' returned '0': PYTHONPATH=/home/bot12/robot_ws/build/robot_bringup/prefix_override:/home/bot12/robot_ws/install/robot_bringup/lib/python3.10/site-packages:${PYTHONPATH} /usr/bin/python3 -W ignore:setup.py install is deprecated setup.py egg_info --egg-base ../../build/robot_bringup build --build-base /home/bot12/robot_ws/build/robot_bringup/build install --record /home/bot12/robot_ws/build/robot_bringup/install.log --single-version-externally-managed install_data
[12.005s] Level 1:colcon.colcon_core.environment:checking '/home/bot12/robot_ws/install/robot_bringup' for CMake module files
[12.008s] Level 1:colcon.colcon_core.environment:checking '/home/bot12/robot_ws/install/robot_bringup' for CMake config files
[12.013s] Level 1:colcon.colcon_core.environment:checking '/home/bot12/robot_ws/install/robot_bringup/lib'
[12.014s] Level 1:colcon.colcon_core.environment:checking '/home/bot12/robot_ws/install/robot_bringup/bin'
[12.015s] Level 1:colcon.colcon_core.environment:checking '/home/bot12/robot_ws/install/robot_bringup/lib/pkgconfig/robot_bringup.pc'
[12.016s] Level 1:colcon.colcon_core.environment:checking '/home/bot12/robot_ws/install/robot_bringup/lib/python3.10/site-packages'
[12.017s] Level 1:colcon.colcon_core.shell:create_environment_hook('robot_bringup', 'pythonpath')
[12.018s] INFO:colcon.colcon_core.shell:Creating environment hook '/home/bot12/robot_ws/install/robot_bringup/share/robot_bringup/hook/pythonpath.ps1'
[12.020s] INFO:colcon.colcon_core.shell:Creating environment descriptor '/home/bot12/robot_ws/install/robot_bringup/share/robot_bringup/hook/pythonpath.dsv'
[12.025s] INFO:colcon.colcon_core.shell:Creating environment hook '/home/bot12/robot_ws/install/robot_bringup/share/robot_bringup/hook/pythonpath.sh'
[12.032s] Level 1:colcon.colcon_core.environment:checking '/home/bot12/robot_ws/install/robot_bringup/bin'
[12.032s] Level 1:colcon.colcon_core.environment:create_environment_scripts_only(robot_bringup)
[12.034s] INFO:colcon.colcon_core.shell:Creating package script '/home/bot12/robot_ws/install/robot_bringup/share/robot_bringup/package.ps1'
[12.038s] INFO:colcon.colcon_core.shell:Creating package descriptor '/home/bot12/robot_ws/install/robot_bringup/share/robot_bringup/package.dsv'
[12.041s] INFO:colcon.colcon_core.shell:Creating package script '/home/bot12/robot_ws/install/robot_bringup/share/robot_bringup/package.sh'
[12.046s] INFO:colcon.colcon_core.shell:Creating package script '/home/bot12/robot_ws/install/robot_bringup/share/robot_bringup/package.bash'
[12.049s] INFO:colcon.colcon_core.shell:Creating package script '/home/bot12/robot_ws/install/robot_bringup/share/robot_bringup/package.zsh'
[12.053s] Level 1:colcon.colcon_core.environment:create_file_with_runtime_dependencies(/home/bot12/robot_ws/install/robot_bringup/share/colcon-core/packages/robot_bringup)
[12.057s] Level 1:colcon.colcon_core.environment:checking '/home/bot12/robot_ws/install/tb3_description' for CMake module files
[12.062s] DEBUG:colcon.colcon_core.event_handler.log_command:Invoked command in '/home/bot12/robot_ws/src/tb3_description' returned '0': PYTHONPATH=/home/bot12/robot_ws/build/tb3_description/prefix_override:/home/bot12/robot_ws/install/tb3_description/lib/python3.10/site-packages:${PYTHONPATH} /usr/bin/python3 -W ignore:setup.py install is deprecated setup.py egg_info --egg-base ../../build/tb3_description build --build-base /home/bot12/robot_ws/build/tb3_description/build install --record /home/bot12/robot_ws/build/tb3_description/install.log --single-version-externally-managed install_data
[12.063s] Level 1:colcon.colcon_core.environment:checking '/home/bot12/robot_ws/install/tb3_description' for CMake config files
[12.070s] Level 1:colcon.colcon_core.environment:checking '/home/bot12/robot_ws/install/tb3_description/lib'
[12.072s] Level 1:colcon.colcon_core.environment:checking '/home/bot12/robot_ws/install/tb3_description/bin'
[12.073s] Level 1:colcon.colcon_core.environment:checking '/home/bot12/robot_ws/install/tb3_description/lib/pkgconfig/tb3_description.pc'
[12.075s] Level 1:colcon.colcon_core.environment:checking '/home/bot12/robot_ws/install/tb3_description/lib/python3.10/site-packages'
[12.076s] Level 1:colcon.colcon_core.shell:create_environment_hook('tb3_description', 'pythonpath')
[12.078s] INFO:colcon.colcon_core.shell:Creating environment hook '/home/bot12/robot_ws/install/tb3_description/share/tb3_description/hook/pythonpath.ps1'
[12.082s] INFO:colcon.colcon_core.shell:Creating environment descriptor '/home/bot12/robot_ws/install/tb3_description/share/tb3_description/hook/pythonpath.dsv'
[12.087s] INFO:colcon.colcon_core.shell:Creating environment hook '/home/bot12/robot_ws/install/tb3_description/share/tb3_description/hook/pythonpath.sh'
[12.095s] Level 1:colcon.colcon_core.environment:checking '/home/bot12/robot_ws/install/tb3_description/bin'
[12.096s] Level 1:colcon.colcon_core.environment:create_environment_scripts_only(tb3_description)
[12.100s] INFO:colcon.colcon_core.shell:Creating package script '/home/bot12/robot_ws/install/tb3_description/share/tb3_description/package.ps1'
[12.104s] INFO:colcon.colcon_core.shell:Creating package descriptor '/home/bot12/robot_ws/install/tb3_description/share/tb3_description/package.dsv'
[12.110s] INFO:colcon.colcon_core.shell:Creating package script '/home/bot12/robot_ws/install/tb3_description/share/tb3_description/package.sh'
[12.119s] INFO:colcon.colcon_core.shell:Creating package script '/home/bot12/robot_ws/install/tb3_description/share/tb3_description/package.bash'
[12.124s] INFO:colcon.colcon_core.shell:Creating package script '/home/bot12/robot_ws/install/tb3_description/share/tb3_description/package.zsh'
[12.131s] Level 1:colcon.colcon_core.environment:create_file_with_runtime_dependencies(/home/bot12/robot_ws/install/tb3_description/share/colcon-core/packages/tb3_description)
[12.248s] Level 1:colcon.colcon_core.environment:checking '/home/bot12/robot_ws/install/tb3_teleop' for CMake module files
[12.250s] DEBUG:colcon.colcon_core.event_handler.log_command:Invoked command in '/home/bot12/robot_ws/src/tb3_teleop' returned '0': PYTHONPATH=/home/bot12/robot_ws/build/tb3_teleop/prefix_override:/home/bot12/robot_ws/install/tb3_teleop/lib/python3.10/site-packages:${PYTHONPATH} /usr/bin/python3 -W ignore:setup.py install is deprecated setup.py egg_info --egg-base ../../build/tb3_teleop build --build-base /home/bot12/robot_ws/build/tb3_teleop/build install --record /home/bot12/robot_ws/build/tb3_teleop/install.log --single-version-externally-managed install_data
[12.252s] Level 1:colcon.colcon_core.environment:checking '/home/bot12/robot_ws/install/tb3_teleop' for CMake config files
[12.260s] Level 1:colcon.colcon_core.environment:checking '/home/bot12/robot_ws/install/tb3_teleop/lib'
[12.261s] Level 1:colcon.colcon_core.environment:checking '/home/bot12/robot_ws/install/tb3_teleop/bin'
[12.261s] Level 1:colcon.colcon_core.environment:checking '/home/bot12/robot_ws/install/tb3_teleop/lib/pkgconfig/tb3_teleop.pc'
[12.262s] Level 1:colcon.colcon_core.environment:checking '/home/bot12/robot_ws/install/tb3_teleop/lib/python3.10/site-packages'
[12.262s] Level 1:colcon.colcon_core.shell:create_environment_hook('tb3_teleop', 'pythonpath')
[12.263s] INFO:colcon.colcon_core.shell:Creating environment hook '/home/bot12/robot_ws/install/tb3_teleop/share/tb3_teleop/hook/pythonpath.ps1'
[12.266s] INFO:colcon.colcon_core.shell:Creating environment descriptor '/home/bot12/robot_ws/install/tb3_teleop/share/tb3_teleop/hook/pythonpath.dsv'
[12.268s] INFO:colcon.colcon_core.shell:Creating environment hook '/home/bot12/robot_ws/install/tb3_teleop/share/tb3_teleop/hook/pythonpath.sh'
[12.271s] Level 1:colcon.colcon_core.environment:checking '/home/bot12/robot_ws/install/tb3_teleop/bin'
[12.272s] Level 1:colcon.colcon_core.environment:create_environment_scripts_only(tb3_teleop)
[12.273s] INFO:colcon.colcon_core.shell:Creating package script '/home/bot12/robot_ws/install/tb3_teleop/share/tb3_teleop/package.ps1'
[12.275s] INFO:colcon.colcon_core.shell:Creating package descriptor '/home/bot12/robot_ws/install/tb3_teleop/share/tb3_teleop/package.dsv'
[12.277s] INFO:colcon.colcon_core.shell:Creating package script '/home/bot12/robot_ws/install/tb3_teleop/share/tb3_teleop/package.sh'
[12.280s] INFO:colcon.colcon_core.shell:Creating package script '/home/bot12/robot_ws/install/tb3_teleop/share/tb3_teleop/package.bash'
[12.281s] INFO:colcon.colcon_core.shell:Creating package script '/home/bot12/robot_ws/install/tb3_teleop/share/tb3_teleop/package.zsh'
[12.283s] Level 1:colcon.colcon_core.environment:create_file_with_runtime_dependencies(/home/bot12/robot_ws/install/tb3_teleop/share/colcon-core/packages/tb3_teleop)
[12.285s] DEBUG:colcon.colcon_parallel_executor.executor.parallel:closing loop
[12.286s] DEBUG:colcon.colcon_parallel_executor.executor.parallel:loop closed
[12.286s] DEBUG:colcon.colcon_parallel_executor.executor.parallel:run_until_complete finished with '0'
[12.287s] DEBUG:colcon.colcon_core.event_reactor:joining thread
[12.310s] INFO:colcon.colcon_core.plugin_system:Skipping extension 'colcon_notification.desktop_notification.terminal_notifier': Not used on non-Darwin systems
[12.311s] INFO:colcon.colcon_core.plugin_system:Skipping extension 'colcon_notification.desktop_notification.win32': Not used on non-Windows systems
[12.311s] INFO:colcon.colcon_notification.desktop_notification:Sending desktop notification using 'notify2'
[12.372s] DEBUG:colcon.colcon_core.event_reactor:joined thread
[12.373s] INFO:colcon.colcon_core.shell:Creating prefix script '/home/bot12/robot_ws/install/local_setup.ps1'
[12.378s] INFO:colcon.colcon_core.shell:Creating prefix util module '/home/bot12/robot_ws/install/_local_setup_util_ps1.py'
[12.385s] INFO:colcon.colcon_core.shell:Creating prefix chain script '/home/bot12/robot_ws/install/setup.ps1'
[12.393s] INFO:colcon.colcon_core.shell:Creating prefix script '/home/bot12/robot_ws/install/local_setup.sh'
[12.396s] INFO:colcon.colcon_core.shell:Creating prefix util module '/home/bot12/robot_ws/install/_local_setup_util_sh.py'
[12.399s] INFO:colcon.colcon_core.shell:Creating prefix chain script '/home/bot12/robot_ws/install/setup.sh'
[12.408s] INFO:colcon.colcon_core.shell:Creating prefix script '/home/bot12/robot_ws/install/local_setup.bash'
[12.411s] INFO:colcon.colcon_core.shell:Creating prefix chain script '/home/bot12/robot_ws/install/setup.bash'
[12.421s] INFO:colcon.colcon_core.shell:Creating prefix script '/home/bot12/robot_ws/install/local_setup.zsh'
[12.425s] INFO:colcon.colcon_core.shell:Creating prefix chain script '/home/bot12/robot_ws/install/setup.zsh'
