[7.660s] Invoking command in '/home/bot12/robot_ws/src/robot_bringup': PYTHONPATH=/home/bot12/robot_ws/build/robot_bringup/prefix_override:/home/bot12/robot_ws/install/robot_bringup/lib/python3.10/site-packages:${PYTHONPATH} /usr/bin/python3 -W ignore:setup.py install is deprecated setup.py egg_info --egg-base ../../build/robot_bringup build --build-base /home/bot12/robot_ws/build/robot_bringup/build install --record /home/bot12/robot_ws/build/robot_bringup/install.log --single-version-externally-managed install_data
[9.421s] running egg_info
[9.446s] writing ../../build/robot_bringup/robot_bringup.egg-info/PKG-INFO
[9.446s] writing dependency_links to ../../build/robot_bringup/robot_bringup.egg-info/dependency_links.txt
[9.447s] writing entry points to ../../build/robot_bringup/robot_bringup.egg-info/entry_points.txt
[9.447s] writing requirements to ../../build/robot_bringup/robot_bringup.egg-info/requires.txt
[9.448s] writing top-level names to ../../build/robot_bringup/robot_bringup.egg-info/top_level.txt
[9.450s] reading manifest file '../../build/robot_bringup/robot_bringup.egg-info/SOURCES.txt'
[9.459s] writing manifest file '../../build/robot_bringup/robot_bringup.egg-info/SOURCES.txt'
[9.460s] running build
[9.460s] running build_py
[9.462s] running install
[9.464s] running install_lib
[9.474s] running install_data
[9.475s] copying launch/turtlebot3_tf.launch.yaml -> /home/bot12/robot_ws/install/robot_bringup/share/robot_bringup/launch
[9.477s] running install_egg_info
[9.488s] removing '/home/bot12/robot_ws/install/robot_bringup/lib/python3.10/site-packages/robot_bringup-0.0.0-py3.10.egg-info' (and everything under it)
[9.490s] Copying ../../build/robot_bringup/robot_bringup.egg-info to /home/bot12/robot_ws/install/robot_bringup/lib/python3.10/site-packages/robot_bringup-0.0.0-py3.10.egg-info
[9.499s] running install_scripts
[9.664s] Installing robmove script to /home/bot12/robot_ws/install/robot_bringup/lib/robot_bringup
[9.668s] writing list of installed files to '/home/bot12/robot_ws/build/robot_bringup/install.log'
[9.964s] Invoked command in '/home/bot12/robot_ws/src/robot_bringup' returned '0': PYTHONPATH=/home/bot12/robot_ws/build/robot_bringup/prefix_override:/home/bot12/robot_ws/install/robot_bringup/lib/python3.10/site-packages:${PYTHONPATH} /usr/bin/python3 -W ignore:setup.py install is deprecated setup.py egg_info --egg-base ../../build/robot_bringup build --build-base /home/bot12/robot_ws/build/robot_bringup/build install --record /home/bot12/robot_ws/build/robot_bringup/install.log --single-version-externally-managed install_data
