[4.199s] Invoking command in '/home/papasav/robot_ws/src/tb3_description': PYTHONPATH=/home/papasav/robot_ws/build/tb3_description/prefix_override:/home/papasav/robot_ws/install/tb3_description/lib/python3.10/site-packages:${PYTHONPATH} /usr/bin/python3 -W ignore:setup.py install is deprecated setup.py egg_info --egg-base ../../build/tb3_description build --build-base /home/papasav/robot_ws/build/tb3_description/build install --record /home/papasav/robot_ws/build/tb3_description/install.log --single-version-externally-managed install_data
[4.975s] running egg_info
[4.978s] writing ../../build/tb3_description/tb3_description.egg-info/PKG-INFO
[4.994s] writing dependency_links to ../../build/tb3_description/tb3_description.egg-info/dependency_links.txt
[4.996s] writing entry points to ../../build/tb3_description/tb3_description.egg-info/entry_points.txt
[4.996s] writing requirements to ../../build/tb3_description/tb3_description.egg-info/requires.txt
[4.996s] writing top-level names to ../../build/tb3_description/tb3_description.egg-info/top_level.txt
[5.038s] reading manifest file '../../build/tb3_description/tb3_description.egg-info/SOURCES.txt'
[5.067s] writing manifest file '../../build/tb3_description/tb3_description.egg-info/SOURCES.txt'
[5.068s] running build
[5.069s] running build_py
[5.072s] running install
[5.073s] running install_lib
[5.078s] running install_data
[5.081s] running install_egg_info
[5.086s] removing '/home/papasav/robot_ws/install/tb3_description/lib/python3.10/site-packages/tb3_description-0.0.0-py3.10.egg-info' (and everything under it)
[5.093s] Copying ../../build/tb3_description/tb3_description.egg-info to /home/papasav/robot_ws/install/tb3_description/lib/python3.10/site-packages/tb3_description-0.0.0-py3.10.egg-info
[5.097s] running install_scripts
[5.162s] writing list of installed files to '/home/papasav/robot_ws/build/tb3_description/install.log'
[5.360s] Invoked command in '/home/papasav/robot_ws/src/tb3_description' returned '0': PYTHONPATH=/home/papasav/robot_ws/build/tb3_description/prefix_override:/home/papasav/robot_ws/install/tb3_description/lib/python3.10/site-packages:${PYTHONPATH} /usr/bin/python3 -W ignore:setup.py install is deprecated setup.py egg_info --egg-base ../../build/tb3_description build --build-base /home/papasav/robot_ws/build/tb3_description/build install --record /home/papasav/robot_ws/build/tb3_description/install.log --single-version-externally-managed install_data
