[7.994s] Invoking command in '/home/bot12/robot_ws/src/tb3_description': PYTHONPATH=/home/bot12/robot_ws/build/tb3_description/prefix_override:/home/bot12/robot_ws/install/tb3_description/lib/python3.10/site-packages:${PYTHONPATH} /usr/bin/python3 -W ignore:setup.py install is deprecated setup.py egg_info --egg-base ../../build/tb3_description build --build-base /home/bot12/robot_ws/build/tb3_description/build install --record /home/bot12/robot_ws/build/tb3_description/install.log --single-version-externally-managed install_data
[10.261s] running egg_info
[10.267s] writing ../../build/tb3_description/tb3_description.egg-info/PKG-INFO
[10.268s] writing dependency_links to ../../build/tb3_description/tb3_description.egg-info/dependency_links.txt
[10.269s] writing entry points to ../../build/tb3_description/tb3_description.egg-info/entry_points.txt
[10.270s] writing requirements to ../../build/tb3_description/tb3_description.egg-info/requires.txt
[10.271s] writing top-level names to ../../build/tb3_description/tb3_description.egg-info/top_level.txt
[10.282s] reading manifest file '../../build/tb3_description/tb3_description.egg-info/SOURCES.txt'
[10.291s] writing manifest file '../../build/tb3_description/tb3_description.egg-info/SOURCES.txt'
[10.293s] running build
[10.293s] running build_py
[10.294s] running install
[10.296s] running install_lib
[10.304s] running install_data
[10.309s] running install_egg_info
[10.317s] removing '/home/bot12/robot_ws/install/tb3_description/lib/python3.10/site-packages/tb3_description-0.0.0-py3.10.egg-info' (and everything under it)
[10.319s] Copying ../../build/tb3_description/tb3_description.egg-info to /home/bot12/robot_ws/install/tb3_description/lib/python3.10/site-packages/tb3_description-0.0.0-py3.10.egg-info
[10.328s] running install_scripts
[10.461s] writing list of installed files to '/home/bot12/robot_ws/build/tb3_description/install.log'
[10.719s] Invoked command in '/home/bot12/robot_ws/src/tb3_description' returned '0': PYTHONPATH=/home/bot12/robot_ws/build/tb3_description/prefix_override:/home/bot12/robot_ws/install/tb3_description/lib/python3.10/site-packages:${PYTHONPATH} /usr/bin/python3 -W ignore:setup.py install is deprecated setup.py egg_info --egg-base ../../build/tb3_description build --build-base /home/bot12/robot_ws/build/tb3_description/build install --record /home/bot12/robot_ws/build/tb3_description/install.log --single-version-externally-managed install_data
