[0.498s] DEBUG:colcon:Command line arguments: ['/usr/bin/colcon', 'build']
[0.499s] DEBUG:colcon:Parsed command line arguments: Namespace(log_base=None, log_level=None, verb_name='build', build_base='build', install_base='install', merge_install=False, symlink_install=False, test_result_base=None, continue_on_error=False, executor='parallel', parallel_workers=4, event_handlers=None, ignore_user_meta=False, metas=['./colcon.meta'], base_paths=['.'], packages_ignore=None, packages_ignore_regex=None, paths=None, packages_up_to=None, packages_up_to_regex=None, packages_above=None, packages_above_and_dependencies=None, packages_above_depth=None, packages_select_by_dep=None, packages_skip_by_dep=None, packages_skip_up_to=None, packages_select_build_failed=False, packages_skip_build_finished=False, packages_select_test_failures=False, packages_skip_test_passed=False, packages_select=None, packages_skip=None, packages_select_regex=None, packages_skip_regex=None, packages_start=None, packages_end=None, allow_overriding=[], cmake_args=None, cmake_target=None, cmake_target_skip_unavailable=False, cmake_clean_cache=False, cmake_clean_first=False, cmake_force_configure=False, ament_cmake_args=None, catkin_cmake_args=None, catkin_skip_building_tests=False, mixin_files=None, mixin=None, verb_parser=<colcon_mixin.mixin.mixin_argument.MixinArgumentDecorator object at 0xffffb46dee60>, verb_extension=<colcon_core.verb.build.BuildVerb object at 0xffffb480b460>, main=<bound method BuildVerb.main of <colcon_core.verb.build.BuildVerb object at 0xffffb480b460>>, mixin_verb=('build',))
[1.355s] Level 1:colcon.colcon_core.package_discovery:discover_packages(colcon_meta) check parameters
[1.355s] Level 1:colcon.colcon_core.package_discovery:discover_packages(recursive) check parameters
[1.356s] Level 1:colcon.colcon_core.package_discovery:discover_packages(ignore) check parameters
[1.356s] Level 1:colcon.colcon_core.package_discovery:discover_packages(path) check parameters
[1.356s] Level 1:colcon.colcon_core.package_discovery:discover_packages(colcon_meta) discover
[1.356s] Level 1:colcon.colcon_core.package_discovery:discover_packages(recursive) discover
[1.356s] INFO:colcon.colcon_core.package_discovery:Crawling recursively for packages in '/home/bot12/robot_ws'
[1.357s] Level 1:colcon.colcon_core.package_identification:_identify(.) by extensions ['ignore', 'ignore_ament_install']
[1.357s] Level 1:colcon.colcon_core.package_identification:_identify(.) by extension 'ignore'
[1.357s] Level 1:colcon.colcon_core.package_identification:_identify(.) by extension 'ignore_ament_install'
[1.357s] Level 1:colcon.colcon_core.package_identification:_identify(.) by extensions ['colcon_pkg']
[1.358s] Level 1:colcon.colcon_core.package_identification:_identify(.) by extension 'colcon_pkg'
[1.358s] Level 1:colcon.colcon_core.package_identification:_identify(.) by extensions ['colcon_meta']
[1.358s] Level 1:colcon.colcon_core.package_identification:_identify(.) by extension 'colcon_meta'
[1.358s] Level 1:colcon.colcon_core.package_identification:_identify(.) by extensions ['ros']
[1.358s] Level 1:colcon.colcon_core.package_identification:_identify(.) by extension 'ros'
[1.403s] Level 1:colcon.colcon_core.package_identification:_identify(.) by extensions ['cmake', 'python']
[1.404s] Level 1:colcon.colcon_core.package_identification:_identify(.) by extension 'cmake'
[1.404s] Level 1:colcon.colcon_core.package_identification:_identify(.) by extension 'python'
[1.404s] Level 1:colcon.colcon_core.package_identification:_identify(.) by extensions ['python_setup_py']
[1.404s] Level 1:colcon.colcon_core.package_identification:_identify(.) by extension 'python_setup_py'
[1.405s] Level 1:colcon.colcon_core.package_identification:_identify(build) by extensions ['ignore', 'ignore_ament_install']
[1.405s] Level 1:colcon.colcon_core.package_identification:_identify(build) by extension 'ignore'
[1.405s] Level 1:colcon.colcon_core.package_identification:_identify(build) ignored
[1.406s] Level 1:colcon.colcon_core.package_identification:_identify(install) by extensions ['ignore', 'ignore_ament_install']
[1.406s] Level 1:colcon.colcon_core.package_identification:_identify(install) by extension 'ignore'
[1.406s] Level 1:colcon.colcon_core.package_identification:_identify(install) ignored
[1.407s] Level 1:colcon.colcon_core.package_identification:_identify(log) by extensions ['ignore', 'ignore_ament_install']
[1.408s] Level 1:colcon.colcon_core.package_identification:_identify(log) by extension 'ignore'
[1.408s] Level 1:colcon.colcon_core.package_identification:_identify(log) ignored
[1.408s] Level 1:colcon.colcon_core.package_identification:_identify(src) by extensions ['ignore', 'ignore_ament_install']
[1.409s] Level 1:colcon.colcon_core.package_identification:_identify(src) by extension 'ignore'
[1.409s] Level 1:colcon.colcon_core.package_identification:_identify(src) by extension 'ignore_ament_install'
[1.409s] Level 1:colcon.colcon_core.package_identification:_identify(src) by extensions ['colcon_pkg']
[1.409s] Level 1:colcon.colcon_core.package_identification:_identify(src) by extension 'colcon_pkg'
[1.409s] Level 1:colcon.colcon_core.package_identification:_identify(src) by extensions ['colcon_meta']
[1.409s] Level 1:colcon.colcon_core.package_identification:_identify(src) by extension 'colcon_meta'
[1.410s] Level 1:colcon.colcon_core.package_identification:_identify(src) by extensions ['ros']
[1.410s] Level 1:colcon.colcon_core.package_identification:_identify(src) by extension 'ros'
[1.410s] Level 1:colcon.colcon_core.package_identification:_identify(src) by extensions ['cmake', 'python']
[1.410s] Level 1:colcon.colcon_core.package_identification:_identify(src) by extension 'cmake'
[1.410s] Level 1:colcon.colcon_core.package_identification:_identify(src) by extension 'python'
[1.410s] Level 1:colcon.colcon_core.package_identification:_identify(src) by extensions ['python_setup_py']
[1.410s] Level 1:colcon.colcon_core.package_identification:_identify(src) by extension 'python_setup_py'
[1.411s] Level 1:colcon.colcon_core.package_identification:_identify(src/robot_bringup) by extensions ['ignore', 'ignore_ament_install']
[1.411s] Level 1:colcon.colcon_core.package_identification:_identify(src/robot_bringup) by extension 'ignore'
[1.412s] Level 1:colcon.colcon_core.package_identification:_identify(src/robot_bringup) by extension 'ignore_ament_install'
[1.412s] Level 1:colcon.colcon_core.package_identification:_identify(src/robot_bringup) by extensions ['colcon_pkg']
[1.412s] Level 1:colcon.colcon_core.package_identification:_identify(src/robot_bringup) by extension 'colcon_pkg'
[1.412s] Level 1:colcon.colcon_core.package_identification:_identify(src/robot_bringup) by extensions ['colcon_meta']
[1.412s] Level 1:colcon.colcon_core.package_identification:_identify(src/robot_bringup) by extension 'colcon_meta'
[1.412s] Level 1:colcon.colcon_core.package_identification:_identify(src/robot_bringup) by extensions ['ros']
[1.412s] Level 1:colcon.colcon_core.package_identification:_identify(src/robot_bringup) by extension 'ros'
[1.421s] DEBUG:colcon.colcon_core.package_identification:Package 'src/robot_bringup' with type 'ros.ament_python' and name 'robot_bringup'
[1.421s] Level 1:colcon.colcon_core.package_identification:_identify(src/tb3_description) by extensions ['ignore', 'ignore_ament_install']
[1.422s] Level 1:colcon.colcon_core.package_identification:_identify(src/tb3_description) by extension 'ignore'
[1.422s] Level 1:colcon.colcon_core.package_identification:_identify(src/tb3_description) by extension 'ignore_ament_install'
[1.422s] Level 1:colcon.colcon_core.package_identification:_identify(src/tb3_description) by extensions ['colcon_pkg']
[1.422s] Level 1:colcon.colcon_core.package_identification:_identify(src/tb3_description) by extension 'colcon_pkg'
[1.422s] Level 1:colcon.colcon_core.package_identification:_identify(src/tb3_description) by extensions ['colcon_meta']
[1.423s] Level 1:colcon.colcon_core.package_identification:_identify(src/tb3_description) by extension 'colcon_meta'
[1.423s] Level 1:colcon.colcon_core.package_identification:_identify(src/tb3_description) by extensions ['ros']
[1.423s] Level 1:colcon.colcon_core.package_identification:_identify(src/tb3_description) by extension 'ros'
[1.425s] DEBUG:colcon.colcon_core.package_identification:Package 'src/tb3_description' with type 'ros.ament_python' and name 'tb3_description'
[1.426s] Level 1:colcon.colcon_core.package_identification:_identify(src/tb3_teleop) by extensions ['ignore', 'ignore_ament_install']
[1.426s] Level 1:colcon.colcon_core.package_identification:_identify(src/tb3_teleop) by extension 'ignore'
[1.427s] Level 1:colcon.colcon_core.package_identification:_identify(src/tb3_teleop) by extension 'ignore_ament_install'
[1.427s] Level 1:colcon.colcon_core.package_identification:_identify(src/tb3_teleop) by extensions ['colcon_pkg']
[1.427s] Level 1:colcon.colcon_core.package_identification:_identify(src/tb3_teleop) by extension 'colcon_pkg'
[1.427s] Level 1:colcon.colcon_core.package_identification:_identify(src/tb3_teleop) by extensions ['colcon_meta']
[1.427s] Level 1:colcon.colcon_core.package_identification:_identify(src/tb3_teleop) by extension 'colcon_meta'
[1.427s] Level 1:colcon.colcon_core.package_identification:_identify(src/tb3_teleop) by extensions ['ros']
[1.428s] Level 1:colcon.colcon_core.package_identification:_identify(src/tb3_teleop) by extension 'ros'
[1.430s] DEBUG:colcon.colcon_core.package_identification:Package 'src/tb3_teleop' with type 'ros.ament_python' and name 'tb3_teleop'
[1.430s] Level 1:colcon.colcon_core.package_discovery:discover_packages(recursive) using defaults
[1.431s] Level 1:colcon.colcon_core.package_discovery:discover_packages(ignore) discover
[1.431s] Level 1:colcon.colcon_core.package_discovery:discover_packages(ignore) using defaults
[1.431s] Level 1:colcon.colcon_core.package_discovery:discover_packages(path) discover
[1.431s] Level 1:colcon.colcon_core.package_discovery:discover_packages(path) using defaults
[1.556s] Level 1:colcon.colcon_core.package_discovery:discover_packages(prefix_path) check parameters
[1.557s] Level 1:colcon.colcon_core.package_discovery:discover_packages(prefix_path) discover
[1.567s] DEBUG:colcon.colcon_installed_package_information.package_discovery:Found 3 installed packages in /home/bot12/robot_ws/install
[1.570s] DEBUG:colcon.colcon_installed_package_information.package_discovery:Found 7 installed packages in /home/bot12/turtlebot3_ws/install
[1.579s] DEBUG:colcon.colcon_installed_package_information.package_discovery:Found 276 installed packages in /opt/ros/humble
[1.585s] Level 1:colcon.colcon_core.package_discovery:discover_packages(prefix_path) using defaults
[1.770s] Level 5:colcon.colcon_core.verb:set package 'robot_bringup' build argument 'cmake_args' from command line to 'None'
[1.771s] Level 5:colcon.colcon_core.verb:set package 'robot_bringup' build argument 'cmake_target' from command line to 'None'
[1.771s] Level 5:colcon.colcon_core.verb:set package 'robot_bringup' build argument 'cmake_target_skip_unavailable' from command line to 'False'
[1.771s] Level 5:colcon.colcon_core.verb:set package 'robot_bringup' build argument 'cmake_clean_cache' from command line to 'False'
[1.771s] Level 5:colcon.colcon_core.verb:set package 'robot_bringup' build argument 'cmake_clean_first' from command line to 'False'
[1.771s] Level 5:colcon.colcon_core.verb:set package 'robot_bringup' build argument 'cmake_force_configure' from command line to 'False'
[1.771s] Level 5:colcon.colcon_core.verb:set package 'robot_bringup' build argument 'ament_cmake_args' from command line to 'None'
[1.771s] Level 5:colcon.colcon_core.verb:set package 'robot_bringup' build argument 'catkin_cmake_args' from command line to 'None'
[1.771s] Level 5:colcon.colcon_core.verb:set package 'robot_bringup' build argument 'catkin_skip_building_tests' from command line to 'False'
[1.772s] DEBUG:colcon.colcon_core.verb:Building package 'robot_bringup' with the following arguments: {'ament_cmake_args': None, 'build_base': '/home/bot12/robot_ws/build/robot_bringup', 'catkin_cmake_args': None, 'catkin_skip_building_tests': False, 'cmake_args': None, 'cmake_clean_cache': False, 'cmake_clean_first': False, 'cmake_force_configure': False, 'cmake_target': None, 'cmake_target_skip_unavailable': False, 'install_base': '/home/bot12/robot_ws/install/robot_bringup', 'merge_install': False, 'path': '/home/bot12/robot_ws/src/robot_bringup', 'symlink_install': False, 'test_result_base': None}
[1.773s] Level 5:colcon.colcon_core.verb:set package 'tb3_description' build argument 'cmake_args' from command line to 'None'
[1.773s] Level 5:colcon.colcon_core.verb:set package 'tb3_description' build argument 'cmake_target' from command line to 'None'
[1.773s] Level 5:colcon.colcon_core.verb:set package 'tb3_description' build argument 'cmake_target_skip_unavailable' from command line to 'False'
[1.774s] Level 5:colcon.colcon_core.verb:set package 'tb3_description' build argument 'cmake_clean_cache' from command line to 'False'
[1.774s] Level 5:colcon.colcon_core.verb:set package 'tb3_description' build argument 'cmake_clean_first' from command line to 'False'
[1.774s] Level 5:colcon.colcon_core.verb:set package 'tb3_description' build argument 'cmake_force_configure' from command line to 'False'
[1.774s] Level 5:colcon.colcon_core.verb:set package 'tb3_description' build argument 'ament_cmake_args' from command line to 'None'
[1.774s] Level 5:colcon.colcon_core.verb:set package 'tb3_description' build argument 'catkin_cmake_args' from command line to 'None'
[1.774s] Level 5:colcon.colcon_core.verb:set package 'tb3_description' build argument 'catkin_skip_building_tests' from command line to 'False'
[1.774s] DEBUG:colcon.colcon_core.verb:Building package 'tb3_description' with the following arguments: {'ament_cmake_args': None, 'build_base': '/home/bot12/robot_ws/build/tb3_description', 'catkin_cmake_args': None, 'catkin_skip_building_tests': False, 'cmake_args': None, 'cmake_clean_cache': False, 'cmake_clean_first': False, 'cmake_force_configure': False, 'cmake_target': None, 'cmake_target_skip_unavailable': False, 'install_base': '/home/bot12/robot_ws/install/tb3_description', 'merge_install': False, 'path': '/home/bot12/robot_ws/src/tb3_description', 'symlink_install': False, 'test_result_base': None}
[1.776s] Level 5:colcon.colcon_core.verb:set package 'tb3_teleop' build argument 'cmake_args' from command line to 'None'
[1.776s] Level 5:colcon.colcon_core.verb:set package 'tb3_teleop' build argument 'cmake_target' from command line to 'None'
[1.776s] Level 5:colcon.colcon_core.verb:set package 'tb3_teleop' build argument 'cmake_target_skip_unavailable' from command line to 'False'
[1.776s] Level 5:colcon.colcon_core.verb:set package 'tb3_teleop' build argument 'cmake_clean_cache' from command line to 'False'
[1.776s] Level 5:colcon.colcon_core.verb:set package 'tb3_teleop' build argument 'cmake_clean_first' from command line to 'False'
[1.776s] Level 5:colcon.colcon_core.verb:set package 'tb3_teleop' build argument 'cmake_force_configure' from command line to 'False'
[1.776s] Level 5:colcon.colcon_core.verb:set package 'tb3_teleop' build argument 'ament_cmake_args' from command line to 'None'
[1.776s] Level 5:colcon.colcon_core.verb:set package 'tb3_teleop' build argument 'catkin_cmake_args' from command line to 'None'
[1.777s] Level 5:colcon.colcon_core.verb:set package 'tb3_teleop' build argument 'catkin_skip_building_tests' from command line to 'False'
[1.777s] DEBUG:colcon.colcon_core.verb:Building package 'tb3_teleop' with the following arguments: {'ament_cmake_args': None, 'build_base': '/home/bot12/robot_ws/build/tb3_teleop', 'catkin_cmake_args': None, 'catkin_skip_building_tests': False, 'cmake_args': None, 'cmake_clean_cache': False, 'cmake_clean_first': False, 'cmake_force_configure': False, 'cmake_target': None, 'cmake_target_skip_unavailable': False, 'install_base': '/home/bot12/robot_ws/install/tb3_teleop', 'merge_install': False, 'path': '/home/bot12/robot_ws/src/tb3_teleop', 'symlink_install': False, 'test_result_base': None}
[1.777s] INFO:colcon.colcon_core.executor:Executing jobs using 'parallel' executor
[1.780s] DEBUG:colcon.colcon_parallel_executor.executor.parallel:run_until_complete
[1.782s] INFO:colcon.colcon_ros.task.ament_python.build:Building ROS package in '/home/bot12/robot_ws/src/robot_bringup' with build type 'ament_python'
[1.782s] Level 1:colcon.colcon_core.shell:create_environment_hook('robot_bringup', 'ament_prefix_path')
[1.793s] INFO:colcon.colcon_core.plugin_system:Skipping extension 'colcon_core.shell.bat': Not used on non-Windows systems
[1.794s] INFO:colcon.colcon_core.shell:Creating environment hook '/home/bot12/robot_ws/install/robot_bringup/share/robot_bringup/hook/ament_prefix_path.ps1'
[1.800s] INFO:colcon.colcon_core.shell:Creating environment descriptor '/home/bot12/robot_ws/install/robot_bringup/share/robot_bringup/hook/ament_prefix_path.dsv'
[1.802s] INFO:colcon.colcon_core.shell:Creating environment hook '/home/bot12/robot_ws/install/robot_bringup/share/robot_bringup/hook/ament_prefix_path.sh'
[1.806s] INFO:colcon.colcon_core.shell:Skip shell extension 'powershell' for command environment: Not usable outside of PowerShell
[1.806s] DEBUG:colcon.colcon_core.shell:Skip shell extension 'dsv' for command environment
[1.833s] INFO:colcon.colcon_ros.task.ament_python.build:Building ROS package in '/home/bot12/robot_ws/src/tb3_description' with build type 'ament_python'
[1.835s] Level 1:colcon.colcon_core.shell:create_environment_hook('tb3_description', 'ament_prefix_path')
[1.836s] INFO:colcon.colcon_core.shell:Creating environment hook '/home/bot12/robot_ws/install/tb3_description/share/tb3_description/hook/ament_prefix_path.ps1'
[1.839s] INFO:colcon.colcon_core.shell:Creating environment descriptor '/home/bot12/robot_ws/install/tb3_description/share/tb3_description/hook/ament_prefix_path.dsv'
[1.841s] INFO:colcon.colcon_core.shell:Creating environment hook '/home/bot12/robot_ws/install/tb3_description/share/tb3_description/hook/ament_prefix_path.sh'
[1.845s] INFO:colcon.colcon_core.shell:Skip shell extension 'powershell' for command environment: Not usable outside of PowerShell
[1.846s] DEBUG:colcon.colcon_core.shell:Skip shell extension 'dsv' for command environment
[1.875s] INFO:colcon.colcon_ros.task.ament_python.build:Building ROS package in '/home/bot12/robot_ws/src/tb3_teleop' with build type 'ament_python'
[1.876s] Level 1:colcon.colcon_core.shell:create_environment_hook('tb3_teleop', 'ament_prefix_path')
[1.878s] INFO:colcon.colcon_core.shell:Creating environment hook '/home/bot12/robot_ws/install/tb3_teleop/share/tb3_teleop/hook/ament_prefix_path.ps1'
[1.881s] INFO:colcon.colcon_core.shell:Creating environment descriptor '/home/bot12/robot_ws/install/tb3_teleop/share/tb3_teleop/hook/ament_prefix_path.dsv'
[1.884s] INFO:colcon.colcon_core.shell:Creating environment hook '/home/bot12/robot_ws/install/tb3_teleop/share/tb3_teleop/hook/ament_prefix_path.sh'
[1.887s] INFO:colcon.colcon_core.shell:Skip shell extension 'powershell' for command environment: Not usable outside of PowerShell
[1.888s] DEBUG:colcon.colcon_core.shell:Skip shell extension 'dsv' for command environment
[3.324s] INFO:colcon.colcon_core.task.python.build:Building Python package in '/home/bot12/robot_ws/src/robot_bringup'
[3.325s] INFO:colcon.colcon_core.shell:Skip shell extension 'powershell' for command environment: Not usable outside of PowerShell
[3.325s] DEBUG:colcon.colcon_core.shell:Skip shell extension 'dsv' for command environment
[4.713s] INFO:colcon.colcon_core.task.python.build:Building Python package in '/home/bot12/robot_ws/src/tb3_description'
[4.714s] INFO:colcon.colcon_core.shell:Skip shell extension 'powershell' for command environment: Not usable outside of PowerShell
[4.715s] DEBUG:colcon.colcon_core.shell:Skip shell extension 'dsv' for command environment
[6.100s] INFO:colcon.colcon_core.task.python.build:Building Python package in '/home/bot12/robot_ws/src/tb3_teleop'
[6.101s] INFO:colcon.colcon_core.shell:Skip shell extension 'powershell' for command environment: Not usable outside of PowerShell
[6.101s] DEBUG:colcon.colcon_core.shell:Skip shell extension 'dsv' for command environment
[10.020s] DEBUG:colcon.colcon_core.event_handler.log_command:Invoking command in '/home/bot12/robot_ws/src/robot_bringup': PYTHONPATH=/home/bot12/robot_ws/build/robot_bringup/prefix_override:/home/bot12/robot_ws/install/robot_bringup/lib/python3.10/site-packages:${PYTHONPATH} /usr/bin/python3 -W ignore:setup.py install is deprecated setup.py egg_info --egg-base ../../build/robot_bringup build --build-base /home/bot12/robot_ws/build/robot_bringup/build install --record /home/bot12/robot_ws/build/robot_bringup/install.log --single-version-externally-managed install_data
[10.083s] DEBUG:colcon.colcon_core.event_handler.log_command:Invoking command in '/home/bot12/robot_ws/src/tb3_description': PYTHONPATH=/home/bot12/robot_ws/build/tb3_description/prefix_override:/home/bot12/robot_ws/install/tb3_description/lib/python3.10/site-packages:${PYTHONPATH} /usr/bin/python3 -W ignore:setup.py install is deprecated setup.py egg_info --egg-base ../../build/tb3_description build --build-base /home/bot12/robot_ws/build/tb3_description/build install --record /home/bot12/robot_ws/build/tb3_description/install.log --single-version-externally-managed install_data
[10.125s] DEBUG:colcon.colcon_core.event_handler.log_command:Invoking command in '/home/bot12/robot_ws/src/tb3_teleop': PYTHONPATH=/home/bot12/robot_ws/build/tb3_teleop/prefix_override:/home/bot12/robot_ws/install/tb3_teleop/lib/python3.10/site-packages:${PYTHONPATH} /usr/bin/python3 -W ignore:setup.py install is deprecated setup.py egg_info --egg-base ../../build/tb3_teleop build --build-base /home/bot12/robot_ws/build/tb3_teleop/build install --record /home/bot12/robot_ws/build/tb3_teleop/install.log --single-version-externally-managed install_data
[12.535s] DEBUG:colcon.colcon_core.event_handler.log_command:Invoked command in '/home/bot12/robot_ws/src/tb3_teleop' returned '0': PYTHONPATH=/home/bot12/robot_ws/build/tb3_teleop/prefix_override:/home/bot12/robot_ws/install/tb3_teleop/lib/python3.10/site-packages:${PYTHONPATH} /usr/bin/python3 -W ignore:setup.py install is deprecated setup.py egg_info --egg-base ../../build/tb3_teleop build --build-base /home/bot12/robot_ws/build/tb3_teleop/build install --record /home/bot12/robot_ws/build/tb3_teleop/install.log --single-version-externally-managed install_data
[12.574s] Level 1:colcon.colcon_core.environment:checking '/home/bot12/robot_ws/install/tb3_teleop' for CMake module files
[12.577s] Level 1:colcon.colcon_core.environment:checking '/home/bot12/robot_ws/install/tb3_teleop' for CMake config files
[12.584s] Level 1:colcon.colcon_core.environment:checking '/home/bot12/robot_ws/install/tb3_teleop/lib'
[12.586s] Level 1:colcon.colcon_core.environment:checking '/home/bot12/robot_ws/install/tb3_teleop/bin'
[12.587s] Level 1:colcon.colcon_core.environment:checking '/home/bot12/robot_ws/install/tb3_teleop/lib/pkgconfig/tb3_teleop.pc'
[12.589s] Level 1:colcon.colcon_core.environment:checking '/home/bot12/robot_ws/install/tb3_teleop/lib/python3.10/site-packages'
[12.590s] Level 1:colcon.colcon_core.shell:create_environment_hook('tb3_teleop', 'pythonpath')
[12.592s] INFO:colcon.colcon_core.shell:Creating environment hook '/home/bot12/robot_ws/install/tb3_teleop/share/tb3_teleop/hook/pythonpath.ps1'
[12.596s] INFO:colcon.colcon_core.shell:Creating environment descriptor '/home/bot12/robot_ws/install/tb3_teleop/share/tb3_teleop/hook/pythonpath.dsv'
[12.599s] INFO:colcon.colcon_core.shell:Creating environment hook '/home/bot12/robot_ws/install/tb3_teleop/share/tb3_teleop/hook/pythonpath.sh'
[12.608s] Level 1:colcon.colcon_core.environment:checking '/home/bot12/robot_ws/install/tb3_teleop/bin'
[12.609s] Level 1:colcon.colcon_core.environment:create_environment_scripts_only(tb3_teleop)
[12.611s] INFO:colcon.colcon_core.shell:Creating package script '/home/bot12/robot_ws/install/tb3_teleop/share/tb3_teleop/package.ps1'
[12.617s] INFO:colcon.colcon_core.shell:Creating package descriptor '/home/bot12/robot_ws/install/tb3_teleop/share/tb3_teleop/package.dsv'
[12.622s] INFO:colcon.colcon_core.shell:Creating package script '/home/bot12/robot_ws/install/tb3_teleop/share/tb3_teleop/package.sh'
[12.627s] INFO:colcon.colcon_core.shell:Creating package script '/home/bot12/robot_ws/install/tb3_teleop/share/tb3_teleop/package.bash'
[12.636s] INFO:colcon.colcon_core.shell:Creating package script '/home/bot12/robot_ws/install/tb3_teleop/share/tb3_teleop/package.zsh'
[12.641s] Level 1:colcon.colcon_core.environment:create_file_with_runtime_dependencies(/home/bot12/robot_ws/install/tb3_teleop/share/colcon-core/packages/tb3_teleop)
[12.650s] Level 1:colcon.colcon_core.environment:checking '/home/bot12/robot_ws/install/robot_bringup' for CMake module files
[12.653s] DEBUG:colcon.colcon_core.event_handler.log_command:Invoked command in '/home/bot12/robot_ws/src/robot_bringup' returned '0': PYTHONPATH=/home/bot12/robot_ws/build/robot_bringup/prefix_override:/home/bot12/robot_ws/install/robot_bringup/lib/python3.10/site-packages:${PYTHONPATH} /usr/bin/python3 -W ignore:setup.py install is deprecated setup.py egg_info --egg-base ../../build/robot_bringup build --build-base /home/bot12/robot_ws/build/robot_bringup/build install --record /home/bot12/robot_ws/build/robot_bringup/install.log --single-version-externally-managed install_data
[12.655s] Level 1:colcon.colcon_core.environment:checking '/home/bot12/robot_ws/install/robot_bringup' for CMake config files
[12.658s] Level 1:colcon.colcon_core.environment:checking '/home/bot12/robot_ws/install/robot_bringup/lib'
[12.659s] Level 1:colcon.colcon_core.environment:checking '/home/bot12/robot_ws/install/robot_bringup/bin'
[12.659s] Level 1:colcon.colcon_core.environment:checking '/home/bot12/robot_ws/install/robot_bringup/lib/pkgconfig/robot_bringup.pc'
[12.660s] Level 1:colcon.colcon_core.environment:checking '/home/bot12/robot_ws/install/robot_bringup/lib/python3.10/site-packages'
[12.661s] Level 1:colcon.colcon_core.shell:create_environment_hook('robot_bringup', 'pythonpath')
[12.662s] INFO:colcon.colcon_core.shell:Creating environment hook '/home/bot12/robot_ws/install/robot_bringup/share/robot_bringup/hook/pythonpath.ps1'
[12.664s] INFO:colcon.colcon_core.shell:Creating environment descriptor '/home/bot12/robot_ws/install/robot_bringup/share/robot_bringup/hook/pythonpath.dsv'
[12.665s] INFO:colcon.colcon_core.shell:Creating environment hook '/home/bot12/robot_ws/install/robot_bringup/share/robot_bringup/hook/pythonpath.sh'
[12.668s] Level 1:colcon.colcon_core.environment:checking '/home/bot12/robot_ws/install/robot_bringup/bin'
[12.669s] Level 1:colcon.colcon_core.environment:create_environment_scripts_only(robot_bringup)
[12.670s] INFO:colcon.colcon_core.shell:Creating package script '/home/bot12/robot_ws/install/robot_bringup/share/robot_bringup/package.ps1'
[12.673s] INFO:colcon.colcon_core.shell:Creating package descriptor '/home/bot12/robot_ws/install/robot_bringup/share/robot_bringup/package.dsv'
[12.675s] INFO:colcon.colcon_core.shell:Creating package script '/home/bot12/robot_ws/install/robot_bringup/share/robot_bringup/package.sh'
[12.678s] INFO:colcon.colcon_core.shell:Creating package script '/home/bot12/robot_ws/install/robot_bringup/share/robot_bringup/package.bash'
[12.681s] INFO:colcon.colcon_core.shell:Creating package script '/home/bot12/robot_ws/install/robot_bringup/share/robot_bringup/package.zsh'
[12.683s] Level 1:colcon.colcon_core.environment:create_file_with_runtime_dependencies(/home/bot12/robot_ws/install/robot_bringup/share/colcon-core/packages/robot_bringup)
[12.688s] Level 1:colcon.colcon_core.environment:checking '/home/bot12/robot_ws/install/tb3_description' for CMake module files
[12.692s] DEBUG:colcon.colcon_core.event_handler.log_command:Invoked command in '/home/bot12/robot_ws/src/tb3_description' returned '0': PYTHONPATH=/home/bot12/robot_ws/build/tb3_description/prefix_override:/home/bot12/robot_ws/install/tb3_description/lib/python3.10/site-packages:${PYTHONPATH} /usr/bin/python3 -W ignore:setup.py install is deprecated setup.py egg_info --egg-base ../../build/tb3_description build --build-base /home/bot12/robot_ws/build/tb3_description/build install --record /home/bot12/robot_ws/build/tb3_description/install.log --single-version-externally-managed install_data
[12.693s] Level 1:colcon.colcon_core.environment:checking '/home/bot12/robot_ws/install/tb3_description' for CMake config files
[12.697s] Level 1:colcon.colcon_core.environment:checking '/home/bot12/robot_ws/install/tb3_description/lib'
[12.698s] Level 1:colcon.colcon_core.environment:checking '/home/bot12/robot_ws/install/tb3_description/bin'
[12.698s] Level 1:colcon.colcon_core.environment:checking '/home/bot12/robot_ws/install/tb3_description/lib/pkgconfig/tb3_description.pc'
[12.699s] Level 1:colcon.colcon_core.environment:checking '/home/bot12/robot_ws/install/tb3_description/lib/python3.10/site-packages'
[12.700s] Level 1:colcon.colcon_core.shell:create_environment_hook('tb3_description', 'pythonpath')
[12.703s] INFO:colcon.colcon_core.shell:Creating environment hook '/home/bot12/robot_ws/install/tb3_description/share/tb3_description/hook/pythonpath.ps1'
[12.706s] INFO:colcon.colcon_core.shell:Creating environment descriptor '/home/bot12/robot_ws/install/tb3_description/share/tb3_description/hook/pythonpath.dsv'
[12.708s] INFO:colcon.colcon_core.shell:Creating environment hook '/home/bot12/robot_ws/install/tb3_description/share/tb3_description/hook/pythonpath.sh'
[12.713s] Level 1:colcon.colcon_core.environment:checking '/home/bot12/robot_ws/install/tb3_description/bin'
[12.713s] Level 1:colcon.colcon_core.environment:create_environment_scripts_only(tb3_description)
[12.715s] INFO:colcon.colcon_core.shell:Creating package script '/home/bot12/robot_ws/install/tb3_description/share/tb3_description/package.ps1'
[12.719s] INFO:colcon.colcon_core.shell:Creating package descriptor '/home/bot12/robot_ws/install/tb3_description/share/tb3_description/package.dsv'
[12.722s] INFO:colcon.colcon_core.shell:Creating package script '/home/bot12/robot_ws/install/tb3_description/share/tb3_description/package.sh'
[12.724s] INFO:colcon.colcon_core.shell:Creating package script '/home/bot12/robot_ws/install/tb3_description/share/tb3_description/package.bash'
[12.726s] INFO:colcon.colcon_core.shell:Creating package script '/home/bot12/robot_ws/install/tb3_description/share/tb3_description/package.zsh'
[12.728s] Level 1:colcon.colcon_core.environment:create_file_with_runtime_dependencies(/home/bot12/robot_ws/install/tb3_description/share/colcon-core/packages/tb3_description)
[12.730s] DEBUG:colcon.colcon_parallel_executor.executor.parallel:closing loop
[12.731s] DEBUG:colcon.colcon_parallel_executor.executor.parallel:loop closed
[12.733s] DEBUG:colcon.colcon_parallel_executor.executor.parallel:run_until_complete finished with '0'
[12.733s] DEBUG:colcon.colcon_core.event_reactor:joining thread
[12.766s] INFO:colcon.colcon_core.plugin_system:Skipping extension 'colcon_notification.desktop_notification.terminal_notifier': Not used on non-Darwin systems
[12.766s] INFO:colcon.colcon_core.plugin_system:Skipping extension 'colcon_notification.desktop_notification.win32': Not used on non-Windows systems
[12.766s] INFO:colcon.colcon_notification.desktop_notification:Sending desktop notification using 'notify2'
[12.822s] DEBUG:colcon.colcon_core.event_reactor:joined thread
[12.823s] INFO:colcon.colcon_core.shell:Creating prefix script '/home/bot12/robot_ws/install/local_setup.ps1'
[12.828s] INFO:colcon.colcon_core.shell:Creating prefix util module '/home/bot12/robot_ws/install/_local_setup_util_ps1.py'
[12.835s] INFO:colcon.colcon_core.shell:Creating prefix chain script '/home/bot12/robot_ws/install/setup.ps1'
[12.844s] INFO:colcon.colcon_core.shell:Creating prefix script '/home/bot12/robot_ws/install/local_setup.sh'
[12.846s] INFO:colcon.colcon_core.shell:Creating prefix util module '/home/bot12/robot_ws/install/_local_setup_util_sh.py'
[12.849s] INFO:colcon.colcon_core.shell:Creating prefix chain script '/home/bot12/robot_ws/install/setup.sh'
[12.858s] INFO:colcon.colcon_core.shell:Creating prefix script '/home/bot12/robot_ws/install/local_setup.bash'
[12.861s] INFO:colcon.colcon_core.shell:Creating prefix chain script '/home/bot12/robot_ws/install/setup.bash'
[12.868s] INFO:colcon.colcon_core.shell:Creating prefix script '/home/bot12/robot_ws/install/local_setup.zsh'
[12.871s] INFO:colcon.colcon_core.shell:Creating prefix chain script '/home/bot12/robot_ws/install/setup.zsh'
