[12.274s] Invoking command in '/home/bot12/robot_ws/src/robot_bringup': PYTHONPATH=/home/bot12/robot_ws/build/robot_bringup/prefix_override:/home/bot12/robot_ws/install/robot_bringup/lib/python3.10/site-packages:${PYTHONPATH} /usr/bin/python3 -W ignore:setup.py install is deprecated setup.py egg_info --egg-base ../../build/robot_bringup build --build-base /home/bot12/robot_ws/build/robot_bringup/build install --record /home/bot12/robot_ws/build/robot_bringup/install.log --single-version-externally-managed install_data
[15.330s] running egg_info
[15.360s] writing ../../build/robot_bringup/robot_bringup.egg-info/PKG-INFO
[15.364s] writing dependency_links to ../../build/robot_bringup/robot_bringup.egg-info/dependency_links.txt
[15.375s] writing entry points to ../../build/robot_bringup/robot_bringup.egg-info/entry_points.txt
[15.378s] writing requirements to ../../build/robot_bringup/robot_bringup.egg-info/requires.txt
[15.380s] writing top-level names to ../../build/robot_bringup/robot_bringup.egg-info/top_level.txt
[15.427s] reading manifest file '../../build/robot_bringup/robot_bringup.egg-info/SOURCES.txt'
[15.451s] writing manifest file '../../build/robot_bringup/robot_bringup.egg-info/SOURCES.txt'
[15.452s] running build
[15.453s] running build_py
[15.454s] running install
[15.456s] running install_lib
[15.479s] running install_data
[15.480s] running install_egg_info
[15.499s] removing '/home/bot12/robot_ws/install/robot_bringup/lib/python3.10/site-packages/robot_bringup-0.0.0-py3.10.egg-info' (and everything under it)
[15.503s] Copying ../../build/robot_bringup/robot_bringup.egg-info to /home/bot12/robot_ws/install/robot_bringup/lib/python3.10/site-packages/robot_bringup-0.0.0-py3.10.egg-info
[15.524s] running install_scripts
[15.720s] Installing robmove script to /home/bot12/robot_ws/install/robot_bringup/lib/robot_bringup
[15.731s] writing list of installed files to '/home/bot12/robot_ws/build/robot_bringup/install.log'
[16.122s] Invoked command in '/home/bot12/robot_ws/src/robot_bringup' returned '0': PYTHONPATH=/home/bot12/robot_ws/build/robot_bringup/prefix_override:/home/bot12/robot_ws/install/robot_bringup/lib/python3.10/site-packages:${PYTHONPATH} /usr/bin/python3 -W ignore:setup.py install is deprecated setup.py egg_info --egg-base ../../build/robot_bringup build --build-base /home/bot12/robot_ws/build/robot_bringup/build install --record /home/bot12/robot_ws/build/robot_bringup/install.log --single-version-externally-managed install_data
