/home/papasav/robot_ws/install/tb3_description/lib/python3.10/site-packages/tb3_description/__init__.py
/home/papasav/robot_ws/install/tb3_description/lib/python3.10/site-packages/tb3_description/__pycache__/__init__.cpython-310.pyc
/home/papasav/robot_ws/install/tb3_description/share/ament_index/resource_index/packages/tb3_description
/home/papasav/robot_ws/install/tb3_description/share/tb3_description/package.xml
/home/papasav/robot_ws/install/tb3_description/share/tb3_description/launch/tb3_description.launch.py
/home/papasav/robot_ws/install/tb3_description/share/tb3_description/config
/home/papasav/robot_ws/install/tb3_description/share/tb3_description/urdf/turtlebot3_burger_base.urdf.xacro
/home/papasav/robot_ws/install/tb3_description/share/tb3_description/urdf/laser.urdf.xacro
/home/papasav/robot_ws/install/tb3_description/share/tb3_description/urdf/common_properties.xacro
/home/papasav/robot_ws/install/tb3_description/share/tb3_description/urdf/camera.urdf.xacro
/home/papasav/robot_ws/install/tb3_description/share/tb3_description/urdf/wheel.urdf.xacro
/home/papasav/robot_ws/install/tb3_description/share/tb3_description/urdf/caster.urdf.xacro
/home/papasav/robot_ws/install/tb3_description/share/tb3_description/meshes/right_tire.stl
/home/papasav/robot_ws/install/tb3_description/share/tb3_description/meshes/burger_base.stl
/home/papasav/robot_ws/install/tb3_description/share/tb3_description/meshes/webcam.stl
/home/papasav/robot_ws/install/tb3_description/share/tb3_description/meshes/left_tire.stl
/home/papasav/robot_ws/install/tb3_description/share/tb3_description/meshes/RPLIDAR.stl
/home/papasav/robot_ws/install/tb3_description/lib/python3.10/site-packages/tb3_description-0.0.0-py3.10.egg-info/PKG-INFO
/home/papasav/robot_ws/install/tb3_description/lib/python3.10/site-packages/tb3_description-0.0.0-py3.10.egg-info/dependency_links.txt
/home/papasav/robot_ws/install/tb3_description/lib/python3.10/site-packages/tb3_description-0.0.0-py3.10.egg-info/entry_points.txt
/home/papasav/robot_ws/install/tb3_description/lib/python3.10/site-packages/tb3_description-0.0.0-py3.10.egg-info/zip-safe
/home/papasav/robot_ws/install/tb3_description/lib/python3.10/site-packages/tb3_description-0.0.0-py3.10.egg-info/SOURCES.txt
/home/papasav/robot_ws/install/tb3_description/lib/python3.10/site-packages/tb3_description-0.0.0-py3.10.egg-info/top_level.txt
/home/papasav/robot_ws/install/tb3_description/lib/python3.10/site-packages/tb3_description-0.0.0-py3.10.egg-info/requires.txt
