[11.019s] Invoking command in '/home/bot12/robot_ws/src/tb3_description': PYTHONPATH=/home/bot12/robot_ws/build/tb3_description/prefix_override:/home/bot12/robot_ws/install/tb3_description/lib/python3.10/site-packages:${PYTHONPATH} /usr/bin/python3 -W ignore:setup.py install is deprecated setup.py egg_info --egg-base ../../build/tb3_description build --build-base /home/bot12/robot_ws/build/tb3_description/build install --record /home/bot12/robot_ws/build/tb3_description/install.log --single-version-externally-managed install_data
[13.401s] running egg_info
[13.403s] writing ../../build/tb3_description/tb3_description.egg-info/PKG-INFO
[13.408s] writing dependency_links to ../../build/tb3_description/tb3_description.egg-info/dependency_links.txt
[13.409s] writing entry points to ../../build/tb3_description/tb3_description.egg-info/entry_points.txt
[13.410s] writing requirements to ../../build/tb3_description/tb3_description.egg-info/requires.txt
[13.411s] writing top-level names to ../../build/tb3_description/tb3_description.egg-info/top_level.txt
[13.421s] reading manifest file '../../build/tb3_description/tb3_description.egg-info/SOURCES.txt'
[13.431s] writing manifest file '../../build/tb3_description/tb3_description.egg-info/SOURCES.txt'
[13.433s] running build
[13.435s] running build_py
[13.436s] running install
[13.438s] running install_lib
[13.451s] running install_data
[13.457s] running install_egg_info
[13.509s] removing '/home/bot12/robot_ws/install/tb3_description/lib/python3.10/site-packages/tb3_description-0.0.0-py3.10.egg-info' (and everything under it)
[13.511s] Copying ../../build/tb3_description/tb3_description.egg-info to /home/bot12/robot_ws/install/tb3_description/lib/python3.10/site-packages/tb3_description-0.0.0-py3.10.egg-info
[13.512s] running install_scripts
[13.689s] writing list of installed files to '/home/bot12/robot_ws/build/tb3_description/install.log'
[13.913s] Invoked command in '/home/bot12/robot_ws/src/tb3_description' returned '0': PYTHONPATH=/home/bot12/robot_ws/build/tb3_description/prefix_override:/home/bot12/robot_ws/install/tb3_description/lib/python3.10/site-packages:${PYTHONPATH} /usr/bin/python3 -W ignore:setup.py install is deprecated setup.py egg_info --egg-base ../../build/tb3_description build --build-base /home/bot12/robot_ws/build/tb3_description/build install --record /home/bot12/robot_ws/build/tb3_description/install.log --single-version-externally-managed install_data
