[0.259s] DEBUG:colcon:Command line arguments: ['/usr/bin/colcon', 'build']
[0.260s] DEBUG:colcon:Parsed command line arguments: Namespace(log_base=None, log_level=None, verb_name='build', build_base='build', install_base='install', merge_install=False, symlink_install=False, test_result_base=None, continue_on_error=False, executor='parallel', parallel_workers=2, event_handlers=None, ignore_user_meta=False, metas=['./colcon.meta'], base_paths=['.'], packages_ignore=None, packages_ignore_regex=None, paths=None, packages_up_to=None, packages_up_to_regex=None, packages_above=None, packages_above_and_dependencies=None, packages_above_depth=None, packages_select_by_dep=None, packages_skip_by_dep=None, packages_skip_up_to=None, packages_select_build_failed=False, packages_skip_build_finished=False, packages_select_test_failures=False, packages_skip_test_passed=False, packages_select=None, packages_skip=None, packages_select_regex=None, packages_skip_regex=None, packages_start=None, packages_end=None, allow_overriding=[], cmake_args=None, cmake_target=None, cmake_target_skip_unavailable=False, cmake_clean_cache=False, cmake_clean_first=False, cmake_force_configure=False, ament_cmake_args=None, catkin_cmake_args=None, catkin_skip_building_tests=False, mixin_files=None, mixin=None, verb_parser=<colcon_mixin.mixin.mixin_argument.MixinArgumentDecorator object at 0x7072b593dae0>, verb_extension=<colcon_core.verb.build.BuildVerb object at 0x7072b593d450>, main=<bound method BuildVerb.main of <colcon_core.verb.build.BuildVerb object at 0x7072b593d450>>, mixin_verb=('build',))
[0.657s] Level 1:colcon.colcon_core.package_discovery:discover_packages(colcon_meta) check parameters
[0.658s] Level 1:colcon.colcon_core.package_discovery:discover_packages(recursive) check parameters
[0.658s] Level 1:colcon.colcon_core.package_discovery:discover_packages(ignore) check parameters
[0.658s] Level 1:colcon.colcon_core.package_discovery:discover_packages(path) check parameters
[0.658s] Level 1:colcon.colcon_core.package_discovery:discover_packages(colcon_meta) discover
[0.658s] Level 1:colcon.colcon_core.package_discovery:discover_packages(recursive) discover
[0.658s] INFO:colcon.colcon_core.package_discovery:Crawling recursively for packages in '/home/papasav/robot_ws-main'
[0.658s] Level 1:colcon.colcon_core.package_identification:_identify(.) by extensions ['ignore', 'ignore_ament_install']
[0.658s] Level 1:colcon.colcon_core.package_identification:_identify(.) by extension 'ignore'
[0.659s] Level 1:colcon.colcon_core.package_identification:_identify(.) by extension 'ignore_ament_install'
[0.659s] Level 1:colcon.colcon_core.package_identification:_identify(.) by extensions ['colcon_pkg']
[0.659s] Level 1:colcon.colcon_core.package_identification:_identify(.) by extension 'colcon_pkg'
[0.659s] Level 1:colcon.colcon_core.package_identification:_identify(.) by extensions ['colcon_meta']
[0.659s] Level 1:colcon.colcon_core.package_identification:_identify(.) by extension 'colcon_meta'
[0.659s] Level 1:colcon.colcon_core.package_identification:_identify(.) by extensions ['ros']
[0.659s] Level 1:colcon.colcon_core.package_identification:_identify(.) by extension 'ros'
[0.687s] Level 1:colcon.colcon_core.package_identification:_identify(.) by extensions ['cmake', 'python']
[0.687s] Level 1:colcon.colcon_core.package_identification:_identify(.) by extension 'cmake'
[0.687s] Level 1:colcon.colcon_core.package_identification:_identify(.) by extension 'python'
[0.687s] Level 1:colcon.colcon_core.package_identification:_identify(.) by extensions ['python_setup_py']
[0.687s] Level 1:colcon.colcon_core.package_identification:_identify(.) by extension 'python_setup_py'
[0.687s] Level 1:colcon.colcon_core.package_identification:_identify(build) by extensions ['ignore', 'ignore_ament_install']
[0.688s] Level 1:colcon.colcon_core.package_identification:_identify(build) by extension 'ignore'
[0.688s] Level 1:colcon.colcon_core.package_identification:_identify(build) ignored
[0.688s] Level 1:colcon.colcon_core.package_identification:_identify(install) by extensions ['ignore', 'ignore_ament_install']
[0.688s] Level 1:colcon.colcon_core.package_identification:_identify(install) by extension 'ignore'
[0.688s] Level 1:colcon.colcon_core.package_identification:_identify(install) ignored
[0.688s] Level 1:colcon.colcon_core.package_identification:_identify(log) by extensions ['ignore', 'ignore_ament_install']
[0.689s] Level 1:colcon.colcon_core.package_identification:_identify(log) by extension 'ignore'
[0.689s] Level 1:colcon.colcon_core.package_identification:_identify(log) ignored
[0.689s] Level 1:colcon.colcon_core.package_identification:_identify(src) by extensions ['ignore', 'ignore_ament_install']
[0.689s] Level 1:colcon.colcon_core.package_identification:_identify(src) by extension 'ignore'
[0.689s] Level 1:colcon.colcon_core.package_identification:_identify(src) by extension 'ignore_ament_install'
[0.689s] Level 1:colcon.colcon_core.package_identification:_identify(src) by extensions ['colcon_pkg']
[0.689s] Level 1:colcon.colcon_core.package_identification:_identify(src) by extension 'colcon_pkg'
[0.690s] Level 1:colcon.colcon_core.package_identification:_identify(src) by extensions ['colcon_meta']
[0.690s] Level 1:colcon.colcon_core.package_identification:_identify(src) by extension 'colcon_meta'
[0.690s] Level 1:colcon.colcon_core.package_identification:_identify(src) by extensions ['ros']
[0.690s] Level 1:colcon.colcon_core.package_identification:_identify(src) by extension 'ros'
[0.690s] Level 1:colcon.colcon_core.package_identification:_identify(src) by extensions ['cmake', 'python']
[0.690s] Level 1:colcon.colcon_core.package_identification:_identify(src) by extension 'cmake'
[0.690s] Level 1:colcon.colcon_core.package_identification:_identify(src) by extension 'python'
[0.690s] Level 1:colcon.colcon_core.package_identification:_identify(src) by extensions ['python_setup_py']
[0.690s] Level 1:colcon.colcon_core.package_identification:_identify(src) by extension 'python_setup_py'
[0.691s] Level 1:colcon.colcon_core.package_identification:_identify(src/robot_bringup) by extensions ['ignore', 'ignore_ament_install']
[0.691s] Level 1:colcon.colcon_core.package_identification:_identify(src/robot_bringup) by extension 'ignore'
[0.691s] Level 1:colcon.colcon_core.package_identification:_identify(src/robot_bringup) by extension 'ignore_ament_install'
[0.691s] Level 1:colcon.colcon_core.package_identification:_identify(src/robot_bringup) by extensions ['colcon_pkg']
[0.691s] Level 1:colcon.colcon_core.package_identification:_identify(src/robot_bringup) by extension 'colcon_pkg'
[0.691s] Level 1:colcon.colcon_core.package_identification:_identify(src/robot_bringup) by extensions ['colcon_meta']
[0.691s] Level 1:colcon.colcon_core.package_identification:_identify(src/robot_bringup) by extension 'colcon_meta'
[0.691s] Level 1:colcon.colcon_core.package_identification:_identify(src/robot_bringup) by extensions ['ros']
[0.691s] Level 1:colcon.colcon_core.package_identification:_identify(src/robot_bringup) by extension 'ros'
[0.696s] DEBUG:colcon.colcon_core.package_identification:Package 'src/robot_bringup' with type 'ros.ament_python' and name 'robot_bringup'
[0.697s] Level 1:colcon.colcon_core.package_identification:_identify(src/tb3_description) by extensions ['ignore', 'ignore_ament_install']
[0.697s] Level 1:colcon.colcon_core.package_identification:_identify(src/tb3_description) by extension 'ignore'
[0.697s] Level 1:colcon.colcon_core.package_identification:_identify(src/tb3_description) by extension 'ignore_ament_install'
[0.697s] Level 1:colcon.colcon_core.package_identification:_identify(src/tb3_description) by extensions ['colcon_pkg']
[0.697s] Level 1:colcon.colcon_core.package_identification:_identify(src/tb3_description) by extension 'colcon_pkg'
[0.697s] Level 1:colcon.colcon_core.package_identification:_identify(src/tb3_description) by extensions ['colcon_meta']
[0.697s] Level 1:colcon.colcon_core.package_identification:_identify(src/tb3_description) by extension 'colcon_meta'
[0.698s] Level 1:colcon.colcon_core.package_identification:_identify(src/tb3_description) by extensions ['ros']
[0.698s] Level 1:colcon.colcon_core.package_identification:_identify(src/tb3_description) by extension 'ros'
[0.699s] DEBUG:colcon.colcon_core.package_identification:Package 'src/tb3_description' with type 'ros.ament_python' and name 'tb3_description'
[0.699s] Level 1:colcon.colcon_core.package_identification:_identify(src/tb3_teleop) by extensions ['ignore', 'ignore_ament_install']
[0.699s] Level 1:colcon.colcon_core.package_identification:_identify(src/tb3_teleop) by extension 'ignore'
[0.699s] Level 1:colcon.colcon_core.package_identification:_identify(src/tb3_teleop) by extension 'ignore_ament_install'
[0.700s] Level 1:colcon.colcon_core.package_identification:_identify(src/tb3_teleop) by extensions ['colcon_pkg']
[0.700s] Level 1:colcon.colcon_core.package_identification:_identify(src/tb3_teleop) by extension 'colcon_pkg'
[0.700s] Level 1:colcon.colcon_core.package_identification:_identify(src/tb3_teleop) by extensions ['colcon_meta']
[0.700s] Level 1:colcon.colcon_core.package_identification:_identify(src/tb3_teleop) by extension 'colcon_meta'
[0.700s] Level 1:colcon.colcon_core.package_identification:_identify(src/tb3_teleop) by extensions ['ros']
[0.700s] Level 1:colcon.colcon_core.package_identification:_identify(src/tb3_teleop) by extension 'ros'
[0.701s] DEBUG:colcon.colcon_core.package_identification:Package 'src/tb3_teleop' with type 'ros.ament_python' and name 'tb3_teleop'
[0.702s] Level 1:colcon.colcon_core.package_discovery:discover_packages(recursive) using defaults
[0.702s] Level 1:colcon.colcon_core.package_discovery:discover_packages(ignore) discover
[0.702s] Level 1:colcon.colcon_core.package_discovery:discover_packages(ignore) using defaults
[0.702s] Level 1:colcon.colcon_core.package_discovery:discover_packages(path) discover
[0.702s] Level 1:colcon.colcon_core.package_discovery:discover_packages(path) using defaults
[0.749s] Level 1:colcon.colcon_core.package_discovery:discover_packages(prefix_path) check parameters
[0.750s] Level 1:colcon.colcon_core.package_discovery:discover_packages(prefix_path) discover
[0.754s] DEBUG:colcon.colcon_installed_package_information.package_discovery:Found 3 installed packages in /home/papasav/robot_ws-main/install
[0.757s] DEBUG:colcon.colcon_installed_package_information.package_discovery:Found 273 installed packages in /opt/ros/humble
[0.784s] Level 1:colcon.colcon_core.package_discovery:discover_packages(prefix_path) using defaults
[0.878s] Level 5:colcon.colcon_core.verb:set package 'robot_bringup' build argument 'cmake_args' from command line to 'None'
[0.878s] Level 5:colcon.colcon_core.verb:set package 'robot_bringup' build argument 'cmake_target' from command line to 'None'
[0.878s] Level 5:colcon.colcon_core.verb:set package 'robot_bringup' build argument 'cmake_target_skip_unavailable' from command line to 'False'
[0.878s] Level 5:colcon.colcon_core.verb:set package 'robot_bringup' build argument 'cmake_clean_cache' from command line to 'False'
[0.878s] Level 5:colcon.colcon_core.verb:set package 'robot_bringup' build argument 'cmake_clean_first' from command line to 'False'
[0.878s] Level 5:colcon.colcon_core.verb:set package 'robot_bringup' build argument 'cmake_force_configure' from command line to 'False'
[0.878s] Level 5:colcon.colcon_core.verb:set package 'robot_bringup' build argument 'ament_cmake_args' from command line to 'None'
[0.878s] Level 5:colcon.colcon_core.verb:set package 'robot_bringup' build argument 'catkin_cmake_args' from command line to 'None'
[0.878s] Level 5:colcon.colcon_core.verb:set package 'robot_bringup' build argument 'catkin_skip_building_tests' from command line to 'False'
[0.879s] DEBUG:colcon.colcon_core.verb:Building package 'robot_bringup' with the following arguments: {'ament_cmake_args': None, 'build_base': '/home/papasav/robot_ws-main/build/robot_bringup', 'catkin_cmake_args': None, 'catkin_skip_building_tests': False, 'cmake_args': None, 'cmake_clean_cache': False, 'cmake_clean_first': False, 'cmake_force_configure': False, 'cmake_target': None, 'cmake_target_skip_unavailable': False, 'install_base': '/home/papasav/robot_ws-main/install/robot_bringup', 'merge_install': False, 'path': '/home/papasav/robot_ws-main/src/robot_bringup', 'symlink_install': False, 'test_result_base': None}
[0.880s] Level 5:colcon.colcon_core.verb:set package 'tb3_description' build argument 'cmake_args' from command line to 'None'
[0.880s] Level 5:colcon.colcon_core.verb:set package 'tb3_description' build argument 'cmake_target' from command line to 'None'
[0.880s] Level 5:colcon.colcon_core.verb:set package 'tb3_description' build argument 'cmake_target_skip_unavailable' from command line to 'False'
[0.880s] Level 5:colcon.colcon_core.verb:set package 'tb3_description' build argument 'cmake_clean_cache' from command line to 'False'
[0.880s] Level 5:colcon.colcon_core.verb:set package 'tb3_description' build argument 'cmake_clean_first' from command line to 'False'
[0.880s] Level 5:colcon.colcon_core.verb:set package 'tb3_description' build argument 'cmake_force_configure' from command line to 'False'
[0.880s] Level 5:colcon.colcon_core.verb:set package 'tb3_description' build argument 'ament_cmake_args' from command line to 'None'
[0.880s] Level 5:colcon.colcon_core.verb:set package 'tb3_description' build argument 'catkin_cmake_args' from command line to 'None'
[0.880s] Level 5:colcon.colcon_core.verb:set package 'tb3_description' build argument 'catkin_skip_building_tests' from command line to 'False'
[0.880s] DEBUG:colcon.colcon_core.verb:Building package 'tb3_description' with the following arguments: {'ament_cmake_args': None, 'build_base': '/home/papasav/robot_ws-main/build/tb3_description', 'catkin_cmake_args': None, 'catkin_skip_building_tests': False, 'cmake_args': None, 'cmake_clean_cache': False, 'cmake_clean_first': False, 'cmake_force_configure': False, 'cmake_target': None, 'cmake_target_skip_unavailable': False, 'install_base': '/home/papasav/robot_ws-main/install/tb3_description', 'merge_install': False, 'path': '/home/papasav/robot_ws-main/src/tb3_description', 'symlink_install': False, 'test_result_base': None}
[0.881s] Level 5:colcon.colcon_core.verb:set package 'tb3_teleop' build argument 'cmake_args' from command line to 'None'
[0.881s] Level 5:colcon.colcon_core.verb:set package 'tb3_teleop' build argument 'cmake_target' from command line to 'None'
[0.881s] Level 5:colcon.colcon_core.verb:set package 'tb3_teleop' build argument 'cmake_target_skip_unavailable' from command line to 'False'
[0.881s] Level 5:colcon.colcon_core.verb:set package 'tb3_teleop' build argument 'cmake_clean_cache' from command line to 'False'
[0.881s] Level 5:colcon.colcon_core.verb:set package 'tb3_teleop' build argument 'cmake_clean_first' from command line to 'False'
[0.881s] Level 5:colcon.colcon_core.verb:set package 'tb3_teleop' build argument 'cmake_force_configure' from command line to 'False'
[0.881s] Level 5:colcon.colcon_core.verb:set package 'tb3_teleop' build argument 'ament_cmake_args' from command line to 'None'
[0.882s] Level 5:colcon.colcon_core.verb:set package 'tb3_teleop' build argument 'catkin_cmake_args' from command line to 'None'
[0.882s] Level 5:colcon.colcon_core.verb:set package 'tb3_teleop' build argument 'catkin_skip_building_tests' from command line to 'False'
[0.882s] DEBUG:colcon.colcon_core.verb:Building package 'tb3_teleop' with the following arguments: {'ament_cmake_args': None, 'build_base': '/home/papasav/robot_ws-main/build/tb3_teleop', 'catkin_cmake_args': None, 'catkin_skip_building_tests': False, 'cmake_args': None, 'cmake_clean_cache': False, 'cmake_clean_first': False, 'cmake_force_configure': False, 'cmake_target': None, 'cmake_target_skip_unavailable': False, 'install_base': '/home/papasav/robot_ws-main/install/tb3_teleop', 'merge_install': False, 'path': '/home/papasav/robot_ws-main/src/tb3_teleop', 'symlink_install': False, 'test_result_base': None}
[0.882s] INFO:colcon.colcon_core.executor:Executing jobs using 'parallel' executor
[0.884s] DEBUG:colcon.colcon_parallel_executor.executor.parallel:run_until_complete
[0.885s] INFO:colcon.colcon_ros.task.ament_python.build:Building ROS package in '/home/papasav/robot_ws-main/src/robot_bringup' with build type 'ament_python'
[0.886s] Level 1:colcon.colcon_core.shell:create_environment_hook('robot_bringup', 'ament_prefix_path')
[0.890s] INFO:colcon.colcon_core.plugin_system:Skipping extension 'colcon_core.shell.bat': Not used on non-Windows systems
[0.890s] INFO:colcon.colcon_core.shell:Creating environment hook '/home/papasav/robot_ws-main/install/robot_bringup/share/robot_bringup/hook/ament_prefix_path.ps1'
[0.892s] INFO:colcon.colcon_core.shell:Creating environment descriptor '/home/papasav/robot_ws-main/install/robot_bringup/share/robot_bringup/hook/ament_prefix_path.dsv'
[0.893s] INFO:colcon.colcon_core.shell:Creating environment hook '/home/papasav/robot_ws-main/install/robot_bringup/share/robot_bringup/hook/ament_prefix_path.sh'
[0.895s] INFO:colcon.colcon_core.shell:Skip shell extension 'powershell' for command environment: Not usable outside of PowerShell
[0.895s] DEBUG:colcon.colcon_core.shell:Skip shell extension 'dsv' for command environment
[0.903s] INFO:colcon.colcon_ros.task.ament_python.build:Building ROS package in '/home/papasav/robot_ws-main/src/tb3_description' with build type 'ament_python'
[0.906s] Level 1:colcon.colcon_core.shell:create_environment_hook('tb3_description', 'ament_prefix_path')
[0.907s] INFO:colcon.colcon_core.shell:Creating environment hook '/home/papasav/robot_ws-main/install/tb3_description/share/tb3_description/hook/ament_prefix_path.ps1'
[0.908s] INFO:colcon.colcon_core.shell:Creating environment descriptor '/home/papasav/robot_ws-main/install/tb3_description/share/tb3_description/hook/ament_prefix_path.dsv'
[0.909s] INFO:colcon.colcon_core.shell:Creating environment hook '/home/papasav/robot_ws-main/install/tb3_description/share/tb3_description/hook/ament_prefix_path.sh'
[0.911s] INFO:colcon.colcon_core.shell:Skip shell extension 'powershell' for command environment: Not usable outside of PowerShell
[0.911s] DEBUG:colcon.colcon_core.shell:Skip shell extension 'dsv' for command environment
[1.547s] INFO:colcon.colcon_core.task.python.build:Building Python package in '/home/papasav/robot_ws-main/src/robot_bringup'
[1.547s] INFO:colcon.colcon_core.shell:Skip shell extension 'powershell' for command environment: Not usable outside of PowerShell
[1.547s] DEBUG:colcon.colcon_core.shell:Skip shell extension 'dsv' for command environment
[2.168s] INFO:colcon.colcon_core.task.python.build:Building Python package in '/home/papasav/robot_ws-main/src/tb3_description'
[2.168s] INFO:colcon.colcon_core.shell:Skip shell extension 'powershell' for command environment: Not usable outside of PowerShell
[2.168s] DEBUG:colcon.colcon_core.shell:Skip shell extension 'dsv' for command environment
[3.618s] DEBUG:colcon.colcon_core.event_handler.log_command:Invoking command in '/home/papasav/robot_ws-main/src/robot_bringup': PYTHONPATH=/home/papasav/robot_ws-main/build/robot_bringup/prefix_override:/home/papasav/robot_ws-main/install/robot_bringup/lib/python3.10/site-packages:${PYTHONPATH} /usr/bin/python3 -W ignore:setup.py install is deprecated setup.py egg_info --egg-base ../../build/robot_bringup build --build-base /home/papasav/robot_ws-main/build/robot_bringup/build install --record /home/papasav/robot_ws-main/build/robot_bringup/install.log --single-version-externally-managed install_data
[3.846s] DEBUG:colcon.colcon_core.event_handler.log_command:Invoking command in '/home/papasav/robot_ws-main/src/tb3_description': PYTHONPATH=/home/papasav/robot_ws-main/build/tb3_description/prefix_override:/home/papasav/robot_ws-main/install/tb3_description/lib/python3.10/site-packages:${PYTHONPATH} /usr/bin/python3 -W ignore:setup.py install is deprecated setup.py egg_info --egg-base ../../build/tb3_description build --build-base /home/papasav/robot_ws-main/build/tb3_description/build install --record /home/papasav/robot_ws-main/build/tb3_description/install.log --single-version-externally-managed install_data
[4.650s] DEBUG:colcon.colcon_core.event_handler.log_command:Invoked command in '/home/papasav/robot_ws-main/src/robot_bringup' returned '0': PYTHONPATH=/home/papasav/robot_ws-main/build/robot_bringup/prefix_override:/home/papasav/robot_ws-main/install/robot_bringup/lib/python3.10/site-packages:${PYTHONPATH} /usr/bin/python3 -W ignore:setup.py install is deprecated setup.py egg_info --egg-base ../../build/robot_bringup build --build-base /home/papasav/robot_ws-main/build/robot_bringup/build install --record /home/papasav/robot_ws-main/build/robot_bringup/install.log --single-version-externally-managed install_data
[4.656s] Level 1:colcon.colcon_core.environment:checking '/home/papasav/robot_ws-main/install/robot_bringup' for CMake module files
[4.657s] Level 1:colcon.colcon_core.environment:checking '/home/papasav/robot_ws-main/install/robot_bringup' for CMake config files
[4.660s] Level 1:colcon.colcon_core.environment:checking '/home/papasav/robot_ws-main/install/robot_bringup/lib'
[4.661s] Level 1:colcon.colcon_core.environment:checking '/home/papasav/robot_ws-main/install/robot_bringup/bin'
[4.661s] Level 1:colcon.colcon_core.environment:checking '/home/papasav/robot_ws-main/install/robot_bringup/lib/pkgconfig/robot_bringup.pc'
[4.662s] Level 1:colcon.colcon_core.environment:checking '/home/papasav/robot_ws-main/install/robot_bringup/lib/python3.10/site-packages'
[4.662s] Level 1:colcon.colcon_core.shell:create_environment_hook('robot_bringup', 'pythonpath')
[4.663s] INFO:colcon.colcon_core.shell:Creating environment hook '/home/papasav/robot_ws-main/install/robot_bringup/share/robot_bringup/hook/pythonpath.ps1'
[4.664s] INFO:colcon.colcon_core.shell:Creating environment descriptor '/home/papasav/robot_ws-main/install/robot_bringup/share/robot_bringup/hook/pythonpath.dsv'
[4.668s] INFO:colcon.colcon_core.shell:Creating environment hook '/home/papasav/robot_ws-main/install/robot_bringup/share/robot_bringup/hook/pythonpath.sh'
[4.670s] Level 1:colcon.colcon_core.environment:checking '/home/papasav/robot_ws-main/install/robot_bringup/bin'
[4.670s] Level 1:colcon.colcon_core.environment:create_environment_scripts_only(robot_bringup)
[4.672s] INFO:colcon.colcon_core.shell:Creating package script '/home/papasav/robot_ws-main/install/robot_bringup/share/robot_bringup/package.ps1'
[4.675s] INFO:colcon.colcon_core.shell:Creating package descriptor '/home/papasav/robot_ws-main/install/robot_bringup/share/robot_bringup/package.dsv'
[4.678s] INFO:colcon.colcon_core.shell:Creating package script '/home/papasav/robot_ws-main/install/robot_bringup/share/robot_bringup/package.sh'
[4.682s] INFO:colcon.colcon_core.shell:Creating package script '/home/papasav/robot_ws-main/install/robot_bringup/share/robot_bringup/package.bash'
[4.684s] INFO:colcon.colcon_core.shell:Creating package script '/home/papasav/robot_ws-main/install/robot_bringup/share/robot_bringup/package.zsh'
[4.687s] Level 1:colcon.colcon_core.environment:create_file_with_runtime_dependencies(/home/papasav/robot_ws-main/install/robot_bringup/share/colcon-core/packages/robot_bringup)
[4.689s] INFO:colcon.colcon_ros.task.ament_python.build:Building ROS package in '/home/papasav/robot_ws-main/src/tb3_teleop' with build type 'ament_python'
[4.690s] Level 1:colcon.colcon_core.shell:create_environment_hook('tb3_teleop', 'ament_prefix_path')
[4.691s] INFO:colcon.colcon_core.shell:Creating environment hook '/home/papasav/robot_ws-main/install/tb3_teleop/share/tb3_teleop/hook/ament_prefix_path.ps1'
[4.692s] INFO:colcon.colcon_core.shell:Creating environment descriptor '/home/papasav/robot_ws-main/install/tb3_teleop/share/tb3_teleop/hook/ament_prefix_path.dsv'
[4.693s] INFO:colcon.colcon_core.shell:Creating environment hook '/home/papasav/robot_ws-main/install/tb3_teleop/share/tb3_teleop/hook/ament_prefix_path.sh'
[4.695s] INFO:colcon.colcon_core.shell:Skip shell extension 'powershell' for command environment: Not usable outside of PowerShell
[4.696s] DEBUG:colcon.colcon_core.shell:Skip shell extension 'dsv' for command environment
[5.402s] INFO:colcon.colcon_core.task.python.build:Building Python package in '/home/papasav/robot_ws-main/src/tb3_teleop'
[5.402s] INFO:colcon.colcon_core.shell:Skip shell extension 'powershell' for command environment: Not usable outside of PowerShell
[5.402s] DEBUG:colcon.colcon_core.shell:Skip shell extension 'dsv' for command environment
[5.412s] Level 1:colcon.colcon_core.environment:checking '/home/papasav/robot_ws-main/install/tb3_description' for CMake module files
[5.413s] DEBUG:colcon.colcon_core.event_handler.log_command:Invoked command in '/home/papasav/robot_ws-main/src/tb3_description' returned '0': PYTHONPATH=/home/papasav/robot_ws-main/build/tb3_description/prefix_override:/home/papasav/robot_ws-main/install/tb3_description/lib/python3.10/site-packages:${PYTHONPATH} /usr/bin/python3 -W ignore:setup.py install is deprecated setup.py egg_info --egg-base ../../build/tb3_description build --build-base /home/papasav/robot_ws-main/build/tb3_description/build install --record /home/papasav/robot_ws-main/build/tb3_description/install.log --single-version-externally-managed install_data
[5.414s] Level 1:colcon.colcon_core.environment:checking '/home/papasav/robot_ws-main/install/tb3_description' for CMake config files
[5.415s] Level 1:colcon.colcon_core.environment:checking '/home/papasav/robot_ws-main/install/tb3_description/lib'
[5.415s] Level 1:colcon.colcon_core.environment:checking '/home/papasav/robot_ws-main/install/tb3_description/bin'
[5.416s] Level 1:colcon.colcon_core.environment:checking '/home/papasav/robot_ws-main/install/tb3_description/lib/pkgconfig/tb3_description.pc'
[5.416s] Level 1:colcon.colcon_core.environment:checking '/home/papasav/robot_ws-main/install/tb3_description/lib/python3.10/site-packages'
[5.416s] Level 1:colcon.colcon_core.shell:create_environment_hook('tb3_description', 'pythonpath')
[5.417s] INFO:colcon.colcon_core.shell:Creating environment hook '/home/papasav/robot_ws-main/install/tb3_description/share/tb3_description/hook/pythonpath.ps1'
[5.418s] INFO:colcon.colcon_core.shell:Creating environment descriptor '/home/papasav/robot_ws-main/install/tb3_description/share/tb3_description/hook/pythonpath.dsv'
[5.419s] INFO:colcon.colcon_core.shell:Creating environment hook '/home/papasav/robot_ws-main/install/tb3_description/share/tb3_description/hook/pythonpath.sh'
[5.420s] Level 1:colcon.colcon_core.environment:checking '/home/papasav/robot_ws-main/install/tb3_description/bin'
[5.420s] Level 1:colcon.colcon_core.environment:create_environment_scripts_only(tb3_description)
[5.421s] INFO:colcon.colcon_core.shell:Creating package script '/home/papasav/robot_ws-main/install/tb3_description/share/tb3_description/package.ps1'
[5.423s] INFO:colcon.colcon_core.shell:Creating package descriptor '/home/papasav/robot_ws-main/install/tb3_description/share/tb3_description/package.dsv'
[5.424s] INFO:colcon.colcon_core.shell:Creating package script '/home/papasav/robot_ws-main/install/tb3_description/share/tb3_description/package.sh'
[5.425s] INFO:colcon.colcon_core.shell:Creating package script '/home/papasav/robot_ws-main/install/tb3_description/share/tb3_description/package.bash'
[5.426s] INFO:colcon.colcon_core.shell:Creating package script '/home/papasav/robot_ws-main/install/tb3_description/share/tb3_description/package.zsh'
[5.426s] Level 1:colcon.colcon_core.environment:create_file_with_runtime_dependencies(/home/papasav/robot_ws-main/install/tb3_description/share/colcon-core/packages/tb3_description)
[6.505s] DEBUG:colcon.colcon_core.event_handler.log_command:Invoking command in '/home/papasav/robot_ws-main/src/tb3_teleop': PYTHONPATH=/home/papasav/robot_ws-main/build/tb3_teleop/prefix_override:/home/papasav/robot_ws-main/install/tb3_teleop/lib/python3.10/site-packages:${PYTHONPATH} /usr/bin/python3 -W ignore:setup.py install is deprecated setup.py egg_info --egg-base ../../build/tb3_teleop build --build-base /home/papasav/robot_ws-main/build/tb3_teleop/build install --record /home/papasav/robot_ws-main/build/tb3_teleop/install.log --single-version-externally-managed install_data
[7.210s] Level 1:colcon.colcon_core.environment:checking '/home/papasav/robot_ws-main/install/tb3_teleop' for CMake module files
[7.210s] DEBUG:colcon.colcon_core.event_handler.log_command:Invoked command in '/home/papasav/robot_ws-main/src/tb3_teleop' returned '0': PYTHONPATH=/home/papasav/robot_ws-main/build/tb3_teleop/prefix_override:/home/papasav/robot_ws-main/install/tb3_teleop/lib/python3.10/site-packages:${PYTHONPATH} /usr/bin/python3 -W ignore:setup.py install is deprecated setup.py egg_info --egg-base ../../build/tb3_teleop build --build-base /home/papasav/robot_ws-main/build/tb3_teleop/build install --record /home/papasav/robot_ws-main/build/tb3_teleop/install.log --single-version-externally-managed install_data
[7.211s] Level 1:colcon.colcon_core.environment:checking '/home/papasav/robot_ws-main/install/tb3_teleop' for CMake config files
[7.212s] Level 1:colcon.colcon_core.environment:checking '/home/papasav/robot_ws-main/install/tb3_teleop/lib'
[7.213s] Level 1:colcon.colcon_core.environment:checking '/home/papasav/robot_ws-main/install/tb3_teleop/bin'
[7.213s] Level 1:colcon.colcon_core.environment:checking '/home/papasav/robot_ws-main/install/tb3_teleop/lib/pkgconfig/tb3_teleop.pc'
[7.213s] Level 1:colcon.colcon_core.environment:checking '/home/papasav/robot_ws-main/install/tb3_teleop/lib/python3.10/site-packages'
[7.213s] Level 1:colcon.colcon_core.shell:create_environment_hook('tb3_teleop', 'pythonpath')
[7.214s] INFO:colcon.colcon_core.shell:Creating environment hook '/home/papasav/robot_ws-main/install/tb3_teleop/share/tb3_teleop/hook/pythonpath.ps1'
[7.215s] INFO:colcon.colcon_core.shell:Creating environment descriptor '/home/papasav/robot_ws-main/install/tb3_teleop/share/tb3_teleop/hook/pythonpath.dsv'
[7.216s] INFO:colcon.colcon_core.shell:Creating environment hook '/home/papasav/robot_ws-main/install/tb3_teleop/share/tb3_teleop/hook/pythonpath.sh'
[7.217s] Level 1:colcon.colcon_core.environment:checking '/home/papasav/robot_ws-main/install/tb3_teleop/bin'
[7.218s] Level 1:colcon.colcon_core.environment:create_environment_scripts_only(tb3_teleop)
[7.219s] INFO:colcon.colcon_core.shell:Creating package script '/home/papasav/robot_ws-main/install/tb3_teleop/share/tb3_teleop/package.ps1'
[7.220s] INFO:colcon.colcon_core.shell:Creating package descriptor '/home/papasav/robot_ws-main/install/tb3_teleop/share/tb3_teleop/package.dsv'
[7.222s] INFO:colcon.colcon_core.shell:Creating package script '/home/papasav/robot_ws-main/install/tb3_teleop/share/tb3_teleop/package.sh'
[7.223s] INFO:colcon.colcon_core.shell:Creating package script '/home/papasav/robot_ws-main/install/tb3_teleop/share/tb3_teleop/package.bash'
[7.224s] INFO:colcon.colcon_core.shell:Creating package script '/home/papasav/robot_ws-main/install/tb3_teleop/share/tb3_teleop/package.zsh'
[7.225s] Level 1:colcon.colcon_core.environment:create_file_with_runtime_dependencies(/home/papasav/robot_ws-main/install/tb3_teleop/share/colcon-core/packages/tb3_teleop)
[7.225s] DEBUG:colcon.colcon_parallel_executor.executor.parallel:closing loop
[7.226s] DEBUG:colcon.colcon_parallel_executor.executor.parallel:loop closed
[7.227s] DEBUG:colcon.colcon_parallel_executor.executor.parallel:run_until_complete finished with '0'
[7.227s] DEBUG:colcon.colcon_core.event_reactor:joining thread
[7.246s] INFO:colcon.colcon_core.plugin_system:Skipping extension 'colcon_notification.desktop_notification.terminal_notifier': Not used on non-Darwin systems
[7.247s] INFO:colcon.colcon_core.plugin_system:Skipping extension 'colcon_notification.desktop_notification.win32': Not used on non-Windows systems
[7.248s] INFO:colcon.colcon_notification.desktop_notification:Sending desktop notification using 'notify2'
[7.286s] DEBUG:colcon.colcon_core.event_reactor:joined thread
[7.287s] INFO:colcon.colcon_core.shell:Creating prefix script '/home/papasav/robot_ws-main/install/local_setup.ps1'
[7.290s] INFO:colcon.colcon_core.shell:Creating prefix util module '/home/papasav/robot_ws-main/install/_local_setup_util_ps1.py'
[7.295s] INFO:colcon.colcon_core.shell:Creating prefix chain script '/home/papasav/robot_ws-main/install/setup.ps1'
[7.299s] INFO:colcon.colcon_core.shell:Creating prefix script '/home/papasav/robot_ws-main/install/local_setup.sh'
[7.300s] INFO:colcon.colcon_core.shell:Creating prefix util module '/home/papasav/robot_ws-main/install/_local_setup_util_sh.py'
[7.302s] INFO:colcon.colcon_core.shell:Creating prefix chain script '/home/papasav/robot_ws-main/install/setup.sh'
[7.306s] INFO:colcon.colcon_core.shell:Creating prefix script '/home/papasav/robot_ws-main/install/local_setup.bash'
[7.308s] INFO:colcon.colcon_core.shell:Creating prefix chain script '/home/papasav/robot_ws-main/install/setup.bash'
[7.311s] INFO:colcon.colcon_core.shell:Creating prefix script '/home/papasav/robot_ws-main/install/local_setup.zsh'
[7.313s] INFO:colcon.colcon_core.shell:Creating prefix chain script '/home/papasav/robot_ws-main/install/setup.zsh'
