[2.818s] Invoking command in '/home/papasav/robot_ws/src/tb3_description': PYTHONPATH=/home/papasav/robot_ws/build/tb3_description/prefix_override:/home/papasav/robot_ws/install/tb3_description/lib/python3.10/site-packages:${PYTHONPATH} /usr/bin/python3 -W ignore:setup.py install is deprecated setup.py egg_info --egg-base ../../build/tb3_description build --build-base /home/papasav/robot_ws/build/tb3_description/build install --record /home/papasav/robot_ws/build/tb3_description/install.log --single-version-externally-managed install_data
[3.642s] running egg_info
[3.649s] writing ../../build/tb3_description/tb3_description.egg-info/PKG-INFO
[3.650s] writing dependency_links to ../../build/tb3_description/tb3_description.egg-info/dependency_links.txt
[3.651s] writing entry points to ../../build/tb3_description/tb3_description.egg-info/entry_points.txt
[3.653s] writing requirements to ../../build/tb3_description/tb3_description.egg-info/requires.txt
[3.654s] writing top-level names to ../../build/tb3_description/tb3_description.egg-info/top_level.txt
[3.660s] reading manifest file '../../build/tb3_description/tb3_description.egg-info/SOURCES.txt'
[3.665s] writing manifest file '../../build/tb3_description/tb3_description.egg-info/SOURCES.txt'
[3.666s] running build
[3.666s] running build_py
[3.668s] running install
[3.670s] running install_lib
[3.674s] running install_data
[3.676s] running install_egg_info
[3.682s] removing '/home/papasav/robot_ws/install/tb3_description/lib/python3.10/site-packages/tb3_description-0.0.0-py3.10.egg-info' (and everything under it)
[3.684s] Copying ../../build/tb3_description/tb3_description.egg-info to /home/papasav/robot_ws/install/tb3_description/lib/python3.10/site-packages/tb3_description-0.0.0-py3.10.egg-info
[3.688s] running install_scripts
[3.770s] writing list of installed files to '/home/papasav/robot_ws/build/tb3_description/install.log'
[4.459s] Invoked command in '/home/papasav/robot_ws/src/tb3_description' returned '0': PYTHONPATH=/home/papasav/robot_ws/build/tb3_description/prefix_override:/home/papasav/robot_ws/install/tb3_description/lib/python3.10/site-packages:${PYTHONPATH} /usr/bin/python3 -W ignore:setup.py install is deprecated setup.py egg_info --egg-base ../../build/tb3_description build --build-base /home/papasav/robot_ws/build/tb3_description/build install --record /home/papasav/robot_ws/build/tb3_description/install.log --single-version-externally-managed install_data
