[4.265s] Invoking command in '/home/papasav/robot_ws/src/robot_bringup': PYTHONPATH=/home/papasav/robot_ws/build/robot_bringup/prefix_override:/home/papasav/robot_ws/install/robot_bringup/lib/python3.10/site-packages:${PYTHONPATH} /usr/bin/python3 -W ignore:setup.py install is deprecated setup.py egg_info --egg-base ../../build/robot_bringup build --build-base /home/papasav/robot_ws/build/robot_bringup/build install --record /home/papasav/robot_ws/build/robot_bringup/install.log --single-version-externally-managed install_data
[5.025s] running egg_info
[5.027s] writing ../../build/robot_bringup/robot_bringup.egg-info/PKG-INFO
[5.064s] writing dependency_links to ../../build/robot_bringup/robot_bringup.egg-info/dependency_links.txt
[5.065s] writing entry points to ../../build/robot_bringup/robot_bringup.egg-info/entry_points.txt
[5.065s] writing requirements to ../../build/robot_bringup/robot_bringup.egg-info/requires.txt
[5.065s] writing top-level names to ../../build/robot_bringup/robot_bringup.egg-info/top_level.txt
[5.073s] reading manifest file '../../build/robot_bringup/robot_bringup.egg-info/SOURCES.txt'
[5.092s] writing manifest file '../../build/robot_bringup/robot_bringup.egg-info/SOURCES.txt'
[5.093s] running build
[5.093s] running build_py
[5.095s] running install
[5.096s] running install_lib
[5.100s] running install_data
[5.101s] running install_egg_info
[5.105s] removing '/home/papasav/robot_ws/install/robot_bringup/lib/python3.10/site-packages/robot_bringup-0.0.0-py3.10.egg-info' (and everything under it)
[5.106s] Copying ../../build/robot_bringup/robot_bringup.egg-info to /home/papasav/robot_ws/install/robot_bringup/lib/python3.10/site-packages/robot_bringup-0.0.0-py3.10.egg-info
[5.119s] running install_scripts
[5.178s] Installing robmove script to /home/papasav/robot_ws/install/robot_bringup/lib/robot_bringup
[5.179s] writing list of installed files to '/home/papasav/robot_ws/build/robot_bringup/install.log'
[5.268s] Invoked command in '/home/papasav/robot_ws/src/robot_bringup' returned '0': PYTHONPATH=/home/papasav/robot_ws/build/robot_bringup/prefix_override:/home/papasav/robot_ws/install/robot_bringup/lib/python3.10/site-packages:${PYTHONPATH} /usr/bin/python3 -W ignore:setup.py install is deprecated setup.py egg_info --egg-base ../../build/robot_bringup build --build-base /home/papasav/robot_ws/build/robot_bringup/build install --record /home/papasav/robot_ws/build/robot_bringup/install.log --single-version-externally-managed install_data
