running egg_info
creating ../../build/tb3_teleop/tb3_teleop.egg-info
writing ../../build/tb3_teleop/tb3_teleop.egg-info/PKG-INFO
writing dependency_links to ../../build/tb3_teleop/tb3_teleop.egg-info/dependency_links.txt
writing entry points to ../../build/tb3_teleop/tb3_teleop.egg-info/entry_points.txt
writing requirements to ../../build/tb3_teleop/tb3_teleop.egg-info/requires.txt
writing top-level names to ../../build/tb3_teleop/tb3_teleop.egg-info/top_level.txt
writing manifest file '../../build/tb3_teleop/tb3_teleop.egg-info/SOURCES.txt'
reading manifest file '../../build/tb3_teleop/tb3_teleop.egg-info/SOURCES.txt'
writing manifest file '../../build/tb3_teleop/tb3_teleop.egg-info/SOURCES.txt'
running build
running build_py
creating /home/bot12/robot_ws/build/tb3_teleop/build
creating /home/bot12/robot_ws/build/tb3_teleop/build/lib
creating /home/bot12/robot_ws/build/tb3_teleop/build/lib/tb3_teleop
copying tb3_teleop/teleop.py -> /home/bot12/robot_ws/build/tb3_teleop/build/lib/tb3_teleop
copying tb3_teleop/__init__.py -> /home/bot12/robot_ws/build/tb3_teleop/build/lib/tb3_teleop
running install
running install_lib
creating /home/bot12/robot_ws/install/tb3_teleop/lib/python3.10/site-packages/tb3_teleop
copying /home/bot12/robot_ws/build/tb3_teleop/build/lib/tb3_teleop/teleop.py -> /home/bot12/robot_ws/install/tb3_teleop/lib/python3.10/site-packages/tb3_teleop
copying /home/bot12/robot_ws/build/tb3_teleop/build/lib/tb3_teleop/__init__.py -> /home/bot12/robot_ws/install/tb3_teleop/lib/python3.10/site-packages/tb3_teleop
byte-compiling /home/bot12/robot_ws/install/tb3_teleop/lib/python3.10/site-packages/tb3_teleop/teleop.py to teleop.cpython-310.pyc
byte-compiling /home/bot12/robot_ws/install/tb3_teleop/lib/python3.10/site-packages/tb3_teleop/__init__.py to __init__.cpython-310.pyc
running install_data
creating /home/bot12/robot_ws/install/tb3_teleop/share/ament_index
creating /home/bot12/robot_ws/install/tb3_teleop/share/ament_index/resource_index
creating /home/bot12/robot_ws/install/tb3_teleop/share/ament_index/resource_index/packages
copying resource/tb3_teleop -> /home/bot12/robot_ws/install/tb3_teleop/share/ament_index/resource_index/packages
copying package.xml -> /home/bot12/robot_ws/install/tb3_teleop/share/tb3_teleop
running install_egg_info
Copying ../../build/tb3_teleop/tb3_teleop.egg-info to /home/bot12/robot_ws/install/tb3_teleop/lib/python3.10/site-packages/tb3_teleop-0.0.0-py3.10.egg-info
running install_scripts
Installing teleop script to /home/bot12/robot_ws/install/tb3_teleop/lib/tb3_teleop
writing list of installed files to '/home/bot12/robot_ws/build/tb3_teleop/install.log'
