[3.537s] Invoking command in '/home/bot12/robot_ws/src/tb3_teleop': PYTHONPATH=/home/bot12/robot_ws/build/tb3_teleop/prefix_override:/home/bot12/robot_ws/install/tb3_teleop/lib/python3.10/site-packages:${PYTHONPATH} /usr/bin/python3 -W ignore:setup.py install is deprecated setup.py egg_info --egg-base ../../build/tb3_teleop build --build-base /home/bot12/robot_ws/build/tb3_teleop/build install --record /home/bot12/robot_ws/build/tb3_teleop/install.log --single-version-externally-managed install_data
[4.928s] running egg_info
[4.931s] creating ../../build/tb3_teleop/tb3_teleop.egg-info
[4.932s] writing ../../build/tb3_teleop/tb3_teleop.egg-info/PKG-INFO
[4.933s] writing dependency_links to ../../build/tb3_teleop/tb3_teleop.egg-info/dependency_links.txt
[4.934s] writing entry points to ../../build/tb3_teleop/tb3_teleop.egg-info/entry_points.txt
[4.935s] writing requirements to ../../build/tb3_teleop/tb3_teleop.egg-info/requires.txt
[4.935s] writing top-level names to ../../build/tb3_teleop/tb3_teleop.egg-info/top_level.txt
[4.937s] writing manifest file '../../build/tb3_teleop/tb3_teleop.egg-info/SOURCES.txt'
[4.945s] reading manifest file '../../build/tb3_teleop/tb3_teleop.egg-info/SOURCES.txt'
[4.948s] writing manifest file '../../build/tb3_teleop/tb3_teleop.egg-info/SOURCES.txt'
[4.949s] running build
[4.950s] running build_py
[4.950s] creating /home/bot12/robot_ws/build/tb3_teleop/build
[4.951s] creating /home/bot12/robot_ws/build/tb3_teleop/build/lib
[4.951s] creating /home/bot12/robot_ws/build/tb3_teleop/build/lib/tb3_teleop
[4.952s] copying tb3_teleop/teleop.py -> /home/bot12/robot_ws/build/tb3_teleop/build/lib/tb3_teleop
[4.953s] copying tb3_teleop/__init__.py -> /home/bot12/robot_ws/build/tb3_teleop/build/lib/tb3_teleop
[4.954s] running install
[4.955s] running install_lib
[4.958s] creating /home/bot12/robot_ws/install/tb3_teleop/lib/python3.10/site-packages/tb3_teleop
[4.959s] copying /home/bot12/robot_ws/build/tb3_teleop/build/lib/tb3_teleop/teleop.py -> /home/bot12/robot_ws/install/tb3_teleop/lib/python3.10/site-packages/tb3_teleop
[4.959s] copying /home/bot12/robot_ws/build/tb3_teleop/build/lib/tb3_teleop/__init__.py -> /home/bot12/robot_ws/install/tb3_teleop/lib/python3.10/site-packages/tb3_teleop
[4.963s] byte-compiling /home/bot12/robot_ws/install/tb3_teleop/lib/python3.10/site-packages/tb3_teleop/teleop.py to teleop.cpython-310.pyc
[4.965s] byte-compiling /home/bot12/robot_ws/install/tb3_teleop/lib/python3.10/site-packages/tb3_teleop/__init__.py to __init__.cpython-310.pyc
[4.966s] running install_data
[4.966s] creating /home/bot12/robot_ws/install/tb3_teleop/share/ament_index
[4.967s] creating /home/bot12/robot_ws/install/tb3_teleop/share/ament_index/resource_index
[4.967s] creating /home/bot12/robot_ws/install/tb3_teleop/share/ament_index/resource_index/packages
[4.968s] copying resource/tb3_teleop -> /home/bot12/robot_ws/install/tb3_teleop/share/ament_index/resource_index/packages
[4.968s] copying package.xml -> /home/bot12/robot_ws/install/tb3_teleop/share/tb3_teleop
[4.969s] running install_egg_info
[4.977s] Copying ../../build/tb3_teleop/tb3_teleop.egg-info to /home/bot12/robot_ws/install/tb3_teleop/lib/python3.10/site-packages/tb3_teleop-0.0.0-py3.10.egg-info
[4.987s] running install_scripts
[5.076s] Installing teleop script to /home/bot12/robot_ws/install/tb3_teleop/lib/tb3_teleop
[5.078s] writing list of installed files to '/home/bot12/robot_ws/build/tb3_teleop/install.log'
[5.232s] Invoked command in '/home/bot12/robot_ws/src/tb3_teleop' returned '0': PYTHONPATH=/home/bot12/robot_ws/build/tb3_teleop/prefix_override:/home/bot12/robot_ws/install/tb3_teleop/lib/python3.10/site-packages:${PYTHONPATH} /usr/bin/python3 -W ignore:setup.py install is deprecated setup.py egg_info --egg-base ../../build/tb3_teleop build --build-base /home/bot12/robot_ws/build/tb3_teleop/build install --record /home/bot12/robot_ws/build/tb3_teleop/install.log --single-version-externally-managed install_data
