[9.045s] Invoking command in '/home/bot12/robot_ws/src/robot_bringup': PYTHONPATH=/home/bot12/robot_ws/build/robot_bringup/prefix_override:/home/bot12/robot_ws/install/robot_bringup/lib/python3.10/site-packages:${PYTHONPATH} /usr/bin/python3 -W ignore:setup.py install is deprecated setup.py egg_info --egg-base ../../build/robot_bringup build --build-base /home/bot12/robot_ws/build/robot_bringup/build install --record /home/bot12/robot_ws/build/robot_bringup/install.log --single-version-externally-managed install_data
[11.718s] running egg_info
[11.723s] writing ../../build/robot_bringup/robot_bringup.egg-info/PKG-INFO
[11.727s] writing dependency_links to ../../build/robot_bringup/robot_bringup.egg-info/dependency_links.txt
[11.730s] writing entry points to ../../build/robot_bringup/robot_bringup.egg-info/entry_points.txt
[11.732s] writing requirements to ../../build/robot_bringup/robot_bringup.egg-info/requires.txt
[11.735s] writing top-level names to ../../build/robot_bringup/robot_bringup.egg-info/top_level.txt
[11.749s] reading manifest file '../../build/robot_bringup/robot_bringup.egg-info/SOURCES.txt'
[11.756s] writing manifest file '../../build/robot_bringup/robot_bringup.egg-info/SOURCES.txt'
[11.758s] running build
[11.760s] running build_py
[11.764s] running install
[11.769s] running install_lib
[11.779s] running install_data
[11.781s] creating /home/bot12/robot_ws/install/robot_bringup/share/robot_bringup/config
[11.783s] copying launch/turtlebot3_tf.launch.yaml -> /home/bot12/robot_ws/install/robot_bringup/share/robot_bringup/config
[11.785s] running install_egg_info
[11.798s] removing '/home/bot12/robot_ws/install/robot_bringup/lib/python3.10/site-packages/robot_bringup-0.0.0-py3.10.egg-info' (and everything under it)
[11.802s] Copying ../../build/robot_bringup/robot_bringup.egg-info to /home/bot12/robot_ws/install/robot_bringup/lib/python3.10/site-packages/robot_bringup-0.0.0-py3.10.egg-info
[11.823s] running install_scripts
[11.975s] Installing robmove script to /home/bot12/robot_ws/install/robot_bringup/lib/robot_bringup
[11.979s] writing list of installed files to '/home/bot12/robot_ws/build/robot_bringup/install.log'
[12.219s] Invoked command in '/home/bot12/robot_ws/src/robot_bringup' returned '0': PYTHONPATH=/home/bot12/robot_ws/build/robot_bringup/prefix_override:/home/bot12/robot_ws/install/robot_bringup/lib/python3.10/site-packages:${PYTHONPATH} /usr/bin/python3 -W ignore:setup.py install is deprecated setup.py egg_info --egg-base ../../build/robot_bringup build --build-base /home/bot12/robot_ws/build/robot_bringup/build install --record /home/bot12/robot_ws/build/robot_bringup/install.log --single-version-externally-managed install_data
