[7.173s] Invoking command in '/home/bot12/robot_ws/src/tb3_teleop': PYTHONPATH=/home/bot12/robot_ws/build/tb3_teleop/prefix_override:/home/bot12/robot_ws/install/tb3_teleop/lib/python3.10/site-packages:${PYTHONPATH} /usr/bin/python3 -W ignore:setup.py install is deprecated setup.py egg_info --egg-base ../../build/tb3_teleop build --build-base /home/bot12/robot_ws/build/tb3_teleop/build install --record /home/bot12/robot_ws/build/tb3_teleop/install.log --single-version-externally-managed install_data
[8.891s] running egg_info
[8.894s] writing ../../build/tb3_teleop/tb3_teleop.egg-info/PKG-INFO
[8.895s] writing dependency_links to ../../build/tb3_teleop/tb3_teleop.egg-info/dependency_links.txt
[8.896s] writing entry points to ../../build/tb3_teleop/tb3_teleop.egg-info/entry_points.txt
[8.898s] writing requirements to ../../build/tb3_teleop/tb3_teleop.egg-info/requires.txt
[8.902s] writing top-level names to ../../build/tb3_teleop/tb3_teleop.egg-info/top_level.txt
[8.909s] reading manifest file '../../build/tb3_teleop/tb3_teleop.egg-info/SOURCES.txt'
[8.913s] writing manifest file '../../build/tb3_teleop/tb3_teleop.egg-info/SOURCES.txt'
[8.915s] running build
[8.916s] running build_py
[8.917s] running install
[8.920s] running install_lib
[8.927s] running install_data
[8.928s] running install_egg_info
[8.938s] removing '/home/bot12/robot_ws/install/tb3_teleop/lib/python3.10/site-packages/tb3_teleop-0.0.0-py3.10.egg-info' (and everything under it)
[8.940s] Copying ../../build/tb3_teleop/tb3_teleop.egg-info to /home/bot12/robot_ws/install/tb3_teleop/lib/python3.10/site-packages/tb3_teleop-0.0.0-py3.10.egg-info
[8.951s] running install_scripts
[9.061s] Installing teleop script to /home/bot12/robot_ws/install/tb3_teleop/lib/tb3_teleop
[9.063s] writing list of installed files to '/home/bot12/robot_ws/build/tb3_teleop/install.log'
[9.238s] Invoked command in '/home/bot12/robot_ws/src/tb3_teleop' returned '0': PYTHONPATH=/home/bot12/robot_ws/build/tb3_teleop/prefix_override:/home/bot12/robot_ws/install/tb3_teleop/lib/python3.10/site-packages:${PYTHONPATH} /usr/bin/python3 -W ignore:setup.py install is deprecated setup.py egg_info --egg-base ../../build/tb3_teleop build --build-base /home/bot12/robot_ws/build/tb3_teleop/build install --record /home/bot12/robot_ws/build/tb3_teleop/install.log --single-version-externally-managed install_data
