[2.509s] Invoking command in '/home/papasav/robot_ws/src/tf_listener': PYTHONPATH=/home/papasav/robot_ws/build/tf_listener/prefix_override:/home/papasav/robot_ws/install/tf_listener/lib/python3.10/site-packages:${PYTHONPATH} /usr/bin/python3 -W ignore:setup.py install is deprecated setup.py egg_info --egg-base ../../build/tf_listener build --build-base /home/papasav/robot_ws/build/tf_listener/build install --record /home/papasav/robot_ws/build/tf_listener/install.log --single-version-externally-managed install_data
[3.070s] running egg_info
[3.072s] creating ../../build/tf_listener/tf_listener.egg-info
[3.073s] writing ../../build/tf_listener/tf_listener.egg-info/PKG-INFO
[3.073s] writing dependency_links to ../../build/tf_listener/tf_listener.egg-info/dependency_links.txt
[3.074s] writing entry points to ../../build/tf_listener/tf_listener.egg-info/entry_points.txt
[3.074s] writing requirements to ../../build/tf_listener/tf_listener.egg-info/requires.txt
[3.074s] writing top-level names to ../../build/tf_listener/tf_listener.egg-info/top_level.txt
[3.075s] writing manifest file '../../build/tf_listener/tf_listener.egg-info/SOURCES.txt'
[3.079s] reading manifest file '../../build/tf_listener/tf_listener.egg-info/SOURCES.txt'
[3.083s] writing manifest file '../../build/tf_listener/tf_listener.egg-info/SOURCES.txt'
[3.083s] running build
[3.085s] running build_py
[3.085s] creating /home/papasav/robot_ws/build/tf_listener/build
[3.085s] creating /home/papasav/robot_ws/build/tf_listener/build/lib
[3.085s] creating /home/papasav/robot_ws/build/tf_listener/build/lib/tf_listener
[3.086s] copying tf_listener/__init__.py -> /home/papasav/robot_ws/build/tf_listener/build/lib/tf_listener
[3.086s] running install
[3.086s] running install_lib
[3.089s] creating /home/papasav/robot_ws/install/tf_listener/lib/python3.10/site-packages/tf_listener
[3.089s] copying /home/papasav/robot_ws/build/tf_listener/build/lib/tf_listener/__init__.py -> /home/papasav/robot_ws/install/tf_listener/lib/python3.10/site-packages/tf_listener
[3.090s] byte-compiling /home/papasav/robot_ws/install/tf_listener/lib/python3.10/site-packages/tf_listener/__init__.py to __init__.cpython-310.pyc
[3.090s] running install_data
[3.091s] creating /home/papasav/robot_ws/install/tf_listener/share/ament_index
[3.091s] creating /home/papasav/robot_ws/install/tf_listener/share/ament_index/resource_index
[3.091s] creating /home/papasav/robot_ws/install/tf_listener/share/ament_index/resource_index/packages
[3.091s] copying resource/tf_listener -> /home/papasav/robot_ws/install/tf_listener/share/ament_index/resource_index/packages
[3.091s] copying package.xml -> /home/papasav/robot_ws/install/tf_listener/share/tf_listener
[3.092s] running install_egg_info
[3.096s] Copying ../../build/tf_listener/tf_listener.egg-info to /home/papasav/robot_ws/install/tf_listener/lib/python3.10/site-packages/tf_listener-0.0.0-py3.10.egg-info
[3.098s] running install_scripts
[3.144s] writing list of installed files to '/home/papasav/robot_ws/build/tf_listener/install.log'
[3.214s] Invoked command in '/home/papasav/robot_ws/src/tf_listener' returned '0': PYTHONPATH=/home/papasav/robot_ws/build/tf_listener/prefix_override:/home/papasav/robot_ws/install/tf_listener/lib/python3.10/site-packages:${PYTHONPATH} /usr/bin/python3 -W ignore:setup.py install is deprecated setup.py egg_info --egg-base ../../build/tf_listener build --build-base /home/papasav/robot_ws/build/tf_listener/build install --record /home/papasav/robot_ws/build/tf_listener/install.log --single-version-externally-managed install_data
