[7.282s] Invoking command in '/home/bot12/robot_ws/src/robot_bringup': PYTHONPATH=/home/bot12/robot_ws/build/robot_bringup/prefix_override:/home/bot12/robot_ws/install/robot_bringup/lib/python3.10/site-packages:${PYTHONPATH} /usr/bin/python3 -W ignore:setup.py install is deprecated setup.py egg_info --egg-base ../../build/robot_bringup build --build-base /home/bot12/robot_ws/build/robot_bringup/build install --record /home/bot12/robot_ws/build/robot_bringup/install.log --single-version-externally-managed install_data
[9.479s] running egg_info
[9.490s] writing ../../build/robot_bringup/robot_bringup.egg-info/PKG-INFO
[9.491s] writing dependency_links to ../../build/robot_bringup/robot_bringup.egg-info/dependency_links.txt
[9.492s] writing entry points to ../../build/robot_bringup/robot_bringup.egg-info/entry_points.txt
[9.493s] writing requirements to ../../build/robot_bringup/robot_bringup.egg-info/requires.txt
[9.494s] writing top-level names to ../../build/robot_bringup/robot_bringup.egg-info/top_level.txt
[9.501s] reading manifest file '../../build/robot_bringup/robot_bringup.egg-info/SOURCES.txt'
[9.507s] writing manifest file '../../build/robot_bringup/robot_bringup.egg-info/SOURCES.txt'
[9.508s] running build
[9.508s] running build_py
[9.509s] copying robot_bringup/world_mv.py -> /home/bot12/robot_ws/build/robot_bringup/build/lib/robot_bringup
[9.523s] running install
[9.526s] running install_lib
[9.531s] copying /home/bot12/robot_ws/build/robot_bringup/build/lib/robot_bringup/world_mv.py -> /home/bot12/robot_ws/install/robot_bringup/lib/python3.10/site-packages/robot_bringup
[9.534s] byte-compiling /home/bot12/robot_ws/install/robot_bringup/lib/python3.10/site-packages/robot_bringup/world_mv.py to world_mv.cpython-310.pyc
[9.542s] running install_data
[9.543s] running install_egg_info
[9.547s] removing '/home/bot12/robot_ws/install/robot_bringup/lib/python3.10/site-packages/robot_bringup-0.0.0-py3.10.egg-info' (and everything under it)
[9.549s] Copying ../../build/robot_bringup/robot_bringup.egg-info to /home/bot12/robot_ws/install/robot_bringup/lib/python3.10/site-packages/robot_bringup-0.0.0-py3.10.egg-info
[9.557s] running install_scripts
[9.704s] Installing robmove script to /home/bot12/robot_ws/install/robot_bringup/lib/robot_bringup
[9.706s] writing list of installed files to '/home/bot12/robot_ws/build/robot_bringup/install.log'
[9.916s] Invoked command in '/home/bot12/robot_ws/src/robot_bringup' returned '0': PYTHONPATH=/home/bot12/robot_ws/build/robot_bringup/prefix_override:/home/bot12/robot_ws/install/robot_bringup/lib/python3.10/site-packages:${PYTHONPATH} /usr/bin/python3 -W ignore:setup.py install is deprecated setup.py egg_info --egg-base ../../build/robot_bringup build --build-base /home/bot12/robot_ws/build/robot_bringup/build install --record /home/bot12/robot_ws/build/robot_bringup/install.log --single-version-externally-managed install_data
