[1.776s] Invoking command in '/home/papasav/robot_ws-main/src/tb3_teleop': PYTHONPATH=/home/papasav/robot_ws-main/build/tb3_teleop/prefix_override:/home/papasav/robot_ws-main/install/tb3_teleop/lib/python3.10/site-packages:${PYTHONPATH} /usr/bin/python3 -W ignore:setup.py install is deprecated setup.py egg_info --egg-base ../../build/tb3_teleop build --build-base /home/papasav/robot_ws-main/build/tb3_teleop/build install --record /home/papasav/robot_ws-main/build/tb3_teleop/install.log --single-version-externally-managed install_data
[2.359s] running egg_info
[2.361s] writing ../../build/tb3_teleop/tb3_teleop.egg-info/PKG-INFO
[2.362s] writing dependency_links to ../../build/tb3_teleop/tb3_teleop.egg-info/dependency_links.txt
[2.363s] writing entry points to ../../build/tb3_teleop/tb3_teleop.egg-info/entry_points.txt
[2.363s] writing requirements to ../../build/tb3_teleop/tb3_teleop.egg-info/requires.txt
[2.363s] writing top-level names to ../../build/tb3_teleop/tb3_teleop.egg-info/top_level.txt
[2.368s] reading manifest file '../../build/tb3_teleop/tb3_teleop.egg-info/SOURCES.txt'
[2.370s] writing manifest file '../../build/tb3_teleop/tb3_teleop.egg-info/SOURCES.txt'
[2.370s] running build
[2.371s] running build_py
[2.376s] running install
[2.377s] running install_lib
[2.377s] running install_data
[2.377s] running install_egg_info
[2.382s] removing '/home/papasav/robot_ws-main/install/tb3_teleop/lib/python3.10/site-packages/tb3_teleop-0.0.0-py3.10.egg-info' (and everything under it)
[2.383s] Copying ../../build/tb3_teleop/tb3_teleop.egg-info to /home/papasav/robot_ws-main/install/tb3_teleop/lib/python3.10/site-packages/tb3_teleop-0.0.0-py3.10.egg-info
[2.384s] running install_scripts
[2.433s] Installing teleop script to /home/papasav/robot_ws-main/install/tb3_teleop/lib/tb3_teleop
[2.434s] writing list of installed files to '/home/papasav/robot_ws-main/build/tb3_teleop/install.log'
[2.504s] Invoked command in '/home/papasav/robot_ws-main/src/tb3_teleop' returned '0': PYTHONPATH=/home/papasav/robot_ws-main/build/tb3_teleop/prefix_override:/home/papasav/robot_ws-main/install/tb3_teleop/lib/python3.10/site-packages:${PYTHONPATH} /usr/bin/python3 -W ignore:setup.py install is deprecated setup.py egg_info --egg-base ../../build/tb3_teleop build --build-base /home/papasav/robot_ws-main/build/tb3_teleop/build install --record /home/papasav/robot_ws-main/build/tb3_teleop/install.log --single-version-externally-managed install_data
