[6.941s] Invoking command in '/home/bot12/robot_ws/src/tb3_description': PYTHONPATH=/home/bot12/robot_ws/build/tb3_description/prefix_override:/home/bot12/robot_ws/install/tb3_description/lib/python3.10/site-packages:${PYTHONPATH} /usr/bin/python3 -W ignore:setup.py install is deprecated setup.py egg_info --egg-base ../../build/tb3_description build --build-base /home/bot12/robot_ws/build/tb3_description/build install --record /home/bot12/robot_ws/build/tb3_description/install.log --single-version-externally-managed install_data
[8.819s] running egg_info
[8.822s] writing ../../build/tb3_description/tb3_description.egg-info/PKG-INFO
[8.824s] writing dependency_links to ../../build/tb3_description/tb3_description.egg-info/dependency_links.txt
[8.827s] writing entry points to ../../build/tb3_description/tb3_description.egg-info/entry_points.txt
[8.828s] writing requirements to ../../build/tb3_description/tb3_description.egg-info/requires.txt
[8.829s] writing top-level names to ../../build/tb3_description/tb3_description.egg-info/top_level.txt
[8.838s] reading manifest file '../../build/tb3_description/tb3_description.egg-info/SOURCES.txt'
[8.844s] writing manifest file '../../build/tb3_description/tb3_description.egg-info/SOURCES.txt'
[8.846s] running build
[8.847s] running build_py
[8.850s] running install
[8.853s] running install_lib
[8.862s] running install_data
[8.866s] running install_egg_info
[8.879s] removing '/home/bot12/robot_ws/install/tb3_description/lib/python3.10/site-packages/tb3_description-0.0.0-py3.10.egg-info' (and everything under it)
[8.881s] Copying ../../build/tb3_description/tb3_description.egg-info to /home/bot12/robot_ws/install/tb3_description/lib/python3.10/site-packages/tb3_description-0.0.0-py3.10.egg-info
[8.889s] running install_scripts
[9.012s] writing list of installed files to '/home/bot12/robot_ws/build/tb3_description/install.log'
[9.218s] Invoked command in '/home/bot12/robot_ws/src/tb3_description' returned '0': PYTHONPATH=/home/bot12/robot_ws/build/tb3_description/prefix_override:/home/bot12/robot_ws/install/tb3_description/lib/python3.10/site-packages:${PYTHONPATH} /usr/bin/python3 -W ignore:setup.py install is deprecated setup.py egg_info --egg-base ../../build/tb3_description build --build-base /home/bot12/robot_ws/build/tb3_description/build install --record /home/bot12/robot_ws/build/tb3_description/install.log --single-version-externally-managed install_data
