running egg_info
creating ../../build/tb3_hardware/tb3_hardware.egg-info
writing ../../build/tb3_hardware/tb3_hardware.egg-info/PKG-INFO
writing dependency_links to ../../build/tb3_hardware/tb3_hardware.egg-info/dependency_links.txt
writing entry points to ../../build/tb3_hardware/tb3_hardware.egg-info/entry_points.txt
writing requirements to ../../build/tb3_hardware/tb3_hardware.egg-info/requires.txt
writing top-level names to ../../build/tb3_hardware/tb3_hardware.egg-info/top_level.txt
writing manifest file '../../build/tb3_hardware/tb3_hardware.egg-info/SOURCES.txt'
reading manifest file '../../build/tb3_hardware/tb3_hardware.egg-info/SOURCES.txt'
writing manifest file '../../build/tb3_hardware/tb3_hardware.egg-info/SOURCES.txt'
running build
running build_py
creating /home/bot12/robot_ws/build/tb3_hardware/build
creating /home/bot12/robot_ws/build/tb3_hardware/build/lib
creating /home/bot12/robot_ws/build/tb3_hardware/build/lib/tb3_hardware
copying tb3_hardware/__init__.py -> /home/bot12/robot_ws/build/tb3_hardware/build/lib/tb3_hardware
running install
running install_lib
creating /home/bot12/robot_ws/install/tb3_hardware/lib/python3.10/site-packages/tb3_hardware
copying /home/bot12/robot_ws/build/tb3_hardware/build/lib/tb3_hardware/__init__.py -> /home/bot12/robot_ws/install/tb3_hardware/lib/python3.10/site-packages/tb3_hardware
byte-compiling /home/bot12/robot_ws/install/tb3_hardware/lib/python3.10/site-packages/tb3_hardware/__init__.py to __init__.cpython-310.pyc
running install_data
creating /home/bot12/robot_ws/install/tb3_hardware/share/ament_index
creating /home/bot12/robot_ws/install/tb3_hardware/share/ament_index/resource_index
creating /home/bot12/robot_ws/install/tb3_hardware/share/ament_index/resource_index/packages
copying resource/tb3_hardware -> /home/bot12/robot_ws/install/tb3_hardware/share/ament_index/resource_index/packages
copying package.xml -> /home/bot12/robot_ws/install/tb3_hardware/share/tb3_hardware
creating /home/bot12/robot_ws/install/tb3_hardware/share/tb3_hardware/config
copying config/camera_params.yaml -> /home/bot12/robot_ws/install/tb3_hardware/share/tb3_hardware/config
copying config/webcam.yaml -> /home/bot12/robot_ws/install/tb3_hardware/share/tb3_hardware/config
creating /home/bot12/robot_ws/install/tb3_hardware/share/tb3_hardware/launch
copying launch/web_cam.launch.yaml -> /home/bot12/robot_ws/install/tb3_hardware/share/tb3_hardware/launch
running install_egg_info
Copying ../../build/tb3_hardware/tb3_hardware.egg-info to /home/bot12/robot_ws/install/tb3_hardware/lib/python3.10/site-packages/tb3_hardware-0.0.0-py3.10.egg-info
running install_scripts
Installing config script to /home/bot12/robot_ws/install/tb3_hardware/lib/tb3_hardware
writing list of installed files to '/home/bot12/robot_ws/build/tb3_hardware/install.log'
