[4.399s] Invoking command in '/home/papasav/robot_ws/src/robot_bringup': PYTHONPATH=/home/papasav/robot_ws/build/robot_bringup/prefix_override:/home/papasav/robot_ws/install/robot_bringup/lib/python3.10/site-packages:${PYTHONPATH} /usr/bin/python3 -W ignore:setup.py install is deprecated setup.py egg_info --egg-base ../../build/robot_bringup build --build-base /home/papasav/robot_ws/build/robot_bringup/build install --record /home/papasav/robot_ws/build/robot_bringup/install.log --single-version-externally-managed install_data
[5.269s] running egg_info
[5.272s] writing ../../build/robot_bringup/robot_bringup.egg-info/PKG-INFO
[5.330s] writing dependency_links to ../../build/robot_bringup/robot_bringup.egg-info/dependency_links.txt
[5.331s] writing entry points to ../../build/robot_bringup/robot_bringup.egg-info/entry_points.txt
[5.331s] writing requirements to ../../build/robot_bringup/robot_bringup.egg-info/requires.txt
[5.332s] writing top-level names to ../../build/robot_bringup/robot_bringup.egg-info/top_level.txt
[5.337s] reading manifest file '../../build/robot_bringup/robot_bringup.egg-info/SOURCES.txt'
[5.352s] writing manifest file '../../build/robot_bringup/robot_bringup.egg-info/SOURCES.txt'
[5.353s] running build
[5.353s] running build_py
[5.354s] running install
[5.355s] running install_lib
[5.358s] running install_data
[5.366s] running install_egg_info
[5.371s] removing '/home/papasav/robot_ws/install/robot_bringup/lib/python3.10/site-packages/robot_bringup-0.0.0-py3.10.egg-info' (and everything under it)
[5.372s] Copying ../../build/robot_bringup/robot_bringup.egg-info to /home/papasav/robot_ws/install/robot_bringup/lib/python3.10/site-packages/robot_bringup-0.0.0-py3.10.egg-info
[5.427s] running install_scripts
[5.494s] Installing robmove script to /home/papasav/robot_ws/install/robot_bringup/lib/robot_bringup
[5.496s] writing list of installed files to '/home/papasav/robot_ws/build/robot_bringup/install.log'
[5.816s] Invoked command in '/home/papasav/robot_ws/src/robot_bringup' returned '0': PYTHONPATH=/home/papasav/robot_ws/build/robot_bringup/prefix_override:/home/papasav/robot_ws/install/robot_bringup/lib/python3.10/site-packages:${PYTHONPATH} /usr/bin/python3 -W ignore:setup.py install is deprecated setup.py egg_info --egg-base ../../build/robot_bringup build --build-base /home/papasav/robot_ws/build/robot_bringup/build install --record /home/papasav/robot_ws/build/robot_bringup/install.log --single-version-externally-managed install_data
