[2.934s] Invoking command in '/home/papasav/robot_ws/src/robot_bringup': PYTHONPATH=/home/papasav/robot_ws/build/robot_bringup/prefix_override:/home/papasav/robot_ws/install/robot_bringup/lib/python3.10/site-packages:${PYTHONPATH} /usr/bin/python3 -W ignore:setup.py install is deprecated setup.py egg_info --egg-base ../../build/robot_bringup build --build-base /home/papasav/robot_ws/build/robot_bringup/build install --record /home/papasav/robot_ws/build/robot_bringup/install.log --single-version-externally-managed install_data
[3.701s] running egg_info
[3.708s] writing ../../build/robot_bringup/robot_bringup.egg-info/PKG-INFO
[3.709s] writing dependency_links to ../../build/robot_bringup/robot_bringup.egg-info/dependency_links.txt
[3.710s] writing entry points to ../../build/robot_bringup/robot_bringup.egg-info/entry_points.txt
[3.712s] writing requirements to ../../build/robot_bringup/robot_bringup.egg-info/requires.txt
[3.713s] writing top-level names to ../../build/robot_bringup/robot_bringup.egg-info/top_level.txt
[3.723s] reading manifest file '../../build/robot_bringup/robot_bringup.egg-info/SOURCES.txt'
[3.730s] writing manifest file '../../build/robot_bringup/robot_bringup.egg-info/SOURCES.txt'
[3.731s] running build
[3.731s] running build_py
[3.733s] copying robot_bringup/world_mv.py -> /home/papasav/robot_ws/build/robot_bringup/build/lib/robot_bringup
[3.734s] running install
[3.736s] running install_lib
[3.739s] copying /home/papasav/robot_ws/build/robot_bringup/build/lib/robot_bringup/world_mv.py -> /home/papasav/robot_ws/install/robot_bringup/lib/python3.10/site-packages/robot_bringup
[3.741s] byte-compiling /home/papasav/robot_ws/install/robot_bringup/lib/python3.10/site-packages/robot_bringup/world_mv.py to world_mv.cpython-310.pyc
[3.744s] running install_data
[3.745s] running install_egg_info
[3.753s] removing '/home/papasav/robot_ws/install/robot_bringup/lib/python3.10/site-packages/robot_bringup-0.0.0-py3.10.egg-info' (and everything under it)
[3.755s] Copying ../../build/robot_bringup/robot_bringup.egg-info to /home/papasav/robot_ws/install/robot_bringup/lib/python3.10/site-packages/robot_bringup-0.0.0-py3.10.egg-info
[3.758s] running install_scripts
[3.825s] Installing robmove script to /home/papasav/robot_ws/install/robot_bringup/lib/robot_bringup
[3.827s] writing list of installed files to '/home/papasav/robot_ws/build/robot_bringup/install.log'
[3.964s] Invoked command in '/home/papasav/robot_ws/src/robot_bringup' returned '0': PYTHONPATH=/home/papasav/robot_ws/build/robot_bringup/prefix_override:/home/papasav/robot_ws/install/robot_bringup/lib/python3.10/site-packages:${PYTHONPATH} /usr/bin/python3 -W ignore:setup.py install is deprecated setup.py egg_info --egg-base ../../build/robot_bringup build --build-base /home/papasav/robot_ws/build/robot_bringup/build install --record /home/papasav/robot_ws/build/robot_bringup/install.log --single-version-externally-managed install_data
