[4.569s] Invoking command in '/home/papasav/robot_ws-main/src/robot_bringup': PYTHONPATH=/home/papasav/robot_ws-main/build/robot_bringup/prefix_override:/home/papasav/robot_ws-main/install/robot_bringup/lib/python3.10/site-packages:${PYTHONPATH} /usr/bin/python3 -W ignore:setup.py install is deprecated setup.py egg_info --egg-base ../../build/robot_bringup build --build-base /home/papasav/robot_ws-main/build/robot_bringup/build install --record /home/papasav/robot_ws-main/build/robot_bringup/install.log --single-version-externally-managed install_data
[5.930s] running egg_info
[5.939s] writing ../../build/robot_bringup/robot_bringup.egg-info/PKG-INFO
[5.940s] writing dependency_links to ../../build/robot_bringup/robot_bringup.egg-info/dependency_links.txt
[5.942s] writing entry points to ../../build/robot_bringup/robot_bringup.egg-info/entry_points.txt
[5.943s] writing requirements to ../../build/robot_bringup/robot_bringup.egg-info/requires.txt
[5.944s] writing top-level names to ../../build/robot_bringup/robot_bringup.egg-info/top_level.txt
[5.967s] reading manifest file '../../build/robot_bringup/robot_bringup.egg-info/SOURCES.txt'
[5.970s] writing manifest file '../../build/robot_bringup/robot_bringup.egg-info/SOURCES.txt'
[5.971s] running build
[5.971s] running build_py
[5.973s] running install
[5.974s] running install_lib
[5.984s] running install_data
[5.985s] running install_egg_info
[5.990s] removing '/home/papasav/robot_ws-main/install/robot_bringup/lib/python3.10/site-packages/robot_bringup-0.0.0-py3.10.egg-info' (and everything under it)
[5.999s] Copying ../../build/robot_bringup/robot_bringup.egg-info to /home/papasav/robot_ws-main/install/robot_bringup/lib/python3.10/site-packages/robot_bringup-0.0.0-py3.10.egg-info
[6.002s] running install_scripts
[6.119s] Installing robmove script to /home/papasav/robot_ws-main/install/robot_bringup/lib/robot_bringup
[6.122s] writing list of installed files to '/home/papasav/robot_ws-main/build/robot_bringup/install.log'
[6.303s] Invoked command in '/home/papasav/robot_ws-main/src/robot_bringup' returned '0': PYTHONPATH=/home/papasav/robot_ws-main/build/robot_bringup/prefix_override:/home/papasav/robot_ws-main/install/robot_bringup/lib/python3.10/site-packages:${PYTHONPATH} /usr/bin/python3 -W ignore:setup.py install is deprecated setup.py egg_info --egg-base ../../build/robot_bringup build --build-base /home/papasav/robot_ws-main/build/robot_bringup/build install --record /home/papasav/robot_ws-main/build/robot_bringup/install.log --single-version-externally-managed install_data
