[3.218s] Invoking command in '/home/papasav/robot_ws/src/robot_bringup': PYTHONPATH=/home/papasav/robot_ws/build/robot_bringup/prefix_override:/home/papasav/robot_ws/install/robot_bringup/lib/python3.10/site-packages:${PYTHONPATH} /usr/bin/python3 -W ignore:setup.py install is deprecated setup.py egg_info --egg-base ../../build/robot_bringup build --build-base /home/papasav/robot_ws/build/robot_bringup/build install --record /home/papasav/robot_ws/build/robot_bringup/install.log --single-version-externally-managed install_data
[3.984s] running egg_info
[3.988s] writing ../../build/robot_bringup/robot_bringup.egg-info/PKG-INFO
[3.990s] writing dependency_links to ../../build/robot_bringup/robot_bringup.egg-info/dependency_links.txt
[3.991s] writing entry points to ../../build/robot_bringup/robot_bringup.egg-info/entry_points.txt
[3.992s] writing requirements to ../../build/robot_bringup/robot_bringup.egg-info/requires.txt
[3.993s] writing top-level names to ../../build/robot_bringup/robot_bringup.egg-info/top_level.txt
[4.001s] reading manifest file '../../build/robot_bringup/robot_bringup.egg-info/SOURCES.txt'
[4.004s] writing manifest file '../../build/robot_bringup/robot_bringup.egg-info/SOURCES.txt'
[4.005s] running build
[4.005s] running build_py
[4.006s] running install
[4.008s] running install_lib
[4.012s] running install_data
[4.013s] running install_egg_info
[4.019s] removing '/home/papasav/robot_ws/install/robot_bringup/lib/python3.10/site-packages/robot_bringup-0.0.0-py3.10.egg-info' (and everything under it)
[4.021s] Copying ../../build/robot_bringup/robot_bringup.egg-info to /home/papasav/robot_ws/install/robot_bringup/lib/python3.10/site-packages/robot_bringup-0.0.0-py3.10.egg-info
[4.023s] running install_scripts
[4.090s] Installing robmove script to /home/papasav/robot_ws/install/robot_bringup/lib/robot_bringup
[4.092s] writing list of installed files to '/home/papasav/robot_ws/build/robot_bringup/install.log'
[4.222s] Invoked command in '/home/papasav/robot_ws/src/robot_bringup' returned '0': PYTHONPATH=/home/papasav/robot_ws/build/robot_bringup/prefix_override:/home/papasav/robot_ws/install/robot_bringup/lib/python3.10/site-packages:${PYTHONPATH} /usr/bin/python3 -W ignore:setup.py install is deprecated setup.py egg_info --egg-base ../../build/robot_bringup build --build-base /home/papasav/robot_ws/build/robot_bringup/build install --record /home/papasav/robot_ws/build/robot_bringup/install.log --single-version-externally-managed install_data
