[8.197s] Invoking command in '/home/bot12/robot_ws/src/tb3_description': PYTHONPATH=/home/bot12/robot_ws/build/tb3_description/prefix_override:/home/bot12/robot_ws/install/tb3_description/lib/python3.10/site-packages:${PYTHONPATH} /usr/bin/python3 -W ignore:setup.py install is deprecated setup.py egg_info --egg-base ../../build/tb3_description build --build-base /home/bot12/robot_ws/build/tb3_description/build install --record /home/bot12/robot_ws/build/tb3_description/install.log --single-version-externally-managed install_data
[10.032s] running egg_info
[10.033s] writing ../../build/tb3_description/tb3_description.egg-info/PKG-INFO
[10.033s] writing dependency_links to ../../build/tb3_description/tb3_description.egg-info/dependency_links.txt
[10.034s] writing entry points to ../../build/tb3_description/tb3_description.egg-info/entry_points.txt
[10.034s] writing requirements to ../../build/tb3_description/tb3_description.egg-info/requires.txt
[10.035s] writing top-level names to ../../build/tb3_description/tb3_description.egg-info/top_level.txt
[10.066s] reading manifest file '../../build/tb3_description/tb3_description.egg-info/SOURCES.txt'
[10.066s] writing manifest file '../../build/tb3_description/tb3_description.egg-info/SOURCES.txt'
[10.066s] running build
[10.067s] running build_py
[10.067s] running install
[10.068s] running install_lib
[10.069s] running install_data
[10.070s] running install_egg_info
[10.080s] removing '/home/bot12/robot_ws/install/tb3_description/lib/python3.10/site-packages/tb3_description-0.0.0-py3.10.egg-info' (and everything under it)
[10.082s] Copying ../../build/tb3_description/tb3_description.egg-info to /home/bot12/robot_ws/install/tb3_description/lib/python3.10/site-packages/tb3_description-0.0.0-py3.10.egg-info
[10.091s] running install_scripts
[10.251s] writing list of installed files to '/home/bot12/robot_ws/build/tb3_description/install.log'
[10.494s] Invoked command in '/home/bot12/robot_ws/src/tb3_description' returned '0': PYTHONPATH=/home/bot12/robot_ws/build/tb3_description/prefix_override:/home/bot12/robot_ws/install/tb3_description/lib/python3.10/site-packages:${PYTHONPATH} /usr/bin/python3 -W ignore:setup.py install is deprecated setup.py egg_info --egg-base ../../build/tb3_description build --build-base /home/bot12/robot_ws/build/tb3_description/build install --record /home/bot12/robot_ws/build/tb3_description/install.log --single-version-externally-managed install_data
