[8.246s] Invoking command in '/home/bot12/robot_ws/src/tb3_description': PYTHONPATH=/home/bot12/robot_ws/build/tb3_description/prefix_override:/home/bot12/robot_ws/install/tb3_description/lib/python3.10/site-packages:${PYTHONPATH} /usr/bin/python3 -W ignore:setup.py install is deprecated setup.py egg_info --egg-base ../../build/tb3_description build --build-base /home/bot12/robot_ws/build/tb3_description/build install --record /home/bot12/robot_ws/build/tb3_description/install.log --single-version-externally-managed install_data
[10.264s] running egg_info
[10.270s] writing ../../build/tb3_description/tb3_description.egg-info/PKG-INFO
[10.272s] writing dependency_links to ../../build/tb3_description/tb3_description.egg-info/dependency_links.txt
[10.274s] writing entry points to ../../build/tb3_description/tb3_description.egg-info/entry_points.txt
[10.275s] writing requirements to ../../build/tb3_description/tb3_description.egg-info/requires.txt
[10.277s] writing top-level names to ../../build/tb3_description/tb3_description.egg-info/top_level.txt
[10.294s] reading manifest file '../../build/tb3_description/tb3_description.egg-info/SOURCES.txt'
[10.302s] writing manifest file '../../build/tb3_description/tb3_description.egg-info/SOURCES.txt'
[10.303s] running build
[10.304s] running build_py
[10.307s] running install
[10.315s] running install_lib
[10.316s] running install_data
[10.323s] running install_egg_info
[10.335s] removing '/home/bot12/robot_ws/install/tb3_description/lib/python3.10/site-packages/tb3_description-0.0.0-py3.10.egg-info' (and everything under it)
[10.337s] Copying ../../build/tb3_description/tb3_description.egg-info to /home/bot12/robot_ws/install/tb3_description/lib/python3.10/site-packages/tb3_description-0.0.0-py3.10.egg-info
[10.349s] running install_scripts
[10.576s] writing list of installed files to '/home/bot12/robot_ws/build/tb3_description/install.log'
[10.855s] Invoked command in '/home/bot12/robot_ws/src/tb3_description' returned '0': PYTHONPATH=/home/bot12/robot_ws/build/tb3_description/prefix_override:/home/bot12/robot_ws/install/tb3_description/lib/python3.10/site-packages:${PYTHONPATH} /usr/bin/python3 -W ignore:setup.py install is deprecated setup.py egg_info --egg-base ../../build/tb3_description build --build-base /home/bot12/robot_ws/build/tb3_description/build install --record /home/bot12/robot_ws/build/tb3_description/install.log --single-version-externally-managed install_data
