[10.311s] Invoking command in '/home/bot12/robot_ws/src/tb3_hardware': PYTHONPATH=/home/bot12/robot_ws/build/tb3_hardware/prefix_override:/home/bot12/robot_ws/install/tb3_hardware/lib/python3.10/site-packages:${PYTHONPATH} /usr/bin/python3 -W ignore:setup.py install is deprecated setup.py egg_info --egg-base ../../build/tb3_hardware build --build-base /home/bot12/robot_ws/build/tb3_hardware/build install --record /home/bot12/robot_ws/build/tb3_hardware/install.log --single-version-externally-managed install_data
[13.089s] running egg_info
[13.097s] writing ../../build/tb3_hardware/tb3_hardware.egg-info/PKG-INFO
[13.100s] writing dependency_links to ../../build/tb3_hardware/tb3_hardware.egg-info/dependency_links.txt
[13.103s] writing entry points to ../../build/tb3_hardware/tb3_hardware.egg-info/entry_points.txt
[13.105s] writing requirements to ../../build/tb3_hardware/tb3_hardware.egg-info/requires.txt
[13.107s] writing top-level names to ../../build/tb3_hardware/tb3_hardware.egg-info/top_level.txt
[13.129s] reading manifest file '../../build/tb3_hardware/tb3_hardware.egg-info/SOURCES.txt'
[13.140s] writing manifest file '../../build/tb3_hardware/tb3_hardware.egg-info/SOURCES.txt'
[13.141s] running build
[13.143s] running build_py
[13.145s] running install
[13.147s] running install_lib
[13.178s] running install_data
[13.180s] running install_egg_info
[13.194s] removing '/home/bot12/robot_ws/install/tb3_hardware/lib/python3.10/site-packages/tb3_hardware-0.0.0-py3.10.egg-info' (and everything under it)
[13.198s] Copying ../../build/tb3_hardware/tb3_hardware.egg-info to /home/bot12/robot_ws/install/tb3_hardware/lib/python3.10/site-packages/tb3_hardware-0.0.0-py3.10.egg-info
[13.214s] running install_scripts
[13.383s] Installing config script to /home/bot12/robot_ws/install/tb3_hardware/lib/tb3_hardware
[13.386s] writing list of installed files to '/home/bot12/robot_ws/build/tb3_hardware/install.log'
[13.641s] Invoked command in '/home/bot12/robot_ws/src/tb3_hardware' returned '0': PYTHONPATH=/home/bot12/robot_ws/build/tb3_hardware/prefix_override:/home/bot12/robot_ws/install/tb3_hardware/lib/python3.10/site-packages:${PYTHONPATH} /usr/bin/python3 -W ignore:setup.py install is deprecated setup.py egg_info --egg-base ../../build/tb3_hardware build --build-base /home/bot12/robot_ws/build/tb3_hardware/build install --record /home/bot12/robot_ws/build/tb3_hardware/install.log --single-version-externally-managed install_data
