[0.267s] DEBUG:colcon:Command line arguments: ['/usr/bin/colcon', 'build']
[0.267s] DEBUG:colcon:Parsed command line arguments: Namespace(log_base=None, log_level=None, verb_name='build', build_base='build', install_base='install', merge_install=False, symlink_install=False, test_result_base=None, continue_on_error=False, executor='parallel', parallel_workers=2, event_handlers=None, ignore_user_meta=False, metas=['./colcon.meta'], base_paths=['.'], packages_ignore=None, packages_ignore_regex=None, paths=None, packages_up_to=None, packages_up_to_regex=None, packages_above=None, packages_above_and_dependencies=None, packages_above_depth=None, packages_select_by_dep=None, packages_skip_by_dep=None, packages_skip_up_to=None, packages_select_build_failed=False, packages_skip_build_finished=False, packages_select_test_failures=False, packages_skip_test_passed=False, packages_select=None, packages_skip=None, packages_select_regex=None, packages_skip_regex=None, packages_start=None, packages_end=None, allow_overriding=[], cmake_args=None, cmake_target=None, cmake_target_skip_unavailable=False, cmake_clean_cache=False, cmake_clean_first=False, cmake_force_configure=False, ament_cmake_args=None, catkin_cmake_args=None, catkin_skip_building_tests=False, mixin_files=None, mixin=None, verb_parser=<colcon_mixin.mixin.mixin_argument.MixinArgumentDecorator object at 0x715b5942e560>, verb_extension=<colcon_core.verb.build.BuildVerb object at 0x715b5942ded0>, main=<bound method BuildVerb.main of <colcon_core.verb.build.BuildVerb object at 0x715b5942ded0>>, mixin_verb=('build',))
[0.670s] Level 1:colcon.colcon_core.package_discovery:discover_packages(colcon_meta) check parameters
[0.670s] Level 1:colcon.colcon_core.package_discovery:discover_packages(recursive) check parameters
[0.670s] Level 1:colcon.colcon_core.package_discovery:discover_packages(ignore) check parameters
[0.670s] Level 1:colcon.colcon_core.package_discovery:discover_packages(path) check parameters
[0.671s] Level 1:colcon.colcon_core.package_discovery:discover_packages(colcon_meta) discover
[0.671s] Level 1:colcon.colcon_core.package_discovery:discover_packages(recursive) discover
[0.671s] INFO:colcon.colcon_core.package_discovery:Crawling recursively for packages in '/home/papasav/robot_ws'
[0.671s] Level 1:colcon.colcon_core.package_identification:_identify(.) by extensions ['ignore', 'ignore_ament_install']
[0.671s] Level 1:colcon.colcon_core.package_identification:_identify(.) by extension 'ignore'
[0.671s] Level 1:colcon.colcon_core.package_identification:_identify(.) by extension 'ignore_ament_install'
[0.672s] Level 1:colcon.colcon_core.package_identification:_identify(.) by extensions ['colcon_pkg']
[0.672s] Level 1:colcon.colcon_core.package_identification:_identify(.) by extension 'colcon_pkg'
[0.672s] Level 1:colcon.colcon_core.package_identification:_identify(.) by extensions ['colcon_meta']
[0.672s] Level 1:colcon.colcon_core.package_identification:_identify(.) by extension 'colcon_meta'
[0.672s] Level 1:colcon.colcon_core.package_identification:_identify(.) by extensions ['ros']
[0.672s] Level 1:colcon.colcon_core.package_identification:_identify(.) by extension 'ros'
[0.700s] Level 1:colcon.colcon_core.package_identification:_identify(.) by extensions ['cmake', 'python']
[0.700s] Level 1:colcon.colcon_core.package_identification:_identify(.) by extension 'cmake'
[0.700s] Level 1:colcon.colcon_core.package_identification:_identify(.) by extension 'python'
[0.701s] Level 1:colcon.colcon_core.package_identification:_identify(.) by extensions ['python_setup_py']
[0.701s] Level 1:colcon.colcon_core.package_identification:_identify(.) by extension 'python_setup_py'
[0.701s] Level 1:colcon.colcon_core.package_identification:_identify(build) by extensions ['ignore', 'ignore_ament_install']
[0.701s] Level 1:colcon.colcon_core.package_identification:_identify(build) by extension 'ignore'
[0.701s] Level 1:colcon.colcon_core.package_identification:_identify(build) ignored
[0.702s] Level 1:colcon.colcon_core.package_identification:_identify(install) by extensions ['ignore', 'ignore_ament_install']
[0.702s] Level 1:colcon.colcon_core.package_identification:_identify(install) by extension 'ignore'
[0.702s] Level 1:colcon.colcon_core.package_identification:_identify(install) ignored
[0.702s] Level 1:colcon.colcon_core.package_identification:_identify(log) by extensions ['ignore', 'ignore_ament_install']
[0.702s] Level 1:colcon.colcon_core.package_identification:_identify(log) by extension 'ignore'
[0.703s] Level 1:colcon.colcon_core.package_identification:_identify(log) ignored
[0.703s] Level 1:colcon.colcon_core.package_identification:_identify(src) by extensions ['ignore', 'ignore_ament_install']
[0.703s] Level 1:colcon.colcon_core.package_identification:_identify(src) by extension 'ignore'
[0.703s] Level 1:colcon.colcon_core.package_identification:_identify(src) by extension 'ignore_ament_install'
[0.703s] Level 1:colcon.colcon_core.package_identification:_identify(src) by extensions ['colcon_pkg']
[0.703s] Level 1:colcon.colcon_core.package_identification:_identify(src) by extension 'colcon_pkg'
[0.703s] Level 1:colcon.colcon_core.package_identification:_identify(src) by extensions ['colcon_meta']
[0.703s] Level 1:colcon.colcon_core.package_identification:_identify(src) by extension 'colcon_meta'
[0.704s] Level 1:colcon.colcon_core.package_identification:_identify(src) by extensions ['ros']
[0.704s] Level 1:colcon.colcon_core.package_identification:_identify(src) by extension 'ros'
[0.704s] Level 1:colcon.colcon_core.package_identification:_identify(src) by extensions ['cmake', 'python']
[0.704s] Level 1:colcon.colcon_core.package_identification:_identify(src) by extension 'cmake'
[0.704s] Level 1:colcon.colcon_core.package_identification:_identify(src) by extension 'python'
[0.704s] Level 1:colcon.colcon_core.package_identification:_identify(src) by extensions ['python_setup_py']
[0.704s] Level 1:colcon.colcon_core.package_identification:_identify(src) by extension 'python_setup_py'
[0.704s] Level 1:colcon.colcon_core.package_identification:_identify(src/robot_bringup) by extensions ['ignore', 'ignore_ament_install']
[0.704s] Level 1:colcon.colcon_core.package_identification:_identify(src/robot_bringup) by extension 'ignore'
[0.705s] Level 1:colcon.colcon_core.package_identification:_identify(src/robot_bringup) by extension 'ignore_ament_install'
[0.705s] Level 1:colcon.colcon_core.package_identification:_identify(src/robot_bringup) by extensions ['colcon_pkg']
[0.705s] Level 1:colcon.colcon_core.package_identification:_identify(src/robot_bringup) by extension 'colcon_pkg'
[0.705s] Level 1:colcon.colcon_core.package_identification:_identify(src/robot_bringup) by extensions ['colcon_meta']
[0.705s] Level 1:colcon.colcon_core.package_identification:_identify(src/robot_bringup) by extension 'colcon_meta'
[0.705s] Level 1:colcon.colcon_core.package_identification:_identify(src/robot_bringup) by extensions ['ros']
[0.705s] Level 1:colcon.colcon_core.package_identification:_identify(src/robot_bringup) by extension 'ros'
[0.710s] DEBUG:colcon.colcon_core.package_identification:Package 'src/robot_bringup' with type 'ros.ament_python' and name 'robot_bringup'
[0.711s] Level 1:colcon.colcon_core.package_identification:_identify(src/tb3_description) by extensions ['ignore', 'ignore_ament_install']
[0.711s] Level 1:colcon.colcon_core.package_identification:_identify(src/tb3_description) by extension 'ignore'
[0.711s] Level 1:colcon.colcon_core.package_identification:_identify(src/tb3_description) by extension 'ignore_ament_install'
[0.711s] Level 1:colcon.colcon_core.package_identification:_identify(src/tb3_description) by extensions ['colcon_pkg']
[0.711s] Level 1:colcon.colcon_core.package_identification:_identify(src/tb3_description) by extension 'colcon_pkg'
[0.711s] Level 1:colcon.colcon_core.package_identification:_identify(src/tb3_description) by extensions ['colcon_meta']
[0.711s] Level 1:colcon.colcon_core.package_identification:_identify(src/tb3_description) by extension 'colcon_meta'
[0.712s] Level 1:colcon.colcon_core.package_identification:_identify(src/tb3_description) by extensions ['ros']
[0.712s] Level 1:colcon.colcon_core.package_identification:_identify(src/tb3_description) by extension 'ros'
[0.713s] DEBUG:colcon.colcon_core.package_identification:Package 'src/tb3_description' with type 'ros.ament_python' and name 'tb3_description'
[0.713s] Level 1:colcon.colcon_core.package_identification:_identify(src/tb3_teleop) by extensions ['ignore', 'ignore_ament_install']
[0.713s] Level 1:colcon.colcon_core.package_identification:_identify(src/tb3_teleop) by extension 'ignore'
[0.713s] Level 1:colcon.colcon_core.package_identification:_identify(src/tb3_teleop) by extension 'ignore_ament_install'
[0.714s] Level 1:colcon.colcon_core.package_identification:_identify(src/tb3_teleop) by extensions ['colcon_pkg']
[0.714s] Level 1:colcon.colcon_core.package_identification:_identify(src/tb3_teleop) by extension 'colcon_pkg'
[0.714s] Level 1:colcon.colcon_core.package_identification:_identify(src/tb3_teleop) by extensions ['colcon_meta']
[0.714s] Level 1:colcon.colcon_core.package_identification:_identify(src/tb3_teleop) by extension 'colcon_meta'
[0.714s] Level 1:colcon.colcon_core.package_identification:_identify(src/tb3_teleop) by extensions ['ros']
[0.714s] Level 1:colcon.colcon_core.package_identification:_identify(src/tb3_teleop) by extension 'ros'
[0.715s] DEBUG:colcon.colcon_core.package_identification:Package 'src/tb3_teleop' with type 'ros.ament_python' and name 'tb3_teleop'
[0.716s] Level 1:colcon.colcon_core.package_identification:_identify(src/tf_listener) by extensions ['ignore', 'ignore_ament_install']
[0.716s] Level 1:colcon.colcon_core.package_identification:_identify(src/tf_listener) by extension 'ignore'
[0.716s] Level 1:colcon.colcon_core.package_identification:_identify(src/tf_listener) by extension 'ignore_ament_install'
[0.716s] Level 1:colcon.colcon_core.package_identification:_identify(src/tf_listener) by extensions ['colcon_pkg']
[0.716s] Level 1:colcon.colcon_core.package_identification:_identify(src/tf_listener) by extension 'colcon_pkg'
[0.716s] Level 1:colcon.colcon_core.package_identification:_identify(src/tf_listener) by extensions ['colcon_meta']
[0.716s] Level 1:colcon.colcon_core.package_identification:_identify(src/tf_listener) by extension 'colcon_meta'
[0.717s] Level 1:colcon.colcon_core.package_identification:_identify(src/tf_listener) by extensions ['ros']
[0.717s] Level 1:colcon.colcon_core.package_identification:_identify(src/tf_listener) by extension 'ros'
[0.718s] DEBUG:colcon.colcon_core.package_identification:Package 'src/tf_listener' with type 'ros.ament_python' and name 'tf_listener'
[0.718s] Level 1:colcon.colcon_core.package_discovery:discover_packages(recursive) using defaults
[0.718s] Level 1:colcon.colcon_core.package_discovery:discover_packages(ignore) discover
[0.718s] Level 1:colcon.colcon_core.package_discovery:discover_packages(ignore) using defaults
[0.718s] Level 1:colcon.colcon_core.package_discovery:discover_packages(path) discover
[0.718s] Level 1:colcon.colcon_core.package_discovery:discover_packages(path) using defaults
[0.793s] Level 1:colcon.colcon_core.package_discovery:discover_packages(prefix_path) check parameters
[0.793s] Level 1:colcon.colcon_core.package_discovery:discover_packages(prefix_path) discover
[0.798s] DEBUG:colcon.colcon_installed_package_information.package_discovery:Found 6 installed packages in /home/papasav/robot_ws/install
[0.801s] DEBUG:colcon.colcon_installed_package_information.package_discovery:Found 280 installed packages in /opt/ros/humble
[0.805s] Level 1:colcon.colcon_core.package_discovery:discover_packages(prefix_path) using defaults
[0.902s] Level 5:colcon.colcon_core.verb:set package 'robot_bringup' build argument 'cmake_args' from command line to 'None'
[0.902s] Level 5:colcon.colcon_core.verb:set package 'robot_bringup' build argument 'cmake_target' from command line to 'None'
[0.902s] Level 5:colcon.colcon_core.verb:set package 'robot_bringup' build argument 'cmake_target_skip_unavailable' from command line to 'False'
[0.902s] Level 5:colcon.colcon_core.verb:set package 'robot_bringup' build argument 'cmake_clean_cache' from command line to 'False'
[0.902s] Level 5:colcon.colcon_core.verb:set package 'robot_bringup' build argument 'cmake_clean_first' from command line to 'False'
[0.902s] Level 5:colcon.colcon_core.verb:set package 'robot_bringup' build argument 'cmake_force_configure' from command line to 'False'
[0.902s] Level 5:colcon.colcon_core.verb:set package 'robot_bringup' build argument 'ament_cmake_args' from command line to 'None'
[0.902s] Level 5:colcon.colcon_core.verb:set package 'robot_bringup' build argument 'catkin_cmake_args' from command line to 'None'
[0.903s] Level 5:colcon.colcon_core.verb:set package 'robot_bringup' build argument 'catkin_skip_building_tests' from command line to 'False'
[0.903s] DEBUG:colcon.colcon_core.verb:Building package 'robot_bringup' with the following arguments: {'ament_cmake_args': None, 'build_base': '/home/papasav/robot_ws/build/robot_bringup', 'catkin_cmake_args': None, 'catkin_skip_building_tests': False, 'cmake_args': None, 'cmake_clean_cache': False, 'cmake_clean_first': False, 'cmake_force_configure': False, 'cmake_target': None, 'cmake_target_skip_unavailable': False, 'install_base': '/home/papasav/robot_ws/install/robot_bringup', 'merge_install': False, 'path': '/home/papasav/robot_ws/src/robot_bringup', 'symlink_install': False, 'test_result_base': None}
[0.904s] Level 5:colcon.colcon_core.verb:set package 'tb3_description' build argument 'cmake_args' from command line to 'None'
[0.904s] Level 5:colcon.colcon_core.verb:set package 'tb3_description' build argument 'cmake_target' from command line to 'None'
[0.904s] Level 5:colcon.colcon_core.verb:set package 'tb3_description' build argument 'cmake_target_skip_unavailable' from command line to 'False'
[0.904s] Level 5:colcon.colcon_core.verb:set package 'tb3_description' build argument 'cmake_clean_cache' from command line to 'False'
[0.904s] Level 5:colcon.colcon_core.verb:set package 'tb3_description' build argument 'cmake_clean_first' from command line to 'False'
[0.904s] Level 5:colcon.colcon_core.verb:set package 'tb3_description' build argument 'cmake_force_configure' from command line to 'False'
[0.904s] Level 5:colcon.colcon_core.verb:set package 'tb3_description' build argument 'ament_cmake_args' from command line to 'None'
[0.904s] Level 5:colcon.colcon_core.verb:set package 'tb3_description' build argument 'catkin_cmake_args' from command line to 'None'
[0.904s] Level 5:colcon.colcon_core.verb:set package 'tb3_description' build argument 'catkin_skip_building_tests' from command line to 'False'
[0.904s] DEBUG:colcon.colcon_core.verb:Building package 'tb3_description' with the following arguments: {'ament_cmake_args': None, 'build_base': '/home/papasav/robot_ws/build/tb3_description', 'catkin_cmake_args': None, 'catkin_skip_building_tests': False, 'cmake_args': None, 'cmake_clean_cache': False, 'cmake_clean_first': False, 'cmake_force_configure': False, 'cmake_target': None, 'cmake_target_skip_unavailable': False, 'install_base': '/home/papasav/robot_ws/install/tb3_description', 'merge_install': False, 'path': '/home/papasav/robot_ws/src/tb3_description', 'symlink_install': False, 'test_result_base': None}
[0.905s] Level 5:colcon.colcon_core.verb:set package 'tb3_teleop' build argument 'cmake_args' from command line to 'None'
[0.905s] Level 5:colcon.colcon_core.verb:set package 'tb3_teleop' build argument 'cmake_target' from command line to 'None'
[0.905s] Level 5:colcon.colcon_core.verb:set package 'tb3_teleop' build argument 'cmake_target_skip_unavailable' from command line to 'False'
[0.905s] Level 5:colcon.colcon_core.verb:set package 'tb3_teleop' build argument 'cmake_clean_cache' from command line to 'False'
[0.905s] Level 5:colcon.colcon_core.verb:set package 'tb3_teleop' build argument 'cmake_clean_first' from command line to 'False'
[0.905s] Level 5:colcon.colcon_core.verb:set package 'tb3_teleop' build argument 'cmake_force_configure' from command line to 'False'
[0.906s] Level 5:colcon.colcon_core.verb:set package 'tb3_teleop' build argument 'ament_cmake_args' from command line to 'None'
[0.906s] Level 5:colcon.colcon_core.verb:set package 'tb3_teleop' build argument 'catkin_cmake_args' from command line to 'None'
[0.906s] Level 5:colcon.colcon_core.verb:set package 'tb3_teleop' build argument 'catkin_skip_building_tests' from command line to 'False'
[0.906s] DEBUG:colcon.colcon_core.verb:Building package 'tb3_teleop' with the following arguments: {'ament_cmake_args': None, 'build_base': '/home/papasav/robot_ws/build/tb3_teleop', 'catkin_cmake_args': None, 'catkin_skip_building_tests': False, 'cmake_args': None, 'cmake_clean_cache': False, 'cmake_clean_first': False, 'cmake_force_configure': False, 'cmake_target': None, 'cmake_target_skip_unavailable': False, 'install_base': '/home/papasav/robot_ws/install/tb3_teleop', 'merge_install': False, 'path': '/home/papasav/robot_ws/src/tb3_teleop', 'symlink_install': False, 'test_result_base': None}
[0.907s] Level 5:colcon.colcon_core.verb:set package 'tf_listener' build argument 'cmake_args' from command line to 'None'
[0.907s] Level 5:colcon.colcon_core.verb:set package 'tf_listener' build argument 'cmake_target' from command line to 'None'
[0.907s] Level 5:colcon.colcon_core.verb:set package 'tf_listener' build argument 'cmake_target_skip_unavailable' from command line to 'False'
[0.907s] Level 5:colcon.colcon_core.verb:set package 'tf_listener' build argument 'cmake_clean_cache' from command line to 'False'
[0.907s] Level 5:colcon.colcon_core.verb:set package 'tf_listener' build argument 'cmake_clean_first' from command line to 'False'
[0.907s] Level 5:colcon.colcon_core.verb:set package 'tf_listener' build argument 'cmake_force_configure' from command line to 'False'
[0.907s] Level 5:colcon.colcon_core.verb:set package 'tf_listener' build argument 'ament_cmake_args' from command line to 'None'
[0.907s] Level 5:colcon.colcon_core.verb:set package 'tf_listener' build argument 'catkin_cmake_args' from command line to 'None'
[0.907s] Level 5:colcon.colcon_core.verb:set package 'tf_listener' build argument 'catkin_skip_building_tests' from command line to 'False'
[0.907s] DEBUG:colcon.colcon_core.verb:Building package 'tf_listener' with the following arguments: {'ament_cmake_args': None, 'build_base': '/home/papasav/robot_ws/build/tf_listener', 'catkin_cmake_args': None, 'catkin_skip_building_tests': False, 'cmake_args': None, 'cmake_clean_cache': False, 'cmake_clean_first': False, 'cmake_force_configure': False, 'cmake_target': None, 'cmake_target_skip_unavailable': False, 'install_base': '/home/papasav/robot_ws/install/tf_listener', 'merge_install': False, 'path': '/home/papasav/robot_ws/src/tf_listener', 'symlink_install': False, 'test_result_base': None}
[0.908s] INFO:colcon.colcon_core.executor:Executing jobs using 'parallel' executor
[0.910s] DEBUG:colcon.colcon_parallel_executor.executor.parallel:run_until_complete
[0.910s] INFO:colcon.colcon_ros.task.ament_python.build:Building ROS package in '/home/papasav/robot_ws/src/robot_bringup' with build type 'ament_python'
[0.911s] Level 1:colcon.colcon_core.shell:create_environment_hook('robot_bringup', 'ament_prefix_path')
[0.916s] INFO:colcon.colcon_core.plugin_system:Skipping extension 'colcon_core.shell.bat': Not used on non-Windows systems
[0.917s] INFO:colcon.colcon_core.shell:Creating environment hook '/home/papasav/robot_ws/install/robot_bringup/share/robot_bringup/hook/ament_prefix_path.ps1'
[0.919s] INFO:colcon.colcon_core.shell:Creating environment descriptor '/home/papasav/robot_ws/install/robot_bringup/share/robot_bringup/hook/ament_prefix_path.dsv'
[0.920s] INFO:colcon.colcon_core.shell:Creating environment hook '/home/papasav/robot_ws/install/robot_bringup/share/robot_bringup/hook/ament_prefix_path.sh'
[0.922s] INFO:colcon.colcon_core.shell:Skip shell extension 'powershell' for command environment: Not usable outside of PowerShell
[0.922s] DEBUG:colcon.colcon_core.shell:Skip shell extension 'dsv' for command environment
[0.931s] INFO:colcon.colcon_ros.task.ament_python.build:Building ROS package in '/home/papasav/robot_ws/src/tb3_description' with build type 'ament_python'
[0.933s] Level 1:colcon.colcon_core.shell:create_environment_hook('tb3_description', 'ament_prefix_path')
[0.934s] INFO:colcon.colcon_core.shell:Creating environment hook '/home/papasav/robot_ws/install/tb3_description/share/tb3_description/hook/ament_prefix_path.ps1'
[0.935s] INFO:colcon.colcon_core.shell:Creating environment descriptor '/home/papasav/robot_ws/install/tb3_description/share/tb3_description/hook/ament_prefix_path.dsv'
[0.936s] INFO:colcon.colcon_core.shell:Creating environment hook '/home/papasav/robot_ws/install/tb3_description/share/tb3_description/hook/ament_prefix_path.sh'
[0.937s] INFO:colcon.colcon_core.shell:Skip shell extension 'powershell' for command environment: Not usable outside of PowerShell
[0.937s] DEBUG:colcon.colcon_core.shell:Skip shell extension 'dsv' for command environment
[1.578s] INFO:colcon.colcon_core.task.python.build:Building Python package in '/home/papasav/robot_ws/src/robot_bringup'
[1.579s] INFO:colcon.colcon_core.shell:Skip shell extension 'powershell' for command environment: Not usable outside of PowerShell
[1.579s] DEBUG:colcon.colcon_core.shell:Skip shell extension 'dsv' for command environment
[2.204s] INFO:colcon.colcon_core.task.python.build:Building Python package in '/home/papasav/robot_ws/src/tb3_description'
[2.204s] INFO:colcon.colcon_core.shell:Skip shell extension 'powershell' for command environment: Not usable outside of PowerShell
[2.204s] DEBUG:colcon.colcon_core.shell:Skip shell extension 'dsv' for command environment
[3.841s] DEBUG:colcon.colcon_core.event_handler.log_command:Invoking command in '/home/papasav/robot_ws/src/tb3_description': PYTHONPATH=/home/papasav/robot_ws/build/tb3_description/prefix_override:/home/papasav/robot_ws/install/tb3_description/lib/python3.10/site-packages:${PYTHONPATH} /usr/bin/python3 -W ignore:setup.py install is deprecated setup.py egg_info --egg-base ../../build/tb3_description build --build-base /home/papasav/robot_ws/build/tb3_description/build install --record /home/papasav/robot_ws/build/tb3_description/install.log --single-version-externally-managed install_data
[3.914s] DEBUG:colcon.colcon_core.event_handler.log_command:Invoking command in '/home/papasav/robot_ws/src/robot_bringup': PYTHONPATH=/home/papasav/robot_ws/build/robot_bringup/prefix_override:/home/papasav/robot_ws/install/robot_bringup/lib/python3.10/site-packages:${PYTHONPATH} /usr/bin/python3 -W ignore:setup.py install is deprecated setup.py egg_info --egg-base ../../build/robot_bringup build --build-base /home/papasav/robot_ws/build/robot_bringup/build install --record /home/papasav/robot_ws/build/robot_bringup/install.log --single-version-externally-managed install_data
[4.804s] DEBUG:colcon.colcon_core.event_handler.log_command:Invoked command in '/home/papasav/robot_ws/src/tb3_description' returned '0': PYTHONPATH=/home/papasav/robot_ws/build/tb3_description/prefix_override:/home/papasav/robot_ws/install/tb3_description/lib/python3.10/site-packages:${PYTHONPATH} /usr/bin/python3 -W ignore:setup.py install is deprecated setup.py egg_info --egg-base ../../build/tb3_description build --build-base /home/papasav/robot_ws/build/tb3_description/build install --record /home/papasav/robot_ws/build/tb3_description/install.log --single-version-externally-managed install_data
[4.806s] Level 1:colcon.colcon_core.environment:checking '/home/papasav/robot_ws/install/tb3_description' for CMake module files
[4.807s] Level 1:colcon.colcon_core.environment:checking '/home/papasav/robot_ws/install/tb3_description' for CMake config files
[4.810s] Level 1:colcon.colcon_core.environment:checking '/home/papasav/robot_ws/install/tb3_description/lib'
[4.811s] Level 1:colcon.colcon_core.environment:checking '/home/papasav/robot_ws/install/tb3_description/bin'
[4.811s] Level 1:colcon.colcon_core.environment:checking '/home/papasav/robot_ws/install/tb3_description/lib/pkgconfig/tb3_description.pc'
[4.812s] Level 1:colcon.colcon_core.environment:checking '/home/papasav/robot_ws/install/tb3_description/lib/python3.10/site-packages'
[4.812s] Level 1:colcon.colcon_core.shell:create_environment_hook('tb3_description', 'pythonpath')
[4.813s] INFO:colcon.colcon_core.shell:Creating environment hook '/home/papasav/robot_ws/install/tb3_description/share/tb3_description/hook/pythonpath.ps1'
[4.814s] INFO:colcon.colcon_core.shell:Creating environment descriptor '/home/papasav/robot_ws/install/tb3_description/share/tb3_description/hook/pythonpath.dsv'
[4.816s] INFO:colcon.colcon_core.shell:Creating environment hook '/home/papasav/robot_ws/install/tb3_description/share/tb3_description/hook/pythonpath.sh'
[4.818s] Level 1:colcon.colcon_core.environment:checking '/home/papasav/robot_ws/install/tb3_description/bin'
[4.818s] Level 1:colcon.colcon_core.environment:create_environment_scripts_only(tb3_description)
[4.819s] INFO:colcon.colcon_core.shell:Creating package script '/home/papasav/robot_ws/install/tb3_description/share/tb3_description/package.ps1'
[4.822s] INFO:colcon.colcon_core.shell:Creating package descriptor '/home/papasav/robot_ws/install/tb3_description/share/tb3_description/package.dsv'
[4.824s] INFO:colcon.colcon_core.shell:Creating package script '/home/papasav/robot_ws/install/tb3_description/share/tb3_description/package.sh'
[4.828s] INFO:colcon.colcon_core.shell:Creating package script '/home/papasav/robot_ws/install/tb3_description/share/tb3_description/package.bash'
[4.830s] INFO:colcon.colcon_core.shell:Creating package script '/home/papasav/robot_ws/install/tb3_description/share/tb3_description/package.zsh'
[4.833s] Level 1:colcon.colcon_core.environment:create_file_with_runtime_dependencies(/home/papasav/robot_ws/install/tb3_description/share/colcon-core/packages/tb3_description)
[4.836s] INFO:colcon.colcon_ros.task.ament_python.build:Building ROS package in '/home/papasav/robot_ws/src/tb3_teleop' with build type 'ament_python'
[4.839s] Level 1:colcon.colcon_core.shell:create_environment_hook('tb3_teleop', 'ament_prefix_path')
[4.842s] INFO:colcon.colcon_core.shell:Creating environment hook '/home/papasav/robot_ws/install/tb3_teleop/share/tb3_teleop/hook/ament_prefix_path.ps1'
[4.844s] INFO:colcon.colcon_core.shell:Creating environment descriptor '/home/papasav/robot_ws/install/tb3_teleop/share/tb3_teleop/hook/ament_prefix_path.dsv'
[4.851s] INFO:colcon.colcon_core.shell:Creating environment hook '/home/papasav/robot_ws/install/tb3_teleop/share/tb3_teleop/hook/ament_prefix_path.sh'
[4.854s] INFO:colcon.colcon_core.shell:Skip shell extension 'powershell' for command environment: Not usable outside of PowerShell
[4.856s] DEBUG:colcon.colcon_core.shell:Skip shell extension 'dsv' for command environment
[5.562s] INFO:colcon.colcon_core.task.python.build:Building Python package in '/home/papasav/robot_ws/src/tb3_teleop'
[5.563s] INFO:colcon.colcon_core.shell:Skip shell extension 'powershell' for command environment: Not usable outside of PowerShell
[5.563s] DEBUG:colcon.colcon_core.shell:Skip shell extension 'dsv' for command environment
[5.572s] Level 1:colcon.colcon_core.environment:checking '/home/papasav/robot_ws/install/robot_bringup' for CMake module files
[5.577s] Level 1:colcon.colcon_core.environment:checking '/home/papasav/robot_ws/install/robot_bringup' for CMake config files
[5.579s] Level 1:colcon.colcon_core.environment:checking '/home/papasav/robot_ws/install/robot_bringup/lib'
[5.580s] Level 1:colcon.colcon_core.environment:checking '/home/papasav/robot_ws/install/robot_bringup/bin'
[5.580s] Level 1:colcon.colcon_core.environment:checking '/home/papasav/robot_ws/install/robot_bringup/lib/pkgconfig/robot_bringup.pc'
[5.580s] Level 1:colcon.colcon_core.environment:checking '/home/papasav/robot_ws/install/robot_bringup/lib/python3.10/site-packages'
[5.581s] Level 1:colcon.colcon_core.shell:create_environment_hook('robot_bringup', 'pythonpath')
[5.581s] INFO:colcon.colcon_core.shell:Creating environment hook '/home/papasav/robot_ws/install/robot_bringup/share/robot_bringup/hook/pythonpath.ps1'
[5.575s] DEBUG:colcon.colcon_core.event_handler.log_command:Invoked command in '/home/papasav/robot_ws/src/robot_bringup' returned '0': PYTHONPATH=/home/papasav/robot_ws/build/robot_bringup/prefix_override:/home/papasav/robot_ws/install/robot_bringup/lib/python3.10/site-packages:${PYTHONPATH} /usr/bin/python3 -W ignore:setup.py install is deprecated setup.py egg_info --egg-base ../../build/robot_bringup build --build-base /home/papasav/robot_ws/build/robot_bringup/build install --record /home/papasav/robot_ws/build/robot_bringup/install.log --single-version-externally-managed install_data
[5.582s] INFO:colcon.colcon_core.shell:Creating environment descriptor '/home/papasav/robot_ws/install/robot_bringup/share/robot_bringup/hook/pythonpath.dsv'
[5.585s] INFO:colcon.colcon_core.shell:Creating environment hook '/home/papasav/robot_ws/install/robot_bringup/share/robot_bringup/hook/pythonpath.sh'
[5.586s] Level 1:colcon.colcon_core.environment:checking '/home/papasav/robot_ws/install/robot_bringup/bin'
[5.587s] Level 1:colcon.colcon_core.environment:create_environment_scripts_only(robot_bringup)
[5.587s] INFO:colcon.colcon_core.shell:Creating package script '/home/papasav/robot_ws/install/robot_bringup/share/robot_bringup/package.ps1'
[5.589s] INFO:colcon.colcon_core.shell:Creating package descriptor '/home/papasav/robot_ws/install/robot_bringup/share/robot_bringup/package.dsv'
[5.590s] INFO:colcon.colcon_core.shell:Creating package script '/home/papasav/robot_ws/install/robot_bringup/share/robot_bringup/package.sh'
[5.591s] INFO:colcon.colcon_core.shell:Creating package script '/home/papasav/robot_ws/install/robot_bringup/share/robot_bringup/package.bash'
[5.592s] INFO:colcon.colcon_core.shell:Creating package script '/home/papasav/robot_ws/install/robot_bringup/share/robot_bringup/package.zsh'
[5.593s] Level 1:colcon.colcon_core.environment:create_file_with_runtime_dependencies(/home/papasav/robot_ws/install/robot_bringup/share/colcon-core/packages/robot_bringup)
[5.595s] INFO:colcon.colcon_ros.task.ament_python.build:Building ROS package in '/home/papasav/robot_ws/src/tf_listener' with build type 'ament_python'
[5.596s] Level 1:colcon.colcon_core.shell:create_environment_hook('tf_listener', 'ament_prefix_path')
[5.596s] INFO:colcon.colcon_core.shell:Creating environment hook '/home/papasav/robot_ws/install/tf_listener/share/tf_listener/hook/ament_prefix_path.ps1'
[5.597s] INFO:colcon.colcon_core.shell:Creating environment descriptor '/home/papasav/robot_ws/install/tf_listener/share/tf_listener/hook/ament_prefix_path.dsv'
[5.599s] INFO:colcon.colcon_core.shell:Creating environment hook '/home/papasav/robot_ws/install/tf_listener/share/tf_listener/hook/ament_prefix_path.sh'
[5.601s] INFO:colcon.colcon_core.shell:Skip shell extension 'powershell' for command environment: Not usable outside of PowerShell
[5.601s] DEBUG:colcon.colcon_core.shell:Skip shell extension 'dsv' for command environment
[6.604s] INFO:colcon.colcon_core.task.python.build:Building Python package in '/home/papasav/robot_ws/src/tf_listener'
[6.605s] INFO:colcon.colcon_core.shell:Skip shell extension 'powershell' for command environment: Not usable outside of PowerShell
[6.605s] DEBUG:colcon.colcon_core.shell:Skip shell extension 'dsv' for command environment
[7.153s] DEBUG:colcon.colcon_core.event_handler.log_command:Invoking command in '/home/papasav/robot_ws/src/tb3_teleop': PYTHONPATH=/home/papasav/robot_ws/build/tb3_teleop/prefix_override:/home/papasav/robot_ws/install/tb3_teleop/lib/python3.10/site-packages:${PYTHONPATH} /usr/bin/python3 -W ignore:setup.py install is deprecated setup.py egg_info --egg-base ../../build/tb3_teleop build --build-base /home/papasav/robot_ws/build/tb3_teleop/build install --record /home/papasav/robot_ws/build/tb3_teleop/install.log --single-version-externally-managed install_data
[8.249s] DEBUG:colcon.colcon_core.event_handler.log_command:Invoking command in '/home/papasav/robot_ws/src/tf_listener': PYTHONPATH=/home/papasav/robot_ws/build/tf_listener/prefix_override:/home/papasav/robot_ws/install/tf_listener/lib/python3.10/site-packages:${PYTHONPATH} /usr/bin/python3 -W ignore:setup.py install is deprecated setup.py egg_info --egg-base ../../build/tf_listener build --build-base /home/papasav/robot_ws/build/tf_listener/build install --record /home/papasav/robot_ws/build/tf_listener/install.log --single-version-externally-managed install_data
[8.257s] Level 1:colcon.colcon_core.environment:checking '/home/papasav/robot_ws/install/tb3_teleop' for CMake module files
[8.259s] DEBUG:colcon.colcon_core.event_handler.log_command:Invoked command in '/home/papasav/robot_ws/src/tb3_teleop' returned '0': PYTHONPATH=/home/papasav/robot_ws/build/tb3_teleop/prefix_override:/home/papasav/robot_ws/install/tb3_teleop/lib/python3.10/site-packages:${PYTHONPATH} /usr/bin/python3 -W ignore:setup.py install is deprecated setup.py egg_info --egg-base ../../build/tb3_teleop build --build-base /home/papasav/robot_ws/build/tb3_teleop/build install --record /home/papasav/robot_ws/build/tb3_teleop/install.log --single-version-externally-managed install_data
[8.260s] Level 1:colcon.colcon_core.environment:checking '/home/papasav/robot_ws/install/tb3_teleop' for CMake config files
[8.262s] Level 1:colcon.colcon_core.environment:checking '/home/papasav/robot_ws/install/tb3_teleop/lib'
[8.262s] Level 1:colcon.colcon_core.environment:checking '/home/papasav/robot_ws/install/tb3_teleop/bin'
[8.262s] Level 1:colcon.colcon_core.environment:checking '/home/papasav/robot_ws/install/tb3_teleop/lib/pkgconfig/tb3_teleop.pc'
[8.263s] Level 1:colcon.colcon_core.environment:checking '/home/papasav/robot_ws/install/tb3_teleop/lib/python3.10/site-packages'
[8.263s] Level 1:colcon.colcon_core.shell:create_environment_hook('tb3_teleop', 'pythonpath')
[8.264s] INFO:colcon.colcon_core.shell:Creating environment hook '/home/papasav/robot_ws/install/tb3_teleop/share/tb3_teleop/hook/pythonpath.ps1'
[8.265s] INFO:colcon.colcon_core.shell:Creating environment descriptor '/home/papasav/robot_ws/install/tb3_teleop/share/tb3_teleop/hook/pythonpath.dsv'
[8.266s] INFO:colcon.colcon_core.shell:Creating environment hook '/home/papasav/robot_ws/install/tb3_teleop/share/tb3_teleop/hook/pythonpath.sh'
[8.268s] Level 1:colcon.colcon_core.environment:checking '/home/papasav/robot_ws/install/tb3_teleop/bin'
[8.269s] Level 1:colcon.colcon_core.environment:create_environment_scripts_only(tb3_teleop)
[8.270s] INFO:colcon.colcon_core.shell:Creating package script '/home/papasav/robot_ws/install/tb3_teleop/share/tb3_teleop/package.ps1'
[8.272s] INFO:colcon.colcon_core.shell:Creating package descriptor '/home/papasav/robot_ws/install/tb3_teleop/share/tb3_teleop/package.dsv'
[8.274s] INFO:colcon.colcon_core.shell:Creating package script '/home/papasav/robot_ws/install/tb3_teleop/share/tb3_teleop/package.sh'
[8.276s] INFO:colcon.colcon_core.shell:Creating package script '/home/papasav/robot_ws/install/tb3_teleop/share/tb3_teleop/package.bash'
[8.277s] INFO:colcon.colcon_core.shell:Creating package script '/home/papasav/robot_ws/install/tb3_teleop/share/tb3_teleop/package.zsh'
[8.278s] Level 1:colcon.colcon_core.environment:create_file_with_runtime_dependencies(/home/papasav/robot_ws/install/tb3_teleop/share/colcon-core/packages/tb3_teleop)
[8.970s] Level 1:colcon.colcon_core.environment:checking '/home/papasav/robot_ws/install/tf_listener' for CMake module files
[8.971s] DEBUG:colcon.colcon_core.event_handler.log_command:Invoked command in '/home/papasav/robot_ws/src/tf_listener' returned '0': PYTHONPATH=/home/papasav/robot_ws/build/tf_listener/prefix_override:/home/papasav/robot_ws/install/tf_listener/lib/python3.10/site-packages:${PYTHONPATH} /usr/bin/python3 -W ignore:setup.py install is deprecated setup.py egg_info --egg-base ../../build/tf_listener build --build-base /home/papasav/robot_ws/build/tf_listener/build install --record /home/papasav/robot_ws/build/tf_listener/install.log --single-version-externally-managed install_data
[8.972s] Level 1:colcon.colcon_core.environment:checking '/home/papasav/robot_ws/install/tf_listener' for CMake config files
[8.973s] Level 1:colcon.colcon_core.environment:checking '/home/papasav/robot_ws/install/tf_listener/lib'
[8.973s] Level 1:colcon.colcon_core.environment:checking '/home/papasav/robot_ws/install/tf_listener/bin'
[8.973s] Level 1:colcon.colcon_core.environment:checking '/home/papasav/robot_ws/install/tf_listener/lib/pkgconfig/tf_listener.pc'
[8.974s] Level 1:colcon.colcon_core.environment:checking '/home/papasav/robot_ws/install/tf_listener/lib/python3.10/site-packages'
[8.974s] Level 1:colcon.colcon_core.shell:create_environment_hook('tf_listener', 'pythonpath')
[8.974s] INFO:colcon.colcon_core.shell:Creating environment hook '/home/papasav/robot_ws/install/tf_listener/share/tf_listener/hook/pythonpath.ps1'
[8.975s] INFO:colcon.colcon_core.shell:Creating environment descriptor '/home/papasav/robot_ws/install/tf_listener/share/tf_listener/hook/pythonpath.dsv'
[8.976s] INFO:colcon.colcon_core.shell:Creating environment hook '/home/papasav/robot_ws/install/tf_listener/share/tf_listener/hook/pythonpath.sh'
[8.978s] Level 1:colcon.colcon_core.environment:checking '/home/papasav/robot_ws/install/tf_listener/bin'
[8.978s] Level 1:colcon.colcon_core.environment:create_environment_scripts_only(tf_listener)
[8.979s] INFO:colcon.colcon_core.shell:Creating package script '/home/papasav/robot_ws/install/tf_listener/share/tf_listener/package.ps1'
[8.980s] INFO:colcon.colcon_core.shell:Creating package descriptor '/home/papasav/robot_ws/install/tf_listener/share/tf_listener/package.dsv'
[8.982s] INFO:colcon.colcon_core.shell:Creating package script '/home/papasav/robot_ws/install/tf_listener/share/tf_listener/package.sh'
[8.983s] INFO:colcon.colcon_core.shell:Creating package script '/home/papasav/robot_ws/install/tf_listener/share/tf_listener/package.bash'
[8.984s] INFO:colcon.colcon_core.shell:Creating package script '/home/papasav/robot_ws/install/tf_listener/share/tf_listener/package.zsh'
[8.985s] Level 1:colcon.colcon_core.environment:create_file_with_runtime_dependencies(/home/papasav/robot_ws/install/tf_listener/share/colcon-core/packages/tf_listener)
[8.985s] DEBUG:colcon.colcon_parallel_executor.executor.parallel:closing loop
[8.986s] DEBUG:colcon.colcon_parallel_executor.executor.parallel:loop closed
[8.987s] DEBUG:colcon.colcon_parallel_executor.executor.parallel:run_until_complete finished with '0'
[8.987s] DEBUG:colcon.colcon_core.event_reactor:joining thread
[9.001s] INFO:colcon.colcon_core.plugin_system:Skipping extension 'colcon_notification.desktop_notification.terminal_notifier': Not used on non-Darwin systems
[9.002s] INFO:colcon.colcon_core.plugin_system:Skipping extension 'colcon_notification.desktop_notification.win32': Not used on non-Windows systems
[9.002s] INFO:colcon.colcon_notification.desktop_notification:Sending desktop notification using 'notify2'
[9.037s] DEBUG:colcon.colcon_core.event_reactor:joined thread
[9.038s] INFO:colcon.colcon_core.shell:Creating prefix script '/home/papasav/robot_ws/install/local_setup.ps1'
[9.041s] INFO:colcon.colcon_core.shell:Creating prefix util module '/home/papasav/robot_ws/install/_local_setup_util_ps1.py'
[9.046s] INFO:colcon.colcon_core.shell:Creating prefix chain script '/home/papasav/robot_ws/install/setup.ps1'
[9.050s] INFO:colcon.colcon_core.shell:Creating prefix script '/home/papasav/robot_ws/install/local_setup.sh'
[9.052s] INFO:colcon.colcon_core.shell:Creating prefix util module '/home/papasav/robot_ws/install/_local_setup_util_sh.py'
[9.054s] INFO:colcon.colcon_core.shell:Creating prefix chain script '/home/papasav/robot_ws/install/setup.sh'
[9.058s] INFO:colcon.colcon_core.shell:Creating prefix script '/home/papasav/robot_ws/install/local_setup.bash'
[9.060s] INFO:colcon.colcon_core.shell:Creating prefix chain script '/home/papasav/robot_ws/install/setup.bash'
[9.063s] INFO:colcon.colcon_core.shell:Creating prefix script '/home/papasav/robot_ws/install/local_setup.zsh'
[9.065s] INFO:colcon.colcon_core.shell:Creating prefix chain script '/home/papasav/robot_ws/install/setup.zsh'
