[7.582s] Invoking command in '/home/bot12/robot_ws/src/tb3_description': PYTHONPATH=/home/bot12/robot_ws/build/tb3_description/prefix_override:/home/bot12/robot_ws/install/tb3_description/lib/python3.10/site-packages:${PYTHONPATH} /usr/bin/python3 -W ignore:setup.py install is deprecated setup.py egg_info --egg-base ../../build/tb3_description build --build-base /home/bot12/robot_ws/build/tb3_description/build install --record /home/bot12/robot_ws/build/tb3_description/install.log --single-version-externally-managed install_data
[9.324s] running egg_info
[9.326s] creating ../../build/tb3_description/tb3_description.egg-info
[9.328s] writing ../../build/tb3_description/tb3_description.egg-info/PKG-INFO
[9.330s] writing dependency_links to ../../build/tb3_description/tb3_description.egg-info/dependency_links.txt
[9.332s] writing entry points to ../../build/tb3_description/tb3_description.egg-info/entry_points.txt
[9.334s] writing requirements to ../../build/tb3_description/tb3_description.egg-info/requires.txt
[9.334s] writing top-level names to ../../build/tb3_description/tb3_description.egg-info/top_level.txt
[9.336s] writing manifest file '../../build/tb3_description/tb3_description.egg-info/SOURCES.txt'
[9.342s] reading manifest file '../../build/tb3_description/tb3_description.egg-info/SOURCES.txt'
[9.348s] writing manifest file '../../build/tb3_description/tb3_description.egg-info/SOURCES.txt'
[9.352s] running build
[9.355s] running build_py
[9.355s] creating /home/bot12/robot_ws/build/tb3_description/build
[9.356s] creating /home/bot12/robot_ws/build/tb3_description/build/lib
[9.356s] creating /home/bot12/robot_ws/build/tb3_description/build/lib/tb3_description
[9.358s] copying tb3_description/__init__.py -> /home/bot12/robot_ws/build/tb3_description/build/lib/tb3_description
[9.360s] running install
[9.360s] running install_lib
[9.361s] creating /home/bot12/robot_ws/install/tb3_description/lib/python3.10/site-packages/tb3_description
[9.362s] copying /home/bot12/robot_ws/build/tb3_description/build/lib/tb3_description/__init__.py -> /home/bot12/robot_ws/install/tb3_description/lib/python3.10/site-packages/tb3_description
[9.372s] byte-compiling /home/bot12/robot_ws/install/tb3_description/lib/python3.10/site-packages/tb3_description/__init__.py to __init__.cpython-310.pyc
[9.372s] running install_data
[9.373s] creating /home/bot12/robot_ws/install/tb3_description/share/ament_index
[9.374s] creating /home/bot12/robot_ws/install/tb3_description/share/ament_index/resource_index
[9.375s] creating /home/bot12/robot_ws/install/tb3_description/share/ament_index/resource_index/packages
[9.376s] copying resource/tb3_description -> /home/bot12/robot_ws/install/tb3_description/share/ament_index/resource_index/packages
[9.376s] copying package.xml -> /home/bot12/robot_ws/install/tb3_description/share/tb3_description
[9.377s] creating /home/bot12/robot_ws/install/tb3_description/share/tb3_description/launch
[9.378s] copying launch/tb3_description.launch.py -> /home/bot12/robot_ws/install/tb3_description/share/tb3_description/launch
[9.379s] creating /home/bot12/robot_ws/install/tb3_description/share/tb3_description/config
[9.380s] creating /home/bot12/robot_ws/install/tb3_description/share/tb3_description/urdf
[9.381s] copying urdf/turtlebot3_burger_base.urdf.xacro -> /home/bot12/robot_ws/install/tb3_description/share/tb3_description/urdf
[9.382s] copying urdf/wheel.urdf.xacro -> /home/bot12/robot_ws/install/tb3_description/share/tb3_description/urdf
[9.383s] copying urdf/common_properties.xacro -> /home/bot12/robot_ws/install/tb3_description/share/tb3_description/urdf
[9.384s] copying urdf/caster.urdf.xacro -> /home/bot12/robot_ws/install/tb3_description/share/tb3_description/urdf
[9.385s] creating /home/bot12/robot_ws/install/tb3_description/share/tb3_description/meshes
[9.409s] copying meshes/webcam.stl -> /home/bot12/robot_ws/install/tb3_description/share/tb3_description/meshes
[9.428s] copying meshes/left_tire.stl -> /home/bot12/robot_ws/install/tb3_description/share/tb3_description/meshes
[9.431s] copying meshes/burger_base.stl -> /home/bot12/robot_ws/install/tb3_description/share/tb3_description/meshes
[9.450s] copying meshes/RPLIDAR.stl -> /home/bot12/robot_ws/install/tb3_description/share/tb3_description/meshes
[9.526s] copying meshes/right_tire.stl -> /home/bot12/robot_ws/install/tb3_description/share/tb3_description/meshes
[9.537s] running install_egg_info
[9.553s] Copying ../../build/tb3_description/tb3_description.egg-info to /home/bot12/robot_ws/install/tb3_description/lib/python3.10/site-packages/tb3_description-0.0.0-py3.10.egg-info
[9.569s] running install_scripts
[9.782s] writing list of installed files to '/home/bot12/robot_ws/build/tb3_description/install.log'
[9.970s] Invoked command in '/home/bot12/robot_ws/src/tb3_description' returned '0': PYTHONPATH=/home/bot12/robot_ws/build/tb3_description/prefix_override:/home/bot12/robot_ws/install/tb3_description/lib/python3.10/site-packages:${PYTHONPATH} /usr/bin/python3 -W ignore:setup.py install is deprecated setup.py egg_info --egg-base ../../build/tb3_description build --build-base /home/bot12/robot_ws/build/tb3_description/build install --record /home/bot12/robot_ws/build/tb3_description/install.log --single-version-externally-managed install_data
