[7.519s] Invoking command in '/home/bot12/robot_ws/src/tb3_description': PYTHONPATH=/home/bot12/robot_ws/build/tb3_description/prefix_override:/home/bot12/robot_ws/install/tb3_description/lib/python3.10/site-packages:${PYTHONPATH} /usr/bin/python3 -W ignore:setup.py install is deprecated setup.py egg_info --egg-base ../../build/tb3_description build --build-base /home/bot12/robot_ws/build/tb3_description/build install --record /home/bot12/robot_ws/build/tb3_description/install.log --single-version-externally-managed install_data
[9.340s] running egg_info
[9.345s] writing ../../build/tb3_description/tb3_description.egg-info/PKG-INFO
[9.348s] writing dependency_links to ../../build/tb3_description/tb3_description.egg-info/dependency_links.txt
[9.350s] writing entry points to ../../build/tb3_description/tb3_description.egg-info/entry_points.txt
[9.354s] writing requirements to ../../build/tb3_description/tb3_description.egg-info/requires.txt
[9.358s] writing top-level names to ../../build/tb3_description/tb3_description.egg-info/top_level.txt
[9.378s] reading manifest file '../../build/tb3_description/tb3_description.egg-info/SOURCES.txt'
[9.379s] writing manifest file '../../build/tb3_description/tb3_description.egg-info/SOURCES.txt'
[9.382s] running build
[9.385s] running build_py
[9.387s] running install
[9.388s] running install_lib
[9.398s] running install_data
[9.402s] running install_egg_info
[9.418s] removing '/home/bot12/robot_ws/install/tb3_description/lib/python3.10/site-packages/tb3_description-0.0.0-py3.10.egg-info' (and everything under it)
[9.420s] Copying ../../build/tb3_description/tb3_description.egg-info to /home/bot12/robot_ws/install/tb3_description/lib/python3.10/site-packages/tb3_description-0.0.0-py3.10.egg-info
[9.423s] running install_scripts
[9.513s] writing list of installed files to '/home/bot12/robot_ws/build/tb3_description/install.log'
[9.640s] Invoked command in '/home/bot12/robot_ws/src/tb3_description' returned '0': PYTHONPATH=/home/bot12/robot_ws/build/tb3_description/prefix_override:/home/bot12/robot_ws/install/tb3_description/lib/python3.10/site-packages:${PYTHONPATH} /usr/bin/python3 -W ignore:setup.py install is deprecated setup.py egg_info --egg-base ../../build/tb3_description build --build-base /home/bot12/robot_ws/build/tb3_description/build install --record /home/bot12/robot_ws/build/tb3_description/install.log --single-version-externally-managed install_data
