[0.390s] DEBUG:colcon:Command line arguments: ['/usr/bin/colcon', 'build']
[0.390s] DEBUG:colcon:Parsed command line arguments: Namespace(log_base=None, log_level=None, verb_name='build', build_base='build', install_base='install', merge_install=False, symlink_install=False, test_result_base=None, continue_on_error=False, executor='parallel', parallel_workers=2, event_handlers=None, ignore_user_meta=False, metas=['./colcon.meta'], base_paths=['.'], packages_ignore=None, packages_ignore_regex=None, paths=None, packages_up_to=None, packages_up_to_regex=None, packages_above=None, packages_above_and_dependencies=None, packages_above_depth=None, packages_select_by_dep=None, packages_skip_by_dep=None, packages_skip_up_to=None, packages_select_build_failed=False, packages_skip_build_finished=False, packages_select_test_failures=False, packages_skip_test_passed=False, packages_select=None, packages_skip=None, packages_select_regex=None, packages_skip_regex=None, packages_start=None, packages_end=None, allow_overriding=[], cmake_args=None, cmake_target=None, cmake_target_skip_unavailable=False, cmake_clean_cache=False, cmake_clean_first=False, cmake_force_configure=False, ament_cmake_args=None, catkin_cmake_args=None, catkin_skip_building_tests=False, mixin_files=None, mixin=None, verb_parser=<colcon_mixin.mixin.mixin_argument.MixinArgumentDecorator object at 0x7beadf6b5fc0>, verb_extension=<colcon_core.verb.build.BuildVerb object at 0x7beadf6b5930>, main=<bound method BuildVerb.main of <colcon_core.verb.build.BuildVerb object at 0x7beadf6b5930>>, mixin_verb=('build',))
[4.315s] Level 1:colcon.colcon_core.package_discovery:discover_packages(colcon_meta) check parameters
[4.316s] Level 1:colcon.colcon_core.package_discovery:discover_packages(recursive) check parameters
[4.316s] Level 1:colcon.colcon_core.package_discovery:discover_packages(ignore) check parameters
[4.316s] Level 1:colcon.colcon_core.package_discovery:discover_packages(path) check parameters
[4.316s] Level 1:colcon.colcon_core.package_discovery:discover_packages(colcon_meta) discover
[4.316s] Level 1:colcon.colcon_core.package_discovery:discover_packages(recursive) discover
[4.316s] INFO:colcon.colcon_core.package_discovery:Crawling recursively for packages in '/home/papasav/robot_ws'
[4.317s] Level 1:colcon.colcon_core.package_identification:_identify(.) by extensions ['ignore', 'ignore_ament_install']
[4.317s] Level 1:colcon.colcon_core.package_identification:_identify(.) by extension 'ignore'
[4.317s] Level 1:colcon.colcon_core.package_identification:_identify(.) by extension 'ignore_ament_install'
[4.318s] Level 1:colcon.colcon_core.package_identification:_identify(.) by extensions ['colcon_pkg']
[4.318s] Level 1:colcon.colcon_core.package_identification:_identify(.) by extension 'colcon_pkg'
[4.318s] Level 1:colcon.colcon_core.package_identification:_identify(.) by extensions ['colcon_meta']
[4.318s] Level 1:colcon.colcon_core.package_identification:_identify(.) by extension 'colcon_meta'
[4.318s] Level 1:colcon.colcon_core.package_identification:_identify(.) by extensions ['ros']
[4.318s] Level 1:colcon.colcon_core.package_identification:_identify(.) by extension 'ros'
[4.364s] Level 1:colcon.colcon_core.package_identification:_identify(.) by extensions ['cmake', 'python']
[4.365s] Level 1:colcon.colcon_core.package_identification:_identify(.) by extension 'cmake'
[4.365s] Level 1:colcon.colcon_core.package_identification:_identify(.) by extension 'python'
[4.365s] Level 1:colcon.colcon_core.package_identification:_identify(.) by extensions ['python_setup_py']
[4.365s] Level 1:colcon.colcon_core.package_identification:_identify(.) by extension 'python_setup_py'
[4.366s] Level 1:colcon.colcon_core.package_identification:_identify(build) by extensions ['ignore', 'ignore_ament_install']
[4.366s] Level 1:colcon.colcon_core.package_identification:_identify(build) by extension 'ignore'
[4.366s] Level 1:colcon.colcon_core.package_identification:_identify(build) ignored
[4.367s] Level 1:colcon.colcon_core.package_identification:_identify(install) by extensions ['ignore', 'ignore_ament_install']
[4.367s] Level 1:colcon.colcon_core.package_identification:_identify(install) by extension 'ignore'
[4.367s] Level 1:colcon.colcon_core.package_identification:_identify(install) ignored
[4.368s] Level 1:colcon.colcon_core.package_identification:_identify(log) by extensions ['ignore', 'ignore_ament_install']
[4.368s] Level 1:colcon.colcon_core.package_identification:_identify(log) by extension 'ignore'
[4.368s] Level 1:colcon.colcon_core.package_identification:_identify(log) ignored
[4.369s] Level 1:colcon.colcon_core.package_identification:_identify(src) by extensions ['ignore', 'ignore_ament_install']
[4.369s] Level 1:colcon.colcon_core.package_identification:_identify(src) by extension 'ignore'
[4.369s] Level 1:colcon.colcon_core.package_identification:_identify(src) by extension 'ignore_ament_install'
[4.369s] Level 1:colcon.colcon_core.package_identification:_identify(src) by extensions ['colcon_pkg']
[4.370s] Level 1:colcon.colcon_core.package_identification:_identify(src) by extension 'colcon_pkg'
[4.370s] Level 1:colcon.colcon_core.package_identification:_identify(src) by extensions ['colcon_meta']
[4.370s] Level 1:colcon.colcon_core.package_identification:_identify(src) by extension 'colcon_meta'
[4.370s] Level 1:colcon.colcon_core.package_identification:_identify(src) by extensions ['ros']
[4.370s] Level 1:colcon.colcon_core.package_identification:_identify(src) by extension 'ros'
[4.371s] Level 1:colcon.colcon_core.package_identification:_identify(src) by extensions ['cmake', 'python']
[4.371s] Level 1:colcon.colcon_core.package_identification:_identify(src) by extension 'cmake'
[4.371s] Level 1:colcon.colcon_core.package_identification:_identify(src) by extension 'python'
[4.371s] Level 1:colcon.colcon_core.package_identification:_identify(src) by extensions ['python_setup_py']
[4.371s] Level 1:colcon.colcon_core.package_identification:_identify(src) by extension 'python_setup_py'
[4.384s] Level 1:colcon.colcon_core.package_identification:_identify(src/robot_bringup) by extensions ['ignore', 'ignore_ament_install']
[4.384s] Level 1:colcon.colcon_core.package_identification:_identify(src/robot_bringup) by extension 'ignore'
[4.385s] Level 1:colcon.colcon_core.package_identification:_identify(src/robot_bringup) by extension 'ignore_ament_install'
[4.385s] Level 1:colcon.colcon_core.package_identification:_identify(src/robot_bringup) by extensions ['colcon_pkg']
[4.385s] Level 1:colcon.colcon_core.package_identification:_identify(src/robot_bringup) by extension 'colcon_pkg'
[4.385s] Level 1:colcon.colcon_core.package_identification:_identify(src/robot_bringup) by extensions ['colcon_meta']
[4.385s] Level 1:colcon.colcon_core.package_identification:_identify(src/robot_bringup) by extension 'colcon_meta'
[4.386s] Level 1:colcon.colcon_core.package_identification:_identify(src/robot_bringup) by extensions ['ros']
[4.386s] Level 1:colcon.colcon_core.package_identification:_identify(src/robot_bringup) by extension 'ros'
[4.452s] DEBUG:colcon.colcon_core.package_identification:Package 'src/robot_bringup' with type 'ros.ament_python' and name 'robot_bringup'
[4.452s] Level 1:colcon.colcon_core.package_identification:_identify(src/tb3_description) by extensions ['ignore', 'ignore_ament_install']
[4.453s] Level 1:colcon.colcon_core.package_identification:_identify(src/tb3_description) by extension 'ignore'
[4.453s] Level 1:colcon.colcon_core.package_identification:_identify(src/tb3_description) by extension 'ignore_ament_install'
[4.453s] Level 1:colcon.colcon_core.package_identification:_identify(src/tb3_description) by extensions ['colcon_pkg']
[4.453s] Level 1:colcon.colcon_core.package_identification:_identify(src/tb3_description) by extension 'colcon_pkg'
[4.454s] Level 1:colcon.colcon_core.package_identification:_identify(src/tb3_description) by extensions ['colcon_meta']
[4.454s] Level 1:colcon.colcon_core.package_identification:_identify(src/tb3_description) by extension 'colcon_meta'
[4.454s] Level 1:colcon.colcon_core.package_identification:_identify(src/tb3_description) by extensions ['ros']
[4.454s] Level 1:colcon.colcon_core.package_identification:_identify(src/tb3_description) by extension 'ros'
[4.456s] DEBUG:colcon.colcon_core.package_identification:Package 'src/tb3_description' with type 'ros.ament_python' and name 'tb3_description'
[4.457s] Level 1:colcon.colcon_core.package_identification:_identify(src/tb3_teleop) by extensions ['ignore', 'ignore_ament_install']
[4.458s] Level 1:colcon.colcon_core.package_identification:_identify(src/tb3_teleop) by extension 'ignore'
[4.458s] Level 1:colcon.colcon_core.package_identification:_identify(src/tb3_teleop) by extension 'ignore_ament_install'
[4.458s] Level 1:colcon.colcon_core.package_identification:_identify(src/tb3_teleop) by extensions ['colcon_pkg']
[4.458s] Level 1:colcon.colcon_core.package_identification:_identify(src/tb3_teleop) by extension 'colcon_pkg'
[4.458s] Level 1:colcon.colcon_core.package_identification:_identify(src/tb3_teleop) by extensions ['colcon_meta']
[4.459s] Level 1:colcon.colcon_core.package_identification:_identify(src/tb3_teleop) by extension 'colcon_meta'
[4.459s] Level 1:colcon.colcon_core.package_identification:_identify(src/tb3_teleop) by extensions ['ros']
[4.459s] Level 1:colcon.colcon_core.package_identification:_identify(src/tb3_teleop) by extension 'ros'
[4.462s] DEBUG:colcon.colcon_core.package_identification:Package 'src/tb3_teleop' with type 'ros.ament_python' and name 'tb3_teleop'
[4.462s] Level 1:colcon.colcon_core.package_identification:_identify(src/tf_listner) by extensions ['ignore', 'ignore_ament_install']
[4.463s] Level 1:colcon.colcon_core.package_identification:_identify(src/tf_listner) by extension 'ignore'
[4.463s] Level 1:colcon.colcon_core.package_identification:_identify(src/tf_listner) by extension 'ignore_ament_install'
[4.463s] Level 1:colcon.colcon_core.package_identification:_identify(src/tf_listner) by extensions ['colcon_pkg']
[4.463s] Level 1:colcon.colcon_core.package_identification:_identify(src/tf_listner) by extension 'colcon_pkg'
[4.463s] Level 1:colcon.colcon_core.package_identification:_identify(src/tf_listner) by extensions ['colcon_meta']
[4.464s] Level 1:colcon.colcon_core.package_identification:_identify(src/tf_listner) by extension 'colcon_meta'
[4.464s] Level 1:colcon.colcon_core.package_identification:_identify(src/tf_listner) by extensions ['ros']
[4.464s] Level 1:colcon.colcon_core.package_identification:_identify(src/tf_listner) by extension 'ros'
[4.466s] DEBUG:colcon.colcon_core.package_identification:Package 'src/tf_listner' with type 'ros.ament_python' and name 'tf_listner'
[4.466s] Level 1:colcon.colcon_core.package_discovery:discover_packages(recursive) using defaults
[4.467s] Level 1:colcon.colcon_core.package_discovery:discover_packages(ignore) discover
[4.467s] Level 1:colcon.colcon_core.package_discovery:discover_packages(ignore) using defaults
[4.467s] Level 1:colcon.colcon_core.package_discovery:discover_packages(path) discover
[4.467s] Level 1:colcon.colcon_core.package_discovery:discover_packages(path) using defaults
[4.696s] Level 1:colcon.colcon_core.package_discovery:discover_packages(prefix_path) check parameters
[4.696s] Level 1:colcon.colcon_core.package_discovery:discover_packages(prefix_path) discover
[4.702s] DEBUG:colcon.colcon_installed_package_information.package_discovery:Found 4 installed packages in /home/papasav/robot_ws/install
[4.705s] DEBUG:colcon.colcon_installed_package_information.package_discovery:Found 280 installed packages in /opt/ros/humble
[4.709s] Level 1:colcon.colcon_core.package_discovery:discover_packages(prefix_path) using defaults
[4.803s] Level 5:colcon.colcon_core.verb:set package 'robot_bringup' build argument 'cmake_args' from command line to 'None'
[4.803s] Level 5:colcon.colcon_core.verb:set package 'robot_bringup' build argument 'cmake_target' from command line to 'None'
[4.803s] Level 5:colcon.colcon_core.verb:set package 'robot_bringup' build argument 'cmake_target_skip_unavailable' from command line to 'False'
[4.803s] Level 5:colcon.colcon_core.verb:set package 'robot_bringup' build argument 'cmake_clean_cache' from command line to 'False'
[4.803s] Level 5:colcon.colcon_core.verb:set package 'robot_bringup' build argument 'cmake_clean_first' from command line to 'False'
[4.803s] Level 5:colcon.colcon_core.verb:set package 'robot_bringup' build argument 'cmake_force_configure' from command line to 'False'
[4.803s] Level 5:colcon.colcon_core.verb:set package 'robot_bringup' build argument 'ament_cmake_args' from command line to 'None'
[4.804s] Level 5:colcon.colcon_core.verb:set package 'robot_bringup' build argument 'catkin_cmake_args' from command line to 'None'
[4.804s] Level 5:colcon.colcon_core.verb:set package 'robot_bringup' build argument 'catkin_skip_building_tests' from command line to 'False'
[4.804s] DEBUG:colcon.colcon_core.verb:Building package 'robot_bringup' with the following arguments: {'ament_cmake_args': None, 'build_base': '/home/papasav/robot_ws/build/robot_bringup', 'catkin_cmake_args': None, 'catkin_skip_building_tests': False, 'cmake_args': None, 'cmake_clean_cache': False, 'cmake_clean_first': False, 'cmake_force_configure': False, 'cmake_target': None, 'cmake_target_skip_unavailable': False, 'install_base': '/home/papasav/robot_ws/install/robot_bringup', 'merge_install': False, 'path': '/home/papasav/robot_ws/src/robot_bringup', 'symlink_install': False, 'test_result_base': None}
[4.805s] Level 5:colcon.colcon_core.verb:set package 'tb3_description' build argument 'cmake_args' from command line to 'None'
[4.805s] Level 5:colcon.colcon_core.verb:set package 'tb3_description' build argument 'cmake_target' from command line to 'None'
[4.805s] Level 5:colcon.colcon_core.verb:set package 'tb3_description' build argument 'cmake_target_skip_unavailable' from command line to 'False'
[4.805s] Level 5:colcon.colcon_core.verb:set package 'tb3_description' build argument 'cmake_clean_cache' from command line to 'False'
[4.805s] Level 5:colcon.colcon_core.verb:set package 'tb3_description' build argument 'cmake_clean_first' from command line to 'False'
[4.805s] Level 5:colcon.colcon_core.verb:set package 'tb3_description' build argument 'cmake_force_configure' from command line to 'False'
[4.805s] Level 5:colcon.colcon_core.verb:set package 'tb3_description' build argument 'ament_cmake_args' from command line to 'None'
[4.805s] Level 5:colcon.colcon_core.verb:set package 'tb3_description' build argument 'catkin_cmake_args' from command line to 'None'
[4.805s] Level 5:colcon.colcon_core.verb:set package 'tb3_description' build argument 'catkin_skip_building_tests' from command line to 'False'
[4.805s] DEBUG:colcon.colcon_core.verb:Building package 'tb3_description' with the following arguments: {'ament_cmake_args': None, 'build_base': '/home/papasav/robot_ws/build/tb3_description', 'catkin_cmake_args': None, 'catkin_skip_building_tests': False, 'cmake_args': None, 'cmake_clean_cache': False, 'cmake_clean_first': False, 'cmake_force_configure': False, 'cmake_target': None, 'cmake_target_skip_unavailable': False, 'install_base': '/home/papasav/robot_ws/install/tb3_description', 'merge_install': False, 'path': '/home/papasav/robot_ws/src/tb3_description', 'symlink_install': False, 'test_result_base': None}
[4.806s] Level 5:colcon.colcon_core.verb:set package 'tb3_teleop' build argument 'cmake_args' from command line to 'None'
[4.806s] Level 5:colcon.colcon_core.verb:set package 'tb3_teleop' build argument 'cmake_target' from command line to 'None'
[4.806s] Level 5:colcon.colcon_core.verb:set package 'tb3_teleop' build argument 'cmake_target_skip_unavailable' from command line to 'False'
[4.806s] Level 5:colcon.colcon_core.verb:set package 'tb3_teleop' build argument 'cmake_clean_cache' from command line to 'False'
[4.806s] Level 5:colcon.colcon_core.verb:set package 'tb3_teleop' build argument 'cmake_clean_first' from command line to 'False'
[4.807s] Level 5:colcon.colcon_core.verb:set package 'tb3_teleop' build argument 'cmake_force_configure' from command line to 'False'
[4.807s] Level 5:colcon.colcon_core.verb:set package 'tb3_teleop' build argument 'ament_cmake_args' from command line to 'None'
[4.807s] Level 5:colcon.colcon_core.verb:set package 'tb3_teleop' build argument 'catkin_cmake_args' from command line to 'None'
[4.807s] Level 5:colcon.colcon_core.verb:set package 'tb3_teleop' build argument 'catkin_skip_building_tests' from command line to 'False'
[4.807s] DEBUG:colcon.colcon_core.verb:Building package 'tb3_teleop' with the following arguments: {'ament_cmake_args': None, 'build_base': '/home/papasav/robot_ws/build/tb3_teleop', 'catkin_cmake_args': None, 'catkin_skip_building_tests': False, 'cmake_args': None, 'cmake_clean_cache': False, 'cmake_clean_first': False, 'cmake_force_configure': False, 'cmake_target': None, 'cmake_target_skip_unavailable': False, 'install_base': '/home/papasav/robot_ws/install/tb3_teleop', 'merge_install': False, 'path': '/home/papasav/robot_ws/src/tb3_teleop', 'symlink_install': False, 'test_result_base': None}
[4.808s] Level 5:colcon.colcon_core.verb:set package 'tf_listner' build argument 'cmake_args' from command line to 'None'
[4.808s] Level 5:colcon.colcon_core.verb:set package 'tf_listner' build argument 'cmake_target' from command line to 'None'
[4.808s] Level 5:colcon.colcon_core.verb:set package 'tf_listner' build argument 'cmake_target_skip_unavailable' from command line to 'False'
[4.808s] Level 5:colcon.colcon_core.verb:set package 'tf_listner' build argument 'cmake_clean_cache' from command line to 'False'
[4.808s] Level 5:colcon.colcon_core.verb:set package 'tf_listner' build argument 'cmake_clean_first' from command line to 'False'
[4.808s] Level 5:colcon.colcon_core.verb:set package 'tf_listner' build argument 'cmake_force_configure' from command line to 'False'
[4.808s] Level 5:colcon.colcon_core.verb:set package 'tf_listner' build argument 'ament_cmake_args' from command line to 'None'
[4.808s] Level 5:colcon.colcon_core.verb:set package 'tf_listner' build argument 'catkin_cmake_args' from command line to 'None'
[4.808s] Level 5:colcon.colcon_core.verb:set package 'tf_listner' build argument 'catkin_skip_building_tests' from command line to 'False'
[4.808s] DEBUG:colcon.colcon_core.verb:Building package 'tf_listner' with the following arguments: {'ament_cmake_args': None, 'build_base': '/home/papasav/robot_ws/build/tf_listner', 'catkin_cmake_args': None, 'catkin_skip_building_tests': False, 'cmake_args': None, 'cmake_clean_cache': False, 'cmake_clean_first': False, 'cmake_force_configure': False, 'cmake_target': None, 'cmake_target_skip_unavailable': False, 'install_base': '/home/papasav/robot_ws/install/tf_listner', 'merge_install': False, 'path': '/home/papasav/robot_ws/src/tf_listner', 'symlink_install': False, 'test_result_base': None}
[4.809s] INFO:colcon.colcon_core.executor:Executing jobs using 'parallel' executor
[4.811s] DEBUG:colcon.colcon_parallel_executor.executor.parallel:run_until_complete
[4.811s] INFO:colcon.colcon_ros.task.ament_python.build:Building ROS package in '/home/papasav/robot_ws/src/robot_bringup' with build type 'ament_python'
[4.812s] Level 1:colcon.colcon_core.shell:create_environment_hook('robot_bringup', 'ament_prefix_path')
[4.830s] INFO:colcon.colcon_core.plugin_system:Skipping extension 'colcon_core.shell.bat': Not used on non-Windows systems
[4.831s] INFO:colcon.colcon_core.shell:Creating environment hook '/home/papasav/robot_ws/install/robot_bringup/share/robot_bringup/hook/ament_prefix_path.ps1'
[4.847s] INFO:colcon.colcon_core.shell:Creating environment descriptor '/home/papasav/robot_ws/install/robot_bringup/share/robot_bringup/hook/ament_prefix_path.dsv'
[4.863s] INFO:colcon.colcon_core.shell:Creating environment hook '/home/papasav/robot_ws/install/robot_bringup/share/robot_bringup/hook/ament_prefix_path.sh'
[4.866s] INFO:colcon.colcon_core.shell:Skip shell extension 'powershell' for command environment: Not usable outside of PowerShell
[4.866s] DEBUG:colcon.colcon_core.shell:Skip shell extension 'dsv' for command environment
[4.885s] INFO:colcon.colcon_ros.task.ament_python.build:Building ROS package in '/home/papasav/robot_ws/src/tb3_description' with build type 'ament_python'
[4.886s] Level 1:colcon.colcon_core.shell:create_environment_hook('tb3_description', 'ament_prefix_path')
[4.887s] INFO:colcon.colcon_core.shell:Creating environment hook '/home/papasav/robot_ws/install/tb3_description/share/tb3_description/hook/ament_prefix_path.ps1'
[4.889s] INFO:colcon.colcon_core.shell:Creating environment descriptor '/home/papasav/robot_ws/install/tb3_description/share/tb3_description/hook/ament_prefix_path.dsv'
[4.890s] INFO:colcon.colcon_core.shell:Creating environment hook '/home/papasav/robot_ws/install/tb3_description/share/tb3_description/hook/ament_prefix_path.sh'
[4.891s] INFO:colcon.colcon_core.shell:Skip shell extension 'powershell' for command environment: Not usable outside of PowerShell
[4.891s] DEBUG:colcon.colcon_core.shell:Skip shell extension 'dsv' for command environment
[5.580s] INFO:colcon.colcon_core.task.python.build:Building Python package in '/home/papasav/robot_ws/src/robot_bringup'
[5.581s] INFO:colcon.colcon_core.shell:Skip shell extension 'powershell' for command environment: Not usable outside of PowerShell
[5.581s] DEBUG:colcon.colcon_core.shell:Skip shell extension 'dsv' for command environment
[6.225s] INFO:colcon.colcon_core.task.python.build:Building Python package in '/home/papasav/robot_ws/src/tb3_description'
[6.225s] INFO:colcon.colcon_core.shell:Skip shell extension 'powershell' for command environment: Not usable outside of PowerShell
[6.225s] DEBUG:colcon.colcon_core.shell:Skip shell extension 'dsv' for command environment
[9.078s] DEBUG:colcon.colcon_core.event_handler.log_command:Invoking command in '/home/papasav/robot_ws/src/robot_bringup': PYTHONPATH=/home/papasav/robot_ws/build/robot_bringup/prefix_override:/home/papasav/robot_ws/install/robot_bringup/lib/python3.10/site-packages:${PYTHONPATH} /usr/bin/python3 -W ignore:setup.py install is deprecated setup.py egg_info --egg-base ../../build/robot_bringup build --build-base /home/papasav/robot_ws/build/robot_bringup/build install --record /home/papasav/robot_ws/build/robot_bringup/install.log --single-version-externally-managed install_data
[9.085s] DEBUG:colcon.colcon_core.event_handler.log_command:Invoking command in '/home/papasav/robot_ws/src/tb3_description': PYTHONPATH=/home/papasav/robot_ws/build/tb3_description/prefix_override:/home/papasav/robot_ws/install/tb3_description/lib/python3.10/site-packages:${PYTHONPATH} /usr/bin/python3 -W ignore:setup.py install is deprecated setup.py egg_info --egg-base ../../build/tb3_description build --build-base /home/papasav/robot_ws/build/tb3_description/build install --record /home/papasav/robot_ws/build/tb3_description/install.log --single-version-externally-managed install_data
[10.081s] DEBUG:colcon.colcon_core.event_handler.log_command:Invoked command in '/home/papasav/robot_ws/src/robot_bringup' returned '0': PYTHONPATH=/home/papasav/robot_ws/build/robot_bringup/prefix_override:/home/papasav/robot_ws/install/robot_bringup/lib/python3.10/site-packages:${PYTHONPATH} /usr/bin/python3 -W ignore:setup.py install is deprecated setup.py egg_info --egg-base ../../build/robot_bringup build --build-base /home/papasav/robot_ws/build/robot_bringup/build install --record /home/papasav/robot_ws/build/robot_bringup/install.log --single-version-externally-managed install_data
[10.151s] Level 1:colcon.colcon_core.environment:checking '/home/papasav/robot_ws/install/robot_bringup' for CMake module files
[10.153s] Level 1:colcon.colcon_core.environment:checking '/home/papasav/robot_ws/install/robot_bringup' for CMake config files
[10.162s] Level 1:colcon.colcon_core.environment:checking '/home/papasav/robot_ws/install/robot_bringup/lib'
[10.163s] Level 1:colcon.colcon_core.environment:checking '/home/papasav/robot_ws/install/robot_bringup/bin'
[10.163s] Level 1:colcon.colcon_core.environment:checking '/home/papasav/robot_ws/install/robot_bringup/lib/pkgconfig/robot_bringup.pc'
[10.164s] Level 1:colcon.colcon_core.environment:checking '/home/papasav/robot_ws/install/robot_bringup/lib/python3.10/site-packages'
[10.164s] Level 1:colcon.colcon_core.shell:create_environment_hook('robot_bringup', 'pythonpath')
[10.164s] INFO:colcon.colcon_core.shell:Creating environment hook '/home/papasav/robot_ws/install/robot_bringup/share/robot_bringup/hook/pythonpath.ps1'
[10.166s] INFO:colcon.colcon_core.shell:Creating environment descriptor '/home/papasav/robot_ws/install/robot_bringup/share/robot_bringup/hook/pythonpath.dsv'
[10.167s] INFO:colcon.colcon_core.shell:Creating environment hook '/home/papasav/robot_ws/install/robot_bringup/share/robot_bringup/hook/pythonpath.sh'
[10.168s] Level 1:colcon.colcon_core.environment:checking '/home/papasav/robot_ws/install/robot_bringup/bin'
[10.168s] Level 1:colcon.colcon_core.environment:create_environment_scripts_only(robot_bringup)
[10.169s] INFO:colcon.colcon_core.shell:Creating package script '/home/papasav/robot_ws/install/robot_bringup/share/robot_bringup/package.ps1'
[10.179s] INFO:colcon.colcon_core.shell:Creating package descriptor '/home/papasav/robot_ws/install/robot_bringup/share/robot_bringup/package.dsv'
[10.185s] INFO:colcon.colcon_core.shell:Creating package script '/home/papasav/robot_ws/install/robot_bringup/share/robot_bringup/package.sh'
[10.187s] INFO:colcon.colcon_core.shell:Creating package script '/home/papasav/robot_ws/install/robot_bringup/share/robot_bringup/package.bash'
[10.190s] INFO:colcon.colcon_core.shell:Creating package script '/home/papasav/robot_ws/install/robot_bringup/share/robot_bringup/package.zsh'
[10.216s] Level 1:colcon.colcon_core.environment:create_file_with_runtime_dependencies(/home/papasav/robot_ws/install/robot_bringup/share/colcon-core/packages/robot_bringup)
[10.219s] INFO:colcon.colcon_ros.task.ament_python.build:Building ROS package in '/home/papasav/robot_ws/src/tb3_teleop' with build type 'ament_python'
[10.219s] Level 1:colcon.colcon_core.shell:create_environment_hook('tb3_teleop', 'ament_prefix_path')
[10.220s] INFO:colcon.colcon_core.shell:Creating environment hook '/home/papasav/robot_ws/install/tb3_teleop/share/tb3_teleop/hook/ament_prefix_path.ps1'
[10.224s] INFO:colcon.colcon_core.shell:Creating environment descriptor '/home/papasav/robot_ws/install/tb3_teleop/share/tb3_teleop/hook/ament_prefix_path.dsv'
[10.225s] INFO:colcon.colcon_core.shell:Creating environment hook '/home/papasav/robot_ws/install/tb3_teleop/share/tb3_teleop/hook/ament_prefix_path.sh'
[10.228s] INFO:colcon.colcon_core.shell:Skip shell extension 'powershell' for command environment: Not usable outside of PowerShell
[10.228s] DEBUG:colcon.colcon_core.shell:Skip shell extension 'dsv' for command environment
[10.243s] Level 1:colcon.colcon_core.environment:checking '/home/papasav/robot_ws/install/tb3_description' for CMake module files
[10.246s] DEBUG:colcon.colcon_core.event_handler.log_command:Invoked command in '/home/papasav/robot_ws/src/tb3_description' returned '0': PYTHONPATH=/home/papasav/robot_ws/build/tb3_description/prefix_override:/home/papasav/robot_ws/install/tb3_description/lib/python3.10/site-packages:${PYTHONPATH} /usr/bin/python3 -W ignore:setup.py install is deprecated setup.py egg_info --egg-base ../../build/tb3_description build --build-base /home/papasav/robot_ws/build/tb3_description/build install --record /home/papasav/robot_ws/build/tb3_description/install.log --single-version-externally-managed install_data
[10.249s] Level 1:colcon.colcon_core.environment:checking '/home/papasav/robot_ws/install/tb3_description' for CMake config files
[10.269s] Level 1:colcon.colcon_core.environment:checking '/home/papasav/robot_ws/install/tb3_description/lib'
[10.269s] Level 1:colcon.colcon_core.environment:checking '/home/papasav/robot_ws/install/tb3_description/bin'
[10.270s] Level 1:colcon.colcon_core.environment:checking '/home/papasav/robot_ws/install/tb3_description/lib/pkgconfig/tb3_description.pc'
[10.270s] Level 1:colcon.colcon_core.environment:checking '/home/papasav/robot_ws/install/tb3_description/lib/python3.10/site-packages'
[10.270s] Level 1:colcon.colcon_core.shell:create_environment_hook('tb3_description', 'pythonpath')
[10.271s] INFO:colcon.colcon_core.shell:Creating environment hook '/home/papasav/robot_ws/install/tb3_description/share/tb3_description/hook/pythonpath.ps1'
[10.272s] INFO:colcon.colcon_core.shell:Creating environment descriptor '/home/papasav/robot_ws/install/tb3_description/share/tb3_description/hook/pythonpath.dsv'
[10.273s] INFO:colcon.colcon_core.shell:Creating environment hook '/home/papasav/robot_ws/install/tb3_description/share/tb3_description/hook/pythonpath.sh'
[10.274s] Level 1:colcon.colcon_core.environment:checking '/home/papasav/robot_ws/install/tb3_description/bin'
[10.275s] Level 1:colcon.colcon_core.environment:create_environment_scripts_only(tb3_description)
[10.275s] INFO:colcon.colcon_core.shell:Creating package script '/home/papasav/robot_ws/install/tb3_description/share/tb3_description/package.ps1'
[10.277s] INFO:colcon.colcon_core.shell:Creating package descriptor '/home/papasav/robot_ws/install/tb3_description/share/tb3_description/package.dsv'
[10.280s] INFO:colcon.colcon_core.shell:Creating package script '/home/papasav/robot_ws/install/tb3_description/share/tb3_description/package.sh'
[10.281s] INFO:colcon.colcon_core.shell:Creating package script '/home/papasav/robot_ws/install/tb3_description/share/tb3_description/package.bash'
[10.283s] INFO:colcon.colcon_core.shell:Creating package script '/home/papasav/robot_ws/install/tb3_description/share/tb3_description/package.zsh'
[10.284s] Level 1:colcon.colcon_core.environment:create_file_with_runtime_dependencies(/home/papasav/robot_ws/install/tb3_description/share/colcon-core/packages/tb3_description)
[10.286s] INFO:colcon.colcon_ros.task.ament_python.build:Building ROS package in '/home/papasav/robot_ws/src/tf_listner' with build type 'ament_python'
[10.286s] Level 1:colcon.colcon_core.shell:create_environment_hook('tf_listner', 'ament_prefix_path')
[10.287s] INFO:colcon.colcon_core.shell:Creating environment hook '/home/papasav/robot_ws/install/tf_listner/share/tf_listner/hook/ament_prefix_path.ps1'
[10.288s] INFO:colcon.colcon_core.shell:Creating environment descriptor '/home/papasav/robot_ws/install/tf_listner/share/tf_listner/hook/ament_prefix_path.dsv'
[10.289s] INFO:colcon.colcon_core.shell:Creating environment hook '/home/papasav/robot_ws/install/tf_listner/share/tf_listner/hook/ament_prefix_path.sh'
[10.291s] INFO:colcon.colcon_core.shell:Skip shell extension 'powershell' for command environment: Not usable outside of PowerShell
[10.291s] DEBUG:colcon.colcon_core.shell:Skip shell extension 'dsv' for command environment
[10.949s] INFO:colcon.colcon_core.task.python.build:Building Python package in '/home/papasav/robot_ws/src/tb3_teleop'
[10.949s] INFO:colcon.colcon_core.shell:Skip shell extension 'powershell' for command environment: Not usable outside of PowerShell
[10.949s] DEBUG:colcon.colcon_core.shell:Skip shell extension 'dsv' for command environment
[11.560s] INFO:colcon.colcon_core.task.python.build:Building Python package in '/home/papasav/robot_ws/src/tf_listner'
[11.561s] INFO:colcon.colcon_core.shell:Skip shell extension 'powershell' for command environment: Not usable outside of PowerShell
[11.561s] DEBUG:colcon.colcon_core.shell:Skip shell extension 'dsv' for command environment
[12.997s] DEBUG:colcon.colcon_core.event_handler.log_command:Invoking command in '/home/papasav/robot_ws/src/tf_listner': PYTHONPATH=/home/papasav/robot_ws/build/tf_listner/prefix_override:/home/papasav/robot_ws/install/tf_listner/lib/python3.10/site-packages:${PYTHONPATH} /usr/bin/python3 -W ignore:setup.py install is deprecated setup.py egg_info --egg-base ../../build/tf_listner build --build-base /home/papasav/robot_ws/build/tf_listner/build install --record /home/papasav/robot_ws/build/tf_listner/install.log --single-version-externally-managed install_data
[13.017s] DEBUG:colcon.colcon_core.event_handler.log_command:Invoking command in '/home/papasav/robot_ws/src/tb3_teleop': PYTHONPATH=/home/papasav/robot_ws/build/tb3_teleop/prefix_override:/home/papasav/robot_ws/install/tb3_teleop/lib/python3.10/site-packages:${PYTHONPATH} /usr/bin/python3 -W ignore:setup.py install is deprecated setup.py egg_info --egg-base ../../build/tb3_teleop build --build-base /home/papasav/robot_ws/build/tb3_teleop/build install --record /home/papasav/robot_ws/build/tb3_teleop/install.log --single-version-externally-managed install_data
[14.001s] Level 1:colcon.colcon_core.environment:checking '/home/papasav/robot_ws/install/tf_listner' for CMake module files
[14.003s] Level 1:colcon.colcon_core.environment:checking '/home/papasav/robot_ws/install/tf_listner' for CMake config files
[14.005s] Level 1:colcon.colcon_core.environment:checking '/home/papasav/robot_ws/install/tf_listner/lib'
[14.002s] DEBUG:colcon.colcon_core.event_handler.log_command:Invoked command in '/home/papasav/robot_ws/src/tf_listner' returned '0': PYTHONPATH=/home/papasav/robot_ws/build/tf_listner/prefix_override:/home/papasav/robot_ws/install/tf_listner/lib/python3.10/site-packages:${PYTHONPATH} /usr/bin/python3 -W ignore:setup.py install is deprecated setup.py egg_info --egg-base ../../build/tf_listner build --build-base /home/papasav/robot_ws/build/tf_listner/build install --record /home/papasav/robot_ws/build/tf_listner/install.log --single-version-externally-managed install_data
[14.006s] Level 1:colcon.colcon_core.environment:checking '/home/papasav/robot_ws/install/tf_listner/bin'
[14.006s] Level 1:colcon.colcon_core.environment:checking '/home/papasav/robot_ws/install/tf_listner/lib/pkgconfig/tf_listner.pc'
[14.007s] Level 1:colcon.colcon_core.environment:checking '/home/papasav/robot_ws/install/tf_listner/lib/python3.10/site-packages'
[14.007s] Level 1:colcon.colcon_core.shell:create_environment_hook('tf_listner', 'pythonpath')
[14.008s] INFO:colcon.colcon_core.shell:Creating environment hook '/home/papasav/robot_ws/install/tf_listner/share/tf_listner/hook/pythonpath.ps1'
[14.010s] INFO:colcon.colcon_core.shell:Creating environment descriptor '/home/papasav/robot_ws/install/tf_listner/share/tf_listner/hook/pythonpath.dsv'
[14.011s] INFO:colcon.colcon_core.shell:Creating environment hook '/home/papasav/robot_ws/install/tf_listner/share/tf_listner/hook/pythonpath.sh'
[14.013s] Level 1:colcon.colcon_core.environment:checking '/home/papasav/robot_ws/install/tf_listner/bin'
[14.013s] Level 1:colcon.colcon_core.environment:create_environment_scripts_only(tf_listner)
[14.014s] INFO:colcon.colcon_core.shell:Creating package script '/home/papasav/robot_ws/install/tf_listner/share/tf_listner/package.ps1'
[14.016s] INFO:colcon.colcon_core.shell:Creating package descriptor '/home/papasav/robot_ws/install/tf_listner/share/tf_listner/package.dsv'
[14.018s] INFO:colcon.colcon_core.shell:Creating package script '/home/papasav/robot_ws/install/tf_listner/share/tf_listner/package.sh'
[14.019s] INFO:colcon.colcon_core.shell:Creating package script '/home/papasav/robot_ws/install/tf_listner/share/tf_listner/package.bash'
[14.020s] INFO:colcon.colcon_core.shell:Creating package script '/home/papasav/robot_ws/install/tf_listner/share/tf_listner/package.zsh'
[14.021s] Level 1:colcon.colcon_core.environment:create_file_with_runtime_dependencies(/home/papasav/robot_ws/install/tf_listner/share/colcon-core/packages/tf_listner)
[14.025s] Level 1:colcon.colcon_core.environment:checking '/home/papasav/robot_ws/install/tb3_teleop' for CMake module files
[14.026s] DEBUG:colcon.colcon_core.event_handler.log_command:Invoked command in '/home/papasav/robot_ws/src/tb3_teleop' returned '0': PYTHONPATH=/home/papasav/robot_ws/build/tb3_teleop/prefix_override:/home/papasav/robot_ws/install/tb3_teleop/lib/python3.10/site-packages:${PYTHONPATH} /usr/bin/python3 -W ignore:setup.py install is deprecated setup.py egg_info --egg-base ../../build/tb3_teleop build --build-base /home/papasav/robot_ws/build/tb3_teleop/build install --record /home/papasav/robot_ws/build/tb3_teleop/install.log --single-version-externally-managed install_data
[14.031s] Level 1:colcon.colcon_core.environment:checking '/home/papasav/robot_ws/install/tb3_teleop' for CMake config files
[14.033s] Level 1:colcon.colcon_core.environment:checking '/home/papasav/robot_ws/install/tb3_teleop/lib'
[14.033s] Level 1:colcon.colcon_core.environment:checking '/home/papasav/robot_ws/install/tb3_teleop/bin'
[14.033s] Level 1:colcon.colcon_core.environment:checking '/home/papasav/robot_ws/install/tb3_teleop/lib/pkgconfig/tb3_teleop.pc'
[14.034s] Level 1:colcon.colcon_core.environment:checking '/home/papasav/robot_ws/install/tb3_teleop/lib/python3.10/site-packages'
[14.034s] Level 1:colcon.colcon_core.shell:create_environment_hook('tb3_teleop', 'pythonpath')
[14.035s] INFO:colcon.colcon_core.shell:Creating environment hook '/home/papasav/robot_ws/install/tb3_teleop/share/tb3_teleop/hook/pythonpath.ps1'
[14.036s] INFO:colcon.colcon_core.shell:Creating environment descriptor '/home/papasav/robot_ws/install/tb3_teleop/share/tb3_teleop/hook/pythonpath.dsv'
[14.037s] INFO:colcon.colcon_core.shell:Creating environment hook '/home/papasav/robot_ws/install/tb3_teleop/share/tb3_teleop/hook/pythonpath.sh'
[14.039s] Level 1:colcon.colcon_core.environment:checking '/home/papasav/robot_ws/install/tb3_teleop/bin'
[14.039s] Level 1:colcon.colcon_core.environment:create_environment_scripts_only(tb3_teleop)
[14.040s] INFO:colcon.colcon_core.shell:Creating package script '/home/papasav/robot_ws/install/tb3_teleop/share/tb3_teleop/package.ps1'
[14.042s] INFO:colcon.colcon_core.shell:Creating package descriptor '/home/papasav/robot_ws/install/tb3_teleop/share/tb3_teleop/package.dsv'
[14.043s] INFO:colcon.colcon_core.shell:Creating package script '/home/papasav/robot_ws/install/tb3_teleop/share/tb3_teleop/package.sh'
[14.044s] INFO:colcon.colcon_core.shell:Creating package script '/home/papasav/robot_ws/install/tb3_teleop/share/tb3_teleop/package.bash'
[14.045s] INFO:colcon.colcon_core.shell:Creating package script '/home/papasav/robot_ws/install/tb3_teleop/share/tb3_teleop/package.zsh'
[14.046s] Level 1:colcon.colcon_core.environment:create_file_with_runtime_dependencies(/home/papasav/robot_ws/install/tb3_teleop/share/colcon-core/packages/tb3_teleop)
[14.047s] DEBUG:colcon.colcon_parallel_executor.executor.parallel:closing loop
[14.048s] DEBUG:colcon.colcon_parallel_executor.executor.parallel:loop closed
[14.048s] DEBUG:colcon.colcon_parallel_executor.executor.parallel:run_until_complete finished with '0'
[14.048s] DEBUG:colcon.colcon_core.event_reactor:joining thread
[14.067s] INFO:colcon.colcon_core.plugin_system:Skipping extension 'colcon_notification.desktop_notification.terminal_notifier': Not used on non-Darwin systems
[14.068s] INFO:colcon.colcon_core.plugin_system:Skipping extension 'colcon_notification.desktop_notification.win32': Not used on non-Windows systems
[14.068s] INFO:colcon.colcon_notification.desktop_notification:Sending desktop notification using 'notify2'
[14.128s] DEBUG:colcon.colcon_core.event_reactor:joined thread
[14.129s] INFO:colcon.colcon_core.shell:Creating prefix script '/home/papasav/robot_ws/install/local_setup.ps1'
[14.132s] INFO:colcon.colcon_core.shell:Creating prefix util module '/home/papasav/robot_ws/install/_local_setup_util_ps1.py'
[14.136s] INFO:colcon.colcon_core.shell:Creating prefix chain script '/home/papasav/robot_ws/install/setup.ps1'
[14.141s] INFO:colcon.colcon_core.shell:Creating prefix script '/home/papasav/robot_ws/install/local_setup.sh'
[14.143s] INFO:colcon.colcon_core.shell:Creating prefix util module '/home/papasav/robot_ws/install/_local_setup_util_sh.py'
[14.146s] INFO:colcon.colcon_core.shell:Creating prefix chain script '/home/papasav/robot_ws/install/setup.sh'
[14.150s] INFO:colcon.colcon_core.shell:Creating prefix script '/home/papasav/robot_ws/install/local_setup.bash'
[14.152s] INFO:colcon.colcon_core.shell:Creating prefix chain script '/home/papasav/robot_ws/install/setup.bash'
[14.156s] INFO:colcon.colcon_core.shell:Creating prefix script '/home/papasav/robot_ws/install/local_setup.zsh'
[14.158s] INFO:colcon.colcon_core.shell:Creating prefix chain script '/home/papasav/robot_ws/install/setup.zsh'
