[8.236s] Invoking command in '/home/bot12/robot_ws/src/robot_bringup': PYTHONPATH=/home/bot12/robot_ws/build/robot_bringup/prefix_override:/home/bot12/robot_ws/install/robot_bringup/lib/python3.10/site-packages:${PYTHONPATH} /usr/bin/python3 -W ignore:setup.py install is deprecated setup.py egg_info --egg-base ../../build/robot_bringup build --build-base /home/bot12/robot_ws/build/robot_bringup/build install --record /home/bot12/robot_ws/build/robot_bringup/install.log --single-version-externally-managed install_data
[10.202s] running egg_info
[10.207s] writing ../../build/robot_bringup/robot_bringup.egg-info/PKG-INFO
[10.209s] writing dependency_links to ../../build/robot_bringup/robot_bringup.egg-info/dependency_links.txt
[10.210s] writing entry points to ../../build/robot_bringup/robot_bringup.egg-info/entry_points.txt
[10.212s] writing requirements to ../../build/robot_bringup/robot_bringup.egg-info/requires.txt
[10.214s] writing top-level names to ../../build/robot_bringup/robot_bringup.egg-info/top_level.txt
[10.225s] reading manifest file '../../build/robot_bringup/robot_bringup.egg-info/SOURCES.txt'
[10.234s] writing manifest file '../../build/robot_bringup/robot_bringup.egg-info/SOURCES.txt'
[10.235s] running build
[10.235s] running build_py
[10.237s] running install
[10.238s] running install_lib
[10.251s] running install_data
[10.252s] running install_egg_info
[10.261s] removing '/home/bot12/robot_ws/install/robot_bringup/lib/python3.10/site-packages/robot_bringup-0.0.0-py3.10.egg-info' (and everything under it)
[10.264s] Copying ../../build/robot_bringup/robot_bringup.egg-info to /home/bot12/robot_ws/install/robot_bringup/lib/python3.10/site-packages/robot_bringup-0.0.0-py3.10.egg-info
[10.272s] running install_scripts
[10.442s] Installing robmove script to /home/bot12/robot_ws/install/robot_bringup/lib/robot_bringup
[10.454s] writing list of installed files to '/home/bot12/robot_ws/build/robot_bringup/install.log'
[10.870s] Invoked command in '/home/bot12/robot_ws/src/robot_bringup' returned '0': PYTHONPATH=/home/bot12/robot_ws/build/robot_bringup/prefix_override:/home/bot12/robot_ws/install/robot_bringup/lib/python3.10/site-packages:${PYTHONPATH} /usr/bin/python3 -W ignore:setup.py install is deprecated setup.py egg_info --egg-base ../../build/robot_bringup build --build-base /home/bot12/robot_ws/build/robot_bringup/build install --record /home/bot12/robot_ws/build/robot_bringup/install.log --single-version-externally-managed install_data
