[10.125s] Invoking command in '/home/bot12/robot_ws/src/robot_bringup': PYTHONPATH=/home/bot12/robot_ws/build/robot_bringup/prefix_override:/home/bot12/robot_ws/install/robot_bringup/lib/python3.10/site-packages:${PYTHONPATH} /usr/bin/python3 -W ignore:setup.py install is deprecated setup.py egg_info --egg-base ../../build/robot_bringup build --build-base /home/bot12/robot_ws/build/robot_bringup/build install --record /home/bot12/robot_ws/build/robot_bringup/install.log --single-version-externally-managed install_data
[11.881s] running egg_info
[11.885s] writing ../../build/robot_bringup/robot_bringup.egg-info/PKG-INFO
[11.887s] writing dependency_links to ../../build/robot_bringup/robot_bringup.egg-info/dependency_links.txt
[11.892s] writing entry points to ../../build/robot_bringup/robot_bringup.egg-info/entry_points.txt
[11.896s] writing requirements to ../../build/robot_bringup/robot_bringup.egg-info/requires.txt
[11.899s] writing top-level names to ../../build/robot_bringup/robot_bringup.egg-info/top_level.txt
[11.916s] reading manifest file '../../build/robot_bringup/robot_bringup.egg-info/SOURCES.txt'
[11.926s] writing manifest file '../../build/robot_bringup/robot_bringup.egg-info/SOURCES.txt'
[11.927s] running build
[11.928s] running build_py
[11.931s] running install
[11.933s] running install_lib
[11.939s] running install_data
[11.941s] running install_egg_info
[11.951s] removing '/home/bot12/robot_ws/install/robot_bringup/lib/python3.10/site-packages/robot_bringup-0.0.0-py3.10.egg-info' (and everything under it)
[11.953s] Copying ../../build/robot_bringup/robot_bringup.egg-info to /home/bot12/robot_ws/install/robot_bringup/lib/python3.10/site-packages/robot_bringup-0.0.0-py3.10.egg-info
[11.962s] running install_scripts
[12.163s] Installing robmove script to /home/bot12/robot_ws/install/robot_bringup/lib/robot_bringup
[12.167s] writing list of installed files to '/home/bot12/robot_ws/build/robot_bringup/install.log'
[12.469s] Invoked command in '/home/bot12/robot_ws/src/robot_bringup' returned '0': PYTHONPATH=/home/bot12/robot_ws/build/robot_bringup/prefix_override:/home/bot12/robot_ws/install/robot_bringup/lib/python3.10/site-packages:${PYTHONPATH} /usr/bin/python3 -W ignore:setup.py install is deprecated setup.py egg_info --egg-base ../../build/robot_bringup build --build-base /home/bot12/robot_ws/build/robot_bringup/build install --record /home/bot12/robot_ws/build/robot_bringup/install.log --single-version-externally-managed install_data
