running egg_info
writing ../../build/tf_listener/tf_listener.egg-info/PKG-INFO
writing dependency_links to ../../build/tf_listener/tf_listener.egg-info/dependency_links.txt
writing entry points to ../../build/tf_listener/tf_listener.egg-info/entry_points.txt
writing requirements to ../../build/tf_listener/tf_listener.egg-info/requires.txt
writing top-level names to ../../build/tf_listener/tf_listener.egg-info/top_level.txt
reading manifest file '../../build/tf_listener/tf_listener.egg-info/SOURCES.txt'
writing manifest file '../../build/tf_listener/tf_listener.egg-info/SOURCES.txt'
running build
running build_py
copying tf_listener/tf_listener.py -> /home/papasav/robot_ws/build/tf_listener/build/lib/tf_listener
running install
running install_lib
copying /home/papasav/robot_ws/build/tf_listener/build/lib/tf_listener/tf_listener.py -> /home/papasav/robot_ws/install/tf_listener/lib/python3.10/site-packages/tf_listener
byte-compiling /home/papasav/robot_ws/install/tf_listener/lib/python3.10/site-packages/tf_listener/tf_listener.py to tf_listener.cpython-310.pyc
running install_data
running install_egg_info
removing '/home/papasav/robot_ws/install/tf_listener/lib/python3.10/site-packages/tf_listener-0.0.0-py3.10.egg-info' (and everything under it)
Copying ../../build/tf_listener/tf_listener.egg-info to /home/papasav/robot_ws/install/tf_listener/lib/python3.10/site-packages/tf_listener-0.0.0-py3.10.egg-info
running install_scripts
Installing tf_listener script to /home/papasav/robot_ws/install/tf_listener/lib/tf_listener
writing list of installed files to '/home/papasav/robot_ws/build/tf_listener/install.log'
