[7.068s] Invoking command in '/home/bot12/robot_ws/src/robot_bringup': PYTHONPATH=/home/bot12/robot_ws/build/robot_bringup/prefix_override:/home/bot12/robot_ws/install/robot_bringup/lib/python3.10/site-packages:${PYTHONPATH} /usr/bin/python3 -W ignore:setup.py install is deprecated setup.py egg_info --egg-base ../../build/robot_bringup build --build-base /home/bot12/robot_ws/build/robot_bringup/build install --record /home/bot12/robot_ws/build/robot_bringup/install.log --single-version-externally-managed install_data
[8.753s] running egg_info
[8.755s] writing ../../build/robot_bringup/robot_bringup.egg-info/PKG-INFO
[8.757s] writing dependency_links to ../../build/robot_bringup/robot_bringup.egg-info/dependency_links.txt
[8.758s] writing entry points to ../../build/robot_bringup/robot_bringup.egg-info/entry_points.txt
[8.759s] writing requirements to ../../build/robot_bringup/robot_bringup.egg-info/requires.txt
[8.760s] writing top-level names to ../../build/robot_bringup/robot_bringup.egg-info/top_level.txt
[8.773s] reading manifest file '../../build/robot_bringup/robot_bringup.egg-info/SOURCES.txt'
[8.782s] writing manifest file '../../build/robot_bringup/robot_bringup.egg-info/SOURCES.txt'
[8.783s] running build
[8.784s] running build_py
[8.785s] running install
[8.787s] running install_lib
[8.793s] running install_data
[8.804s] running install_egg_info
[8.815s] removing '/home/bot12/robot_ws/install/robot_bringup/lib/python3.10/site-packages/robot_bringup-0.0.0-py3.10.egg-info' (and everything under it)
[8.818s] Copying ../../build/robot_bringup/robot_bringup.egg-info to /home/bot12/robot_ws/install/robot_bringup/lib/python3.10/site-packages/robot_bringup-0.0.0-py3.10.egg-info
[8.826s] running install_scripts
[8.955s] Installing robmove script to /home/bot12/robot_ws/install/robot_bringup/lib/robot_bringup
[8.959s] writing list of installed files to '/home/bot12/robot_ws/build/robot_bringup/install.log'
[9.245s] Invoked command in '/home/bot12/robot_ws/src/robot_bringup' returned '0': PYTHONPATH=/home/bot12/robot_ws/build/robot_bringup/prefix_override:/home/bot12/robot_ws/install/robot_bringup/lib/python3.10/site-packages:${PYTHONPATH} /usr/bin/python3 -W ignore:setup.py install is deprecated setup.py egg_info --egg-base ../../build/robot_bringup build --build-base /home/bot12/robot_ws/build/robot_bringup/build install --record /home/bot12/robot_ws/build/robot_bringup/install.log --single-version-externally-managed install_data
