[6.791s] Invoking command in '/home/bot12/robot_ws/src/robot_bringup': PYTHONPATH=/home/bot12/robot_ws/build/robot_bringup/prefix_override:/home/bot12/robot_ws/install/robot_bringup/lib/python3.10/site-packages:${PYTHONPATH} /usr/bin/python3 -W ignore:setup.py install is deprecated setup.py egg_info --egg-base ../../build/robot_bringup build --build-base /home/bot12/robot_ws/build/robot_bringup/build install --record /home/bot12/robot_ws/build/robot_bringup/install.log --single-version-externally-managed install_data
[8.283s] running egg_info
[8.287s] writing ../../build/robot_bringup/robot_bringup.egg-info/PKG-INFO
[8.291s] writing dependency_links to ../../build/robot_bringup/robot_bringup.egg-info/dependency_links.txt
[8.293s] writing entry points to ../../build/robot_bringup/robot_bringup.egg-info/entry_points.txt
[8.294s] writing requirements to ../../build/robot_bringup/robot_bringup.egg-info/requires.txt
[8.295s] writing top-level names to ../../build/robot_bringup/robot_bringup.egg-info/top_level.txt
[8.303s] reading manifest file '../../build/robot_bringup/robot_bringup.egg-info/SOURCES.txt'
[8.310s] writing manifest file '../../build/robot_bringup/robot_bringup.egg-info/SOURCES.txt'
[8.311s] running build
[8.312s] running build_py
[8.314s] running install
[8.315s] running install_lib
[8.323s] running install_data
[8.324s] running install_egg_info
[8.332s] removing '/home/bot12/robot_ws/install/robot_bringup/lib/python3.10/site-packages/robot_bringup-0.0.0-py3.10.egg-info' (and everything under it)
[8.334s] Copying ../../build/robot_bringup/robot_bringup.egg-info to /home/bot12/robot_ws/install/robot_bringup/lib/python3.10/site-packages/robot_bringup-0.0.0-py3.10.egg-info
[8.343s] running install_scripts
[8.452s] Installing robmove script to /home/bot12/robot_ws/install/robot_bringup/lib/robot_bringup
[8.456s] writing list of installed files to '/home/bot12/robot_ws/build/robot_bringup/install.log'
[8.761s] Invoked command in '/home/bot12/robot_ws/src/robot_bringup' returned '0': PYTHONPATH=/home/bot12/robot_ws/build/robot_bringup/prefix_override:/home/bot12/robot_ws/install/robot_bringup/lib/python3.10/site-packages:${PYTHONPATH} /usr/bin/python3 -W ignore:setup.py install is deprecated setup.py egg_info --egg-base ../../build/robot_bringup build --build-base /home/bot12/robot_ws/build/robot_bringup/build install --record /home/bot12/robot_ws/build/robot_bringup/install.log --single-version-externally-managed install_data
