[7.328s] Invoking command in '/home/bot12/robot_ws/src/robot_bringup': PYTHONPATH=/home/bot12/robot_ws/build/robot_bringup/prefix_override:/home/bot12/robot_ws/install/robot_bringup/lib/python3.10/site-packages:${PYTHONPATH} /usr/bin/python3 -W ignore:setup.py install is deprecated setup.py egg_info --egg-base ../../build/robot_bringup build --build-base /home/bot12/robot_ws/build/robot_bringup/build install --record /home/bot12/robot_ws/build/robot_bringup/install.log --single-version-externally-managed install_data
[9.039s] running egg_info
[9.042s] writing ../../build/robot_bringup/robot_bringup.egg-info/PKG-INFO
[9.045s] writing dependency_links to ../../build/robot_bringup/robot_bringup.egg-info/dependency_links.txt
[9.047s] writing entry points to ../../build/robot_bringup/robot_bringup.egg-info/entry_points.txt
[9.050s] writing requirements to ../../build/robot_bringup/robot_bringup.egg-info/requires.txt
[9.051s] writing top-level names to ../../build/robot_bringup/robot_bringup.egg-info/top_level.txt
[9.063s] reading manifest file '../../build/robot_bringup/robot_bringup.egg-info/SOURCES.txt'
[9.075s] writing manifest file '../../build/robot_bringup/robot_bringup.egg-info/SOURCES.txt'
[9.076s] running build
[9.078s] running build_py
[9.079s] running install
[9.080s] running install_lib
[9.087s] running install_data
[9.099s] running install_egg_info
[9.108s] removing '/home/bot12/robot_ws/install/robot_bringup/lib/python3.10/site-packages/robot_bringup-0.0.0-py3.10.egg-info' (and everything under it)
[9.110s] Copying ../../build/robot_bringup/robot_bringup.egg-info to /home/bot12/robot_ws/install/robot_bringup/lib/python3.10/site-packages/robot_bringup-0.0.0-py3.10.egg-info
[9.119s] running install_scripts
[9.269s] Installing robmove script to /home/bot12/robot_ws/install/robot_bringup/lib/robot_bringup
[9.273s] writing list of installed files to '/home/bot12/robot_ws/build/robot_bringup/install.log'
[9.463s] Invoked command in '/home/bot12/robot_ws/src/robot_bringup' returned '0': PYTHONPATH=/home/bot12/robot_ws/build/robot_bringup/prefix_override:/home/bot12/robot_ws/install/robot_bringup/lib/python3.10/site-packages:${PYTHONPATH} /usr/bin/python3 -W ignore:setup.py install is deprecated setup.py egg_info --egg-base ../../build/robot_bringup build --build-base /home/bot12/robot_ws/build/robot_bringup/build install --record /home/bot12/robot_ws/build/robot_bringup/install.log --single-version-externally-managed install_data
