[10.705s] Invoking command in '/home/bot12/robot_ws/src/robot_bringup': PYTHONPATH=/home/bot12/robot_ws/build/robot_bringup/prefix_override:/home/bot12/robot_ws/install/robot_bringup/lib/python3.10/site-packages:${PYTHONPATH} /usr/bin/python3 -W ignore:setup.py install is deprecated setup.py egg_info --egg-base ../../build/robot_bringup build --build-base /home/bot12/robot_ws/build/robot_bringup/build install --record /home/bot12/robot_ws/build/robot_bringup/install.log --single-version-externally-managed install_data
[12.955s] running egg_info
[12.961s] writing ../../build/robot_bringup/robot_bringup.egg-info/PKG-INFO
[12.963s] writing dependency_links to ../../build/robot_bringup/robot_bringup.egg-info/dependency_links.txt
[12.965s] writing entry points to ../../build/robot_bringup/robot_bringup.egg-info/entry_points.txt
[12.966s] writing requirements to ../../build/robot_bringup/robot_bringup.egg-info/requires.txt
[12.967s] writing top-level names to ../../build/robot_bringup/robot_bringup.egg-info/top_level.txt
[12.978s] reading manifest file '../../build/robot_bringup/robot_bringup.egg-info/SOURCES.txt'
[12.990s] writing manifest file '../../build/robot_bringup/robot_bringup.egg-info/SOURCES.txt'
[12.991s] running build
[12.992s] running build_py
[12.994s] running install
[12.996s] running install_lib
[13.005s] running install_data
[13.006s] copying launch/webcam.launch.yaml -> /home/bot12/robot_ws/install/robot_bringup/share/robot_bringup/launch
[13.007s] running install_egg_info
[13.017s] removing '/home/bot12/robot_ws/install/robot_bringup/lib/python3.10/site-packages/robot_bringup-0.0.0-py3.10.egg-info' (and everything under it)
[13.020s] Copying ../../build/robot_bringup/robot_bringup.egg-info to /home/bot12/robot_ws/install/robot_bringup/lib/python3.10/site-packages/robot_bringup-0.0.0-py3.10.egg-info
[13.029s] running install_scripts
[13.169s] Installing robmove script to /home/bot12/robot_ws/install/robot_bringup/lib/robot_bringup
[13.172s] writing list of installed files to '/home/bot12/robot_ws/build/robot_bringup/install.log'
[13.392s] Invoked command in '/home/bot12/robot_ws/src/robot_bringup' returned '0': PYTHONPATH=/home/bot12/robot_ws/build/robot_bringup/prefix_override:/home/bot12/robot_ws/install/robot_bringup/lib/python3.10/site-packages:${PYTHONPATH} /usr/bin/python3 -W ignore:setup.py install is deprecated setup.py egg_info --egg-base ../../build/robot_bringup build --build-base /home/bot12/robot_ws/build/robot_bringup/build install --record /home/bot12/robot_ws/build/robot_bringup/install.log --single-version-externally-managed install_data
