[3.739s] Invoking command in '/home/bot12/robot_ws/src/tb3_teleop': PYTHONPATH=/home/bot12/robot_ws/build/tb3_teleop/prefix_override:/home/bot12/robot_ws/install/tb3_teleop/lib/python3.10/site-packages:${PYTHONPATH} /usr/bin/python3 -W ignore:setup.py install is deprecated setup.py egg_info --egg-base ../../build/tb3_teleop build --build-base /home/bot12/robot_ws/build/tb3_teleop/build install --record /home/bot12/robot_ws/build/tb3_teleop/install.log --single-version-externally-managed install_data
[5.159s] running egg_info
[5.163s] writing ../../build/tb3_teleop/tb3_teleop.egg-info/PKG-INFO
[5.164s] writing dependency_links to ../../build/tb3_teleop/tb3_teleop.egg-info/dependency_links.txt
[5.166s] writing entry points to ../../build/tb3_teleop/tb3_teleop.egg-info/entry_points.txt
[5.167s] writing requirements to ../../build/tb3_teleop/tb3_teleop.egg-info/requires.txt
[5.168s] writing top-level names to ../../build/tb3_teleop/tb3_teleop.egg-info/top_level.txt
[5.176s] reading manifest file '../../build/tb3_teleop/tb3_teleop.egg-info/SOURCES.txt'
[5.180s] writing manifest file '../../build/tb3_teleop/tb3_teleop.egg-info/SOURCES.txt'
[5.180s] running build
[5.181s] running build_py
[5.182s] copying tb3_teleop/teleop.py -> /home/bot12/robot_ws/build/tb3_teleop/build/lib/tb3_teleop
[5.184s] running install
[5.185s] running install_lib
[5.190s] copying /home/bot12/robot_ws/build/tb3_teleop/build/lib/tb3_teleop/teleop.py -> /home/bot12/robot_ws/install/tb3_teleop/lib/python3.10/site-packages/tb3_teleop
[5.193s] byte-compiling /home/bot12/robot_ws/install/tb3_teleop/lib/python3.10/site-packages/tb3_teleop/teleop.py to teleop.cpython-310.pyc
[5.196s] running install_data
[5.197s] running install_egg_info
[5.208s] removing '/home/bot12/robot_ws/install/tb3_teleop/lib/python3.10/site-packages/tb3_teleop-0.0.0-py3.10.egg-info' (and everything under it)
[5.209s] Copying ../../build/tb3_teleop/tb3_teleop.egg-info to /home/bot12/robot_ws/install/tb3_teleop/lib/python3.10/site-packages/tb3_teleop-0.0.0-py3.10.egg-info
[5.217s] running install_scripts
[5.313s] Installing teleop script to /home/bot12/robot_ws/install/tb3_teleop/lib/tb3_teleop
[5.315s] writing list of installed files to '/home/bot12/robot_ws/build/tb3_teleop/install.log'
[5.494s] Invoked command in '/home/bot12/robot_ws/src/tb3_teleop' returned '0': PYTHONPATH=/home/bot12/robot_ws/build/tb3_teleop/prefix_override:/home/bot12/robot_ws/install/tb3_teleop/lib/python3.10/site-packages:${PYTHONPATH} /usr/bin/python3 -W ignore:setup.py install is deprecated setup.py egg_info --egg-base ../../build/tb3_teleop build --build-base /home/bot12/robot_ws/build/tb3_teleop/build install --record /home/bot12/robot_ws/build/tb3_teleop/install.log --single-version-externally-managed install_data
