[2.648s] Invoking command in '/home/papasav/robot_ws/src/robot_bringup': PYTHONPATH=/home/papasav/robot_ws/build/robot_bringup/prefix_override:/home/papasav/robot_ws/install/robot_bringup/lib/python3.10/site-packages:${PYTHONPATH} /usr/bin/python3 -W ignore:setup.py install is deprecated setup.py egg_info --egg-base ../../build/robot_bringup build --build-base /home/papasav/robot_ws/build/robot_bringup/build install --record /home/papasav/robot_ws/build/robot_bringup/install.log --single-version-externally-managed install_data
[3.396s] running egg_info
[3.399s] writing ../../build/robot_bringup/robot_bringup.egg-info/PKG-INFO
[3.400s] writing dependency_links to ../../build/robot_bringup/robot_bringup.egg-info/dependency_links.txt
[3.400s] writing entry points to ../../build/robot_bringup/robot_bringup.egg-info/entry_points.txt
[3.401s] writing requirements to ../../build/robot_bringup/robot_bringup.egg-info/requires.txt
[3.401s] writing top-level names to ../../build/robot_bringup/robot_bringup.egg-info/top_level.txt
[3.407s] reading manifest file '../../build/robot_bringup/robot_bringup.egg-info/SOURCES.txt'
[3.411s] writing manifest file '../../build/robot_bringup/robot_bringup.egg-info/SOURCES.txt'
[3.411s] running build
[3.411s] running build_py
[3.412s] running install
[3.413s] running install_lib
[3.416s] running install_data
[3.417s] running install_egg_info
[3.422s] removing '/home/papasav/robot_ws/install/robot_bringup/lib/python3.10/site-packages/robot_bringup-0.0.0-py3.10.egg-info' (and everything under it)
[3.423s] Copying ../../build/robot_bringup/robot_bringup.egg-info to /home/papasav/robot_ws/install/robot_bringup/lib/python3.10/site-packages/robot_bringup-0.0.0-py3.10.egg-info
[3.427s] running install_scripts
[3.498s] Installing robmove script to /home/papasav/robot_ws/install/robot_bringup/lib/robot_bringup
[3.499s] writing list of installed files to '/home/papasav/robot_ws/build/robot_bringup/install.log'
[3.597s] Invoked command in '/home/papasav/robot_ws/src/robot_bringup' returned '0': PYTHONPATH=/home/papasav/robot_ws/build/robot_bringup/prefix_override:/home/papasav/robot_ws/install/robot_bringup/lib/python3.10/site-packages:${PYTHONPATH} /usr/bin/python3 -W ignore:setup.py install is deprecated setup.py egg_info --egg-base ../../build/robot_bringup build --build-base /home/papasav/robot_ws/build/robot_bringup/build install --record /home/papasav/robot_ws/build/robot_bringup/install.log --single-version-externally-managed install_data
