[7.990s] Invoking command in '/home/bot12/robot_ws/src/robot_bringup': PYTHONPATH=/home/bot12/robot_ws/build/robot_bringup/prefix_override:/home/bot12/robot_ws/install/robot_bringup/lib/python3.10/site-packages:${PYTHONPATH} /usr/bin/python3 -W ignore:setup.py install is deprecated setup.py egg_info --egg-base ../../build/robot_bringup build --build-base /home/bot12/robot_ws/build/robot_bringup/build install --record /home/bot12/robot_ws/build/robot_bringup/install.log --single-version-externally-managed install_data
[9.757s] running egg_info
[9.762s] writing ../../build/robot_bringup/robot_bringup.egg-info/PKG-INFO
[9.765s] writing dependency_links to ../../build/robot_bringup/robot_bringup.egg-info/dependency_links.txt
[9.767s] writing entry points to ../../build/robot_bringup/robot_bringup.egg-info/entry_points.txt
[9.773s] writing requirements to ../../build/robot_bringup/robot_bringup.egg-info/requires.txt
[9.774s] writing top-level names to ../../build/robot_bringup/robot_bringup.egg-info/top_level.txt
[9.785s] reading manifest file '../../build/robot_bringup/robot_bringup.egg-info/SOURCES.txt'
[9.792s] writing manifest file '../../build/robot_bringup/robot_bringup.egg-info/SOURCES.txt'
[9.795s] running build
[9.795s] running build_py
[9.798s] running install
[9.799s] running install_lib
[9.807s] running install_data
[9.808s] running install_egg_info
[9.818s] removing '/home/bot12/robot_ws/install/robot_bringup/lib/python3.10/site-packages/robot_bringup-0.0.0-py3.10.egg-info' (and everything under it)
[9.820s] Copying ../../build/robot_bringup/robot_bringup.egg-info to /home/bot12/robot_ws/install/robot_bringup/lib/python3.10/site-packages/robot_bringup-0.0.0-py3.10.egg-info
[9.827s] running install_scripts
[9.945s] Installing robmove script to /home/bot12/robot_ws/install/robot_bringup/lib/robot_bringup
[9.949s] writing list of installed files to '/home/bot12/robot_ws/build/robot_bringup/install.log'
[10.238s] Invoked command in '/home/bot12/robot_ws/src/robot_bringup' returned '0': PYTHONPATH=/home/bot12/robot_ws/build/robot_bringup/prefix_override:/home/bot12/robot_ws/install/robot_bringup/lib/python3.10/site-packages:${PYTHONPATH} /usr/bin/python3 -W ignore:setup.py install is deprecated setup.py egg_info --egg-base ../../build/robot_bringup build --build-base /home/bot12/robot_ws/build/robot_bringup/build install --record /home/bot12/robot_ws/build/robot_bringup/install.log --single-version-externally-managed install_data
