[10.935s] Invoking command in '/home/bot12/robot_ws/src/robot_bringup': PYTHONPATH=/home/bot12/robot_ws/build/robot_bringup/prefix_override:/home/bot12/robot_ws/install/robot_bringup/lib/python3.10/site-packages:${PYTHONPATH} /usr/bin/python3 -W ignore:setup.py install is deprecated setup.py egg_info --egg-base ../../build/robot_bringup build --build-base /home/bot12/robot_ws/build/robot_bringup/build install --record /home/bot12/robot_ws/build/robot_bringup/install.log --single-version-externally-managed install_data
[13.473s] running egg_info
[13.476s] writing ../../build/robot_bringup/robot_bringup.egg-info/PKG-INFO
[13.478s] writing dependency_links to ../../build/robot_bringup/robot_bringup.egg-info/dependency_links.txt
[13.479s] writing entry points to ../../build/robot_bringup/robot_bringup.egg-info/entry_points.txt
[13.480s] writing requirements to ../../build/robot_bringup/robot_bringup.egg-info/requires.txt
[13.481s] writing top-level names to ../../build/robot_bringup/robot_bringup.egg-info/top_level.txt
[13.492s] reading manifest file '../../build/robot_bringup/robot_bringup.egg-info/SOURCES.txt'
[13.501s] writing manifest file '../../build/robot_bringup/robot_bringup.egg-info/SOURCES.txt'
[13.502s] running build
[13.503s] running build_py
[13.504s] running install
[13.505s] running install_lib
[13.511s] running install_data
[13.522s] running install_egg_info
[13.538s] removing '/home/bot12/robot_ws/install/robot_bringup/lib/python3.10/site-packages/robot_bringup-0.0.0-py3.10.egg-info' (and everything under it)
[13.539s] Copying ../../build/robot_bringup/robot_bringup.egg-info to /home/bot12/robot_ws/install/robot_bringup/lib/python3.10/site-packages/robot_bringup-0.0.0-py3.10.egg-info
[13.551s] running install_scripts
[13.668s] Installing robmove script to /home/bot12/robot_ws/install/robot_bringup/lib/robot_bringup
[13.670s] writing list of installed files to '/home/bot12/robot_ws/build/robot_bringup/install.log'
[13.876s] Invoked command in '/home/bot12/robot_ws/src/robot_bringup' returned '0': PYTHONPATH=/home/bot12/robot_ws/build/robot_bringup/prefix_override:/home/bot12/robot_ws/install/robot_bringup/lib/python3.10/site-packages:${PYTHONPATH} /usr/bin/python3 -W ignore:setup.py install is deprecated setup.py egg_info --egg-base ../../build/robot_bringup build --build-base /home/bot12/robot_ws/build/robot_bringup/build install --record /home/bot12/robot_ws/build/robot_bringup/install.log --single-version-externally-managed install_data
